running egg_info
writing ../build/traffic_light/traffic_light.egg-info/PKG-INFO
writing dependency_links to ../build/traffic_light/traffic_light.egg-info/dependency_links.txt
writing entry points to ../build/traffic_light/traffic_light.egg-info/entry_points.txt
writing requirements to ../build/traffic_light/traffic_light.egg-info/requires.txt
writing top-level names to ../build/traffic_light/traffic_light.egg-info/top_level.txt
reading manifest file '../build/traffic_light/traffic_light.egg-info/SOURCES.txt'
writing manifest file '../build/traffic_light/traffic_light.egg-info/SOURCES.txt'
running build
running build_py
copying traffic_light/traffic_light.py -> /home/liu/ros/rosAndGit/GitHub/ROS2-test-codes-von-M-U/build/traffic_light/build/lib/traffic_light
running install
running install_lib
copying /home/liu/ros/rosAndGit/GitHub/ROS2-test-codes-von-M-U/build/traffic_light/build/lib/traffic_light/traffic_light.py -> /home/liu/ros/rosAndGit/GitHub/ROS2-test-codes-von-M-U/install/traffic_light/lib/python3.10/site-packages/traffic_light
byte-compiling /home/liu/ros/rosAndGit/GitHub/ROS2-test-codes-von-M-U/install/traffic_light/lib/python3.10/site-packages/traffic_light/traffic_light.py to traffic_light.cpython-310.pyc
running install_data
running install_egg_info
removing '/home/liu/ros/rosAndGit/GitHub/ROS2-test-codes-von-M-U/install/traffic_light/lib/python3.10/site-packages/traffic_light-0.0.0-py3.10.egg-info' (and everything under it)
Copying ../build/traffic_light/traffic_light.egg-info to /home/liu/ros/rosAndGit/GitHub/ROS2-test-codes-von-M-U/install/traffic_light/lib/python3.10/site-packages/traffic_light-0.0.0-py3.10.egg-info
running install_scripts
Installing traffic_light script to /home/liu/ros/rosAndGit/GitHub/ROS2-test-codes-von-M-U/install/traffic_light/lib/traffic_light
writing list of installed files to '/home/liu/ros/rosAndGit/GitHub/ROS2-test-codes-von-M-U/build/traffic_light/install.log'
