[1.295s] Invoking command in '/home/liu/ros/rosAndGit/GitHub/ROS2-test-codes-von-M-U/detect_level': PYTHONPATH=/home/liu/ros/rosAndGit/GitHub/ROS2-test-codes-von-M-U/build/detect_level/prefix_override:/home/liu/ros/rosAndGit/GitHub/ROS2-test-codes-von-M-U/install/detect_level/lib/python3.10/site-packages:${PYTHONPATH} /usr/bin/python3 -W ignore:setup.py install is deprecated setup.py egg_info --egg-base ../build/detect_level build --build-base /home/liu/ros/rosAndGit/GitHub/ROS2-test-codes-von-M-U/build/detect_level/build install --record /home/liu/ros/rosAndGit/GitHub/ROS2-test-codes-von-M-U/build/detect_level/install.log --single-version-externally-managed install_data
[1.438s] running egg_info
[1.438s] writing ../build/detect_level/detect_level.egg-info/PKG-INFO
[1.438s] writing dependency_links to ../build/detect_level/detect_level.egg-info/dependency_links.txt
[1.438s] writing entry points to ../build/detect_level/detect_level.egg-info/entry_points.txt
[1.438s] writing requirements to ../build/detect_level/detect_level.egg-info/requires.txt
[1.438s] writing top-level names to ../build/detect_level/detect_level.egg-info/top_level.txt
[1.439s] reading manifest file '../build/detect_level/detect_level.egg-info/SOURCES.txt'
[1.440s] writing manifest file '../build/detect_level/detect_level.egg-info/SOURCES.txt'
[1.440s] running build
[1.440s] running build_py
[1.440s] copying detect_level/detect_level.py -> /home/liu/ros/rosAndGit/GitHub/ROS2-test-codes-von-M-U/build/detect_level/build/lib/detect_level
[1.440s] running install
[1.440s] running install_lib
[1.441s] copying /home/liu/ros/rosAndGit/GitHub/ROS2-test-codes-von-M-U/build/detect_level/build/lib/detect_level/detect_level.py -> /home/liu/ros/rosAndGit/GitHub/ROS2-test-codes-von-M-U/install/detect_level/lib/python3.10/site-packages/detect_level
[1.441s] byte-compiling /home/liu/ros/rosAndGit/GitHub/ROS2-test-codes-von-M-U/install/detect_level/lib/python3.10/site-packages/detect_level/detect_level.py to detect_level.cpython-310.pyc
[1.444s] running install_data
[1.444s] running install_egg_info
[1.445s] removing '/home/liu/ros/rosAndGit/GitHub/ROS2-test-codes-von-M-U/install/detect_level/lib/python3.10/site-packages/detect_level-0.0.0-py3.10.egg-info' (and everything under it)
[1.445s] Copying ../build/detect_level/detect_level.egg-info to /home/liu/ros/rosAndGit/GitHub/ROS2-test-codes-von-M-U/install/detect_level/lib/python3.10/site-packages/detect_level-0.0.0-py3.10.egg-info
[1.446s] running install_scripts
[1.459s] Installing detect_level script to /home/liu/ros/rosAndGit/GitHub/ROS2-test-codes-von-M-U/install/detect_level/lib/detect_level
[1.460s] writing list of installed files to '/home/liu/ros/rosAndGit/GitHub/ROS2-test-codes-von-M-U/build/detect_level/install.log'
[1.486s] Invoked command in '/home/liu/ros/rosAndGit/GitHub/ROS2-test-codes-von-M-U/detect_level' returned '0': PYTHONPATH=/home/liu/ros/rosAndGit/GitHub/ROS2-test-codes-von-M-U/build/detect_level/prefix_override:/home/liu/ros/rosAndGit/GitHub/ROS2-test-codes-von-M-U/install/detect_level/lib/python3.10/site-packages:${PYTHONPATH} /usr/bin/python3 -W ignore:setup.py install is deprecated setup.py egg_info --egg-base ../build/detect_level build --build-base /home/liu/ros/rosAndGit/GitHub/ROS2-test-codes-von-M-U/build/detect_level/build install --record /home/liu/ros/rosAndGit/GitHub/ROS2-test-codes-von-M-U/build/detect_level/install.log --single-version-externally-managed install_data
