[1.172s] Invoking command in '/home/liu/ros/rosAndGit/GitHub/ROS2-test-codes-von-M-U/line_follow': PYTHONPATH=/home/liu/ros/rosAndGit/GitHub/ROS2-test-codes-von-M-U/build/line_follow/prefix_override:/home/liu/ros/rosAndGit/GitHub/ROS2-test-codes-von-M-U/install/line_follow/lib/python3.10/site-packages:${PYTHONPATH} /usr/bin/python3 -W ignore:setup.py install is deprecated setup.py egg_info --egg-base ../build/line_follow build --build-base /home/liu/ros/rosAndGit/GitHub/ROS2-test-codes-von-M-U/build/line_follow/build install --record /home/liu/ros/rosAndGit/GitHub/ROS2-test-codes-von-M-U/build/line_follow/install.log --single-version-externally-managed install_data
[1.300s] running egg_info
[1.301s] creating ../build/line_follow/line_follow.egg-info
[1.301s] writing ../build/line_follow/line_follow.egg-info/PKG-INFO
[1.301s] writing dependency_links to ../build/line_follow/line_follow.egg-info/dependency_links.txt
[1.301s] writing entry points to ../build/line_follow/line_follow.egg-info/entry_points.txt
[1.301s] writing requirements to ../build/line_follow/line_follow.egg-info/requires.txt
[1.301s] writing top-level names to ../build/line_follow/line_follow.egg-info/top_level.txt
[1.301s] writing manifest file '../build/line_follow/line_follow.egg-info/SOURCES.txt'
[1.302s] reading manifest file '../build/line_follow/line_follow.egg-info/SOURCES.txt'
[1.303s] writing manifest file '../build/line_follow/line_follow.egg-info/SOURCES.txt'
[1.303s] running build
[1.303s] running build_py
[1.303s] creating /home/liu/ros/rosAndGit/GitHub/ROS2-test-codes-von-M-U/build/line_follow/build
[1.303s] creating /home/liu/ros/rosAndGit/GitHub/ROS2-test-codes-von-M-U/build/line_follow/build/lib
[1.303s] creating /home/liu/ros/rosAndGit/GitHub/ROS2-test-codes-von-M-U/build/line_follow/build/lib/line_follow
[1.304s] copying line_follow/line_follow.py -> /home/liu/ros/rosAndGit/GitHub/ROS2-test-codes-von-M-U/build/line_follow/build/lib/line_follow
[1.304s] copying line_follow/__init__.py -> /home/liu/ros/rosAndGit/GitHub/ROS2-test-codes-von-M-U/build/line_follow/build/lib/line_follow
[1.304s] running install
[1.304s] running install_lib
[1.304s] creating /home/liu/ros/rosAndGit/GitHub/ROS2-test-codes-von-M-U/install/line_follow/lib/python3.10/site-packages/line_follow
[1.305s] copying /home/liu/ros/rosAndGit/GitHub/ROS2-test-codes-von-M-U/build/line_follow/build/lib/line_follow/line_follow.py -> /home/liu/ros/rosAndGit/GitHub/ROS2-test-codes-von-M-U/install/line_follow/lib/python3.10/site-packages/line_follow
[1.305s] copying /home/liu/ros/rosAndGit/GitHub/ROS2-test-codes-von-M-U/build/line_follow/build/lib/line_follow/__init__.py -> /home/liu/ros/rosAndGit/GitHub/ROS2-test-codes-von-M-U/install/line_follow/lib/python3.10/site-packages/line_follow
[1.305s] byte-compiling /home/liu/ros/rosAndGit/GitHub/ROS2-test-codes-von-M-U/install/line_follow/lib/python3.10/site-packages/line_follow/line_follow.py to line_follow.cpython-310.pyc
[1.306s] byte-compiling /home/liu/ros/rosAndGit/GitHub/ROS2-test-codes-von-M-U/install/line_follow/lib/python3.10/site-packages/line_follow/__init__.py to __init__.cpython-310.pyc
[1.306s] running install_data
[1.306s] creating /home/liu/ros/rosAndGit/GitHub/ROS2-test-codes-von-M-U/install/line_follow/share/ament_index
[1.306s] creating /home/liu/ros/rosAndGit/GitHub/ROS2-test-codes-von-M-U/install/line_follow/share/ament_index/resource_index
[1.306s] creating /home/liu/ros/rosAndGit/GitHub/ROS2-test-codes-von-M-U/install/line_follow/share/ament_index/resource_index/packages
[1.306s] copying resource/line_follow -> /home/liu/ros/rosAndGit/GitHub/ROS2-test-codes-von-M-U/install/line_follow/share/ament_index/resource_index/packages
[1.306s] copying package.xml -> /home/liu/ros/rosAndGit/GitHub/ROS2-test-codes-von-M-U/install/line_follow/share/line_follow
[1.306s] running install_egg_info
[1.307s] Copying ../build/line_follow/line_follow.egg-info to /home/liu/ros/rosAndGit/GitHub/ROS2-test-codes-von-M-U/install/line_follow/lib/python3.10/site-packages/line_follow-0.0.0-py3.10.egg-info
[1.308s] running install_scripts
[1.322s] Installing line_follow script to /home/liu/ros/rosAndGit/GitHub/ROS2-test-codes-von-M-U/install/line_follow/lib/line_follow
[1.322s] writing list of installed files to '/home/liu/ros/rosAndGit/GitHub/ROS2-test-codes-von-M-U/build/line_follow/install.log'
[1.362s] Invoked command in '/home/liu/ros/rosAndGit/GitHub/ROS2-test-codes-von-M-U/line_follow' returned '0': PYTHONPATH=/home/liu/ros/rosAndGit/GitHub/ROS2-test-codes-von-M-U/build/line_follow/prefix_override:/home/liu/ros/rosAndGit/GitHub/ROS2-test-codes-von-M-U/install/line_follow/lib/python3.10/site-packages:${PYTHONPATH} /usr/bin/python3 -W ignore:setup.py install is deprecated setup.py egg_info --egg-base ../build/line_follow build --build-base /home/liu/ros/rosAndGit/GitHub/ROS2-test-codes-von-M-U/build/line_follow/build install --record /home/liu/ros/rosAndGit/GitHub/ROS2-test-codes-von-M-U/build/line_follow/install.log --single-version-externally-managed install_data
