[2.062s] Invoking command in '/home/liu/ros/rosAndGit/GitHub/ROS2-test-codes-von-M-U/nav_to_pose': PYTHONPATH=/home/liu/ros/rosAndGit/GitHub/ROS2-test-codes-von-M-U/build/nav_to_pose/prefix_override:/home/liu/ros/rosAndGit/GitHub/ROS2-test-codes-von-M-U/install/nav_to_pose/lib/python3.10/site-packages:${PYTHONPATH} /usr/bin/python3 -W ignore:setup.py install is deprecated setup.py egg_info --egg-base ../build/nav_to_pose build --build-base /home/liu/ros/rosAndGit/GitHub/ROS2-test-codes-von-M-U/build/nav_to_pose/build install --record /home/liu/ros/rosAndGit/GitHub/ROS2-test-codes-von-M-U/build/nav_to_pose/install.log --single-version-externally-managed install_data
[2.269s] running egg_info
[2.271s] writing ../build/nav_to_pose/nav_to_pose.egg-info/PKG-INFO
[2.271s] writing dependency_links to ../build/nav_to_pose/nav_to_pose.egg-info/dependency_links.txt
[2.271s] writing entry points to ../build/nav_to_pose/nav_to_pose.egg-info/entry_points.txt
[2.271s] writing requirements to ../build/nav_to_pose/nav_to_pose.egg-info/requires.txt
[2.271s] writing top-level names to ../build/nav_to_pose/nav_to_pose.egg-info/top_level.txt
[2.272s] reading manifest file '../build/nav_to_pose/nav_to_pose.egg-info/SOURCES.txt'
[2.273s] writing manifest file '../build/nav_to_pose/nav_to_pose.egg-info/SOURCES.txt'
[2.273s] running build
[2.273s] running build_py
[2.274s] running install
[2.274s] running install_lib
[2.275s] running install_data
[2.276s] running install_egg_info
[2.277s] removing '/home/liu/ros/rosAndGit/GitHub/ROS2-test-codes-von-M-U/install/nav_to_pose/lib/python3.10/site-packages/nav_to_pose-0.0.0-py3.10.egg-info' (and everything under it)
[2.277s] Copying ../build/nav_to_pose/nav_to_pose.egg-info to /home/liu/ros/rosAndGit/GitHub/ROS2-test-codes-von-M-U/install/nav_to_pose/lib/python3.10/site-packages/nav_to_pose-0.0.0-py3.10.egg-info
[2.277s] running install_scripts
[2.292s] Installing nav_to_pose script to /home/liu/ros/rosAndGit/GitHub/ROS2-test-codes-von-M-U/install/nav_to_pose/lib/nav_to_pose
[2.292s] writing list of installed files to '/home/liu/ros/rosAndGit/GitHub/ROS2-test-codes-von-M-U/build/nav_to_pose/install.log'
[2.322s] Invoked command in '/home/liu/ros/rosAndGit/GitHub/ROS2-test-codes-von-M-U/nav_to_pose' returned '0': PYTHONPATH=/home/liu/ros/rosAndGit/GitHub/ROS2-test-codes-von-M-U/build/nav_to_pose/prefix_override:/home/liu/ros/rosAndGit/GitHub/ROS2-test-codes-von-M-U/install/nav_to_pose/lib/python3.10/site-packages:${PYTHONPATH} /usr/bin/python3 -W ignore:setup.py install is deprecated setup.py egg_info --egg-base ../build/nav_to_pose build --build-base /home/liu/ros/rosAndGit/GitHub/ROS2-test-codes-von-M-U/build/nav_to_pose/build install --record /home/liu/ros/rosAndGit/GitHub/ROS2-test-codes-von-M-U/build/nav_to_pose/install.log --single-version-externally-managed install_data
