[0.010s] Invoking command in '/home/liu/ros/rosAndGit/GitHub/ROS2-test-codes-von-M-U/build/slam_gmapping': CMAKE_PREFIX_PATH=/home/liu/ros/rosAndGit/GitHub/ROS2-test-codes-von-M-U/install/openslam_gmapping:/home/liu/ros/rosAndGit/GitHub/ROS2-test-codes-von-M-U/install/slam_gmapping:/home/liu/ros/rosAndGit/GitHub/ROS2-test-codes-von-M-U/install/traffic_light:/home/liu/ros/rosAndGit/GitHub/ROS2-test-codes-von-M-U/install/nav_to_pose:/home/liu/ros/rosAndGit/GitHub/ROS2-test-codes-von-M-U/install/line_follow:/home/liu/ros/rosAndGit/GitHub/ROS2-test-codes-von-M-U/install/launchtest:/home/liu/ros/rosAndGit/GitHub/ROS2-test-codes-von-M-U/install/detect_sign:/home/liu/ros/rosAndGit/GitHub/ROS2-test-codes-von-M-U/install/detect_level:/home/liu/ros/rosAndGit/GitHub/ROS2-test-codes-von-M-U/install/control:/opt/ros/humble /usr/bin/cmake --build /home/liu/ros/rosAndGit/GitHub/ROS2-test-codes-von-M-U/build/slam_gmapping -- -j16 -l16
[0.065s] [35m[1mConsolidate compiler generated dependencies of target slam_gmapping_node[0m
[0.065s] [35m[1mConsolidate compiler generated dependencies of target slam_gmapping[0m
[0.090s] [100%] Built target slam_gmapping
[0.090s] [100%] Built target slam_gmapping_node
[0.108s] Invoked command in '/home/liu/ros/rosAndGit/GitHub/ROS2-test-codes-von-M-U/build/slam_gmapping' returned '0': CMAKE_PREFIX_PATH=/home/liu/ros/rosAndGit/GitHub/ROS2-test-codes-von-M-U/install/openslam_gmapping:/home/liu/ros/rosAndGit/GitHub/ROS2-test-codes-von-M-U/install/slam_gmapping:/home/liu/ros/rosAndGit/GitHub/ROS2-test-codes-von-M-U/install/traffic_light:/home/liu/ros/rosAndGit/GitHub/ROS2-test-codes-von-M-U/install/nav_to_pose:/home/liu/ros/rosAndGit/GitHub/ROS2-test-codes-von-M-U/install/line_follow:/home/liu/ros/rosAndGit/GitHub/ROS2-test-codes-von-M-U/install/launchtest:/home/liu/ros/rosAndGit/GitHub/ROS2-test-codes-von-M-U/install/detect_sign:/home/liu/ros/rosAndGit/GitHub/ROS2-test-codes-von-M-U/install/detect_level:/home/liu/ros/rosAndGit/GitHub/ROS2-test-codes-von-M-U/install/control:/opt/ros/humble /usr/bin/cmake --build /home/liu/ros/rosAndGit/GitHub/ROS2-test-codes-von-M-U/build/slam_gmapping -- -j16 -l16
[0.135s] Invoking command in '/home/liu/ros/rosAndGit/GitHub/ROS2-test-codes-von-M-U/build/slam_gmapping': CMAKE_PREFIX_PATH=/home/liu/ros/rosAndGit/GitHub/ROS2-test-codes-von-M-U/install/openslam_gmapping:/home/liu/ros/rosAndGit/GitHub/ROS2-test-codes-von-M-U/install/slam_gmapping:/home/liu/ros/rosAndGit/GitHub/ROS2-test-codes-von-M-U/install/traffic_light:/home/liu/ros/rosAndGit/GitHub/ROS2-test-codes-von-M-U/install/nav_to_pose:/home/liu/ros/rosAndGit/GitHub/ROS2-test-codes-von-M-U/install/line_follow:/home/liu/ros/rosAndGit/GitHub/ROS2-test-codes-von-M-U/install/launchtest:/home/liu/ros/rosAndGit/GitHub/ROS2-test-codes-von-M-U/install/detect_sign:/home/liu/ros/rosAndGit/GitHub/ROS2-test-codes-von-M-U/install/detect_level:/home/liu/ros/rosAndGit/GitHub/ROS2-test-codes-von-M-U/install/control:/opt/ros/humble /usr/bin/cmake --install /home/liu/ros/rosAndGit/GitHub/ROS2-test-codes-von-M-U/build/slam_gmapping
[0.144s] -- Install configuration: "Release"
[0.144s] -- Up-to-date: /home/liu/ros/rosAndGit/GitHub/ROS2-test-codes-von-M-U/install/slam_gmapping/lib/slam_gmapping/slam_gmapping_node
[0.144s] -- Up-to-date: /home/liu/ros/rosAndGit/GitHub/ROS2-test-codes-von-M-U/install/slam_gmapping/lib/libslam_gmapping.so
[0.144s] -- Up-to-date: /home/liu/ros/rosAndGit/GitHub/ROS2-test-codes-von-M-U/install/slam_gmapping/share/slam_gmapping/launch
[0.145s] -- Up-to-date: /home/liu/ros/rosAndGit/GitHub/ROS2-test-codes-von-M-U/install/slam_gmapping/share/slam_gmapping/launch/slam_gmapping.launch.py
[0.145s] -- Up-to-date: /home/liu/ros/rosAndGit/GitHub/ROS2-test-codes-von-M-U/install/slam_gmapping/share/slam_gmapping/config
[0.145s] -- Up-to-date: /home/liu/ros/rosAndGit/GitHub/ROS2-test-codes-von-M-U/install/slam_gmapping/share/slam_gmapping/config/slam_gmapping.yaml
[0.145s] -- Up-to-date: /home/liu/ros/rosAndGit/GitHub/ROS2-test-codes-von-M-U/install/slam_gmapping/share/ament_index/resource_index/package_run_dependencies/slam_gmapping
[0.145s] -- Up-to-date: /home/liu/ros/rosAndGit/GitHub/ROS2-test-codes-von-M-U/install/slam_gmapping/share/ament_index/resource_index/parent_prefix_path/slam_gmapping
[0.145s] -- Up-to-date: /home/liu/ros/rosAndGit/GitHub/ROS2-test-codes-von-M-U/install/slam_gmapping/share/slam_gmapping/environment/ament_prefix_path.sh
[0.145s] -- Up-to-date: /home/liu/ros/rosAndGit/GitHub/ROS2-test-codes-von-M-U/install/slam_gmapping/share/slam_gmapping/environment/ament_prefix_path.dsv
[0.145s] -- Up-to-date: /home/liu/ros/rosAndGit/GitHub/ROS2-test-codes-von-M-U/install/slam_gmapping/share/slam_gmapping/environment/path.sh
[0.145s] -- Up-to-date: /home/liu/ros/rosAndGit/GitHub/ROS2-test-codes-von-M-U/install/slam_gmapping/share/slam_gmapping/environment/path.dsv
[0.145s] -- Up-to-date: /home/liu/ros/rosAndGit/GitHub/ROS2-test-codes-von-M-U/install/slam_gmapping/share/slam_gmapping/local_setup.bash
[0.145s] -- Up-to-date: /home/liu/ros/rosAndGit/GitHub/ROS2-test-codes-von-M-U/install/slam_gmapping/share/slam_gmapping/local_setup.sh
[0.145s] -- Up-to-date: /home/liu/ros/rosAndGit/GitHub/ROS2-test-codes-von-M-U/install/slam_gmapping/share/slam_gmapping/local_setup.zsh
[0.145s] -- Up-to-date: /home/liu/ros/rosAndGit/GitHub/ROS2-test-codes-von-M-U/install/slam_gmapping/share/slam_gmapping/local_setup.dsv
[0.145s] -- Installing: /home/liu/ros/rosAndGit/GitHub/ROS2-test-codes-von-M-U/install/slam_gmapping/share/slam_gmapping/package.dsv
[0.145s] -- Up-to-date: /home/liu/ros/rosAndGit/GitHub/ROS2-test-codes-von-M-U/install/slam_gmapping/share/ament_index/resource_index/packages/slam_gmapping
[0.145s] -- Up-to-date: /home/liu/ros/rosAndGit/GitHub/ROS2-test-codes-von-M-U/install/slam_gmapping/share/ament_index/resource_index/rclcpp_components/slam_gmapping
[0.146s] -- Up-to-date: /home/liu/ros/rosAndGit/GitHub/ROS2-test-codes-von-M-U/install/slam_gmapping/share/slam_gmapping/cmake/slam_gmappingConfig.cmake
[0.146s] -- Up-to-date: /home/liu/ros/rosAndGit/GitHub/ROS2-test-codes-von-M-U/install/slam_gmapping/share/slam_gmapping/cmake/slam_gmappingConfig-version.cmake
[0.146s] -- Up-to-date: /home/liu/ros/rosAndGit/GitHub/ROS2-test-codes-von-M-U/install/slam_gmapping/share/slam_gmapping/package.xml
[0.152s] Invoked command in '/home/liu/ros/rosAndGit/GitHub/ROS2-test-codes-von-M-U/build/slam_gmapping' returned '0': CMAKE_PREFIX_PATH=/home/liu/ros/rosAndGit/GitHub/ROS2-test-codes-von-M-U/install/openslam_gmapping:/home/liu/ros/rosAndGit/GitHub/ROS2-test-codes-von-M-U/install/slam_gmapping:/home/liu/ros/rosAndGit/GitHub/ROS2-test-codes-von-M-U/install/traffic_light:/home/liu/ros/rosAndGit/GitHub/ROS2-test-codes-von-M-U/install/nav_to_pose:/home/liu/ros/rosAndGit/GitHub/ROS2-test-codes-von-M-U/install/line_follow:/home/liu/ros/rosAndGit/GitHub/ROS2-test-codes-von-M-U/install/launchtest:/home/liu/ros/rosAndGit/GitHub/ROS2-test-codes-von-M-U/install/detect_sign:/home/liu/ros/rosAndGit/GitHub/ROS2-test-codes-von-M-U/install/detect_level:/home/liu/ros/rosAndGit/GitHub/ROS2-test-codes-von-M-U/install/control:/opt/ros/humble /usr/bin/cmake --install /home/liu/ros/rosAndGit/GitHub/ROS2-test-codes-von-M-U/build/slam_gmapping
