running egg_info
creating ../build/detect_level/detect_level.egg-info
writing ../build/detect_level/detect_level.egg-info/PKG-INFO
writing dependency_links to ../build/detect_level/detect_level.egg-info/dependency_links.txt
writing entry points to ../build/detect_level/detect_level.egg-info/entry_points.txt
writing requirements to ../build/detect_level/detect_level.egg-info/requires.txt
writing top-level names to ../build/detect_level/detect_level.egg-info/top_level.txt
writing manifest file '../build/detect_level/detect_level.egg-info/SOURCES.txt'
reading manifest file '../build/detect_level/detect_level.egg-info/SOURCES.txt'
writing manifest file '../build/detect_level/detect_level.egg-info/SOURCES.txt'
running build
running build_py
creating /home/liu/ros/rosAndGit/GitHub/ROS2-test-codes-von-M-U/build/detect_level/build
creating /home/liu/ros/rosAndGit/GitHub/ROS2-test-codes-von-M-U/build/detect_level/build/lib
creating /home/liu/ros/rosAndGit/GitHub/ROS2-test-codes-von-M-U/build/detect_level/build/lib/detect_level
copying detect_level/__init__.py -> /home/liu/ros/rosAndGit/GitHub/ROS2-test-codes-von-M-U/build/detect_level/build/lib/detect_level
copying detect_level/detect_level.py -> /home/liu/ros/rosAndGit/GitHub/ROS2-test-codes-von-M-U/build/detect_level/build/lib/detect_level
running install
running install_lib
creating /home/liu/ros/rosAndGit/GitHub/ROS2-test-codes-von-M-U/install/detect_level/lib/python3.10/site-packages/detect_level
copying /home/liu/ros/rosAndGit/GitHub/ROS2-test-codes-von-M-U/build/detect_level/build/lib/detect_level/__init__.py -> /home/liu/ros/rosAndGit/GitHub/ROS2-test-codes-von-M-U/install/detect_level/lib/python3.10/site-packages/detect_level
copying /home/liu/ros/rosAndGit/GitHub/ROS2-test-codes-von-M-U/build/detect_level/build/lib/detect_level/detect_level.py -> /home/liu/ros/rosAndGit/GitHub/ROS2-test-codes-von-M-U/install/detect_level/lib/python3.10/site-packages/detect_level
byte-compiling /home/liu/ros/rosAndGit/GitHub/ROS2-test-codes-von-M-U/install/detect_level/lib/python3.10/site-packages/detect_level/__init__.py to __init__.cpython-310.pyc
byte-compiling /home/liu/ros/rosAndGit/GitHub/ROS2-test-codes-von-M-U/install/detect_level/lib/python3.10/site-packages/detect_level/detect_level.py to detect_level.cpython-310.pyc
running install_data
creating /home/liu/ros/rosAndGit/GitHub/ROS2-test-codes-von-M-U/install/detect_level/share/ament_index
creating /home/liu/ros/rosAndGit/GitHub/ROS2-test-codes-von-M-U/install/detect_level/share/ament_index/resource_index
creating /home/liu/ros/rosAndGit/GitHub/ROS2-test-codes-von-M-U/install/detect_level/share/ament_index/resource_index/packages
copying resource/detect_level -> /home/liu/ros/rosAndGit/GitHub/ROS2-test-codes-von-M-U/install/detect_level/share/ament_index/resource_index/packages
copying package.xml -> /home/liu/ros/rosAndGit/GitHub/ROS2-test-codes-von-M-U/install/detect_level/share/detect_level
running install_egg_info
Copying ../build/detect_level/detect_level.egg-info to /home/liu/ros/rosAndGit/GitHub/ROS2-test-codes-von-M-U/install/detect_level/lib/python3.10/site-packages/detect_level-0.0.0-py3.10.egg-info
running install_scripts
Installing detect_level script to /home/liu/ros/rosAndGit/GitHub/ROS2-test-codes-von-M-U/install/detect_level/lib/detect_level
writing list of installed files to '/home/liu/ros/rosAndGit/GitHub/ROS2-test-codes-von-M-U/build/detect_level/install.log'
