running egg_info
creating ../build/detect_sign/detect_sign.egg-info
writing ../build/detect_sign/detect_sign.egg-info/PKG-INFO
writing dependency_links to ../build/detect_sign/detect_sign.egg-info/dependency_links.txt
writing entry points to ../build/detect_sign/detect_sign.egg-info/entry_points.txt
writing requirements to ../build/detect_sign/detect_sign.egg-info/requires.txt
writing top-level names to ../build/detect_sign/detect_sign.egg-info/top_level.txt
writing manifest file '../build/detect_sign/detect_sign.egg-info/SOURCES.txt'
reading manifest file '../build/detect_sign/detect_sign.egg-info/SOURCES.txt'
writing manifest file '../build/detect_sign/detect_sign.egg-info/SOURCES.txt'
running build
running build_py
creating /home/liu/ros/rosAndGit/GitHub/ROS2-test-codes-von-M-U/build/detect_sign/build
creating /home/liu/ros/rosAndGit/GitHub/ROS2-test-codes-von-M-U/build/detect_sign/build/lib
creating /home/liu/ros/rosAndGit/GitHub/ROS2-test-codes-von-M-U/build/detect_sign/build/lib/detect_sign
copying detect_sign/__init__.py -> /home/liu/ros/rosAndGit/GitHub/ROS2-test-codes-von-M-U/build/detect_sign/build/lib/detect_sign
copying detect_sign/detect_sign.py -> /home/liu/ros/rosAndGit/GitHub/ROS2-test-codes-von-M-U/build/detect_sign/build/lib/detect_sign
running install
running install_lib
creating /home/liu/ros/rosAndGit/GitHub/ROS2-test-codes-von-M-U/install/detect_sign/lib/python3.10/site-packages/detect_sign
copying /home/liu/ros/rosAndGit/GitHub/ROS2-test-codes-von-M-U/build/detect_sign/build/lib/detect_sign/__init__.py -> /home/liu/ros/rosAndGit/GitHub/ROS2-test-codes-von-M-U/install/detect_sign/lib/python3.10/site-packages/detect_sign
copying /home/liu/ros/rosAndGit/GitHub/ROS2-test-codes-von-M-U/build/detect_sign/build/lib/detect_sign/detect_sign.py -> /home/liu/ros/rosAndGit/GitHub/ROS2-test-codes-von-M-U/install/detect_sign/lib/python3.10/site-packages/detect_sign
byte-compiling /home/liu/ros/rosAndGit/GitHub/ROS2-test-codes-von-M-U/install/detect_sign/lib/python3.10/site-packages/detect_sign/__init__.py to __init__.cpython-310.pyc
byte-compiling /home/liu/ros/rosAndGit/GitHub/ROS2-test-codes-von-M-U/install/detect_sign/lib/python3.10/site-packages/detect_sign/detect_sign.py to detect_sign.cpython-310.pyc
running install_data
creating /home/liu/ros/rosAndGit/GitHub/ROS2-test-codes-von-M-U/install/detect_sign/share/ament_index
creating /home/liu/ros/rosAndGit/GitHub/ROS2-test-codes-von-M-U/install/detect_sign/share/ament_index/resource_index
creating /home/liu/ros/rosAndGit/GitHub/ROS2-test-codes-von-M-U/install/detect_sign/share/ament_index/resource_index/packages
copying resource/detect_sign -> /home/liu/ros/rosAndGit/GitHub/ROS2-test-codes-von-M-U/install/detect_sign/share/ament_index/resource_index/packages
copying package.xml -> /home/liu/ros/rosAndGit/GitHub/ROS2-test-codes-von-M-U/install/detect_sign/share/detect_sign
running install_egg_info
Copying ../build/detect_sign/detect_sign.egg-info to /home/liu/ros/rosAndGit/GitHub/ROS2-test-codes-von-M-U/install/detect_sign/lib/python3.10/site-packages/detect_sign-0.0.0-py3.10.egg-info
running install_scripts
Installing detect_sign script to /home/liu/ros/rosAndGit/GitHub/ROS2-test-codes-von-M-U/install/detect_sign/lib/detect_sign
writing list of installed files to '/home/liu/ros/rosAndGit/GitHub/ROS2-test-codes-von-M-U/build/detect_sign/install.log'
