[1.172s] Invoking command in '/home/liu/ros/rosAndGit/GitHub/ROS2-test-codes-von-M-U/detect_sign': PYTHONPATH=/home/liu/ros/rosAndGit/GitHub/ROS2-test-codes-von-M-U/build/detect_sign/prefix_override:/home/liu/ros/rosAndGit/GitHub/ROS2-test-codes-von-M-U/install/detect_sign/lib/python3.10/site-packages:${PYTHONPATH} /usr/bin/python3 -W ignore:setup.py install is deprecated setup.py egg_info --egg-base ../build/detect_sign build --build-base /home/liu/ros/rosAndGit/GitHub/ROS2-test-codes-von-M-U/build/detect_sign/build install --record /home/liu/ros/rosAndGit/GitHub/ROS2-test-codes-von-M-U/build/detect_sign/install.log --single-version-externally-managed install_data
[1.300s] running egg_info
[1.300s] creating ../build/detect_sign/detect_sign.egg-info
[1.301s] writing ../build/detect_sign/detect_sign.egg-info/PKG-INFO
[1.301s] writing dependency_links to ../build/detect_sign/detect_sign.egg-info/dependency_links.txt
[1.301s] writing entry points to ../build/detect_sign/detect_sign.egg-info/entry_points.txt
[1.301s] writing requirements to ../build/detect_sign/detect_sign.egg-info/requires.txt
[1.301s] writing top-level names to ../build/detect_sign/detect_sign.egg-info/top_level.txt
[1.301s] writing manifest file '../build/detect_sign/detect_sign.egg-info/SOURCES.txt'
[1.302s] reading manifest file '../build/detect_sign/detect_sign.egg-info/SOURCES.txt'
[1.302s] writing manifest file '../build/detect_sign/detect_sign.egg-info/SOURCES.txt'
[1.302s] running build
[1.303s] running build_py
[1.303s] creating /home/liu/ros/rosAndGit/GitHub/ROS2-test-codes-von-M-U/build/detect_sign/build
[1.303s] creating /home/liu/ros/rosAndGit/GitHub/ROS2-test-codes-von-M-U/build/detect_sign/build/lib
[1.303s] creating /home/liu/ros/rosAndGit/GitHub/ROS2-test-codes-von-M-U/build/detect_sign/build/lib/detect_sign
[1.303s] copying detect_sign/__init__.py -> /home/liu/ros/rosAndGit/GitHub/ROS2-test-codes-von-M-U/build/detect_sign/build/lib/detect_sign
[1.303s] copying detect_sign/detect_sign.py -> /home/liu/ros/rosAndGit/GitHub/ROS2-test-codes-von-M-U/build/detect_sign/build/lib/detect_sign
[1.303s] running install
[1.303s] running install_lib
[1.303s] creating /home/liu/ros/rosAndGit/GitHub/ROS2-test-codes-von-M-U/install/detect_sign/lib/python3.10/site-packages/detect_sign
[1.303s] copying /home/liu/ros/rosAndGit/GitHub/ROS2-test-codes-von-M-U/build/detect_sign/build/lib/detect_sign/__init__.py -> /home/liu/ros/rosAndGit/GitHub/ROS2-test-codes-von-M-U/install/detect_sign/lib/python3.10/site-packages/detect_sign
[1.304s] copying /home/liu/ros/rosAndGit/GitHub/ROS2-test-codes-von-M-U/build/detect_sign/build/lib/detect_sign/detect_sign.py -> /home/liu/ros/rosAndGit/GitHub/ROS2-test-codes-von-M-U/install/detect_sign/lib/python3.10/site-packages/detect_sign
[1.304s] byte-compiling /home/liu/ros/rosAndGit/GitHub/ROS2-test-codes-von-M-U/install/detect_sign/lib/python3.10/site-packages/detect_sign/__init__.py to __init__.cpython-310.pyc
[1.304s] byte-compiling /home/liu/ros/rosAndGit/GitHub/ROS2-test-codes-von-M-U/install/detect_sign/lib/python3.10/site-packages/detect_sign/detect_sign.py to detect_sign.cpython-310.pyc
[1.307s] running install_data
[1.307s] creating /home/liu/ros/rosAndGit/GitHub/ROS2-test-codes-von-M-U/install/detect_sign/share/ament_index
[1.307s] creating /home/liu/ros/rosAndGit/GitHub/ROS2-test-codes-von-M-U/install/detect_sign/share/ament_index/resource_index
[1.307s] creating /home/liu/ros/rosAndGit/GitHub/ROS2-test-codes-von-M-U/install/detect_sign/share/ament_index/resource_index/packages
[1.307s] copying resource/detect_sign -> /home/liu/ros/rosAndGit/GitHub/ROS2-test-codes-von-M-U/install/detect_sign/share/ament_index/resource_index/packages
[1.307s] copying package.xml -> /home/liu/ros/rosAndGit/GitHub/ROS2-test-codes-von-M-U/install/detect_sign/share/detect_sign
[1.307s] running install_egg_info
[1.309s] Copying ../build/detect_sign/detect_sign.egg-info to /home/liu/ros/rosAndGit/GitHub/ROS2-test-codes-von-M-U/install/detect_sign/lib/python3.10/site-packages/detect_sign-0.0.0-py3.10.egg-info
[1.310s] running install_scripts
[1.324s] Installing detect_sign script to /home/liu/ros/rosAndGit/GitHub/ROS2-test-codes-von-M-U/install/detect_sign/lib/detect_sign
[1.325s] writing list of installed files to '/home/liu/ros/rosAndGit/GitHub/ROS2-test-codes-von-M-U/build/detect_sign/install.log'
[1.351s] Invoked command in '/home/liu/ros/rosAndGit/GitHub/ROS2-test-codes-von-M-U/detect_sign' returned '0': PYTHONPATH=/home/liu/ros/rosAndGit/GitHub/ROS2-test-codes-von-M-U/build/detect_sign/prefix_override:/home/liu/ros/rosAndGit/GitHub/ROS2-test-codes-von-M-U/install/detect_sign/lib/python3.10/site-packages:${PYTHONPATH} /usr/bin/python3 -W ignore:setup.py install is deprecated setup.py egg_info --egg-base ../build/detect_sign build --build-base /home/liu/ros/rosAndGit/GitHub/ROS2-test-codes-von-M-U/build/detect_sign/build install --record /home/liu/ros/rosAndGit/GitHub/ROS2-test-codes-von-M-U/build/detect_sign/install.log --single-version-externally-managed install_data
