[0.093s] DEBUG:colcon:Command line arguments: ['/usr/bin/colcon', 'build']
[0.093s] DEBUG:colcon:Parsed command line arguments: Namespace(log_base=None, log_level=None, verb_name='build', build_base='build', install_base='install', merge_install=False, symlink_install=False, test_result_base=None, continue_on_error=False, executor='parallel', parallel_workers=16, event_handlers=None, ignore_user_meta=False, metas=['./colcon.meta'], base_paths=['.'], packages_ignore=None, packages_ignore_regex=None, paths=None, packages_up_to=None, packages_up_to_regex=None, packages_above=None, packages_above_and_dependencies=None, packages_above_depth=None, packages_select_by_dep=None, packages_skip_by_dep=None, packages_skip_up_to=None, packages_select_build_failed=False, packages_skip_build_finished=False, packages_select_test_failures=False, packages_skip_test_passed=False, packages_select=None, packages_skip=None, packages_select_regex=None, packages_skip_regex=None, packages_start=None, packages_end=None, allow_overriding=[], cmake_args=None, cmake_target=None, cmake_target_skip_unavailable=False, cmake_clean_cache=False, cmake_clean_first=False, cmake_force_configure=False, ament_cmake_args=None, catkin_cmake_args=None, catkin_skip_building_tests=False, verb_parser=<colcon_defaults.argument_parser.defaults.DefaultArgumentsDecorator object at 0x7ad028739840>, verb_extension=<colcon_core.verb.build.BuildVerb object at 0x7ad028739300>, main=<bound method BuildVerb.main of <colcon_core.verb.build.BuildVerb object at 0x7ad028739300>>)
[0.229s] Level 1:colcon.colcon_core.package_discovery:discover_packages(colcon_meta) check parameters
[0.229s] Level 1:colcon.colcon_core.package_discovery:discover_packages(recursive) check parameters
[0.229s] Level 1:colcon.colcon_core.package_discovery:discover_packages(ignore) check parameters
[0.229s] Level 1:colcon.colcon_core.package_discovery:discover_packages(path) check parameters
[0.229s] Level 1:colcon.colcon_core.package_discovery:discover_packages(colcon_meta) discover
[0.229s] Level 1:colcon.colcon_core.package_discovery:discover_packages(recursive) discover
[0.230s] INFO:colcon.colcon_core.package_discovery:Crawling recursively for packages in '/home/liu/ros/rosAndGit/GitHub/ROS2-test-codes-von-M-U'
[0.230s] Level 1:colcon.colcon_core.package_identification:_identify(.) by extensions ['ignore', 'ignore_ament_install']
[0.230s] Level 1:colcon.colcon_core.package_identification:_identify(.) by extension 'ignore'
[0.230s] Level 1:colcon.colcon_core.package_identification:_identify(.) by extension 'ignore_ament_install'
[0.230s] Level 1:colcon.colcon_core.package_identification:_identify(.) by extensions ['colcon_pkg']
[0.230s] Level 1:colcon.colcon_core.package_identification:_identify(.) by extension 'colcon_pkg'
[0.230s] Level 1:colcon.colcon_core.package_identification:_identify(.) by extensions ['colcon_meta']
[0.230s] Level 1:colcon.colcon_core.package_identification:_identify(.) by extension 'colcon_meta'
[0.230s] Level 1:colcon.colcon_core.package_identification:_identify(.) by extensions ['ros']
[0.230s] Level 1:colcon.colcon_core.package_identification:_identify(.) by extension 'ros'
[0.239s] Level 1:colcon.colcon_core.package_identification:_identify(.) by extensions ['cmake', 'python']
[0.240s] Level 1:colcon.colcon_core.package_identification:_identify(.) by extension 'cmake'
[0.240s] Level 1:colcon.colcon_core.package_identification:_identify(.) by extension 'python'
[0.240s] Level 1:colcon.colcon_core.package_identification:_identify(.) by extensions ['python_setup_py']
[0.240s] Level 1:colcon.colcon_core.package_identification:_identify(.) by extension 'python_setup_py'
[0.240s] Level 1:colcon.colcon_core.package_identification:_identify(build) by extensions ['ignore', 'ignore_ament_install']
[0.240s] Level 1:colcon.colcon_core.package_identification:_identify(build) by extension 'ignore'
[0.240s] Level 1:colcon.colcon_core.package_identification:_identify(build) ignored
[0.240s] Level 1:colcon.colcon_core.package_identification:_identify(control) by extensions ['ignore', 'ignore_ament_install']
[0.240s] Level 1:colcon.colcon_core.package_identification:_identify(control) by extension 'ignore'
[0.240s] Level 1:colcon.colcon_core.package_identification:_identify(control) by extension 'ignore_ament_install'
[0.240s] Level 1:colcon.colcon_core.package_identification:_identify(control) by extensions ['colcon_pkg']
[0.240s] Level 1:colcon.colcon_core.package_identification:_identify(control) by extension 'colcon_pkg'
[0.240s] Level 1:colcon.colcon_core.package_identification:_identify(control) by extensions ['colcon_meta']
[0.240s] Level 1:colcon.colcon_core.package_identification:_identify(control) by extension 'colcon_meta'
[0.240s] Level 1:colcon.colcon_core.package_identification:_identify(control) by extensions ['ros']
[0.240s] Level 1:colcon.colcon_core.package_identification:_identify(control) by extension 'ros'
[0.242s] DEBUG:colcon.colcon_core.package_identification:Package 'control' with type 'ros.ament_python' and name 'control'
[0.242s] Level 1:colcon.colcon_core.package_identification:_identify(detect_level) by extensions ['ignore', 'ignore_ament_install']
[0.242s] Level 1:colcon.colcon_core.package_identification:_identify(detect_level) by extension 'ignore'
[0.242s] Level 1:colcon.colcon_core.package_identification:_identify(detect_level) by extension 'ignore_ament_install'
[0.242s] Level 1:colcon.colcon_core.package_identification:_identify(detect_level) by extensions ['colcon_pkg']
[0.242s] Level 1:colcon.colcon_core.package_identification:_identify(detect_level) by extension 'colcon_pkg'
[0.242s] Level 1:colcon.colcon_core.package_identification:_identify(detect_level) by extensions ['colcon_meta']
[0.242s] Level 1:colcon.colcon_core.package_identification:_identify(detect_level) by extension 'colcon_meta'
[0.242s] Level 1:colcon.colcon_core.package_identification:_identify(detect_level) by extensions ['ros']
[0.242s] Level 1:colcon.colcon_core.package_identification:_identify(detect_level) by extension 'ros'
[0.243s] DEBUG:colcon.colcon_core.package_identification:Package 'detect_level' with type 'ros.ament_python' and name 'detect_level'
[0.243s] Level 1:colcon.colcon_core.package_identification:_identify(detect_sign) by extensions ['ignore', 'ignore_ament_install']
[0.243s] Level 1:colcon.colcon_core.package_identification:_identify(detect_sign) by extension 'ignore'
[0.243s] Level 1:colcon.colcon_core.package_identification:_identify(detect_sign) by extension 'ignore_ament_install'
[0.243s] Level 1:colcon.colcon_core.package_identification:_identify(detect_sign) by extensions ['colcon_pkg']
[0.243s] Level 1:colcon.colcon_core.package_identification:_identify(detect_sign) by extension 'colcon_pkg'
[0.243s] Level 1:colcon.colcon_core.package_identification:_identify(detect_sign) by extensions ['colcon_meta']
[0.243s] Level 1:colcon.colcon_core.package_identification:_identify(detect_sign) by extension 'colcon_meta'
[0.243s] Level 1:colcon.colcon_core.package_identification:_identify(detect_sign) by extensions ['ros']
[0.243s] Level 1:colcon.colcon_core.package_identification:_identify(detect_sign) by extension 'ros'
[0.243s] DEBUG:colcon.colcon_core.package_identification:Package 'detect_sign' with type 'ros.ament_python' and name 'detect_sign'
[0.244s] Level 1:colcon.colcon_core.package_identification:_identify(install) by extensions ['ignore', 'ignore_ament_install']
[0.244s] Level 1:colcon.colcon_core.package_identification:_identify(install) by extension 'ignore'
[0.244s] Level 1:colcon.colcon_core.package_identification:_identify(install) ignored
[0.244s] Level 1:colcon.colcon_core.package_identification:_identify(launchtest) by extensions ['ignore', 'ignore_ament_install']
[0.244s] Level 1:colcon.colcon_core.package_identification:_identify(launchtest) by extension 'ignore'
[0.244s] Level 1:colcon.colcon_core.package_identification:_identify(launchtest) by extension 'ignore_ament_install'
[0.244s] Level 1:colcon.colcon_core.package_identification:_identify(launchtest) by extensions ['colcon_pkg']
[0.244s] Level 1:colcon.colcon_core.package_identification:_identify(launchtest) by extension 'colcon_pkg'
[0.244s] Level 1:colcon.colcon_core.package_identification:_identify(launchtest) by extensions ['colcon_meta']
[0.244s] Level 1:colcon.colcon_core.package_identification:_identify(launchtest) by extension 'colcon_meta'
[0.244s] Level 1:colcon.colcon_core.package_identification:_identify(launchtest) by extensions ['ros']
[0.244s] Level 1:colcon.colcon_core.package_identification:_identify(launchtest) by extension 'ros'
[0.244s] DEBUG:colcon.colcon_core.package_identification:Package 'launchtest' with type 'ros.ament_python' and name 'launchtest'
[0.244s] Level 1:colcon.colcon_core.package_identification:_identify(line_follow) by extensions ['ignore', 'ignore_ament_install']
[0.244s] Level 1:colcon.colcon_core.package_identification:_identify(line_follow) by extension 'ignore'
[0.244s] Level 1:colcon.colcon_core.package_identification:_identify(line_follow) by extension 'ignore_ament_install'
[0.245s] Level 1:colcon.colcon_core.package_identification:_identify(line_follow) by extensions ['colcon_pkg']
[0.245s] Level 1:colcon.colcon_core.package_identification:_identify(line_follow) by extension 'colcon_pkg'
[0.245s] Level 1:colcon.colcon_core.package_identification:_identify(line_follow) by extensions ['colcon_meta']
[0.245s] Level 1:colcon.colcon_core.package_identification:_identify(line_follow) by extension 'colcon_meta'
[0.245s] Level 1:colcon.colcon_core.package_identification:_identify(line_follow) by extensions ['ros']
[0.245s] Level 1:colcon.colcon_core.package_identification:_identify(line_follow) by extension 'ros'
[0.245s] DEBUG:colcon.colcon_core.package_identification:Package 'line_follow' with type 'ros.ament_python' and name 'line_follow'
[0.245s] Level 1:colcon.colcon_core.package_identification:_identify(log) by extensions ['ignore', 'ignore_ament_install']
[0.245s] Level 1:colcon.colcon_core.package_identification:_identify(log) by extension 'ignore'
[0.245s] Level 1:colcon.colcon_core.package_identification:_identify(log) ignored
[0.245s] Level 1:colcon.colcon_core.package_identification:_identify(nav_to_pose) by extensions ['ignore', 'ignore_ament_install']
[0.245s] Level 1:colcon.colcon_core.package_identification:_identify(nav_to_pose) by extension 'ignore'
[0.245s] Level 1:colcon.colcon_core.package_identification:_identify(nav_to_pose) by extension 'ignore_ament_install'
[0.245s] Level 1:colcon.colcon_core.package_identification:_identify(nav_to_pose) by extensions ['colcon_pkg']
[0.245s] Level 1:colcon.colcon_core.package_identification:_identify(nav_to_pose) by extension 'colcon_pkg'
[0.245s] Level 1:colcon.colcon_core.package_identification:_identify(nav_to_pose) by extensions ['colcon_meta']
[0.245s] Level 1:colcon.colcon_core.package_identification:_identify(nav_to_pose) by extension 'colcon_meta'
[0.245s] Level 1:colcon.colcon_core.package_identification:_identify(nav_to_pose) by extensions ['ros']
[0.245s] Level 1:colcon.colcon_core.package_identification:_identify(nav_to_pose) by extension 'ros'
[0.246s] DEBUG:colcon.colcon_core.package_identification:Package 'nav_to_pose' with type 'ros.ament_python' and name 'nav_to_pose'
[0.246s] Level 1:colcon.colcon_core.package_identification:_identify(openslam_gmapping) by extensions ['ignore', 'ignore_ament_install']
[0.246s] Level 1:colcon.colcon_core.package_identification:_identify(openslam_gmapping) by extension 'ignore'
[0.246s] Level 1:colcon.colcon_core.package_identification:_identify(openslam_gmapping) by extension 'ignore_ament_install'
[0.246s] Level 1:colcon.colcon_core.package_identification:_identify(openslam_gmapping) by extensions ['colcon_pkg']
[0.246s] Level 1:colcon.colcon_core.package_identification:_identify(openslam_gmapping) by extension 'colcon_pkg'
[0.246s] Level 1:colcon.colcon_core.package_identification:_identify(openslam_gmapping) by extensions ['colcon_meta']
[0.246s] Level 1:colcon.colcon_core.package_identification:_identify(openslam_gmapping) by extension 'colcon_meta'
[0.246s] Level 1:colcon.colcon_core.package_identification:_identify(openslam_gmapping) by extensions ['ros']
[0.246s] Level 1:colcon.colcon_core.package_identification:_identify(openslam_gmapping) by extension 'ros'
[0.246s] DEBUG:colcon.colcon_core.package_identification:Package 'openslam_gmapping' with type 'ros.ament_cmake' and name 'openslam_gmapping'
[0.247s] Level 1:colcon.colcon_core.package_identification:_identify(parking_picture) by extensions ['ignore', 'ignore_ament_install']
[0.247s] Level 1:colcon.colcon_core.package_identification:_identify(parking_picture) by extension 'ignore'
[0.247s] Level 1:colcon.colcon_core.package_identification:_identify(parking_picture) by extension 'ignore_ament_install'
[0.247s] Level 1:colcon.colcon_core.package_identification:_identify(parking_picture) by extensions ['colcon_pkg']
[0.247s] Level 1:colcon.colcon_core.package_identification:_identify(parking_picture) by extension 'colcon_pkg'
[0.247s] Level 1:colcon.colcon_core.package_identification:_identify(parking_picture) by extensions ['colcon_meta']
[0.247s] Level 1:colcon.colcon_core.package_identification:_identify(parking_picture) by extension 'colcon_meta'
[0.247s] Level 1:colcon.colcon_core.package_identification:_identify(parking_picture) by extensions ['ros']
[0.247s] Level 1:colcon.colcon_core.package_identification:_identify(parking_picture) by extension 'ros'
[0.247s] Level 1:colcon.colcon_core.package_identification:_identify(parking_picture) by extensions ['cmake', 'python']
[0.247s] Level 1:colcon.colcon_core.package_identification:_identify(parking_picture) by extension 'cmake'
[0.247s] Level 1:colcon.colcon_core.package_identification:_identify(parking_picture) by extension 'python'
[0.247s] Level 1:colcon.colcon_core.package_identification:_identify(parking_picture) by extensions ['python_setup_py']
[0.247s] Level 1:colcon.colcon_core.package_identification:_identify(parking_picture) by extension 'python_setup_py'
[0.247s] Level 1:colcon.colcon_core.package_identification:_identify(slam_gmapping) by extensions ['ignore', 'ignore_ament_install']
[0.247s] Level 1:colcon.colcon_core.package_identification:_identify(slam_gmapping) by extension 'ignore'
[0.247s] Level 1:colcon.colcon_core.package_identification:_identify(slam_gmapping) by extension 'ignore_ament_install'
[0.247s] Level 1:colcon.colcon_core.package_identification:_identify(slam_gmapping) by extensions ['colcon_pkg']
[0.247s] Level 1:colcon.colcon_core.package_identification:_identify(slam_gmapping) by extension 'colcon_pkg'
[0.247s] Level 1:colcon.colcon_core.package_identification:_identify(slam_gmapping) by extensions ['colcon_meta']
[0.247s] Level 1:colcon.colcon_core.package_identification:_identify(slam_gmapping) by extension 'colcon_meta'
[0.247s] Level 1:colcon.colcon_core.package_identification:_identify(slam_gmapping) by extensions ['ros']
[0.247s] Level 1:colcon.colcon_core.package_identification:_identify(slam_gmapping) by extension 'ros'
[0.248s] DEBUG:colcon.colcon_core.package_identification:Package 'slam_gmapping' with type 'ros.ament_cmake' and name 'slam_gmapping'
[0.248s] Level 1:colcon.colcon_core.package_identification:_identify(traffic_light) by extensions ['ignore', 'ignore_ament_install']
[0.248s] Level 1:colcon.colcon_core.package_identification:_identify(traffic_light) by extension 'ignore'
[0.248s] Level 1:colcon.colcon_core.package_identification:_identify(traffic_light) by extension 'ignore_ament_install'
[0.248s] Level 1:colcon.colcon_core.package_identification:_identify(traffic_light) by extensions ['colcon_pkg']
[0.248s] Level 1:colcon.colcon_core.package_identification:_identify(traffic_light) by extension 'colcon_pkg'
[0.248s] Level 1:colcon.colcon_core.package_identification:_identify(traffic_light) by extensions ['colcon_meta']
[0.248s] Level 1:colcon.colcon_core.package_identification:_identify(traffic_light) by extension 'colcon_meta'
[0.248s] Level 1:colcon.colcon_core.package_identification:_identify(traffic_light) by extensions ['ros']
[0.248s] Level 1:colcon.colcon_core.package_identification:_identify(traffic_light) by extension 'ros'
[0.249s] DEBUG:colcon.colcon_core.package_identification:Package 'traffic_light' with type 'ros.ament_python' and name 'traffic_light'
[0.249s] Level 1:colcon.colcon_core.package_discovery:discover_packages(recursive) using defaults
[0.249s] Level 1:colcon.colcon_core.package_discovery:discover_packages(ignore) discover
[0.249s] Level 1:colcon.colcon_core.package_discovery:discover_packages(ignore) using defaults
[0.249s] Level 1:colcon.colcon_core.package_discovery:discover_packages(path) discover
[0.249s] Level 1:colcon.colcon_core.package_discovery:discover_packages(path) using defaults
[0.283s] Level 1:colcon.colcon_core.package_discovery:discover_packages(prefix_path) check parameters
[0.283s] Level 1:colcon.colcon_core.package_discovery:discover_packages(prefix_path) discover
[0.284s] DEBUG:colcon.colcon_installed_package_information.package_discovery:Found 9 installed packages in /home/liu/ros/rosAndGit/GitHub/ROS2-test-codes-von-M-U/install
[0.286s] DEBUG:colcon.colcon_installed_package_information.package_discovery:Found 410 installed packages in /opt/ros/humble
[0.288s] Level 1:colcon.colcon_core.package_discovery:discover_packages(prefix_path) using defaults
[0.327s] Level 5:colcon.colcon_core.verb:set package 'control' build argument 'cmake_args' from command line to 'None'
[0.327s] Level 5:colcon.colcon_core.verb:set package 'control' build argument 'cmake_target' from command line to 'None'
[0.327s] Level 5:colcon.colcon_core.verb:set package 'control' build argument 'cmake_target_skip_unavailable' from command line to 'False'
[0.327s] Level 5:colcon.colcon_core.verb:set package 'control' build argument 'cmake_clean_cache' from command line to 'False'
[0.327s] Level 5:colcon.colcon_core.verb:set package 'control' build argument 'cmake_clean_first' from command line to 'False'
[0.327s] Level 5:colcon.colcon_core.verb:set package 'control' build argument 'cmake_force_configure' from command line to 'False'
[0.327s] Level 5:colcon.colcon_core.verb:set package 'control' build argument 'ament_cmake_args' from command line to 'None'
[0.327s] Level 5:colcon.colcon_core.verb:set package 'control' build argument 'catkin_cmake_args' from command line to 'None'
[0.327s] Level 5:colcon.colcon_core.verb:set package 'control' build argument 'catkin_skip_building_tests' from command line to 'False'
[0.327s] DEBUG:colcon.colcon_core.verb:Building package 'control' with the following arguments: {'ament_cmake_args': None, 'build_base': '/home/liu/ros/rosAndGit/GitHub/ROS2-test-codes-von-M-U/build/control', 'catkin_cmake_args': None, 'catkin_skip_building_tests': False, 'cmake_args': None, 'cmake_clean_cache': False, 'cmake_clean_first': False, 'cmake_force_configure': False, 'cmake_target': None, 'cmake_target_skip_unavailable': False, 'install_base': '/home/liu/ros/rosAndGit/GitHub/ROS2-test-codes-von-M-U/install/control', 'merge_install': False, 'path': '/home/liu/ros/rosAndGit/GitHub/ROS2-test-codes-von-M-U/control', 'symlink_install': False, 'test_result_base': None}
[0.328s] Level 5:colcon.colcon_core.verb:set package 'detect_level' build argument 'cmake_args' from command line to 'None'
[0.328s] Level 5:colcon.colcon_core.verb:set package 'detect_level' build argument 'cmake_target' from command line to 'None'
[0.328s] Level 5:colcon.colcon_core.verb:set package 'detect_level' build argument 'cmake_target_skip_unavailable' from command line to 'False'
[0.328s] Level 5:colcon.colcon_core.verb:set package 'detect_level' build argument 'cmake_clean_cache' from command line to 'False'
[0.328s] Level 5:colcon.colcon_core.verb:set package 'detect_level' build argument 'cmake_clean_first' from command line to 'False'
[0.328s] Level 5:colcon.colcon_core.verb:set package 'detect_level' build argument 'cmake_force_configure' from command line to 'False'
[0.328s] Level 5:colcon.colcon_core.verb:set package 'detect_level' build argument 'ament_cmake_args' from command line to 'None'
[0.328s] Level 5:colcon.colcon_core.verb:set package 'detect_level' build argument 'catkin_cmake_args' from command line to 'None'
[0.328s] Level 5:colcon.colcon_core.verb:set package 'detect_level' build argument 'catkin_skip_building_tests' from command line to 'False'
[0.328s] DEBUG:colcon.colcon_core.verb:Building package 'detect_level' with the following arguments: {'ament_cmake_args': None, 'build_base': '/home/liu/ros/rosAndGit/GitHub/ROS2-test-codes-von-M-U/build/detect_level', 'catkin_cmake_args': None, 'catkin_skip_building_tests': False, 'cmake_args': None, 'cmake_clean_cache': False, 'cmake_clean_first': False, 'cmake_force_configure': False, 'cmake_target': None, 'cmake_target_skip_unavailable': False, 'install_base': '/home/liu/ros/rosAndGit/GitHub/ROS2-test-codes-von-M-U/install/detect_level', 'merge_install': False, 'path': '/home/liu/ros/rosAndGit/GitHub/ROS2-test-codes-von-M-U/detect_level', 'symlink_install': False, 'test_result_base': None}
[0.328s] Level 5:colcon.colcon_core.verb:set package 'detect_sign' build argument 'cmake_args' from command line to 'None'
[0.328s] Level 5:colcon.colcon_core.verb:set package 'detect_sign' build argument 'cmake_target' from command line to 'None'
[0.328s] Level 5:colcon.colcon_core.verb:set package 'detect_sign' build argument 'cmake_target_skip_unavailable' from command line to 'False'
[0.328s] Level 5:colcon.colcon_core.verb:set package 'detect_sign' build argument 'cmake_clean_cache' from command line to 'False'
[0.328s] Level 5:colcon.colcon_core.verb:set package 'detect_sign' build argument 'cmake_clean_first' from command line to 'False'
[0.328s] Level 5:colcon.colcon_core.verb:set package 'detect_sign' build argument 'cmake_force_configure' from command line to 'False'
[0.328s] Level 5:colcon.colcon_core.verb:set package 'detect_sign' build argument 'ament_cmake_args' from command line to 'None'
[0.328s] Level 5:colcon.colcon_core.verb:set package 'detect_sign' build argument 'catkin_cmake_args' from command line to 'None'
[0.328s] Level 5:colcon.colcon_core.verb:set package 'detect_sign' build argument 'catkin_skip_building_tests' from command line to 'False'
[0.328s] DEBUG:colcon.colcon_core.verb:Building package 'detect_sign' with the following arguments: {'ament_cmake_args': None, 'build_base': '/home/liu/ros/rosAndGit/GitHub/ROS2-test-codes-von-M-U/build/detect_sign', 'catkin_cmake_args': None, 'catkin_skip_building_tests': False, 'cmake_args': None, 'cmake_clean_cache': False, 'cmake_clean_first': False, 'cmake_force_configure': False, 'cmake_target': None, 'cmake_target_skip_unavailable': False, 'install_base': '/home/liu/ros/rosAndGit/GitHub/ROS2-test-codes-von-M-U/install/detect_sign', 'merge_install': False, 'path': '/home/liu/ros/rosAndGit/GitHub/ROS2-test-codes-von-M-U/detect_sign', 'symlink_install': False, 'test_result_base': None}
[0.329s] Level 5:colcon.colcon_core.verb:set package 'launchtest' build argument 'cmake_args' from command line to 'None'
[0.329s] Level 5:colcon.colcon_core.verb:set package 'launchtest' build argument 'cmake_target' from command line to 'None'
[0.329s] Level 5:colcon.colcon_core.verb:set package 'launchtest' build argument 'cmake_target_skip_unavailable' from command line to 'False'
[0.329s] Level 5:colcon.colcon_core.verb:set package 'launchtest' build argument 'cmake_clean_cache' from command line to 'False'
[0.329s] Level 5:colcon.colcon_core.verb:set package 'launchtest' build argument 'cmake_clean_first' from command line to 'False'
[0.329s] Level 5:colcon.colcon_core.verb:set package 'launchtest' build argument 'cmake_force_configure' from command line to 'False'
[0.329s] Level 5:colcon.colcon_core.verb:set package 'launchtest' build argument 'ament_cmake_args' from command line to 'None'
[0.329s] Level 5:colcon.colcon_core.verb:set package 'launchtest' build argument 'catkin_cmake_args' from command line to 'None'
[0.329s] Level 5:colcon.colcon_core.verb:set package 'launchtest' build argument 'catkin_skip_building_tests' from command line to 'False'
[0.329s] DEBUG:colcon.colcon_core.verb:Building package 'launchtest' with the following arguments: {'ament_cmake_args': None, 'build_base': '/home/liu/ros/rosAndGit/GitHub/ROS2-test-codes-von-M-U/build/launchtest', 'catkin_cmake_args': None, 'catkin_skip_building_tests': False, 'cmake_args': None, 'cmake_clean_cache': False, 'cmake_clean_first': False, 'cmake_force_configure': False, 'cmake_target': None, 'cmake_target_skip_unavailable': False, 'install_base': '/home/liu/ros/rosAndGit/GitHub/ROS2-test-codes-von-M-U/install/launchtest', 'merge_install': False, 'path': '/home/liu/ros/rosAndGit/GitHub/ROS2-test-codes-von-M-U/launchtest', 'symlink_install': False, 'test_result_base': None}
[0.329s] Level 5:colcon.colcon_core.verb:set package 'line_follow' build argument 'cmake_args' from command line to 'None'
[0.329s] Level 5:colcon.colcon_core.verb:set package 'line_follow' build argument 'cmake_target' from command line to 'None'
[0.329s] Level 5:colcon.colcon_core.verb:set package 'line_follow' build argument 'cmake_target_skip_unavailable' from command line to 'False'
[0.329s] Level 5:colcon.colcon_core.verb:set package 'line_follow' build argument 'cmake_clean_cache' from command line to 'False'
[0.329s] Level 5:colcon.colcon_core.verb:set package 'line_follow' build argument 'cmake_clean_first' from command line to 'False'
[0.329s] Level 5:colcon.colcon_core.verb:set package 'line_follow' build argument 'cmake_force_configure' from command line to 'False'
[0.329s] Level 5:colcon.colcon_core.verb:set package 'line_follow' build argument 'ament_cmake_args' from command line to 'None'
[0.329s] Level 5:colcon.colcon_core.verb:set package 'line_follow' build argument 'catkin_cmake_args' from command line to 'None'
[0.329s] Level 5:colcon.colcon_core.verb:set package 'line_follow' build argument 'catkin_skip_building_tests' from command line to 'False'
[0.329s] DEBUG:colcon.colcon_core.verb:Building package 'line_follow' with the following arguments: {'ament_cmake_args': None, 'build_base': '/home/liu/ros/rosAndGit/GitHub/ROS2-test-codes-von-M-U/build/line_follow', 'catkin_cmake_args': None, 'catkin_skip_building_tests': False, 'cmake_args': None, 'cmake_clean_cache': False, 'cmake_clean_first': False, 'cmake_force_configure': False, 'cmake_target': None, 'cmake_target_skip_unavailable': False, 'install_base': '/home/liu/ros/rosAndGit/GitHub/ROS2-test-codes-von-M-U/install/line_follow', 'merge_install': False, 'path': '/home/liu/ros/rosAndGit/GitHub/ROS2-test-codes-von-M-U/line_follow', 'symlink_install': False, 'test_result_base': None}
[0.329s] Level 5:colcon.colcon_core.verb:set package 'nav_to_pose' build argument 'cmake_args' from command line to 'None'
[0.329s] Level 5:colcon.colcon_core.verb:set package 'nav_to_pose' build argument 'cmake_target' from command line to 'None'
[0.329s] Level 5:colcon.colcon_core.verb:set package 'nav_to_pose' build argument 'cmake_target_skip_unavailable' from command line to 'False'
[0.329s] Level 5:colcon.colcon_core.verb:set package 'nav_to_pose' build argument 'cmake_clean_cache' from command line to 'False'
[0.329s] Level 5:colcon.colcon_core.verb:set package 'nav_to_pose' build argument 'cmake_clean_first' from command line to 'False'
[0.329s] Level 5:colcon.colcon_core.verb:set package 'nav_to_pose' build argument 'cmake_force_configure' from command line to 'False'
[0.329s] Level 5:colcon.colcon_core.verb:set package 'nav_to_pose' build argument 'ament_cmake_args' from command line to 'None'
[0.329s] Level 5:colcon.colcon_core.verb:set package 'nav_to_pose' build argument 'catkin_cmake_args' from command line to 'None'
[0.329s] Level 5:colcon.colcon_core.verb:set package 'nav_to_pose' build argument 'catkin_skip_building_tests' from command line to 'False'
[0.329s] DEBUG:colcon.colcon_core.verb:Building package 'nav_to_pose' with the following arguments: {'ament_cmake_args': None, 'build_base': '/home/liu/ros/rosAndGit/GitHub/ROS2-test-codes-von-M-U/build/nav_to_pose', 'catkin_cmake_args': None, 'catkin_skip_building_tests': False, 'cmake_args': None, 'cmake_clean_cache': False, 'cmake_clean_first': False, 'cmake_force_configure': False, 'cmake_target': None, 'cmake_target_skip_unavailable': False, 'install_base': '/home/liu/ros/rosAndGit/GitHub/ROS2-test-codes-von-M-U/install/nav_to_pose', 'merge_install': False, 'path': '/home/liu/ros/rosAndGit/GitHub/ROS2-test-codes-von-M-U/nav_to_pose', 'symlink_install': False, 'test_result_base': None}
[0.330s] Level 5:colcon.colcon_core.verb:set package 'openslam_gmapping' build argument 'cmake_args' from command line to 'None'
[0.330s] Level 5:colcon.colcon_core.verb:set package 'openslam_gmapping' build argument 'cmake_target' from command line to 'None'
[0.330s] Level 5:colcon.colcon_core.verb:set package 'openslam_gmapping' build argument 'cmake_target_skip_unavailable' from command line to 'False'
[0.330s] Level 5:colcon.colcon_core.verb:set package 'openslam_gmapping' build argument 'cmake_clean_cache' from command line to 'False'
[0.330s] Level 5:colcon.colcon_core.verb:set package 'openslam_gmapping' build argument 'cmake_clean_first' from command line to 'False'
[0.330s] Level 5:colcon.colcon_core.verb:set package 'openslam_gmapping' build argument 'cmake_force_configure' from command line to 'False'
[0.330s] Level 5:colcon.colcon_core.verb:set package 'openslam_gmapping' build argument 'ament_cmake_args' from command line to 'None'
[0.330s] Level 5:colcon.colcon_core.verb:set package 'openslam_gmapping' build argument 'catkin_cmake_args' from command line to 'None'
[0.330s] Level 5:colcon.colcon_core.verb:set package 'openslam_gmapping' build argument 'catkin_skip_building_tests' from command line to 'False'
[0.330s] DEBUG:colcon.colcon_core.verb:Building package 'openslam_gmapping' with the following arguments: {'ament_cmake_args': None, 'build_base': '/home/liu/ros/rosAndGit/GitHub/ROS2-test-codes-von-M-U/build/openslam_gmapping', 'catkin_cmake_args': None, 'catkin_skip_building_tests': False, 'cmake_args': None, 'cmake_clean_cache': False, 'cmake_clean_first': False, 'cmake_force_configure': False, 'cmake_target': None, 'cmake_target_skip_unavailable': False, 'install_base': '/home/liu/ros/rosAndGit/GitHub/ROS2-test-codes-von-M-U/install/openslam_gmapping', 'merge_install': False, 'path': '/home/liu/ros/rosAndGit/GitHub/ROS2-test-codes-von-M-U/openslam_gmapping', 'symlink_install': False, 'test_result_base': None}
[0.330s] Level 5:colcon.colcon_core.verb:set package 'traffic_light' build argument 'cmake_args' from command line to 'None'
[0.330s] Level 5:colcon.colcon_core.verb:set package 'traffic_light' build argument 'cmake_target' from command line to 'None'
[0.330s] Level 5:colcon.colcon_core.verb:set package 'traffic_light' build argument 'cmake_target_skip_unavailable' from command line to 'False'
[0.330s] Level 5:colcon.colcon_core.verb:set package 'traffic_light' build argument 'cmake_clean_cache' from command line to 'False'
[0.330s] Level 5:colcon.colcon_core.verb:set package 'traffic_light' build argument 'cmake_clean_first' from command line to 'False'
[0.330s] Level 5:colcon.colcon_core.verb:set package 'traffic_light' build argument 'cmake_force_configure' from command line to 'False'
[0.330s] Level 5:colcon.colcon_core.verb:set package 'traffic_light' build argument 'ament_cmake_args' from command line to 'None'
[0.330s] Level 5:colcon.colcon_core.verb:set package 'traffic_light' build argument 'catkin_cmake_args' from command line to 'None'
[0.330s] Level 5:colcon.colcon_core.verb:set package 'traffic_light' build argument 'catkin_skip_building_tests' from command line to 'False'
[0.330s] DEBUG:colcon.colcon_core.verb:Building package 'traffic_light' with the following arguments: {'ament_cmake_args': None, 'build_base': '/home/liu/ros/rosAndGit/GitHub/ROS2-test-codes-von-M-U/build/traffic_light', 'catkin_cmake_args': None, 'catkin_skip_building_tests': False, 'cmake_args': None, 'cmake_clean_cache': False, 'cmake_clean_first': False, 'cmake_force_configure': False, 'cmake_target': None, 'cmake_target_skip_unavailable': False, 'install_base': '/home/liu/ros/rosAndGit/GitHub/ROS2-test-codes-von-M-U/install/traffic_light', 'merge_install': False, 'path': '/home/liu/ros/rosAndGit/GitHub/ROS2-test-codes-von-M-U/traffic_light', 'symlink_install': False, 'test_result_base': None}
[0.330s] Level 5:colcon.colcon_core.verb:set package 'slam_gmapping' build argument 'cmake_args' from command line to 'None'
[0.330s] Level 5:colcon.colcon_core.verb:set package 'slam_gmapping' build argument 'cmake_target' from command line to 'None'
[0.330s] Level 5:colcon.colcon_core.verb:set package 'slam_gmapping' build argument 'cmake_target_skip_unavailable' from command line to 'False'
[0.330s] Level 5:colcon.colcon_core.verb:set package 'slam_gmapping' build argument 'cmake_clean_cache' from command line to 'False'
[0.330s] Level 5:colcon.colcon_core.verb:set package 'slam_gmapping' build argument 'cmake_clean_first' from command line to 'False'
[0.330s] Level 5:colcon.colcon_core.verb:set package 'slam_gmapping' build argument 'cmake_force_configure' from command line to 'False'
[0.330s] Level 5:colcon.colcon_core.verb:set package 'slam_gmapping' build argument 'ament_cmake_args' from command line to 'None'
[0.331s] Level 5:colcon.colcon_core.verb:set package 'slam_gmapping' build argument 'catkin_cmake_args' from command line to 'None'
[0.331s] Level 5:colcon.colcon_core.verb:set package 'slam_gmapping' build argument 'catkin_skip_building_tests' from command line to 'False'
[0.331s] DEBUG:colcon.colcon_core.verb:Building package 'slam_gmapping' with the following arguments: {'ament_cmake_args': None, 'build_base': '/home/liu/ros/rosAndGit/GitHub/ROS2-test-codes-von-M-U/build/slam_gmapping', 'catkin_cmake_args': None, 'catkin_skip_building_tests': False, 'cmake_args': None, 'cmake_clean_cache': False, 'cmake_clean_first': False, 'cmake_force_configure': False, 'cmake_target': None, 'cmake_target_skip_unavailable': False, 'install_base': '/home/liu/ros/rosAndGit/GitHub/ROS2-test-codes-von-M-U/install/slam_gmapping', 'merge_install': False, 'path': '/home/liu/ros/rosAndGit/GitHub/ROS2-test-codes-von-M-U/slam_gmapping', 'symlink_install': False, 'test_result_base': None}
[0.331s] INFO:colcon.colcon_core.executor:Executing jobs using 'parallel' executor
[0.332s] DEBUG:colcon.colcon_parallel_executor.executor.parallel:run_until_complete
[0.332s] INFO:colcon.colcon_ros.task.ament_cmake.build:Building ROS package in '/home/liu/ros/rosAndGit/GitHub/ROS2-test-codes-von-M-U/openslam_gmapping' with build type 'ament_cmake'
[0.332s] INFO:colcon.colcon_cmake.task.cmake.build:Building CMake package in '/home/liu/ros/rosAndGit/GitHub/ROS2-test-codes-von-M-U/openslam_gmapping'
[0.334s] INFO:colcon.colcon_core.plugin_system:Skipping extension 'colcon_core.shell.bat': Not used on non-Windows systems
[0.334s] INFO:colcon.colcon_core.shell:Skip shell extension 'powershell' for command environment: Not usable outside of PowerShell
[0.334s] DEBUG:colcon.colcon_core.shell:Skip shell extension 'dsv' for command environment
[0.339s] INFO:colcon.colcon_ros.task.ament_python.build:Building ROS package in '/home/liu/ros/rosAndGit/GitHub/ROS2-test-codes-von-M-U/control' with build type 'ament_python'
[0.339s] Level 1:colcon.colcon_core.shell:create_environment_hook('control', 'ament_prefix_path')
[0.339s] INFO:colcon.colcon_core.shell:Creating environment hook '/home/liu/ros/rosAndGit/GitHub/ROS2-test-codes-von-M-U/install/control/share/control/hook/ament_prefix_path.ps1'
[0.340s] INFO:colcon.colcon_core.shell:Creating environment descriptor '/home/liu/ros/rosAndGit/GitHub/ROS2-test-codes-von-M-U/install/control/share/control/hook/ament_prefix_path.dsv'
[0.340s] INFO:colcon.colcon_core.shell:Creating environment hook '/home/liu/ros/rosAndGit/GitHub/ROS2-test-codes-von-M-U/install/control/share/control/hook/ament_prefix_path.sh'
[0.341s] INFO:colcon.colcon_core.shell:Skip shell extension 'powershell' for command environment: Not usable outside of PowerShell
[0.341s] DEBUG:colcon.colcon_core.shell:Skip shell extension 'dsv' for command environment
[0.345s] INFO:colcon.colcon_ros.task.ament_python.build:Building ROS package in '/home/liu/ros/rosAndGit/GitHub/ROS2-test-codes-von-M-U/detect_level' with build type 'ament_python'
[0.345s] Level 1:colcon.colcon_core.shell:create_environment_hook('detect_level', 'ament_prefix_path')
[0.345s] INFO:colcon.colcon_core.shell:Creating environment hook '/home/liu/ros/rosAndGit/GitHub/ROS2-test-codes-von-M-U/install/detect_level/share/detect_level/hook/ament_prefix_path.ps1'
[0.347s] INFO:colcon.colcon_core.shell:Creating environment descriptor '/home/liu/ros/rosAndGit/GitHub/ROS2-test-codes-von-M-U/install/detect_level/share/detect_level/hook/ament_prefix_path.dsv'
[0.348s] INFO:colcon.colcon_core.shell:Creating environment hook '/home/liu/ros/rosAndGit/GitHub/ROS2-test-codes-von-M-U/install/detect_level/share/detect_level/hook/ament_prefix_path.sh'
[0.350s] INFO:colcon.colcon_core.shell:Skip shell extension 'powershell' for command environment: Not usable outside of PowerShell
[0.350s] DEBUG:colcon.colcon_core.shell:Skip shell extension 'dsv' for command environment
[0.355s] INFO:colcon.colcon_ros.task.ament_python.build:Building ROS package in '/home/liu/ros/rosAndGit/GitHub/ROS2-test-codes-von-M-U/detect_sign' with build type 'ament_python'
[0.355s] Level 1:colcon.colcon_core.shell:create_environment_hook('detect_sign', 'ament_prefix_path')
[0.355s] INFO:colcon.colcon_core.shell:Creating environment hook '/home/liu/ros/rosAndGit/GitHub/ROS2-test-codes-von-M-U/install/detect_sign/share/detect_sign/hook/ament_prefix_path.ps1'
[0.356s] INFO:colcon.colcon_core.shell:Creating environment descriptor '/home/liu/ros/rosAndGit/GitHub/ROS2-test-codes-von-M-U/install/detect_sign/share/detect_sign/hook/ament_prefix_path.dsv'
[0.356s] INFO:colcon.colcon_core.shell:Creating environment hook '/home/liu/ros/rosAndGit/GitHub/ROS2-test-codes-von-M-U/install/detect_sign/share/detect_sign/hook/ament_prefix_path.sh'
[0.357s] INFO:colcon.colcon_core.shell:Skip shell extension 'powershell' for command environment: Not usable outside of PowerShell
[0.357s] DEBUG:colcon.colcon_core.shell:Skip shell extension 'dsv' for command environment
[0.361s] INFO:colcon.colcon_ros.task.ament_python.build:Building ROS package in '/home/liu/ros/rosAndGit/GitHub/ROS2-test-codes-von-M-U/launchtest' with build type 'ament_python'
[0.361s] Level 1:colcon.colcon_core.shell:create_environment_hook('launchtest', 'ament_prefix_path')
[0.361s] INFO:colcon.colcon_core.shell:Creating environment hook '/home/liu/ros/rosAndGit/GitHub/ROS2-test-codes-von-M-U/install/launchtest/share/launchtest/hook/ament_prefix_path.ps1'
[0.362s] INFO:colcon.colcon_core.shell:Creating environment descriptor '/home/liu/ros/rosAndGit/GitHub/ROS2-test-codes-von-M-U/install/launchtest/share/launchtest/hook/ament_prefix_path.dsv'
[0.362s] INFO:colcon.colcon_core.shell:Creating environment hook '/home/liu/ros/rosAndGit/GitHub/ROS2-test-codes-von-M-U/install/launchtest/share/launchtest/hook/ament_prefix_path.sh'
[0.363s] INFO:colcon.colcon_core.shell:Skip shell extension 'powershell' for command environment: Not usable outside of PowerShell
[0.363s] DEBUG:colcon.colcon_core.shell:Skip shell extension 'dsv' for command environment
[0.369s] INFO:colcon.colcon_ros.task.ament_python.build:Building ROS package in '/home/liu/ros/rosAndGit/GitHub/ROS2-test-codes-von-M-U/line_follow' with build type 'ament_python'
[0.369s] Level 1:colcon.colcon_core.shell:create_environment_hook('line_follow', 'ament_prefix_path')
[0.369s] INFO:colcon.colcon_core.shell:Creating environment hook '/home/liu/ros/rosAndGit/GitHub/ROS2-test-codes-von-M-U/install/line_follow/share/line_follow/hook/ament_prefix_path.ps1'
[0.370s] INFO:colcon.colcon_core.shell:Creating environment descriptor '/home/liu/ros/rosAndGit/GitHub/ROS2-test-codes-von-M-U/install/line_follow/share/line_follow/hook/ament_prefix_path.dsv'
[0.370s] INFO:colcon.colcon_core.shell:Creating environment hook '/home/liu/ros/rosAndGit/GitHub/ROS2-test-codes-von-M-U/install/line_follow/share/line_follow/hook/ament_prefix_path.sh'
[0.371s] INFO:colcon.colcon_core.shell:Skip shell extension 'powershell' for command environment: Not usable outside of PowerShell
[0.371s] DEBUG:colcon.colcon_core.shell:Skip shell extension 'dsv' for command environment
[0.375s] INFO:colcon.colcon_ros.task.ament_python.build:Building ROS package in '/home/liu/ros/rosAndGit/GitHub/ROS2-test-codes-von-M-U/nav_to_pose' with build type 'ament_python'
[0.375s] Level 1:colcon.colcon_core.shell:create_environment_hook('nav_to_pose', 'ament_prefix_path')
[0.376s] INFO:colcon.colcon_core.shell:Creating environment hook '/home/liu/ros/rosAndGit/GitHub/ROS2-test-codes-von-M-U/install/nav_to_pose/share/nav_to_pose/hook/ament_prefix_path.ps1'
[0.376s] INFO:colcon.colcon_core.shell:Creating environment descriptor '/home/liu/ros/rosAndGit/GitHub/ROS2-test-codes-von-M-U/install/nav_to_pose/share/nav_to_pose/hook/ament_prefix_path.dsv'
[0.377s] INFO:colcon.colcon_core.shell:Creating environment hook '/home/liu/ros/rosAndGit/GitHub/ROS2-test-codes-von-M-U/install/nav_to_pose/share/nav_to_pose/hook/ament_prefix_path.sh'
[0.377s] INFO:colcon.colcon_core.shell:Skip shell extension 'powershell' for command environment: Not usable outside of PowerShell
[0.377s] DEBUG:colcon.colcon_core.shell:Skip shell extension 'dsv' for command environment
[0.382s] INFO:colcon.colcon_ros.task.ament_python.build:Building ROS package in '/home/liu/ros/rosAndGit/GitHub/ROS2-test-codes-von-M-U/traffic_light' with build type 'ament_python'
[0.383s] Level 1:colcon.colcon_core.shell:create_environment_hook('traffic_light', 'ament_prefix_path')
[0.383s] INFO:colcon.colcon_core.shell:Creating environment hook '/home/liu/ros/rosAndGit/GitHub/ROS2-test-codes-von-M-U/install/traffic_light/share/traffic_light/hook/ament_prefix_path.ps1'
[0.384s] INFO:colcon.colcon_core.shell:Creating environment descriptor '/home/liu/ros/rosAndGit/GitHub/ROS2-test-codes-von-M-U/install/traffic_light/share/traffic_light/hook/ament_prefix_path.dsv'
[0.385s] INFO:colcon.colcon_core.shell:Creating environment hook '/home/liu/ros/rosAndGit/GitHub/ROS2-test-codes-von-M-U/install/traffic_light/share/traffic_light/hook/ament_prefix_path.sh'
[0.386s] INFO:colcon.colcon_core.shell:Skip shell extension 'powershell' for command environment: Not usable outside of PowerShell
[0.386s] DEBUG:colcon.colcon_core.shell:Skip shell extension 'dsv' for command environment
[0.397s] DEBUG:colcon.colcon_core.event_handler.log_command:Invoking command in '/home/liu/ros/rosAndGit/GitHub/ROS2-test-codes-von-M-U/build/openslam_gmapping': CMAKE_PREFIX_PATH=${CMAKE_PREFIX_PATH}:/home/liu/ros/rosAndGit/GitHub/ROS2-test-codes-von-M-U/install/traffic_light:/home/liu/ros/rosAndGit/GitHub/ROS2-test-codes-von-M-U/install/nav_to_pose:/home/liu/ros/rosAndGit/GitHub/ROS2-test-codes-von-M-U/install/line_follow:/home/liu/ros/rosAndGit/GitHub/ROS2-test-codes-von-M-U/install/launchtest:/home/liu/ros/rosAndGit/GitHub/ROS2-test-codes-von-M-U/install/detect_sign:/home/liu/ros/rosAndGit/GitHub/ROS2-test-codes-von-M-U/install/detect_level:/home/liu/ros/rosAndGit/GitHub/ROS2-test-codes-von-M-U/install/control:/opt/ros/humble /usr/bin/cmake --build /home/liu/ros/rosAndGit/GitHub/ROS2-test-codes-von-M-U/build/openslam_gmapping -- -j16 -l16
[0.621s] INFO:colcon.colcon_core.task.python.build:Building Python package in '/home/liu/ros/rosAndGit/GitHub/ROS2-test-codes-von-M-U/control'
[0.622s] INFO:colcon.colcon_core.shell:Skip shell extension 'powershell' for command environment: Not usable outside of PowerShell
[0.622s] DEBUG:colcon.colcon_core.shell:Skip shell extension 'dsv' for command environment
[0.810s] INFO:colcon.colcon_core.task.python.build:Building Python package in '/home/liu/ros/rosAndGit/GitHub/ROS2-test-codes-von-M-U/detect_level'
[0.810s] INFO:colcon.colcon_core.shell:Skip shell extension 'powershell' for command environment: Not usable outside of PowerShell
[0.810s] DEBUG:colcon.colcon_core.shell:Skip shell extension 'dsv' for command environment
[0.987s] INFO:colcon.colcon_core.task.python.build:Building Python package in '/home/liu/ros/rosAndGit/GitHub/ROS2-test-codes-von-M-U/detect_sign'
[0.988s] INFO:colcon.colcon_core.shell:Skip shell extension 'powershell' for command environment: Not usable outside of PowerShell
[0.988s] DEBUG:colcon.colcon_core.shell:Skip shell extension 'dsv' for command environment
[1.160s] INFO:colcon.colcon_core.task.python.build:Building Python package in '/home/liu/ros/rosAndGit/GitHub/ROS2-test-codes-von-M-U/launchtest'
[1.160s] INFO:colcon.colcon_core.shell:Skip shell extension 'powershell' for command environment: Not usable outside of PowerShell
[1.160s] DEBUG:colcon.colcon_core.shell:Skip shell extension 'dsv' for command environment
[1.322s] INFO:colcon.colcon_core.task.python.build:Building Python package in '/home/liu/ros/rosAndGit/GitHub/ROS2-test-codes-von-M-U/line_follow'
[1.322s] INFO:colcon.colcon_core.shell:Skip shell extension 'powershell' for command environment: Not usable outside of PowerShell
[1.322s] DEBUG:colcon.colcon_core.shell:Skip shell extension 'dsv' for command environment
[1.499s] INFO:colcon.colcon_core.task.python.build:Building Python package in '/home/liu/ros/rosAndGit/GitHub/ROS2-test-codes-von-M-U/nav_to_pose'
[1.499s] INFO:colcon.colcon_core.shell:Skip shell extension 'powershell' for command environment: Not usable outside of PowerShell
[1.500s] DEBUG:colcon.colcon_core.shell:Skip shell extension 'dsv' for command environment
[1.677s] INFO:colcon.colcon_core.task.python.build:Building Python package in '/home/liu/ros/rosAndGit/GitHub/ROS2-test-codes-von-M-U/traffic_light'
[1.678s] INFO:colcon.colcon_core.shell:Skip shell extension 'powershell' for command environment: Not usable outside of PowerShell
[1.678s] DEBUG:colcon.colcon_core.shell:Skip shell extension 'dsv' for command environment
[1.683s] DEBUG:colcon.colcon_core.event_handler.log_command:Invoked command in '/home/liu/ros/rosAndGit/GitHub/ROS2-test-codes-von-M-U/build/openslam_gmapping' returned '0': CMAKE_PREFIX_PATH=${CMAKE_PREFIX_PATH}:/home/liu/ros/rosAndGit/GitHub/ROS2-test-codes-von-M-U/install/traffic_light:/home/liu/ros/rosAndGit/GitHub/ROS2-test-codes-von-M-U/install/nav_to_pose:/home/liu/ros/rosAndGit/GitHub/ROS2-test-codes-von-M-U/install/line_follow:/home/liu/ros/rosAndGit/GitHub/ROS2-test-codes-von-M-U/install/launchtest:/home/liu/ros/rosAndGit/GitHub/ROS2-test-codes-von-M-U/install/detect_sign:/home/liu/ros/rosAndGit/GitHub/ROS2-test-codes-von-M-U/install/detect_level:/home/liu/ros/rosAndGit/GitHub/ROS2-test-codes-von-M-U/install/control:/opt/ros/humble /usr/bin/cmake --build /home/liu/ros/rosAndGit/GitHub/ROS2-test-codes-von-M-U/build/openslam_gmapping -- -j16 -l16
[1.719s] DEBUG:colcon.colcon_core.event_handler.log_command:Invoking command in '/home/liu/ros/rosAndGit/GitHub/ROS2-test-codes-von-M-U/build/openslam_gmapping': CMAKE_PREFIX_PATH=${CMAKE_PREFIX_PATH}:/home/liu/ros/rosAndGit/GitHub/ROS2-test-codes-von-M-U/install/traffic_light:/home/liu/ros/rosAndGit/GitHub/ROS2-test-codes-von-M-U/install/nav_to_pose:/home/liu/ros/rosAndGit/GitHub/ROS2-test-codes-von-M-U/install/line_follow:/home/liu/ros/rosAndGit/GitHub/ROS2-test-codes-von-M-U/install/launchtest:/home/liu/ros/rosAndGit/GitHub/ROS2-test-codes-von-M-U/install/detect_sign:/home/liu/ros/rosAndGit/GitHub/ROS2-test-codes-von-M-U/install/detect_level:/home/liu/ros/rosAndGit/GitHub/ROS2-test-codes-von-M-U/install/control:/opt/ros/humble /usr/bin/cmake --install /home/liu/ros/rosAndGit/GitHub/ROS2-test-codes-von-M-U/build/openslam_gmapping
[1.732s] Level 1:colcon.colcon_core.environment:create_environment_scripts_only(openslam_gmapping)
[1.733s] DEBUG:colcon.colcon_core.event_handler.log_command:Invoked command in '/home/liu/ros/rosAndGit/GitHub/ROS2-test-codes-von-M-U/build/openslam_gmapping' returned '0': CMAKE_PREFIX_PATH=${CMAKE_PREFIX_PATH}:/home/liu/ros/rosAndGit/GitHub/ROS2-test-codes-von-M-U/install/traffic_light:/home/liu/ros/rosAndGit/GitHub/ROS2-test-codes-von-M-U/install/nav_to_pose:/home/liu/ros/rosAndGit/GitHub/ROS2-test-codes-von-M-U/install/line_follow:/home/liu/ros/rosAndGit/GitHub/ROS2-test-codes-von-M-U/install/launchtest:/home/liu/ros/rosAndGit/GitHub/ROS2-test-codes-von-M-U/install/detect_sign:/home/liu/ros/rosAndGit/GitHub/ROS2-test-codes-von-M-U/install/detect_level:/home/liu/ros/rosAndGit/GitHub/ROS2-test-codes-von-M-U/install/control:/opt/ros/humble /usr/bin/cmake --install /home/liu/ros/rosAndGit/GitHub/ROS2-test-codes-von-M-U/build/openslam_gmapping
[1.734s] Level 1:colcon.colcon_core.environment:checking '/home/liu/ros/rosAndGit/GitHub/ROS2-test-codes-von-M-U/install/openslam_gmapping' for CMake module files
[1.735s] Level 1:colcon.colcon_core.environment:checking '/home/liu/ros/rosAndGit/GitHub/ROS2-test-codes-von-M-U/install/openslam_gmapping' for CMake config files
[1.735s] Level 1:colcon.colcon_core.shell:create_environment_hook('openslam_gmapping', 'cmake_prefix_path')
[1.735s] INFO:colcon.colcon_core.shell:Creating environment hook '/home/liu/ros/rosAndGit/GitHub/ROS2-test-codes-von-M-U/install/openslam_gmapping/share/openslam_gmapping/hook/cmake_prefix_path.ps1'
[1.736s] INFO:colcon.colcon_core.shell:Creating environment descriptor '/home/liu/ros/rosAndGit/GitHub/ROS2-test-codes-von-M-U/install/openslam_gmapping/share/openslam_gmapping/hook/cmake_prefix_path.dsv'
[1.736s] INFO:colcon.colcon_core.shell:Creating environment hook '/home/liu/ros/rosAndGit/GitHub/ROS2-test-codes-von-M-U/install/openslam_gmapping/share/openslam_gmapping/hook/cmake_prefix_path.sh'
[1.737s] Level 1:colcon.colcon_core.environment:checking '/home/liu/ros/rosAndGit/GitHub/ROS2-test-codes-von-M-U/install/openslam_gmapping/lib'
[1.737s] Level 1:colcon.colcon_core.environment:checking '/home/liu/ros/rosAndGit/GitHub/ROS2-test-codes-von-M-U/install/openslam_gmapping/bin'
[1.737s] Level 1:colcon.colcon_core.environment:checking '/home/liu/ros/rosAndGit/GitHub/ROS2-test-codes-von-M-U/install/openslam_gmapping/lib/pkgconfig/openslam_gmapping.pc'
[1.738s] Level 1:colcon.colcon_core.environment:checking '/home/liu/ros/rosAndGit/GitHub/ROS2-test-codes-von-M-U/install/openslam_gmapping/lib/python3.10/site-packages'
[1.738s] Level 1:colcon.colcon_core.environment:checking '/home/liu/ros/rosAndGit/GitHub/ROS2-test-codes-von-M-U/install/openslam_gmapping/bin'
[1.738s] INFO:colcon.colcon_core.shell:Creating package script '/home/liu/ros/rosAndGit/GitHub/ROS2-test-codes-von-M-U/install/openslam_gmapping/share/openslam_gmapping/package.ps1'
[1.739s] INFO:colcon.colcon_core.shell:Creating package descriptor '/home/liu/ros/rosAndGit/GitHub/ROS2-test-codes-von-M-U/install/openslam_gmapping/share/openslam_gmapping/package.dsv'
[1.739s] INFO:colcon.colcon_core.shell:Creating package script '/home/liu/ros/rosAndGit/GitHub/ROS2-test-codes-von-M-U/install/openslam_gmapping/share/openslam_gmapping/package.sh'
[1.740s] INFO:colcon.colcon_core.shell:Creating package script '/home/liu/ros/rosAndGit/GitHub/ROS2-test-codes-von-M-U/install/openslam_gmapping/share/openslam_gmapping/package.bash'
[1.740s] INFO:colcon.colcon_core.shell:Creating package script '/home/liu/ros/rosAndGit/GitHub/ROS2-test-codes-von-M-U/install/openslam_gmapping/share/openslam_gmapping/package.zsh'
[1.741s] Level 1:colcon.colcon_core.environment:create_file_with_runtime_dependencies(/home/liu/ros/rosAndGit/GitHub/ROS2-test-codes-von-M-U/install/openslam_gmapping/share/colcon-core/packages/openslam_gmapping)
[1.774s] Level 1:colcon.colcon_core.environment:create_environment_scripts_only(openslam_gmapping)
[1.774s] Level 1:colcon.colcon_core.environment:checking '/home/liu/ros/rosAndGit/GitHub/ROS2-test-codes-von-M-U/install/openslam_gmapping' for CMake module files
[1.775s] Level 1:colcon.colcon_core.environment:checking '/home/liu/ros/rosAndGit/GitHub/ROS2-test-codes-von-M-U/install/openslam_gmapping' for CMake config files
[1.775s] Level 1:colcon.colcon_core.shell:create_environment_hook('openslam_gmapping', 'cmake_prefix_path')
[1.775s] INFO:colcon.colcon_core.shell:Creating environment hook '/home/liu/ros/rosAndGit/GitHub/ROS2-test-codes-von-M-U/install/openslam_gmapping/share/openslam_gmapping/hook/cmake_prefix_path.ps1'
[1.776s] INFO:colcon.colcon_core.shell:Creating environment descriptor '/home/liu/ros/rosAndGit/GitHub/ROS2-test-codes-von-M-U/install/openslam_gmapping/share/openslam_gmapping/hook/cmake_prefix_path.dsv'
[1.776s] INFO:colcon.colcon_core.shell:Creating environment hook '/home/liu/ros/rosAndGit/GitHub/ROS2-test-codes-von-M-U/install/openslam_gmapping/share/openslam_gmapping/hook/cmake_prefix_path.sh'
[1.777s] Level 1:colcon.colcon_core.environment:checking '/home/liu/ros/rosAndGit/GitHub/ROS2-test-codes-von-M-U/install/openslam_gmapping/lib'
[1.777s] Level 1:colcon.colcon_core.environment:checking '/home/liu/ros/rosAndGit/GitHub/ROS2-test-codes-von-M-U/install/openslam_gmapping/bin'
[1.777s] Level 1:colcon.colcon_core.environment:checking '/home/liu/ros/rosAndGit/GitHub/ROS2-test-codes-von-M-U/install/openslam_gmapping/lib/pkgconfig/openslam_gmapping.pc'
[1.777s] Level 1:colcon.colcon_core.environment:checking '/home/liu/ros/rosAndGit/GitHub/ROS2-test-codes-von-M-U/install/openslam_gmapping/lib/python3.10/site-packages'
[1.777s] Level 1:colcon.colcon_core.environment:checking '/home/liu/ros/rosAndGit/GitHub/ROS2-test-codes-von-M-U/install/openslam_gmapping/bin'
[1.778s] INFO:colcon.colcon_core.shell:Creating package script '/home/liu/ros/rosAndGit/GitHub/ROS2-test-codes-von-M-U/install/openslam_gmapping/share/openslam_gmapping/package.ps1'
[1.778s] INFO:colcon.colcon_core.shell:Creating package descriptor '/home/liu/ros/rosAndGit/GitHub/ROS2-test-codes-von-M-U/install/openslam_gmapping/share/openslam_gmapping/package.dsv'
[1.778s] INFO:colcon.colcon_core.shell:Creating package script '/home/liu/ros/rosAndGit/GitHub/ROS2-test-codes-von-M-U/install/openslam_gmapping/share/openslam_gmapping/package.sh'
[1.779s] INFO:colcon.colcon_core.shell:Creating package script '/home/liu/ros/rosAndGit/GitHub/ROS2-test-codes-von-M-U/install/openslam_gmapping/share/openslam_gmapping/package.bash'
[1.779s] INFO:colcon.colcon_core.shell:Creating package script '/home/liu/ros/rosAndGit/GitHub/ROS2-test-codes-von-M-U/install/openslam_gmapping/share/openslam_gmapping/package.zsh'
[1.779s] Level 1:colcon.colcon_core.environment:create_file_with_runtime_dependencies(/home/liu/ros/rosAndGit/GitHub/ROS2-test-codes-von-M-U/install/openslam_gmapping/share/colcon-core/packages/openslam_gmapping)
[1.779s] INFO:colcon.colcon_ros.task.ament_cmake.build:Building ROS package in '/home/liu/ros/rosAndGit/GitHub/ROS2-test-codes-von-M-U/slam_gmapping' with build type 'ament_cmake'
[1.780s] INFO:colcon.colcon_cmake.task.cmake.build:Building CMake package in '/home/liu/ros/rosAndGit/GitHub/ROS2-test-codes-von-M-U/slam_gmapping'
[1.780s] INFO:colcon.colcon_core.shell:Skip shell extension 'powershell' for command environment: Not usable outside of PowerShell
[1.780s] DEBUG:colcon.colcon_core.shell:Skip shell extension 'dsv' for command environment
[1.790s] DEBUG:colcon.colcon_core.event_handler.log_command:Invoking command in '/home/liu/ros/rosAndGit/GitHub/ROS2-test-codes-von-M-U/build/slam_gmapping': CMAKE_PREFIX_PATH=/home/liu/ros/rosAndGit/GitHub/ROS2-test-codes-von-M-U/install/openslam_gmapping:/home/liu/ros/rosAndGit/GitHub/ROS2-test-codes-von-M-U/install/slam_gmapping:/home/liu/ros/rosAndGit/GitHub/ROS2-test-codes-von-M-U/install/traffic_light:/home/liu/ros/rosAndGit/GitHub/ROS2-test-codes-von-M-U/install/nav_to_pose:/home/liu/ros/rosAndGit/GitHub/ROS2-test-codes-von-M-U/install/line_follow:/home/liu/ros/rosAndGit/GitHub/ROS2-test-codes-von-M-U/install/launchtest:/home/liu/ros/rosAndGit/GitHub/ROS2-test-codes-von-M-U/install/detect_sign:/home/liu/ros/rosAndGit/GitHub/ROS2-test-codes-von-M-U/install/detect_level:/home/liu/ros/rosAndGit/GitHub/ROS2-test-codes-von-M-U/install/control:/opt/ros/humble /usr/bin/cmake --build /home/liu/ros/rosAndGit/GitHub/ROS2-test-codes-von-M-U/build/slam_gmapping -- -j16 -l16
[1.881s] DEBUG:colcon.colcon_core.event_handler.log_command:Invoked command in '/home/liu/ros/rosAndGit/GitHub/ROS2-test-codes-von-M-U/build/slam_gmapping' returned '0': CMAKE_PREFIX_PATH=/home/liu/ros/rosAndGit/GitHub/ROS2-test-codes-von-M-U/install/openslam_gmapping:/home/liu/ros/rosAndGit/GitHub/ROS2-test-codes-von-M-U/install/slam_gmapping:/home/liu/ros/rosAndGit/GitHub/ROS2-test-codes-von-M-U/install/traffic_light:/home/liu/ros/rosAndGit/GitHub/ROS2-test-codes-von-M-U/install/nav_to_pose:/home/liu/ros/rosAndGit/GitHub/ROS2-test-codes-von-M-U/install/line_follow:/home/liu/ros/rosAndGit/GitHub/ROS2-test-codes-von-M-U/install/launchtest:/home/liu/ros/rosAndGit/GitHub/ROS2-test-codes-von-M-U/install/detect_sign:/home/liu/ros/rosAndGit/GitHub/ROS2-test-codes-von-M-U/install/detect_level:/home/liu/ros/rosAndGit/GitHub/ROS2-test-codes-von-M-U/install/control:/opt/ros/humble /usr/bin/cmake --build /home/liu/ros/rosAndGit/GitHub/ROS2-test-codes-von-M-U/build/slam_gmapping -- -j16 -l16
[1.912s] DEBUG:colcon.colcon_core.event_handler.log_command:Invoking command in '/home/liu/ros/rosAndGit/GitHub/ROS2-test-codes-von-M-U/build/slam_gmapping': CMAKE_PREFIX_PATH=/home/liu/ros/rosAndGit/GitHub/ROS2-test-codes-von-M-U/install/openslam_gmapping:/home/liu/ros/rosAndGit/GitHub/ROS2-test-codes-von-M-U/install/slam_gmapping:/home/liu/ros/rosAndGit/GitHub/ROS2-test-codes-von-M-U/install/traffic_light:/home/liu/ros/rosAndGit/GitHub/ROS2-test-codes-von-M-U/install/nav_to_pose:/home/liu/ros/rosAndGit/GitHub/ROS2-test-codes-von-M-U/install/line_follow:/home/liu/ros/rosAndGit/GitHub/ROS2-test-codes-von-M-U/install/launchtest:/home/liu/ros/rosAndGit/GitHub/ROS2-test-codes-von-M-U/install/detect_sign:/home/liu/ros/rosAndGit/GitHub/ROS2-test-codes-von-M-U/install/detect_level:/home/liu/ros/rosAndGit/GitHub/ROS2-test-codes-von-M-U/install/control:/opt/ros/humble /usr/bin/cmake --install /home/liu/ros/rosAndGit/GitHub/ROS2-test-codes-von-M-U/build/slam_gmapping
[1.925s] Level 1:colcon.colcon_core.environment:create_environment_scripts_only(slam_gmapping)
[1.925s] Level 1:colcon.colcon_core.environment:checking '/home/liu/ros/rosAndGit/GitHub/ROS2-test-codes-von-M-U/install/slam_gmapping' for CMake module files
[1.926s] DEBUG:colcon.colcon_core.event_handler.log_command:Invoked command in '/home/liu/ros/rosAndGit/GitHub/ROS2-test-codes-von-M-U/build/slam_gmapping' returned '0': CMAKE_PREFIX_PATH=/home/liu/ros/rosAndGit/GitHub/ROS2-test-codes-von-M-U/install/openslam_gmapping:/home/liu/ros/rosAndGit/GitHub/ROS2-test-codes-von-M-U/install/slam_gmapping:/home/liu/ros/rosAndGit/GitHub/ROS2-test-codes-von-M-U/install/traffic_light:/home/liu/ros/rosAndGit/GitHub/ROS2-test-codes-von-M-U/install/nav_to_pose:/home/liu/ros/rosAndGit/GitHub/ROS2-test-codes-von-M-U/install/line_follow:/home/liu/ros/rosAndGit/GitHub/ROS2-test-codes-von-M-U/install/launchtest:/home/liu/ros/rosAndGit/GitHub/ROS2-test-codes-von-M-U/install/detect_sign:/home/liu/ros/rosAndGit/GitHub/ROS2-test-codes-von-M-U/install/detect_level:/home/liu/ros/rosAndGit/GitHub/ROS2-test-codes-von-M-U/install/control:/opt/ros/humble /usr/bin/cmake --install /home/liu/ros/rosAndGit/GitHub/ROS2-test-codes-von-M-U/build/slam_gmapping
[1.926s] Level 1:colcon.colcon_core.environment:checking '/home/liu/ros/rosAndGit/GitHub/ROS2-test-codes-von-M-U/install/slam_gmapping' for CMake config files
[1.927s] Level 1:colcon.colcon_core.shell:create_environment_hook('slam_gmapping', 'cmake_prefix_path')
[1.927s] INFO:colcon.colcon_core.shell:Creating environment hook '/home/liu/ros/rosAndGit/GitHub/ROS2-test-codes-von-M-U/install/slam_gmapping/share/slam_gmapping/hook/cmake_prefix_path.ps1'
[1.928s] INFO:colcon.colcon_core.shell:Creating environment descriptor '/home/liu/ros/rosAndGit/GitHub/ROS2-test-codes-von-M-U/install/slam_gmapping/share/slam_gmapping/hook/cmake_prefix_path.dsv'
[1.928s] INFO:colcon.colcon_core.shell:Creating environment hook '/home/liu/ros/rosAndGit/GitHub/ROS2-test-codes-von-M-U/install/slam_gmapping/share/slam_gmapping/hook/cmake_prefix_path.sh'
[1.928s] Level 1:colcon.colcon_core.environment:checking '/home/liu/ros/rosAndGit/GitHub/ROS2-test-codes-von-M-U/install/slam_gmapping/lib'
[1.929s] Level 1:colcon.colcon_core.shell:create_environment_hook('slam_gmapping', 'ld_library_path_lib')
[1.929s] INFO:colcon.colcon_core.shell:Creating environment hook '/home/liu/ros/rosAndGit/GitHub/ROS2-test-codes-von-M-U/install/slam_gmapping/share/slam_gmapping/hook/ld_library_path_lib.ps1'
[1.929s] INFO:colcon.colcon_core.shell:Creating environment descriptor '/home/liu/ros/rosAndGit/GitHub/ROS2-test-codes-von-M-U/install/slam_gmapping/share/slam_gmapping/hook/ld_library_path_lib.dsv'
[1.929s] INFO:colcon.colcon_core.shell:Creating environment hook '/home/liu/ros/rosAndGit/GitHub/ROS2-test-codes-von-M-U/install/slam_gmapping/share/slam_gmapping/hook/ld_library_path_lib.sh'
[1.930s] Level 1:colcon.colcon_core.environment:checking '/home/liu/ros/rosAndGit/GitHub/ROS2-test-codes-von-M-U/install/slam_gmapping/bin'
[1.930s] Level 1:colcon.colcon_core.environment:checking '/home/liu/ros/rosAndGit/GitHub/ROS2-test-codes-von-M-U/install/slam_gmapping/lib/pkgconfig/slam_gmapping.pc'
[1.930s] Level 1:colcon.colcon_core.environment:checking '/home/liu/ros/rosAndGit/GitHub/ROS2-test-codes-von-M-U/install/slam_gmapping/lib/python3.10/site-packages'
[1.930s] Level 1:colcon.colcon_core.environment:checking '/home/liu/ros/rosAndGit/GitHub/ROS2-test-codes-von-M-U/install/slam_gmapping/bin'
[1.931s] INFO:colcon.colcon_core.shell:Creating package script '/home/liu/ros/rosAndGit/GitHub/ROS2-test-codes-von-M-U/install/slam_gmapping/share/slam_gmapping/package.ps1'
[1.931s] INFO:colcon.colcon_core.shell:Creating package descriptor '/home/liu/ros/rosAndGit/GitHub/ROS2-test-codes-von-M-U/install/slam_gmapping/share/slam_gmapping/package.dsv'
[1.931s] INFO:colcon.colcon_core.shell:Creating package script '/home/liu/ros/rosAndGit/GitHub/ROS2-test-codes-von-M-U/install/slam_gmapping/share/slam_gmapping/package.sh'
[1.932s] INFO:colcon.colcon_core.shell:Creating package script '/home/liu/ros/rosAndGit/GitHub/ROS2-test-codes-von-M-U/install/slam_gmapping/share/slam_gmapping/package.bash'
[1.932s] INFO:colcon.colcon_core.shell:Creating package script '/home/liu/ros/rosAndGit/GitHub/ROS2-test-codes-von-M-U/install/slam_gmapping/share/slam_gmapping/package.zsh'
[1.932s] Level 1:colcon.colcon_core.environment:create_file_with_runtime_dependencies(/home/liu/ros/rosAndGit/GitHub/ROS2-test-codes-von-M-U/install/slam_gmapping/share/colcon-core/packages/slam_gmapping)
[1.966s] Level 1:colcon.colcon_core.environment:create_environment_scripts_only(slam_gmapping)
[1.967s] Level 1:colcon.colcon_core.environment:checking '/home/liu/ros/rosAndGit/GitHub/ROS2-test-codes-von-M-U/install/slam_gmapping' for CMake module files
[1.968s] Level 1:colcon.colcon_core.environment:checking '/home/liu/ros/rosAndGit/GitHub/ROS2-test-codes-von-M-U/install/slam_gmapping' for CMake config files
[1.968s] Level 1:colcon.colcon_core.shell:create_environment_hook('slam_gmapping', 'cmake_prefix_path')
[1.968s] INFO:colcon.colcon_core.shell:Creating environment hook '/home/liu/ros/rosAndGit/GitHub/ROS2-test-codes-von-M-U/install/slam_gmapping/share/slam_gmapping/hook/cmake_prefix_path.ps1'
[1.970s] INFO:colcon.colcon_core.shell:Creating environment descriptor '/home/liu/ros/rosAndGit/GitHub/ROS2-test-codes-von-M-U/install/slam_gmapping/share/slam_gmapping/hook/cmake_prefix_path.dsv'
[1.970s] INFO:colcon.colcon_core.shell:Creating environment hook '/home/liu/ros/rosAndGit/GitHub/ROS2-test-codes-von-M-U/install/slam_gmapping/share/slam_gmapping/hook/cmake_prefix_path.sh'
[1.971s] Level 1:colcon.colcon_core.environment:checking '/home/liu/ros/rosAndGit/GitHub/ROS2-test-codes-von-M-U/install/slam_gmapping/lib'
[1.971s] Level 1:colcon.colcon_core.shell:create_environment_hook('slam_gmapping', 'ld_library_path_lib')
[1.971s] INFO:colcon.colcon_core.shell:Creating environment hook '/home/liu/ros/rosAndGit/GitHub/ROS2-test-codes-von-M-U/install/slam_gmapping/share/slam_gmapping/hook/ld_library_path_lib.ps1'
[1.971s] INFO:colcon.colcon_core.shell:Creating environment descriptor '/home/liu/ros/rosAndGit/GitHub/ROS2-test-codes-von-M-U/install/slam_gmapping/share/slam_gmapping/hook/ld_library_path_lib.dsv'
[1.971s] INFO:colcon.colcon_core.shell:Creating environment hook '/home/liu/ros/rosAndGit/GitHub/ROS2-test-codes-von-M-U/install/slam_gmapping/share/slam_gmapping/hook/ld_library_path_lib.sh'
[1.972s] Level 1:colcon.colcon_core.environment:checking '/home/liu/ros/rosAndGit/GitHub/ROS2-test-codes-von-M-U/install/slam_gmapping/bin'
[1.972s] Level 1:colcon.colcon_core.environment:checking '/home/liu/ros/rosAndGit/GitHub/ROS2-test-codes-von-M-U/install/slam_gmapping/lib/pkgconfig/slam_gmapping.pc'
[1.972s] Level 1:colcon.colcon_core.environment:checking '/home/liu/ros/rosAndGit/GitHub/ROS2-test-codes-von-M-U/install/slam_gmapping/lib/python3.10/site-packages'
[1.972s] Level 1:colcon.colcon_core.environment:checking '/home/liu/ros/rosAndGit/GitHub/ROS2-test-codes-von-M-U/install/slam_gmapping/bin'
[1.972s] INFO:colcon.colcon_core.shell:Creating package script '/home/liu/ros/rosAndGit/GitHub/ROS2-test-codes-von-M-U/install/slam_gmapping/share/slam_gmapping/package.ps1'
[1.973s] INFO:colcon.colcon_core.shell:Creating package descriptor '/home/liu/ros/rosAndGit/GitHub/ROS2-test-codes-von-M-U/install/slam_gmapping/share/slam_gmapping/package.dsv'
[1.973s] INFO:colcon.colcon_core.shell:Creating package script '/home/liu/ros/rosAndGit/GitHub/ROS2-test-codes-von-M-U/install/slam_gmapping/share/slam_gmapping/package.sh'
[1.973s] INFO:colcon.colcon_core.shell:Creating package script '/home/liu/ros/rosAndGit/GitHub/ROS2-test-codes-von-M-U/install/slam_gmapping/share/slam_gmapping/package.bash'
[1.974s] INFO:colcon.colcon_core.shell:Creating package script '/home/liu/ros/rosAndGit/GitHub/ROS2-test-codes-von-M-U/install/slam_gmapping/share/slam_gmapping/package.zsh'
[1.974s] Level 1:colcon.colcon_core.environment:create_file_with_runtime_dependencies(/home/liu/ros/rosAndGit/GitHub/ROS2-test-codes-von-M-U/install/slam_gmapping/share/colcon-core/packages/slam_gmapping)
[2.027s] DEBUG:colcon.colcon_core.event_handler.log_command:Invoking command in '/home/liu/ros/rosAndGit/GitHub/ROS2-test-codes-von-M-U/launchtest': PYTHONPATH=/home/liu/ros/rosAndGit/GitHub/ROS2-test-codes-von-M-U/build/launchtest/prefix_override:/home/liu/ros/rosAndGit/GitHub/ROS2-test-codes-von-M-U/install/launchtest/lib/python3.10/site-packages:${PYTHONPATH} /usr/bin/python3 -W ignore:setup.py install is deprecated setup.py egg_info --egg-base ../build/launchtest build --build-base /home/liu/ros/rosAndGit/GitHub/ROS2-test-codes-von-M-U/build/launchtest/build install --record /home/liu/ros/rosAndGit/GitHub/ROS2-test-codes-von-M-U/build/launchtest/install.log --single-version-externally-managed install_data
[2.039s] DEBUG:colcon.colcon_core.event_handler.log_command:Invoking command in '/home/liu/ros/rosAndGit/GitHub/ROS2-test-codes-von-M-U/detect_level': PYTHONPATH=/home/liu/ros/rosAndGit/GitHub/ROS2-test-codes-von-M-U/build/detect_level/prefix_override:/home/liu/ros/rosAndGit/GitHub/ROS2-test-codes-von-M-U/install/detect_level/lib/python3.10/site-packages:${PYTHONPATH} /usr/bin/python3 -W ignore:setup.py install is deprecated setup.py egg_info --egg-base ../build/detect_level build --build-base /home/liu/ros/rosAndGit/GitHub/ROS2-test-codes-von-M-U/build/detect_level/build install --record /home/liu/ros/rosAndGit/GitHub/ROS2-test-codes-von-M-U/build/detect_level/install.log --single-version-externally-managed install_data
[2.040s] DEBUG:colcon.colcon_core.event_handler.log_command:Invoking command in '/home/liu/ros/rosAndGit/GitHub/ROS2-test-codes-von-M-U/control': PYTHONPATH=/home/liu/ros/rosAndGit/GitHub/ROS2-test-codes-von-M-U/build/control/prefix_override:/home/liu/ros/rosAndGit/GitHub/ROS2-test-codes-von-M-U/install/control/lib/python3.10/site-packages:${PYTHONPATH} /usr/bin/python3 -W ignore:setup.py install is deprecated setup.py egg_info --egg-base ../build/control build --build-base /home/liu/ros/rosAndGit/GitHub/ROS2-test-codes-von-M-U/build/control/build install --record /home/liu/ros/rosAndGit/GitHub/ROS2-test-codes-von-M-U/build/control/install.log --single-version-externally-managed install_data
[2.046s] DEBUG:colcon.colcon_core.event_handler.log_command:Invoking command in '/home/liu/ros/rosAndGit/GitHub/ROS2-test-codes-von-M-U/line_follow': PYTHONPATH=/home/liu/ros/rosAndGit/GitHub/ROS2-test-codes-von-M-U/build/line_follow/prefix_override:/home/liu/ros/rosAndGit/GitHub/ROS2-test-codes-von-M-U/install/line_follow/lib/python3.10/site-packages:${PYTHONPATH} /usr/bin/python3 -W ignore:setup.py install is deprecated setup.py egg_info --egg-base ../build/line_follow build --build-base /home/liu/ros/rosAndGit/GitHub/ROS2-test-codes-von-M-U/build/line_follow/build install --record /home/liu/ros/rosAndGit/GitHub/ROS2-test-codes-von-M-U/build/line_follow/install.log --single-version-externally-managed install_data
[2.051s] DEBUG:colcon.colcon_core.event_handler.log_command:Invoking command in '/home/liu/ros/rosAndGit/GitHub/ROS2-test-codes-von-M-U/nav_to_pose': PYTHONPATH=/home/liu/ros/rosAndGit/GitHub/ROS2-test-codes-von-M-U/build/nav_to_pose/prefix_override:/home/liu/ros/rosAndGit/GitHub/ROS2-test-codes-von-M-U/install/nav_to_pose/lib/python3.10/site-packages:${PYTHONPATH} /usr/bin/python3 -W ignore:setup.py install is deprecated setup.py egg_info --egg-base ../build/nav_to_pose build --build-base /home/liu/ros/rosAndGit/GitHub/ROS2-test-codes-von-M-U/build/nav_to_pose/build install --record /home/liu/ros/rosAndGit/GitHub/ROS2-test-codes-von-M-U/build/nav_to_pose/install.log --single-version-externally-managed install_data
[2.052s] DEBUG:colcon.colcon_core.event_handler.log_command:Invoking command in '/home/liu/ros/rosAndGit/GitHub/ROS2-test-codes-von-M-U/traffic_light': PYTHONPATH=/home/liu/ros/rosAndGit/GitHub/ROS2-test-codes-von-M-U/build/traffic_light/prefix_override:/home/liu/ros/rosAndGit/GitHub/ROS2-test-codes-von-M-U/install/traffic_light/lib/python3.10/site-packages:${PYTHONPATH} /usr/bin/python3 -W ignore:setup.py install is deprecated setup.py egg_info --egg-base ../build/traffic_light build --build-base /home/liu/ros/rosAndGit/GitHub/ROS2-test-codes-von-M-U/build/traffic_light/build install --record /home/liu/ros/rosAndGit/GitHub/ROS2-test-codes-von-M-U/build/traffic_light/install.log --single-version-externally-managed install_data
[2.056s] DEBUG:colcon.colcon_core.event_handler.log_command:Invoking command in '/home/liu/ros/rosAndGit/GitHub/ROS2-test-codes-von-M-U/detect_sign': PYTHONPATH=/home/liu/ros/rosAndGit/GitHub/ROS2-test-codes-von-M-U/build/detect_sign/prefix_override:/home/liu/ros/rosAndGit/GitHub/ROS2-test-codes-von-M-U/install/detect_sign/lib/python3.10/site-packages:${PYTHONPATH} /usr/bin/python3 -W ignore:setup.py install is deprecated setup.py egg_info --egg-base ../build/detect_sign build --build-base /home/liu/ros/rosAndGit/GitHub/ROS2-test-codes-von-M-U/build/detect_sign/build install --record /home/liu/ros/rosAndGit/GitHub/ROS2-test-codes-von-M-U/build/detect_sign/install.log --single-version-externally-managed install_data
[2.311s] Level 1:colcon.colcon_core.environment:checking '/home/liu/ros/rosAndGit/GitHub/ROS2-test-codes-von-M-U/install/detect_level' for CMake module files
[2.311s] DEBUG:colcon.colcon_core.event_handler.log_command:Invoked command in '/home/liu/ros/rosAndGit/GitHub/ROS2-test-codes-von-M-U/detect_level' returned '0': PYTHONPATH=/home/liu/ros/rosAndGit/GitHub/ROS2-test-codes-von-M-U/build/detect_level/prefix_override:/home/liu/ros/rosAndGit/GitHub/ROS2-test-codes-von-M-U/install/detect_level/lib/python3.10/site-packages:${PYTHONPATH} /usr/bin/python3 -W ignore:setup.py install is deprecated setup.py egg_info --egg-base ../build/detect_level build --build-base /home/liu/ros/rosAndGit/GitHub/ROS2-test-codes-von-M-U/build/detect_level/build install --record /home/liu/ros/rosAndGit/GitHub/ROS2-test-codes-von-M-U/build/detect_level/install.log --single-version-externally-managed install_data
[2.312s] Level 1:colcon.colcon_core.environment:checking '/home/liu/ros/rosAndGit/GitHub/ROS2-test-codes-von-M-U/install/detect_level' for CMake config files
[2.312s] Level 1:colcon.colcon_core.environment:checking '/home/liu/ros/rosAndGit/GitHub/ROS2-test-codes-von-M-U/install/detect_level/lib'
[2.312s] Level 1:colcon.colcon_core.environment:checking '/home/liu/ros/rosAndGit/GitHub/ROS2-test-codes-von-M-U/install/detect_level/bin'
[2.312s] Level 1:colcon.colcon_core.environment:checking '/home/liu/ros/rosAndGit/GitHub/ROS2-test-codes-von-M-U/install/detect_level/lib/pkgconfig/detect_level.pc'
[2.312s] Level 1:colcon.colcon_core.environment:checking '/home/liu/ros/rosAndGit/GitHub/ROS2-test-codes-von-M-U/install/detect_level/lib/python3.10/site-packages'
[2.312s] Level 1:colcon.colcon_core.shell:create_environment_hook('detect_level', 'pythonpath')
[2.312s] INFO:colcon.colcon_core.shell:Creating environment hook '/home/liu/ros/rosAndGit/GitHub/ROS2-test-codes-von-M-U/install/detect_level/share/detect_level/hook/pythonpath.ps1'
[2.313s] INFO:colcon.colcon_core.shell:Creating environment descriptor '/home/liu/ros/rosAndGit/GitHub/ROS2-test-codes-von-M-U/install/detect_level/share/detect_level/hook/pythonpath.dsv'
[2.313s] INFO:colcon.colcon_core.shell:Creating environment hook '/home/liu/ros/rosAndGit/GitHub/ROS2-test-codes-von-M-U/install/detect_level/share/detect_level/hook/pythonpath.sh'
[2.313s] Level 1:colcon.colcon_core.environment:checking '/home/liu/ros/rosAndGit/GitHub/ROS2-test-codes-von-M-U/install/detect_level/bin'
[2.313s] Level 1:colcon.colcon_core.environment:create_environment_scripts_only(detect_level)
[2.314s] INFO:colcon.colcon_core.shell:Creating package script '/home/liu/ros/rosAndGit/GitHub/ROS2-test-codes-von-M-U/install/detect_level/share/detect_level/package.ps1'
[2.314s] INFO:colcon.colcon_core.shell:Creating package descriptor '/home/liu/ros/rosAndGit/GitHub/ROS2-test-codes-von-M-U/install/detect_level/share/detect_level/package.dsv'
[2.314s] INFO:colcon.colcon_core.shell:Creating package script '/home/liu/ros/rosAndGit/GitHub/ROS2-test-codes-von-M-U/install/detect_level/share/detect_level/package.sh'
[2.314s] INFO:colcon.colcon_core.shell:Creating package script '/home/liu/ros/rosAndGit/GitHub/ROS2-test-codes-von-M-U/install/detect_level/share/detect_level/package.bash'
[2.314s] INFO:colcon.colcon_core.shell:Creating package script '/home/liu/ros/rosAndGit/GitHub/ROS2-test-codes-von-M-U/install/detect_level/share/detect_level/package.zsh'
[2.315s] Level 1:colcon.colcon_core.environment:create_file_with_runtime_dependencies(/home/liu/ros/rosAndGit/GitHub/ROS2-test-codes-von-M-U/install/detect_level/share/colcon-core/packages/detect_level)
[2.315s] Level 1:colcon.colcon_core.environment:checking '/home/liu/ros/rosAndGit/GitHub/ROS2-test-codes-von-M-U/install/line_follow' for CMake module files
[2.316s] Level 1:colcon.colcon_core.environment:checking '/home/liu/ros/rosAndGit/GitHub/ROS2-test-codes-von-M-U/install/line_follow' for CMake config files
[2.317s] DEBUG:colcon.colcon_core.event_handler.log_command:Invoked command in '/home/liu/ros/rosAndGit/GitHub/ROS2-test-codes-von-M-U/line_follow' returned '0': PYTHONPATH=/home/liu/ros/rosAndGit/GitHub/ROS2-test-codes-von-M-U/build/line_follow/prefix_override:/home/liu/ros/rosAndGit/GitHub/ROS2-test-codes-von-M-U/install/line_follow/lib/python3.10/site-packages:${PYTHONPATH} /usr/bin/python3 -W ignore:setup.py install is deprecated setup.py egg_info --egg-base ../build/line_follow build --build-base /home/liu/ros/rosAndGit/GitHub/ROS2-test-codes-von-M-U/build/line_follow/build install --record /home/liu/ros/rosAndGit/GitHub/ROS2-test-codes-von-M-U/build/line_follow/install.log --single-version-externally-managed install_data
[2.317s] Level 1:colcon.colcon_core.environment:checking '/home/liu/ros/rosAndGit/GitHub/ROS2-test-codes-von-M-U/install/line_follow/lib'
[2.317s] Level 1:colcon.colcon_core.environment:checking '/home/liu/ros/rosAndGit/GitHub/ROS2-test-codes-von-M-U/install/line_follow/bin'
[2.317s] Level 1:colcon.colcon_core.environment:checking '/home/liu/ros/rosAndGit/GitHub/ROS2-test-codes-von-M-U/install/line_follow/lib/pkgconfig/line_follow.pc'
[2.317s] Level 1:colcon.colcon_core.environment:checking '/home/liu/ros/rosAndGit/GitHub/ROS2-test-codes-von-M-U/install/line_follow/lib/python3.10/site-packages'
[2.317s] Level 1:colcon.colcon_core.shell:create_environment_hook('line_follow', 'pythonpath')
[2.317s] INFO:colcon.colcon_core.shell:Creating environment hook '/home/liu/ros/rosAndGit/GitHub/ROS2-test-codes-von-M-U/install/line_follow/share/line_follow/hook/pythonpath.ps1'
[2.318s] INFO:colcon.colcon_core.shell:Creating environment descriptor '/home/liu/ros/rosAndGit/GitHub/ROS2-test-codes-von-M-U/install/line_follow/share/line_follow/hook/pythonpath.dsv'
[2.318s] INFO:colcon.colcon_core.shell:Creating environment hook '/home/liu/ros/rosAndGit/GitHub/ROS2-test-codes-von-M-U/install/line_follow/share/line_follow/hook/pythonpath.sh'
[2.318s] Level 1:colcon.colcon_core.environment:checking '/home/liu/ros/rosAndGit/GitHub/ROS2-test-codes-von-M-U/install/line_follow/bin'
[2.318s] Level 1:colcon.colcon_core.environment:create_environment_scripts_only(line_follow)
[2.318s] INFO:colcon.colcon_core.shell:Creating package script '/home/liu/ros/rosAndGit/GitHub/ROS2-test-codes-von-M-U/install/line_follow/share/line_follow/package.ps1'
[2.318s] INFO:colcon.colcon_core.shell:Creating package descriptor '/home/liu/ros/rosAndGit/GitHub/ROS2-test-codes-von-M-U/install/line_follow/share/line_follow/package.dsv'
[2.319s] INFO:colcon.colcon_core.shell:Creating package script '/home/liu/ros/rosAndGit/GitHub/ROS2-test-codes-von-M-U/install/line_follow/share/line_follow/package.sh'
[2.319s] INFO:colcon.colcon_core.shell:Creating package script '/home/liu/ros/rosAndGit/GitHub/ROS2-test-codes-von-M-U/install/line_follow/share/line_follow/package.bash'
[2.319s] INFO:colcon.colcon_core.shell:Creating package script '/home/liu/ros/rosAndGit/GitHub/ROS2-test-codes-von-M-U/install/line_follow/share/line_follow/package.zsh'
[2.319s] Level 1:colcon.colcon_core.environment:create_file_with_runtime_dependencies(/home/liu/ros/rosAndGit/GitHub/ROS2-test-codes-von-M-U/install/line_follow/share/colcon-core/packages/line_follow)
[2.320s] Level 1:colcon.colcon_core.environment:checking '/home/liu/ros/rosAndGit/GitHub/ROS2-test-codes-von-M-U/install/launchtest' for CMake module files
[2.320s] Level 1:colcon.colcon_core.environment:checking '/home/liu/ros/rosAndGit/GitHub/ROS2-test-codes-von-M-U/install/launchtest' for CMake config files
[2.321s] DEBUG:colcon.colcon_core.event_handler.log_command:Invoked command in '/home/liu/ros/rosAndGit/GitHub/ROS2-test-codes-von-M-U/launchtest' returned '0': PYTHONPATH=/home/liu/ros/rosAndGit/GitHub/ROS2-test-codes-von-M-U/build/launchtest/prefix_override:/home/liu/ros/rosAndGit/GitHub/ROS2-test-codes-von-M-U/install/launchtest/lib/python3.10/site-packages:${PYTHONPATH} /usr/bin/python3 -W ignore:setup.py install is deprecated setup.py egg_info --egg-base ../build/launchtest build --build-base /home/liu/ros/rosAndGit/GitHub/ROS2-test-codes-von-M-U/build/launchtest/build install --record /home/liu/ros/rosAndGit/GitHub/ROS2-test-codes-von-M-U/build/launchtest/install.log --single-version-externally-managed install_data
[2.321s] Level 1:colcon.colcon_core.environment:checking '/home/liu/ros/rosAndGit/GitHub/ROS2-test-codes-von-M-U/install/launchtest/lib'
[2.321s] Level 1:colcon.colcon_core.environment:checking '/home/liu/ros/rosAndGit/GitHub/ROS2-test-codes-von-M-U/install/launchtest/bin'
[2.321s] Level 1:colcon.colcon_core.environment:checking '/home/liu/ros/rosAndGit/GitHub/ROS2-test-codes-von-M-U/install/launchtest/lib/pkgconfig/launchtest.pc'
[2.321s] Level 1:colcon.colcon_core.environment:checking '/home/liu/ros/rosAndGit/GitHub/ROS2-test-codes-von-M-U/install/launchtest/lib/python3.10/site-packages'
[2.321s] Level 1:colcon.colcon_core.shell:create_environment_hook('launchtest', 'pythonpath')
[2.321s] INFO:colcon.colcon_core.shell:Creating environment hook '/home/liu/ros/rosAndGit/GitHub/ROS2-test-codes-von-M-U/install/launchtest/share/launchtest/hook/pythonpath.ps1'
[2.322s] INFO:colcon.colcon_core.shell:Creating environment descriptor '/home/liu/ros/rosAndGit/GitHub/ROS2-test-codes-von-M-U/install/launchtest/share/launchtest/hook/pythonpath.dsv'
[2.322s] INFO:colcon.colcon_core.shell:Creating environment hook '/home/liu/ros/rosAndGit/GitHub/ROS2-test-codes-von-M-U/install/launchtest/share/launchtest/hook/pythonpath.sh'
[2.322s] Level 1:colcon.colcon_core.environment:checking '/home/liu/ros/rosAndGit/GitHub/ROS2-test-codes-von-M-U/install/launchtest/bin'
[2.322s] Level 1:colcon.colcon_core.environment:create_environment_scripts_only(launchtest)
[2.322s] INFO:colcon.colcon_core.shell:Creating package script '/home/liu/ros/rosAndGit/GitHub/ROS2-test-codes-von-M-U/install/launchtest/share/launchtest/package.ps1'
[2.323s] INFO:colcon.colcon_core.shell:Creating package descriptor '/home/liu/ros/rosAndGit/GitHub/ROS2-test-codes-von-M-U/install/launchtest/share/launchtest/package.dsv'
[2.323s] INFO:colcon.colcon_core.shell:Creating package script '/home/liu/ros/rosAndGit/GitHub/ROS2-test-codes-von-M-U/install/launchtest/share/launchtest/package.sh'
[2.323s] INFO:colcon.colcon_core.shell:Creating package script '/home/liu/ros/rosAndGit/GitHub/ROS2-test-codes-von-M-U/install/launchtest/share/launchtest/package.bash'
[2.323s] INFO:colcon.colcon_core.shell:Creating package script '/home/liu/ros/rosAndGit/GitHub/ROS2-test-codes-von-M-U/install/launchtest/share/launchtest/package.zsh'
[2.323s] Level 1:colcon.colcon_core.environment:create_file_with_runtime_dependencies(/home/liu/ros/rosAndGit/GitHub/ROS2-test-codes-von-M-U/install/launchtest/share/colcon-core/packages/launchtest)
[2.324s] Level 1:colcon.colcon_core.environment:checking '/home/liu/ros/rosAndGit/GitHub/ROS2-test-codes-von-M-U/install/nav_to_pose' for CMake module files
[2.325s] Level 1:colcon.colcon_core.environment:checking '/home/liu/ros/rosAndGit/GitHub/ROS2-test-codes-von-M-U/install/nav_to_pose' for CMake config files
[2.325s] DEBUG:colcon.colcon_core.event_handler.log_command:Invoked command in '/home/liu/ros/rosAndGit/GitHub/ROS2-test-codes-von-M-U/nav_to_pose' returned '0': PYTHONPATH=/home/liu/ros/rosAndGit/GitHub/ROS2-test-codes-von-M-U/build/nav_to_pose/prefix_override:/home/liu/ros/rosAndGit/GitHub/ROS2-test-codes-von-M-U/install/nav_to_pose/lib/python3.10/site-packages:${PYTHONPATH} /usr/bin/python3 -W ignore:setup.py install is deprecated setup.py egg_info --egg-base ../build/nav_to_pose build --build-base /home/liu/ros/rosAndGit/GitHub/ROS2-test-codes-von-M-U/build/nav_to_pose/build install --record /home/liu/ros/rosAndGit/GitHub/ROS2-test-codes-von-M-U/build/nav_to_pose/install.log --single-version-externally-managed install_data
[2.325s] Level 1:colcon.colcon_core.environment:checking '/home/liu/ros/rosAndGit/GitHub/ROS2-test-codes-von-M-U/install/nav_to_pose/lib'
[2.325s] Level 1:colcon.colcon_core.environment:checking '/home/liu/ros/rosAndGit/GitHub/ROS2-test-codes-von-M-U/install/nav_to_pose/bin'
[2.325s] Level 1:colcon.colcon_core.environment:checking '/home/liu/ros/rosAndGit/GitHub/ROS2-test-codes-von-M-U/install/nav_to_pose/lib/pkgconfig/nav_to_pose.pc'
[2.326s] Level 1:colcon.colcon_core.environment:checking '/home/liu/ros/rosAndGit/GitHub/ROS2-test-codes-von-M-U/install/nav_to_pose/lib/python3.10/site-packages'
[2.326s] Level 1:colcon.colcon_core.shell:create_environment_hook('nav_to_pose', 'pythonpath')
[2.326s] INFO:colcon.colcon_core.shell:Creating environment hook '/home/liu/ros/rosAndGit/GitHub/ROS2-test-codes-von-M-U/install/nav_to_pose/share/nav_to_pose/hook/pythonpath.ps1'
[2.326s] INFO:colcon.colcon_core.shell:Creating environment descriptor '/home/liu/ros/rosAndGit/GitHub/ROS2-test-codes-von-M-U/install/nav_to_pose/share/nav_to_pose/hook/pythonpath.dsv'
[2.326s] INFO:colcon.colcon_core.shell:Creating environment hook '/home/liu/ros/rosAndGit/GitHub/ROS2-test-codes-von-M-U/install/nav_to_pose/share/nav_to_pose/hook/pythonpath.sh'
[2.327s] Level 1:colcon.colcon_core.environment:checking '/home/liu/ros/rosAndGit/GitHub/ROS2-test-codes-von-M-U/install/nav_to_pose/bin'
[2.327s] Level 1:colcon.colcon_core.environment:create_environment_scripts_only(nav_to_pose)
[2.327s] INFO:colcon.colcon_core.shell:Creating package script '/home/liu/ros/rosAndGit/GitHub/ROS2-test-codes-von-M-U/install/nav_to_pose/share/nav_to_pose/package.ps1'
[2.327s] INFO:colcon.colcon_core.shell:Creating package descriptor '/home/liu/ros/rosAndGit/GitHub/ROS2-test-codes-von-M-U/install/nav_to_pose/share/nav_to_pose/package.dsv'
[2.328s] INFO:colcon.colcon_core.shell:Creating package script '/home/liu/ros/rosAndGit/GitHub/ROS2-test-codes-von-M-U/install/nav_to_pose/share/nav_to_pose/package.sh'
[2.328s] INFO:colcon.colcon_core.shell:Creating package script '/home/liu/ros/rosAndGit/GitHub/ROS2-test-codes-von-M-U/install/nav_to_pose/share/nav_to_pose/package.bash'
[2.328s] INFO:colcon.colcon_core.shell:Creating package script '/home/liu/ros/rosAndGit/GitHub/ROS2-test-codes-von-M-U/install/nav_to_pose/share/nav_to_pose/package.zsh'
[2.329s] Level 1:colcon.colcon_core.environment:create_file_with_runtime_dependencies(/home/liu/ros/rosAndGit/GitHub/ROS2-test-codes-von-M-U/install/nav_to_pose/share/colcon-core/packages/nav_to_pose)
[2.330s] Level 1:colcon.colcon_core.environment:checking '/home/liu/ros/rosAndGit/GitHub/ROS2-test-codes-von-M-U/install/detect_sign' for CMake module files
[2.331s] Level 1:colcon.colcon_core.environment:checking '/home/liu/ros/rosAndGit/GitHub/ROS2-test-codes-von-M-U/install/detect_sign' for CMake config files
[2.331s] DEBUG:colcon.colcon_core.event_handler.log_command:Invoked command in '/home/liu/ros/rosAndGit/GitHub/ROS2-test-codes-von-M-U/detect_sign' returned '0': PYTHONPATH=/home/liu/ros/rosAndGit/GitHub/ROS2-test-codes-von-M-U/build/detect_sign/prefix_override:/home/liu/ros/rosAndGit/GitHub/ROS2-test-codes-von-M-U/install/detect_sign/lib/python3.10/site-packages:${PYTHONPATH} /usr/bin/python3 -W ignore:setup.py install is deprecated setup.py egg_info --egg-base ../build/detect_sign build --build-base /home/liu/ros/rosAndGit/GitHub/ROS2-test-codes-von-M-U/build/detect_sign/build install --record /home/liu/ros/rosAndGit/GitHub/ROS2-test-codes-von-M-U/build/detect_sign/install.log --single-version-externally-managed install_data
[2.332s] Level 1:colcon.colcon_core.environment:checking '/home/liu/ros/rosAndGit/GitHub/ROS2-test-codes-von-M-U/install/detect_sign/lib'
[2.332s] Level 1:colcon.colcon_core.environment:checking '/home/liu/ros/rosAndGit/GitHub/ROS2-test-codes-von-M-U/install/detect_sign/bin'
[2.332s] Level 1:colcon.colcon_core.environment:checking '/home/liu/ros/rosAndGit/GitHub/ROS2-test-codes-von-M-U/install/detect_sign/lib/pkgconfig/detect_sign.pc'
[2.332s] Level 1:colcon.colcon_core.environment:checking '/home/liu/ros/rosAndGit/GitHub/ROS2-test-codes-von-M-U/install/detect_sign/lib/python3.10/site-packages'
[2.332s] Level 1:colcon.colcon_core.shell:create_environment_hook('detect_sign', 'pythonpath')
[2.332s] INFO:colcon.colcon_core.shell:Creating environment hook '/home/liu/ros/rosAndGit/GitHub/ROS2-test-codes-von-M-U/install/detect_sign/share/detect_sign/hook/pythonpath.ps1'
[2.332s] INFO:colcon.colcon_core.shell:Creating environment descriptor '/home/liu/ros/rosAndGit/GitHub/ROS2-test-codes-von-M-U/install/detect_sign/share/detect_sign/hook/pythonpath.dsv'
[2.333s] INFO:colcon.colcon_core.shell:Creating environment hook '/home/liu/ros/rosAndGit/GitHub/ROS2-test-codes-von-M-U/install/detect_sign/share/detect_sign/hook/pythonpath.sh'
[2.333s] Level 1:colcon.colcon_core.environment:checking '/home/liu/ros/rosAndGit/GitHub/ROS2-test-codes-von-M-U/install/detect_sign/bin'
[2.333s] Level 1:colcon.colcon_core.environment:create_environment_scripts_only(detect_sign)
[2.333s] INFO:colcon.colcon_core.shell:Creating package script '/home/liu/ros/rosAndGit/GitHub/ROS2-test-codes-von-M-U/install/detect_sign/share/detect_sign/package.ps1'
[2.333s] INFO:colcon.colcon_core.shell:Creating package descriptor '/home/liu/ros/rosAndGit/GitHub/ROS2-test-codes-von-M-U/install/detect_sign/share/detect_sign/package.dsv'
[2.334s] INFO:colcon.colcon_core.shell:Creating package script '/home/liu/ros/rosAndGit/GitHub/ROS2-test-codes-von-M-U/install/detect_sign/share/detect_sign/package.sh'
[2.334s] INFO:colcon.colcon_core.shell:Creating package script '/home/liu/ros/rosAndGit/GitHub/ROS2-test-codes-von-M-U/install/detect_sign/share/detect_sign/package.bash'
[2.334s] INFO:colcon.colcon_core.shell:Creating package script '/home/liu/ros/rosAndGit/GitHub/ROS2-test-codes-von-M-U/install/detect_sign/share/detect_sign/package.zsh'
[2.335s] Level 1:colcon.colcon_core.environment:create_file_with_runtime_dependencies(/home/liu/ros/rosAndGit/GitHub/ROS2-test-codes-von-M-U/install/detect_sign/share/colcon-core/packages/detect_sign)
[2.335s] Level 1:colcon.colcon_core.environment:checking '/home/liu/ros/rosAndGit/GitHub/ROS2-test-codes-von-M-U/install/control' for CMake module files
[2.335s] Level 1:colcon.colcon_core.environment:checking '/home/liu/ros/rosAndGit/GitHub/ROS2-test-codes-von-M-U/install/control' for CMake config files
[2.336s] DEBUG:colcon.colcon_core.event_handler.log_command:Invoked command in '/home/liu/ros/rosAndGit/GitHub/ROS2-test-codes-von-M-U/control' returned '0': PYTHONPATH=/home/liu/ros/rosAndGit/GitHub/ROS2-test-codes-von-M-U/build/control/prefix_override:/home/liu/ros/rosAndGit/GitHub/ROS2-test-codes-von-M-U/install/control/lib/python3.10/site-packages:${PYTHONPATH} /usr/bin/python3 -W ignore:setup.py install is deprecated setup.py egg_info --egg-base ../build/control build --build-base /home/liu/ros/rosAndGit/GitHub/ROS2-test-codes-von-M-U/build/control/build install --record /home/liu/ros/rosAndGit/GitHub/ROS2-test-codes-von-M-U/build/control/install.log --single-version-externally-managed install_data
[2.336s] Level 1:colcon.colcon_core.environment:checking '/home/liu/ros/rosAndGit/GitHub/ROS2-test-codes-von-M-U/install/control/lib'
[2.336s] Level 1:colcon.colcon_core.environment:checking '/home/liu/ros/rosAndGit/GitHub/ROS2-test-codes-von-M-U/install/control/bin'
[2.336s] Level 1:colcon.colcon_core.environment:checking '/home/liu/ros/rosAndGit/GitHub/ROS2-test-codes-von-M-U/install/control/lib/pkgconfig/control.pc'
[2.336s] Level 1:colcon.colcon_core.environment:checking '/home/liu/ros/rosAndGit/GitHub/ROS2-test-codes-von-M-U/install/control/lib/python3.10/site-packages'
[2.337s] Level 1:colcon.colcon_core.shell:create_environment_hook('control', 'pythonpath')
[2.337s] INFO:colcon.colcon_core.shell:Creating environment hook '/home/liu/ros/rosAndGit/GitHub/ROS2-test-codes-von-M-U/install/control/share/control/hook/pythonpath.ps1'
[2.337s] INFO:colcon.colcon_core.shell:Creating environment descriptor '/home/liu/ros/rosAndGit/GitHub/ROS2-test-codes-von-M-U/install/control/share/control/hook/pythonpath.dsv'
[2.337s] INFO:colcon.colcon_core.shell:Creating environment hook '/home/liu/ros/rosAndGit/GitHub/ROS2-test-codes-von-M-U/install/control/share/control/hook/pythonpath.sh'
[2.337s] Level 1:colcon.colcon_core.environment:checking '/home/liu/ros/rosAndGit/GitHub/ROS2-test-codes-von-M-U/install/control/bin'
[2.337s] Level 1:colcon.colcon_core.environment:create_environment_scripts_only(control)
[2.338s] INFO:colcon.colcon_core.shell:Creating package script '/home/liu/ros/rosAndGit/GitHub/ROS2-test-codes-von-M-U/install/control/share/control/package.ps1'
[2.338s] INFO:colcon.colcon_core.shell:Creating package descriptor '/home/liu/ros/rosAndGit/GitHub/ROS2-test-codes-von-M-U/install/control/share/control/package.dsv'
[2.338s] INFO:colcon.colcon_core.shell:Creating package script '/home/liu/ros/rosAndGit/GitHub/ROS2-test-codes-von-M-U/install/control/share/control/package.sh'
[2.338s] INFO:colcon.colcon_core.shell:Creating package script '/home/liu/ros/rosAndGit/GitHub/ROS2-test-codes-von-M-U/install/control/share/control/package.bash'
[2.339s] INFO:colcon.colcon_core.shell:Creating package script '/home/liu/ros/rosAndGit/GitHub/ROS2-test-codes-von-M-U/install/control/share/control/package.zsh'
[2.339s] Level 1:colcon.colcon_core.environment:create_file_with_runtime_dependencies(/home/liu/ros/rosAndGit/GitHub/ROS2-test-codes-von-M-U/install/control/share/colcon-core/packages/control)
[2.354s] Level 1:colcon.colcon_core.environment:checking '/home/liu/ros/rosAndGit/GitHub/ROS2-test-codes-von-M-U/install/traffic_light' for CMake module files
[2.354s] DEBUG:colcon.colcon_core.event_handler.log_command:Invoked command in '/home/liu/ros/rosAndGit/GitHub/ROS2-test-codes-von-M-U/traffic_light' returned '0': PYTHONPATH=/home/liu/ros/rosAndGit/GitHub/ROS2-test-codes-von-M-U/build/traffic_light/prefix_override:/home/liu/ros/rosAndGit/GitHub/ROS2-test-codes-von-M-U/install/traffic_light/lib/python3.10/site-packages:${PYTHONPATH} /usr/bin/python3 -W ignore:setup.py install is deprecated setup.py egg_info --egg-base ../build/traffic_light build --build-base /home/liu/ros/rosAndGit/GitHub/ROS2-test-codes-von-M-U/build/traffic_light/build install --record /home/liu/ros/rosAndGit/GitHub/ROS2-test-codes-von-M-U/build/traffic_light/install.log --single-version-externally-managed install_data
[2.355s] Level 1:colcon.colcon_core.environment:checking '/home/liu/ros/rosAndGit/GitHub/ROS2-test-codes-von-M-U/install/traffic_light' for CMake config files
[2.355s] Level 1:colcon.colcon_core.environment:checking '/home/liu/ros/rosAndGit/GitHub/ROS2-test-codes-von-M-U/install/traffic_light/lib'
[2.355s] Level 1:colcon.colcon_core.environment:checking '/home/liu/ros/rosAndGit/GitHub/ROS2-test-codes-von-M-U/install/traffic_light/bin'
[2.355s] Level 1:colcon.colcon_core.environment:checking '/home/liu/ros/rosAndGit/GitHub/ROS2-test-codes-von-M-U/install/traffic_light/lib/pkgconfig/traffic_light.pc'
[2.355s] Level 1:colcon.colcon_core.environment:checking '/home/liu/ros/rosAndGit/GitHub/ROS2-test-codes-von-M-U/install/traffic_light/lib/python3.10/site-packages'
[2.355s] Level 1:colcon.colcon_core.shell:create_environment_hook('traffic_light', 'pythonpath')
[2.356s] INFO:colcon.colcon_core.shell:Creating environment hook '/home/liu/ros/rosAndGit/GitHub/ROS2-test-codes-von-M-U/install/traffic_light/share/traffic_light/hook/pythonpath.ps1'
[2.356s] INFO:colcon.colcon_core.shell:Creating environment descriptor '/home/liu/ros/rosAndGit/GitHub/ROS2-test-codes-von-M-U/install/traffic_light/share/traffic_light/hook/pythonpath.dsv'
[2.356s] INFO:colcon.colcon_core.shell:Creating environment hook '/home/liu/ros/rosAndGit/GitHub/ROS2-test-codes-von-M-U/install/traffic_light/share/traffic_light/hook/pythonpath.sh'
[2.357s] Level 1:colcon.colcon_core.environment:checking '/home/liu/ros/rosAndGit/GitHub/ROS2-test-codes-von-M-U/install/traffic_light/bin'
[2.357s] Level 1:colcon.colcon_core.environment:create_environment_scripts_only(traffic_light)
[2.357s] INFO:colcon.colcon_core.shell:Creating package script '/home/liu/ros/rosAndGit/GitHub/ROS2-test-codes-von-M-U/install/traffic_light/share/traffic_light/package.ps1'
[2.357s] INFO:colcon.colcon_core.shell:Creating package descriptor '/home/liu/ros/rosAndGit/GitHub/ROS2-test-codes-von-M-U/install/traffic_light/share/traffic_light/package.dsv'
[2.357s] INFO:colcon.colcon_core.shell:Creating package script '/home/liu/ros/rosAndGit/GitHub/ROS2-test-codes-von-M-U/install/traffic_light/share/traffic_light/package.sh'
[2.358s] INFO:colcon.colcon_core.shell:Creating package script '/home/liu/ros/rosAndGit/GitHub/ROS2-test-codes-von-M-U/install/traffic_light/share/traffic_light/package.bash'
[2.358s] INFO:colcon.colcon_core.shell:Creating package script '/home/liu/ros/rosAndGit/GitHub/ROS2-test-codes-von-M-U/install/traffic_light/share/traffic_light/package.zsh'
[2.358s] Level 1:colcon.colcon_core.environment:create_file_with_runtime_dependencies(/home/liu/ros/rosAndGit/GitHub/ROS2-test-codes-von-M-U/install/traffic_light/share/colcon-core/packages/traffic_light)
[2.358s] DEBUG:colcon.colcon_parallel_executor.executor.parallel:closing loop
[2.359s] DEBUG:colcon.colcon_parallel_executor.executor.parallel:loop closed
[2.359s] DEBUG:colcon.colcon_parallel_executor.executor.parallel:run_until_complete finished with '0'
[2.359s] DEBUG:colcon.colcon_core.event_reactor:joining thread
[2.366s] INFO:colcon.colcon_core.plugin_system:Skipping extension 'colcon_notification.desktop_notification.terminal_notifier': Not used on non-Darwin systems
[2.366s] INFO:colcon.colcon_core.plugin_system:Skipping extension 'colcon_notification.desktop_notification.win32': Not used on non-Windows systems
[2.366s] INFO:colcon.colcon_notification.desktop_notification:Sending desktop notification using 'notify2'
[2.374s] DEBUG:colcon.colcon_core.event_reactor:joined thread
[2.375s] INFO:colcon.colcon_core.shell:Creating prefix script '/home/liu/ros/rosAndGit/GitHub/ROS2-test-codes-von-M-U/install/local_setup.ps1'
[2.375s] INFO:colcon.colcon_core.shell:Creating prefix util module '/home/liu/ros/rosAndGit/GitHub/ROS2-test-codes-von-M-U/install/_local_setup_util_ps1.py'
[2.376s] INFO:colcon.colcon_core.shell:Creating prefix chain script '/home/liu/ros/rosAndGit/GitHub/ROS2-test-codes-von-M-U/install/setup.ps1'
[2.378s] INFO:colcon.colcon_core.shell:Creating prefix script '/home/liu/ros/rosAndGit/GitHub/ROS2-test-codes-von-M-U/install/local_setup.sh'
[2.378s] INFO:colcon.colcon_core.shell:Creating prefix util module '/home/liu/ros/rosAndGit/GitHub/ROS2-test-codes-von-M-U/install/_local_setup_util_sh.py'
[2.379s] INFO:colcon.colcon_core.shell:Creating prefix chain script '/home/liu/ros/rosAndGit/GitHub/ROS2-test-codes-von-M-U/install/setup.sh'
[2.380s] INFO:colcon.colcon_core.shell:Creating prefix script '/home/liu/ros/rosAndGit/GitHub/ROS2-test-codes-von-M-U/install/local_setup.bash'
[2.380s] INFO:colcon.colcon_core.shell:Creating prefix chain script '/home/liu/ros/rosAndGit/GitHub/ROS2-test-codes-von-M-U/install/setup.bash'
[2.381s] INFO:colcon.colcon_core.shell:Creating prefix script '/home/liu/ros/rosAndGit/GitHub/ROS2-test-codes-von-M-U/install/local_setup.zsh'
[2.381s] INFO:colcon.colcon_core.shell:Creating prefix chain script '/home/liu/ros/rosAndGit/GitHub/ROS2-test-codes-von-M-U/install/setup.zsh'
