running egg_info
creating ../build/nav_to_pose/nav_to_pose.egg-info
writing ../build/nav_to_pose/nav_to_pose.egg-info/PKG-INFO
writing dependency_links to ../build/nav_to_pose/nav_to_pose.egg-info/dependency_links.txt
writing entry points to ../build/nav_to_pose/nav_to_pose.egg-info/entry_points.txt
writing requirements to ../build/nav_to_pose/nav_to_pose.egg-info/requires.txt
writing top-level names to ../build/nav_to_pose/nav_to_pose.egg-info/top_level.txt
writing manifest file '../build/nav_to_pose/nav_to_pose.egg-info/SOURCES.txt'
reading manifest file '../build/nav_to_pose/nav_to_pose.egg-info/SOURCES.txt'
writing manifest file '../build/nav_to_pose/nav_to_pose.egg-info/SOURCES.txt'
running build
running build_py
creating /home/liu/ros/rosAndGit/GitHub/ROS2-test-codes-von-M-U/build/nav_to_pose/build
creating /home/liu/ros/rosAndGit/GitHub/ROS2-test-codes-von-M-U/build/nav_to_pose/build/lib
creating /home/liu/ros/rosAndGit/GitHub/ROS2-test-codes-von-M-U/build/nav_to_pose/build/lib/nav_to_pose
copying nav_to_pose/__init__.py -> /home/liu/ros/rosAndGit/GitHub/ROS2-test-codes-von-M-U/build/nav_to_pose/build/lib/nav_to_pose
copying nav_to_pose/nav_to_pose.py -> /home/liu/ros/rosAndGit/GitHub/ROS2-test-codes-von-M-U/build/nav_to_pose/build/lib/nav_to_pose
running install
running install_lib
creating /home/liu/ros/rosAndGit/GitHub/ROS2-test-codes-von-M-U/install/nav_to_pose/lib/python3.10/site-packages/nav_to_pose
copying /home/liu/ros/rosAndGit/GitHub/ROS2-test-codes-von-M-U/build/nav_to_pose/build/lib/nav_to_pose/__init__.py -> /home/liu/ros/rosAndGit/GitHub/ROS2-test-codes-von-M-U/install/nav_to_pose/lib/python3.10/site-packages/nav_to_pose
copying /home/liu/ros/rosAndGit/GitHub/ROS2-test-codes-von-M-U/build/nav_to_pose/build/lib/nav_to_pose/nav_to_pose.py -> /home/liu/ros/rosAndGit/GitHub/ROS2-test-codes-von-M-U/install/nav_to_pose/lib/python3.10/site-packages/nav_to_pose
byte-compiling /home/liu/ros/rosAndGit/GitHub/ROS2-test-codes-von-M-U/install/nav_to_pose/lib/python3.10/site-packages/nav_to_pose/__init__.py to __init__.cpython-310.pyc
byte-compiling /home/liu/ros/rosAndGit/GitHub/ROS2-test-codes-von-M-U/install/nav_to_pose/lib/python3.10/site-packages/nav_to_pose/nav_to_pose.py to nav_to_pose.cpython-310.pyc
running install_data
creating /home/liu/ros/rosAndGit/GitHub/ROS2-test-codes-von-M-U/install/nav_to_pose/share/ament_index
creating /home/liu/ros/rosAndGit/GitHub/ROS2-test-codes-von-M-U/install/nav_to_pose/share/ament_index/resource_index
creating /home/liu/ros/rosAndGit/GitHub/ROS2-test-codes-von-M-U/install/nav_to_pose/share/ament_index/resource_index/packages
copying resource/nav_to_pose -> /home/liu/ros/rosAndGit/GitHub/ROS2-test-codes-von-M-U/install/nav_to_pose/share/ament_index/resource_index/packages
copying package.xml -> /home/liu/ros/rosAndGit/GitHub/ROS2-test-codes-von-M-U/install/nav_to_pose/share/nav_to_pose
running install_egg_info
Copying ../build/nav_to_pose/nav_to_pose.egg-info to /home/liu/ros/rosAndGit/GitHub/ROS2-test-codes-von-M-U/install/nav_to_pose/lib/python3.10/site-packages/nav_to_pose-0.0.0-py3.10.egg-info
running install_scripts
Installing nav_to_pose script to /home/liu/ros/rosAndGit/GitHub/ROS2-test-codes-von-M-U/install/nav_to_pose/lib/nav_to_pose
writing list of installed files to '/home/liu/ros/rosAndGit/GitHub/ROS2-test-codes-von-M-U/build/nav_to_pose/install.log'
