[1.170s] Invoking command in '/home/liu/ros/rosAndGit/GitHub/ROS2-test-codes-von-M-U/nav_to_pose': PYTHONPATH=/home/liu/ros/rosAndGit/GitHub/ROS2-test-codes-von-M-U/build/nav_to_pose/prefix_override:/home/liu/ros/rosAndGit/GitHub/ROS2-test-codes-von-M-U/install/nav_to_pose/lib/python3.10/site-packages:${PYTHONPATH} /usr/bin/python3 -W ignore:setup.py install is deprecated setup.py egg_info --egg-base ../build/nav_to_pose build --build-base /home/liu/ros/rosAndGit/GitHub/ROS2-test-codes-von-M-U/build/nav_to_pose/build install --record /home/liu/ros/rosAndGit/GitHub/ROS2-test-codes-von-M-U/build/nav_to_pose/install.log --single-version-externally-managed install_data
[1.298s] running egg_info
[1.299s] creating ../build/nav_to_pose/nav_to_pose.egg-info
[1.299s] writing ../build/nav_to_pose/nav_to_pose.egg-info/PKG-INFO
[1.299s] writing dependency_links to ../build/nav_to_pose/nav_to_pose.egg-info/dependency_links.txt
[1.299s] writing entry points to ../build/nav_to_pose/nav_to_pose.egg-info/entry_points.txt
[1.299s] writing requirements to ../build/nav_to_pose/nav_to_pose.egg-info/requires.txt
[1.299s] writing top-level names to ../build/nav_to_pose/nav_to_pose.egg-info/top_level.txt
[1.299s] writing manifest file '../build/nav_to_pose/nav_to_pose.egg-info/SOURCES.txt'
[1.301s] reading manifest file '../build/nav_to_pose/nav_to_pose.egg-info/SOURCES.txt'
[1.301s] writing manifest file '../build/nav_to_pose/nav_to_pose.egg-info/SOURCES.txt'
[1.301s] running build
[1.301s] running build_py
[1.301s] creating /home/liu/ros/rosAndGit/GitHub/ROS2-test-codes-von-M-U/build/nav_to_pose/build
[1.301s] creating /home/liu/ros/rosAndGit/GitHub/ROS2-test-codes-von-M-U/build/nav_to_pose/build/lib
[1.301s] creating /home/liu/ros/rosAndGit/GitHub/ROS2-test-codes-von-M-U/build/nav_to_pose/build/lib/nav_to_pose
[1.301s] copying nav_to_pose/__init__.py -> /home/liu/ros/rosAndGit/GitHub/ROS2-test-codes-von-M-U/build/nav_to_pose/build/lib/nav_to_pose
[1.301s] copying nav_to_pose/nav_to_pose.py -> /home/liu/ros/rosAndGit/GitHub/ROS2-test-codes-von-M-U/build/nav_to_pose/build/lib/nav_to_pose
[1.301s] running install
[1.302s] running install_lib
[1.302s] creating /home/liu/ros/rosAndGit/GitHub/ROS2-test-codes-von-M-U/install/nav_to_pose/lib/python3.10/site-packages/nav_to_pose
[1.302s] copying /home/liu/ros/rosAndGit/GitHub/ROS2-test-codes-von-M-U/build/nav_to_pose/build/lib/nav_to_pose/__init__.py -> /home/liu/ros/rosAndGit/GitHub/ROS2-test-codes-von-M-U/install/nav_to_pose/lib/python3.10/site-packages/nav_to_pose
[1.302s] copying /home/liu/ros/rosAndGit/GitHub/ROS2-test-codes-von-M-U/build/nav_to_pose/build/lib/nav_to_pose/nav_to_pose.py -> /home/liu/ros/rosAndGit/GitHub/ROS2-test-codes-von-M-U/install/nav_to_pose/lib/python3.10/site-packages/nav_to_pose
[1.302s] byte-compiling /home/liu/ros/rosAndGit/GitHub/ROS2-test-codes-von-M-U/install/nav_to_pose/lib/python3.10/site-packages/nav_to_pose/__init__.py to __init__.cpython-310.pyc
[1.302s] byte-compiling /home/liu/ros/rosAndGit/GitHub/ROS2-test-codes-von-M-U/install/nav_to_pose/lib/python3.10/site-packages/nav_to_pose/nav_to_pose.py to nav_to_pose.cpython-310.pyc
[1.303s] running install_data
[1.303s] creating /home/liu/ros/rosAndGit/GitHub/ROS2-test-codes-von-M-U/install/nav_to_pose/share/ament_index
[1.303s] creating /home/liu/ros/rosAndGit/GitHub/ROS2-test-codes-von-M-U/install/nav_to_pose/share/ament_index/resource_index
[1.303s] creating /home/liu/ros/rosAndGit/GitHub/ROS2-test-codes-von-M-U/install/nav_to_pose/share/ament_index/resource_index/packages
[1.303s] copying resource/nav_to_pose -> /home/liu/ros/rosAndGit/GitHub/ROS2-test-codes-von-M-U/install/nav_to_pose/share/ament_index/resource_index/packages
[1.303s] copying package.xml -> /home/liu/ros/rosAndGit/GitHub/ROS2-test-codes-von-M-U/install/nav_to_pose/share/nav_to_pose
[1.303s] running install_egg_info
[1.304s] Copying ../build/nav_to_pose/nav_to_pose.egg-info to /home/liu/ros/rosAndGit/GitHub/ROS2-test-codes-von-M-U/install/nav_to_pose/lib/python3.10/site-packages/nav_to_pose-0.0.0-py3.10.egg-info
[1.305s] running install_scripts
[1.319s] Installing nav_to_pose script to /home/liu/ros/rosAndGit/GitHub/ROS2-test-codes-von-M-U/install/nav_to_pose/lib/nav_to_pose
[1.319s] writing list of installed files to '/home/liu/ros/rosAndGit/GitHub/ROS2-test-codes-von-M-U/build/nav_to_pose/install.log'
[1.349s] Invoked command in '/home/liu/ros/rosAndGit/GitHub/ROS2-test-codes-von-M-U/nav_to_pose' returned '0': PYTHONPATH=/home/liu/ros/rosAndGit/GitHub/ROS2-test-codes-von-M-U/build/nav_to_pose/prefix_override:/home/liu/ros/rosAndGit/GitHub/ROS2-test-codes-von-M-U/install/nav_to_pose/lib/python3.10/site-packages:${PYTHONPATH} /usr/bin/python3 -W ignore:setup.py install is deprecated setup.py egg_info --egg-base ../build/nav_to_pose build --build-base /home/liu/ros/rosAndGit/GitHub/ROS2-test-codes-von-M-U/build/nav_to_pose/build install --record /home/liu/ros/rosAndGit/GitHub/ROS2-test-codes-von-M-U/build/nav_to_pose/install.log --single-version-externally-managed install_data
