[1.266s] Invoking command in '/home/liu/ros/rosAndGit/GitHub/ROS2-test-codes-von-M-U/control': PYTHONPATH=/home/liu/ros/rosAndGit/GitHub/ROS2-test-codes-von-M-U/build/control/prefix_override:/home/liu/ros/rosAndGit/GitHub/ROS2-test-codes-von-M-U/install/control/lib/python3.10/site-packages:${PYTHONPATH} /usr/bin/python3 -W ignore:setup.py install is deprecated setup.py egg_info --egg-base ../build/control build --build-base /home/liu/ros/rosAndGit/GitHub/ROS2-test-codes-von-M-U/build/control/build install --record /home/liu/ros/rosAndGit/GitHub/ROS2-test-codes-von-M-U/build/control/install.log --single-version-externally-managed install_data
[1.395s] running egg_info
[1.395s] writing ../build/control/control.egg-info/PKG-INFO
[1.396s] writing dependency_links to ../build/control/control.egg-info/dependency_links.txt
[1.396s] writing entry points to ../build/control/control.egg-info/entry_points.txt
[1.396s] writing requirements to ../build/control/control.egg-info/requires.txt
[1.396s] writing top-level names to ../build/control/control.egg-info/top_level.txt
[1.397s] reading manifest file '../build/control/control.egg-info/SOURCES.txt'
[1.397s] writing manifest file '../build/control/control.egg-info/SOURCES.txt'
[1.397s] running build
[1.397s] running build_py
[1.398s] copying control/control.py -> /home/liu/ros/rosAndGit/GitHub/ROS2-test-codes-von-M-U/build/control/build/lib/control
[1.398s] running install
[1.398s] running install_lib
[1.398s] copying /home/liu/ros/rosAndGit/GitHub/ROS2-test-codes-von-M-U/build/control/build/lib/control/control.py -> /home/liu/ros/rosAndGit/GitHub/ROS2-test-codes-von-M-U/install/control/lib/python3.10/site-packages/control
[1.399s] byte-compiling /home/liu/ros/rosAndGit/GitHub/ROS2-test-codes-von-M-U/install/control/lib/python3.10/site-packages/control/control.py to control.cpython-310.pyc
[1.399s] running install_data
[1.399s] running install_egg_info
[1.400s] removing '/home/liu/ros/rosAndGit/GitHub/ROS2-test-codes-von-M-U/install/control/lib/python3.10/site-packages/control-0.0.0-py3.10.egg-info' (and everything under it)
[1.400s] Copying ../build/control/control.egg-info to /home/liu/ros/rosAndGit/GitHub/ROS2-test-codes-von-M-U/install/control/lib/python3.10/site-packages/control-0.0.0-py3.10.egg-info
[1.401s] running install_scripts
[1.418s] Installing control script to /home/liu/ros/rosAndGit/GitHub/ROS2-test-codes-von-M-U/install/control/lib/control
[1.418s] writing list of installed files to '/home/liu/ros/rosAndGit/GitHub/ROS2-test-codes-von-M-U/build/control/install.log'
[1.458s] Invoked command in '/home/liu/ros/rosAndGit/GitHub/ROS2-test-codes-von-M-U/control' returned '0': PYTHONPATH=/home/liu/ros/rosAndGit/GitHub/ROS2-test-codes-von-M-U/build/control/prefix_override:/home/liu/ros/rosAndGit/GitHub/ROS2-test-codes-von-M-U/install/control/lib/python3.10/site-packages:${PYTHONPATH} /usr/bin/python3 -W ignore:setup.py install is deprecated setup.py egg_info --egg-base ../build/control build --build-base /home/liu/ros/rosAndGit/GitHub/ROS2-test-codes-von-M-U/build/control/build install --record /home/liu/ros/rosAndGit/GitHub/ROS2-test-codes-von-M-U/build/control/install.log --single-version-externally-managed install_data
