running egg_info
writing ../build/line_follow/line_follow.egg-info/PKG-INFO
writing dependency_links to ../build/line_follow/line_follow.egg-info/dependency_links.txt
writing entry points to ../build/line_follow/line_follow.egg-info/entry_points.txt
writing requirements to ../build/line_follow/line_follow.egg-info/requires.txt
writing top-level names to ../build/line_follow/line_follow.egg-info/top_level.txt
reading manifest file '../build/line_follow/line_follow.egg-info/SOURCES.txt'
writing manifest file '../build/line_follow/line_follow.egg-info/SOURCES.txt'
running build
running build_py
copying line_follow/line_follow.py -> /home/liu/ros/rosAndGit/GitHub/ROS2-test-codes-von-M-U/build/line_follow/build/lib/line_follow
running install
running install_lib
copying /home/liu/ros/rosAndGit/GitHub/ROS2-test-codes-von-M-U/build/line_follow/build/lib/line_follow/line_follow.py -> /home/liu/ros/rosAndGit/GitHub/ROS2-test-codes-von-M-U/install/line_follow/lib/python3.10/site-packages/line_follow
running install_data
running install_egg_info
removing '/home/liu/ros/rosAndGit/GitHub/ROS2-test-codes-von-M-U/install/line_follow/lib/python3.10/site-packages/line_follow-0.0.0-py3.10.egg-info' (and everything under it)
Copying ../build/line_follow/line_follow.egg-info to /home/liu/ros/rosAndGit/GitHub/ROS2-test-codes-von-M-U/install/line_follow/lib/python3.10/site-packages/line_follow-0.0.0-py3.10.egg-info
running install_scripts
Installing line_follow script to /home/liu/ros/rosAndGit/GitHub/ROS2-test-codes-von-M-U/install/line_follow/lib/line_follow
writing list of installed files to '/home/liu/ros/rosAndGit/GitHub/ROS2-test-codes-von-M-U/build/line_follow/install.log'
