[2.087s] Invoking command in '/home/liu/ros/rosAndGit/GitHub/ROS2-test-codes-von-M-U/line_follow': PYTHONPATH=/home/liu/ros/rosAndGit/GitHub/ROS2-test-codes-von-M-U/build/line_follow/prefix_override:/home/liu/ros/rosAndGit/GitHub/ROS2-test-codes-von-M-U/install/line_follow/lib/python3.10/site-packages:${PYTHONPATH} /usr/bin/python3 -W ignore:setup.py install is deprecated setup.py egg_info --egg-base ../build/line_follow build --build-base /home/liu/ros/rosAndGit/GitHub/ROS2-test-codes-von-M-U/build/line_follow/build install --record /home/liu/ros/rosAndGit/GitHub/ROS2-test-codes-von-M-U/build/line_follow/install.log --single-version-externally-managed install_data
[2.246s] running egg_info
[2.246s] writing ../build/line_follow/line_follow.egg-info/PKG-INFO
[2.246s] writing dependency_links to ../build/line_follow/line_follow.egg-info/dependency_links.txt
[2.246s] writing entry points to ../build/line_follow/line_follow.egg-info/entry_points.txt
[2.246s] writing requirements to ../build/line_follow/line_follow.egg-info/requires.txt
[2.246s] writing top-level names to ../build/line_follow/line_follow.egg-info/top_level.txt
[2.248s] reading manifest file '../build/line_follow/line_follow.egg-info/SOURCES.txt'
[2.248s] writing manifest file '../build/line_follow/line_follow.egg-info/SOURCES.txt'
[2.248s] running build
[2.248s] running build_py
[2.248s] copying line_follow/line_follow.py -> /home/liu/ros/rosAndGit/GitHub/ROS2-test-codes-von-M-U/build/line_follow/build/lib/line_follow
[2.250s] running install
[2.250s] running install_lib
[2.250s] copying /home/liu/ros/rosAndGit/GitHub/ROS2-test-codes-von-M-U/build/line_follow/build/lib/line_follow/line_follow.py -> /home/liu/ros/rosAndGit/GitHub/ROS2-test-codes-von-M-U/install/line_follow/lib/python3.10/site-packages/line_follow
[2.251s] running install_data
[2.251s] running install_egg_info
[2.252s] removing '/home/liu/ros/rosAndGit/GitHub/ROS2-test-codes-von-M-U/install/line_follow/lib/python3.10/site-packages/line_follow-0.0.0-py3.10.egg-info' (and everything under it)
[2.253s] Copying ../build/line_follow/line_follow.egg-info to /home/liu/ros/rosAndGit/GitHub/ROS2-test-codes-von-M-U/install/line_follow/lib/python3.10/site-packages/line_follow-0.0.0-py3.10.egg-info
[2.254s] running install_scripts
[2.268s] Installing line_follow script to /home/liu/ros/rosAndGit/GitHub/ROS2-test-codes-von-M-U/install/line_follow/lib/line_follow
[2.268s] writing list of installed files to '/home/liu/ros/rosAndGit/GitHub/ROS2-test-codes-von-M-U/build/line_follow/install.log'
[2.298s] Invoked command in '/home/liu/ros/rosAndGit/GitHub/ROS2-test-codes-von-M-U/line_follow' returned '0': PYTHONPATH=/home/liu/ros/rosAndGit/GitHub/ROS2-test-codes-von-M-U/build/line_follow/prefix_override:/home/liu/ros/rosAndGit/GitHub/ROS2-test-codes-von-M-U/install/line_follow/lib/python3.10/site-packages:${PYTHONPATH} /usr/bin/python3 -W ignore:setup.py install is deprecated setup.py egg_info --egg-base ../build/line_follow build --build-base /home/liu/ros/rosAndGit/GitHub/ROS2-test-codes-von-M-U/build/line_follow/build install --record /home/liu/ros/rosAndGit/GitHub/ROS2-test-codes-von-M-U/build/line_follow/install.log --single-version-externally-managed install_data
