[2.063s] Invoking command in '/home/liu/ros/rosAndGit/GitHub/ROS2-test-codes-von-M-U/control': PYTHONPATH=/home/liu/ros/rosAndGit/GitHub/ROS2-test-codes-von-M-U/build/control/prefix_override:/home/liu/ros/rosAndGit/GitHub/ROS2-test-codes-von-M-U/install/control/lib/python3.10/site-packages:${PYTHONPATH} /usr/bin/python3 -W ignore:setup.py install is deprecated setup.py egg_info --egg-base ../build/control build --build-base /home/liu/ros/rosAndGit/GitHub/ROS2-test-codes-von-M-U/build/control/build install --record /home/liu/ros/rosAndGit/GitHub/ROS2-test-codes-von-M-U/build/control/install.log --single-version-externally-managed install_data
[2.312s] running egg_info
[2.313s] writing ../build/control/control.egg-info/PKG-INFO
[2.313s] writing dependency_links to ../build/control/control.egg-info/dependency_links.txt
[2.314s] writing entry points to ../build/control/control.egg-info/entry_points.txt
[2.314s] writing requirements to ../build/control/control.egg-info/requires.txt
[2.314s] writing top-level names to ../build/control/control.egg-info/top_level.txt
[2.316s] reading manifest file '../build/control/control.egg-info/SOURCES.txt'
[2.317s] writing manifest file '../build/control/control.egg-info/SOURCES.txt'
[2.317s] running build
[2.317s] running build_py
[2.317s] running install
[2.318s] running install_lib
[2.319s] running install_data
[2.319s] running install_egg_info
[2.321s] removing '/home/liu/ros/rosAndGit/GitHub/ROS2-test-codes-von-M-U/install/control/lib/python3.10/site-packages/control-0.0.0-py3.10.egg-info' (and everything under it)
[2.321s] Copying ../build/control/control.egg-info to /home/liu/ros/rosAndGit/GitHub/ROS2-test-codes-von-M-U/install/control/lib/python3.10/site-packages/control-0.0.0-py3.10.egg-info
[2.322s] running install_scripts
[2.344s] Installing control script to /home/liu/ros/rosAndGit/GitHub/ROS2-test-codes-von-M-U/install/control/lib/control
[2.345s] writing list of installed files to '/home/liu/ros/rosAndGit/GitHub/ROS2-test-codes-von-M-U/build/control/install.log'
[2.368s] Invoked command in '/home/liu/ros/rosAndGit/GitHub/ROS2-test-codes-von-M-U/control' returned '0': PYTHONPATH=/home/liu/ros/rosAndGit/GitHub/ROS2-test-codes-von-M-U/build/control/prefix_override:/home/liu/ros/rosAndGit/GitHub/ROS2-test-codes-von-M-U/install/control/lib/python3.10/site-packages:${PYTHONPATH} /usr/bin/python3 -W ignore:setup.py install is deprecated setup.py egg_info --egg-base ../build/control build --build-base /home/liu/ros/rosAndGit/GitHub/ROS2-test-codes-von-M-U/build/control/build install --record /home/liu/ros/rosAndGit/GitHub/ROS2-test-codes-von-M-U/build/control/install.log --single-version-externally-managed install_data
