running egg_info
creating ../build/traffic_light/traffic_light.egg-info
writing ../build/traffic_light/traffic_light.egg-info/PKG-INFO
writing dependency_links to ../build/traffic_light/traffic_light.egg-info/dependency_links.txt
writing entry points to ../build/traffic_light/traffic_light.egg-info/entry_points.txt
writing requirements to ../build/traffic_light/traffic_light.egg-info/requires.txt
writing top-level names to ../build/traffic_light/traffic_light.egg-info/top_level.txt
writing manifest file '../build/traffic_light/traffic_light.egg-info/SOURCES.txt'
reading manifest file '../build/traffic_light/traffic_light.egg-info/SOURCES.txt'
writing manifest file '../build/traffic_light/traffic_light.egg-info/SOURCES.txt'
running build
running build_py
creating /home/liu/ros/rosAndGit/GitHub/ROS2-test-codes-von-M-U/build/traffic_light/build
creating /home/liu/ros/rosAndGit/GitHub/ROS2-test-codes-von-M-U/build/traffic_light/build/lib
creating /home/liu/ros/rosAndGit/GitHub/ROS2-test-codes-von-M-U/build/traffic_light/build/lib/traffic_light
copying traffic_light/__init__.py -> /home/liu/ros/rosAndGit/GitHub/ROS2-test-codes-von-M-U/build/traffic_light/build/lib/traffic_light
copying traffic_light/traffic_light.py -> /home/liu/ros/rosAndGit/GitHub/ROS2-test-codes-von-M-U/build/traffic_light/build/lib/traffic_light
running install
running install_lib
creating /home/liu/ros/rosAndGit/GitHub/ROS2-test-codes-von-M-U/install/traffic_light/lib/python3.10/site-packages/traffic_light
copying /home/liu/ros/rosAndGit/GitHub/ROS2-test-codes-von-M-U/build/traffic_light/build/lib/traffic_light/__init__.py -> /home/liu/ros/rosAndGit/GitHub/ROS2-test-codes-von-M-U/install/traffic_light/lib/python3.10/site-packages/traffic_light
copying /home/liu/ros/rosAndGit/GitHub/ROS2-test-codes-von-M-U/build/traffic_light/build/lib/traffic_light/traffic_light.py -> /home/liu/ros/rosAndGit/GitHub/ROS2-test-codes-von-M-U/install/traffic_light/lib/python3.10/site-packages/traffic_light
byte-compiling /home/liu/ros/rosAndGit/GitHub/ROS2-test-codes-von-M-U/install/traffic_light/lib/python3.10/site-packages/traffic_light/__init__.py to __init__.cpython-310.pyc
byte-compiling /home/liu/ros/rosAndGit/GitHub/ROS2-test-codes-von-M-U/install/traffic_light/lib/python3.10/site-packages/traffic_light/traffic_light.py to traffic_light.cpython-310.pyc
running install_data
creating /home/liu/ros/rosAndGit/GitHub/ROS2-test-codes-von-M-U/install/traffic_light/share/ament_index
creating /home/liu/ros/rosAndGit/GitHub/ROS2-test-codes-von-M-U/install/traffic_light/share/ament_index/resource_index
creating /home/liu/ros/rosAndGit/GitHub/ROS2-test-codes-von-M-U/install/traffic_light/share/ament_index/resource_index/packages
copying resource/traffic_light -> /home/liu/ros/rosAndGit/GitHub/ROS2-test-codes-von-M-U/install/traffic_light/share/ament_index/resource_index/packages
copying package.xml -> /home/liu/ros/rosAndGit/GitHub/ROS2-test-codes-von-M-U/install/traffic_light/share/traffic_light
running install_egg_info
Copying ../build/traffic_light/traffic_light.egg-info to /home/liu/ros/rosAndGit/GitHub/ROS2-test-codes-von-M-U/install/traffic_light/lib/python3.10/site-packages/traffic_light-0.0.0-py3.10.egg-info
running install_scripts
Installing traffic_light script to /home/liu/ros/rosAndGit/GitHub/ROS2-test-codes-von-M-U/install/traffic_light/lib/traffic_light
writing list of installed files to '/home/liu/ros/rosAndGit/GitHub/ROS2-test-codes-von-M-U/build/traffic_light/install.log'
