[100%] Built target slam_gmapping_node
[100%] Built target slam_gmapping
-- Install configuration: "Release"
-- Up-to-date: /home/liu/ros/rosAndGit/GitHub/ROS2-test-codes-von-M-U/install/slam_gmapping/lib/slam_gmapping/slam_gmapping_node
-- Up-to-date: /home/liu/ros/rosAndGit/GitHub/ROS2-test-codes-von-M-U/install/slam_gmapping/lib/libslam_gmapping.so
-- Up-to-date: /home/liu/ros/rosAndGit/GitHub/ROS2-test-codes-von-M-U/install/slam_gmapping/share/slam_gmapping/launch
-- Up-to-date: /home/liu/ros/rosAndGit/GitHub/ROS2-test-codes-von-M-U/install/slam_gmapping/share/slam_gmapping/launch/slam_gmapping.launch.py
-- Up-to-date: /home/liu/ros/rosAndGit/GitHub/ROS2-test-codes-von-M-U/install/slam_gmapping/share/slam_gmapping/config
-- Up-to-date: /home/liu/ros/rosAndGit/GitHub/ROS2-test-codes-von-M-U/install/slam_gmapping/share/slam_gmapping/config/slam_gmapping.yaml
-- Up-to-date: /home/liu/ros/rosAndGit/GitHub/ROS2-test-codes-von-M-U/install/slam_gmapping/share/ament_index/resource_index/package_run_dependencies/slam_gmapping
-- Up-to-date: /home/liu/ros/rosAndGit/GitHub/ROS2-test-codes-von-M-U/install/slam_gmapping/share/ament_index/resource_index/parent_prefix_path/slam_gmapping
-- Up-to-date: /home/liu/ros/rosAndGit/GitHub/ROS2-test-codes-von-M-U/install/slam_gmapping/share/slam_gmapping/environment/ament_prefix_path.sh
-- Up-to-date: /home/liu/ros/rosAndGit/GitHub/ROS2-test-codes-von-M-U/install/slam_gmapping/share/slam_gmapping/environment/ament_prefix_path.dsv
-- Up-to-date: /home/liu/ros/rosAndGit/GitHub/ROS2-test-codes-von-M-U/install/slam_gmapping/share/slam_gmapping/environment/path.sh
-- Up-to-date: /home/liu/ros/rosAndGit/GitHub/ROS2-test-codes-von-M-U/install/slam_gmapping/share/slam_gmapping/environment/path.dsv
-- Up-to-date: /home/liu/ros/rosAndGit/GitHub/ROS2-test-codes-von-M-U/install/slam_gmapping/share/slam_gmapping/local_setup.bash
-- Up-to-date: /home/liu/ros/rosAndGit/GitHub/ROS2-test-codes-von-M-U/install/slam_gmapping/share/slam_gmapping/local_setup.sh
-- Up-to-date: /home/liu/ros/rosAndGit/GitHub/ROS2-test-codes-von-M-U/install/slam_gmapping/share/slam_gmapping/local_setup.zsh
-- Up-to-date: /home/liu/ros/rosAndGit/GitHub/ROS2-test-codes-von-M-U/install/slam_gmapping/share/slam_gmapping/local_setup.dsv
-- Installing: /home/liu/ros/rosAndGit/GitHub/ROS2-test-codes-von-M-U/install/slam_gmapping/share/slam_gmapping/package.dsv
-- Up-to-date: /home/liu/ros/rosAndGit/GitHub/ROS2-test-codes-von-M-U/install/slam_gmapping/share/ament_index/resource_index/packages/slam_gmapping
-- Up-to-date: /home/liu/ros/rosAndGit/GitHub/ROS2-test-codes-von-M-U/install/slam_gmapping/share/ament_index/resource_index/rclcpp_components/slam_gmapping
-- Up-to-date: /home/liu/ros/rosAndGit/GitHub/ROS2-test-codes-von-M-U/install/slam_gmapping/share/slam_gmapping/cmake/slam_gmappingConfig.cmake
-- Up-to-date: /home/liu/ros/rosAndGit/GitHub/ROS2-test-codes-von-M-U/install/slam_gmapping/share/slam_gmapping/cmake/slam_gmappingConfig-version.cmake
-- Up-to-date: /home/liu/ros/rosAndGit/GitHub/ROS2-test-codes-von-M-U/install/slam_gmapping/share/slam_gmapping/package.xml
