[0.064s] Invoking command in '/home/liu/ros/rosAndGit/GitHub/ROS2-test-codes-von-M-U/build/openslam_gmapping': CMAKE_PREFIX_PATH=${CMAKE_PREFIX_PATH}:/home/liu/ros/rosAndGit/GitHub/ROS2-test-codes-von-M-U/install/traffic_light:/home/liu/ros/rosAndGit/GitHub/ROS2-test-codes-von-M-U/install/nav_to_pose:/home/liu/ros/rosAndGit/GitHub/ROS2-test-codes-von-M-U/install/line_follow:/home/liu/ros/rosAndGit/GitHub/ROS2-test-codes-von-M-U/install/launchtest:/home/liu/ros/rosAndGit/GitHub/ROS2-test-codes-von-M-U/install/detect_sign:/home/liu/ros/rosAndGit/GitHub/ROS2-test-codes-von-M-U/install/detect_level:/home/liu/ros/rosAndGit/GitHub/ROS2-test-codes-von-M-U/install/control:/opt/ros/humble /usr/bin/cmake --build /home/liu/ros/rosAndGit/GitHub/ROS2-test-codes-von-M-U/build/openslam_gmapping -- -j16 -l16
[1.171s] [ 27%] Built target utils
[1.171s] [ 27%] Built target sensor_base
[1.171s] [ 54%] Built target sensor_odometry
[1.171s] [ 54%] Built target sensor_range
[1.171s] [ 77%] Built target scanmatcher
[1.172s] [100%] Built target gridfastslam
[1.350s] Invoked command in '/home/liu/ros/rosAndGit/GitHub/ROS2-test-codes-von-M-U/build/openslam_gmapping' returned '0': CMAKE_PREFIX_PATH=${CMAKE_PREFIX_PATH}:/home/liu/ros/rosAndGit/GitHub/ROS2-test-codes-von-M-U/install/traffic_light:/home/liu/ros/rosAndGit/GitHub/ROS2-test-codes-von-M-U/install/nav_to_pose:/home/liu/ros/rosAndGit/GitHub/ROS2-test-codes-von-M-U/install/line_follow:/home/liu/ros/rosAndGit/GitHub/ROS2-test-codes-von-M-U/install/launchtest:/home/liu/ros/rosAndGit/GitHub/ROS2-test-codes-von-M-U/install/detect_sign:/home/liu/ros/rosAndGit/GitHub/ROS2-test-codes-von-M-U/install/detect_level:/home/liu/ros/rosAndGit/GitHub/ROS2-test-codes-von-M-U/install/control:/opt/ros/humble /usr/bin/cmake --build /home/liu/ros/rosAndGit/GitHub/ROS2-test-codes-von-M-U/build/openslam_gmapping -- -j16 -l16
[1.386s] Invoking command in '/home/liu/ros/rosAndGit/GitHub/ROS2-test-codes-von-M-U/build/openslam_gmapping': CMAKE_PREFIX_PATH=${CMAKE_PREFIX_PATH}:/home/liu/ros/rosAndGit/GitHub/ROS2-test-codes-von-M-U/install/traffic_light:/home/liu/ros/rosAndGit/GitHub/ROS2-test-codes-von-M-U/install/nav_to_pose:/home/liu/ros/rosAndGit/GitHub/ROS2-test-codes-von-M-U/install/line_follow:/home/liu/ros/rosAndGit/GitHub/ROS2-test-codes-von-M-U/install/launchtest:/home/liu/ros/rosAndGit/GitHub/ROS2-test-codes-von-M-U/install/detect_sign:/home/liu/ros/rosAndGit/GitHub/ROS2-test-codes-von-M-U/install/detect_level:/home/liu/ros/rosAndGit/GitHub/ROS2-test-codes-von-M-U/install/control:/opt/ros/humble /usr/bin/cmake --install /home/liu/ros/rosAndGit/GitHub/ROS2-test-codes-von-M-U/build/openslam_gmapping
[1.394s] -- Install configuration: "Release"
[1.394s] -- Up-to-date: /home/liu/ros/rosAndGit/GitHub/ROS2-test-codes-von-M-U/install/openslam_gmapping/share/openslam_gmapping/environment/library_path.sh
[1.394s] -- Up-to-date: /home/liu/ros/rosAndGit/GitHub/ROS2-test-codes-von-M-U/install/openslam_gmapping/share/openslam_gmapping/environment/library_path.dsv
[1.395s] -- Up-to-date: /home/liu/ros/rosAndGit/GitHub/ROS2-test-codes-von-M-U/install/openslam_gmapping/include/
[1.395s] -- Up-to-date: /home/liu/ros/rosAndGit/GitHub/ROS2-test-codes-von-M-U/install/openslam_gmapping/include//gmapping
[1.395s] -- Up-to-date: /home/liu/ros/rosAndGit/GitHub/ROS2-test-codes-von-M-U/install/openslam_gmapping/include//gmapping/log
[1.395s] -- Up-to-date: /home/liu/ros/rosAndGit/GitHub/ROS2-test-codes-von-M-U/install/openslam_gmapping/include//gmapping/log/configuration.h
[1.395s] -- Up-to-date: /home/liu/ros/rosAndGit/GitHub/ROS2-test-codes-von-M-U/install/openslam_gmapping/include//gmapping/log/sensorlog.h
[1.395s] -- Up-to-date: /home/liu/ros/rosAndGit/GitHub/ROS2-test-codes-von-M-U/install/openslam_gmapping/include//gmapping/gridfastslam
[1.395s] -- Up-to-date: /home/liu/ros/rosAndGit/GitHub/ROS2-test-codes-von-M-U/install/openslam_gmapping/include//gmapping/gridfastslam/motionmodel.h
[1.395s] -- Up-to-date: /home/liu/ros/rosAndGit/GitHub/ROS2-test-codes-von-M-U/install/openslam_gmapping/include//gmapping/gridfastslam/gridslamprocessor.h
[1.395s] -- Up-to-date: /home/liu/ros/rosAndGit/GitHub/ROS2-test-codes-von-M-U/install/openslam_gmapping/include//gmapping/gridfastslam/gridslamprocessor.hxx
[1.395s] -- Up-to-date: /home/liu/ros/rosAndGit/GitHub/ROS2-test-codes-von-M-U/install/openslam_gmapping/include//gmapping/particlefilter
[1.395s] -- Up-to-date: /home/liu/ros/rosAndGit/GitHub/ROS2-test-codes-von-M-U/install/openslam_gmapping/include//gmapping/particlefilter/particlefilter.h
[1.395s] -- Up-to-date: /home/liu/ros/rosAndGit/GitHub/ROS2-test-codes-von-M-U/install/openslam_gmapping/include//gmapping/utils
[1.395s] -- Up-to-date: /home/liu/ros/rosAndGit/GitHub/ROS2-test-codes-von-M-U/install/openslam_gmapping/include//gmapping/utils/autoptr.h
[1.395s] -- Up-to-date: /home/liu/ros/rosAndGit/GitHub/ROS2-test-codes-von-M-U/install/openslam_gmapping/include//gmapping/utils/commandline.h
[1.395s] -- Up-to-date: /home/liu/ros/rosAndGit/GitHub/ROS2-test-codes-von-M-U/install/openslam_gmapping/include//gmapping/utils/point.h
[1.396s] -- Up-to-date: /home/liu/ros/rosAndGit/GitHub/ROS2-test-codes-von-M-U/install/openslam_gmapping/include//gmapping/utils/stat.h
[1.396s] -- Up-to-date: /home/liu/ros/rosAndGit/GitHub/ROS2-test-codes-von-M-U/install/openslam_gmapping/include//gmapping/utils/macro_params.h
[1.396s] -- Up-to-date: /home/liu/ros/rosAndGit/GitHub/ROS2-test-codes-von-M-U/install/openslam_gmapping/include//gmapping/utils/gvalues.h
[1.396s] -- Up-to-date: /home/liu/ros/rosAndGit/GitHub/ROS2-test-codes-von-M-U/install/openslam_gmapping/include//gmapping/grid
[1.396s] -- Up-to-date: /home/liu/ros/rosAndGit/GitHub/ROS2-test-codes-von-M-U/install/openslam_gmapping/include//gmapping/grid/accessstate.h
[1.396s] -- Up-to-date: /home/liu/ros/rosAndGit/GitHub/ROS2-test-codes-von-M-U/install/openslam_gmapping/include//gmapping/grid/harray2d.h
[1.396s] -- Up-to-date: /home/liu/ros/rosAndGit/GitHub/ROS2-test-codes-von-M-U/install/openslam_gmapping/include//gmapping/grid/map.h
[1.396s] -- Up-to-date: /home/liu/ros/rosAndGit/GitHub/ROS2-test-codes-von-M-U/install/openslam_gmapping/include//gmapping/grid/array2d.h
[1.396s] -- Up-to-date: /home/liu/ros/rosAndGit/GitHub/ROS2-test-codes-von-M-U/install/openslam_gmapping/include//gmapping/sensor
[1.396s] -- Up-to-date: /home/liu/ros/rosAndGit/GitHub/ROS2-test-codes-von-M-U/install/openslam_gmapping/include//gmapping/sensor/sensor_base
[1.396s] -- Up-to-date: /home/liu/ros/rosAndGit/GitHub/ROS2-test-codes-von-M-U/install/openslam_gmapping/include//gmapping/sensor/sensor_base/sensorreading.h
[1.396s] -- Up-to-date: /home/liu/ros/rosAndGit/GitHub/ROS2-test-codes-von-M-U/install/openslam_gmapping/include//gmapping/sensor/sensor_base/sensor.h
[1.396s] -- Up-to-date: /home/liu/ros/rosAndGit/GitHub/ROS2-test-codes-von-M-U/install/openslam_gmapping/include//gmapping/sensor/sensor_odometry
[1.396s] -- Up-to-date: /home/liu/ros/rosAndGit/GitHub/ROS2-test-codes-von-M-U/install/openslam_gmapping/include//gmapping/sensor/sensor_odometry/odometryreading.h
[1.396s] -- Up-to-date: /home/liu/ros/rosAndGit/GitHub/ROS2-test-codes-von-M-U/install/openslam_gmapping/include//gmapping/sensor/sensor_odometry/odometrysensor.h
[1.396s] -- Up-to-date: /home/liu/ros/rosAndGit/GitHub/ROS2-test-codes-von-M-U/install/openslam_gmapping/include//gmapping/sensor/sensor_range
[1.396s] -- Up-to-date: /home/liu/ros/rosAndGit/GitHub/ROS2-test-codes-von-M-U/install/openslam_gmapping/include//gmapping/sensor/sensor_range/rangereading.h
[1.396s] -- Up-to-date: /home/liu/ros/rosAndGit/GitHub/ROS2-test-codes-von-M-U/install/openslam_gmapping/include//gmapping/sensor/sensor_range/rangesensor.h
[1.396s] -- Up-to-date: /home/liu/ros/rosAndGit/GitHub/ROS2-test-codes-von-M-U/install/openslam_gmapping/include//gmapping/scanmatcher
[1.396s] -- Up-to-date: /home/liu/ros/rosAndGit/GitHub/ROS2-test-codes-von-M-U/install/openslam_gmapping/include//gmapping/scanmatcher/scanmatcher.h
[1.397s] -- Up-to-date: /home/liu/ros/rosAndGit/GitHub/ROS2-test-codes-von-M-U/install/openslam_gmapping/include//gmapping/scanmatcher/smmap.h
[1.397s] -- Up-to-date: /home/liu/ros/rosAndGit/GitHub/ROS2-test-codes-von-M-U/install/openslam_gmapping/include//gmapping/scanmatcher/icp.h
[1.397s] -- Up-to-date: /home/liu/ros/rosAndGit/GitHub/ROS2-test-codes-von-M-U/install/openslam_gmapping/share/ament_index/resource_index/package_run_dependencies/openslam_gmapping
[1.397s] -- Up-to-date: /home/liu/ros/rosAndGit/GitHub/ROS2-test-codes-von-M-U/install/openslam_gmapping/share/ament_index/resource_index/parent_prefix_path/openslam_gmapping
[1.397s] -- Up-to-date: /home/liu/ros/rosAndGit/GitHub/ROS2-test-codes-von-M-U/install/openslam_gmapping/share/openslam_gmapping/environment/ament_prefix_path.sh
[1.397s] -- Up-to-date: /home/liu/ros/rosAndGit/GitHub/ROS2-test-codes-von-M-U/install/openslam_gmapping/share/openslam_gmapping/environment/ament_prefix_path.dsv
[1.397s] -- Up-to-date: /home/liu/ros/rosAndGit/GitHub/ROS2-test-codes-von-M-U/install/openslam_gmapping/share/openslam_gmapping/environment/path.sh
[1.397s] -- Up-to-date: /home/liu/ros/rosAndGit/GitHub/ROS2-test-codes-von-M-U/install/openslam_gmapping/share/openslam_gmapping/environment/path.dsv
[1.397s] -- Up-to-date: /home/liu/ros/rosAndGit/GitHub/ROS2-test-codes-von-M-U/install/openslam_gmapping/share/openslam_gmapping/local_setup.bash
[1.397s] -- Up-to-date: /home/liu/ros/rosAndGit/GitHub/ROS2-test-codes-von-M-U/install/openslam_gmapping/share/openslam_gmapping/local_setup.sh
[1.397s] -- Up-to-date: /home/liu/ros/rosAndGit/GitHub/ROS2-test-codes-von-M-U/install/openslam_gmapping/share/openslam_gmapping/local_setup.zsh
[1.397s] -- Up-to-date: /home/liu/ros/rosAndGit/GitHub/ROS2-test-codes-von-M-U/install/openslam_gmapping/share/openslam_gmapping/local_setup.dsv
[1.397s] -- Installing: /home/liu/ros/rosAndGit/GitHub/ROS2-test-codes-von-M-U/install/openslam_gmapping/share/openslam_gmapping/package.dsv
[1.397s] -- Up-to-date: /home/liu/ros/rosAndGit/GitHub/ROS2-test-codes-von-M-U/install/openslam_gmapping/share/ament_index/resource_index/packages/openslam_gmapping
[1.397s] -- Up-to-date: /home/liu/ros/rosAndGit/GitHub/ROS2-test-codes-von-M-U/install/openslam_gmapping/share/openslam_gmapping/cmake/ament_cmake_export_libraries-extras.cmake
[1.397s] -- Up-to-date: /home/liu/ros/rosAndGit/GitHub/ROS2-test-codes-von-M-U/install/openslam_gmapping/share/openslam_gmapping/cmake/ament_cmake_export_include_directories-extras.cmake
[1.397s] -- Up-to-date: /home/liu/ros/rosAndGit/GitHub/ROS2-test-codes-von-M-U/install/openslam_gmapping/share/openslam_gmapping/cmake/openslam_gmappingConfig.cmake
[1.397s] -- Up-to-date: /home/liu/ros/rosAndGit/GitHub/ROS2-test-codes-von-M-U/install/openslam_gmapping/share/openslam_gmapping/cmake/openslam_gmappingConfig-version.cmake
[1.397s] -- Up-to-date: /home/liu/ros/rosAndGit/GitHub/ROS2-test-codes-von-M-U/install/openslam_gmapping/share/openslam_gmapping/package.xml
[1.397s] -- Up-to-date: /home/liu/ros/rosAndGit/GitHub/ROS2-test-codes-von-M-U/install/openslam_gmapping/lib/libgridfastslam.a
[1.397s] -- Up-to-date: /home/liu/ros/rosAndGit/GitHub/ROS2-test-codes-von-M-U/install/openslam_gmapping/lib/libscanmatcher.a
[1.397s] -- Up-to-date: /home/liu/ros/rosAndGit/GitHub/ROS2-test-codes-von-M-U/install/openslam_gmapping/share/openslam_gmapping/environment/library_path.sh
[1.397s] -- Up-to-date: /home/liu/ros/rosAndGit/GitHub/ROS2-test-codes-von-M-U/install/openslam_gmapping/share/openslam_gmapping/environment/library_path.dsv
[1.397s] -- Up-to-date: /home/liu/ros/rosAndGit/GitHub/ROS2-test-codes-von-M-U/install/openslam_gmapping/lib/libsensor_base.a
[1.397s] -- Up-to-date: /home/liu/ros/rosAndGit/GitHub/ROS2-test-codes-von-M-U/install/openslam_gmapping/share/openslam_gmapping/environment/library_path.sh
[1.398s] -- Up-to-date: /home/liu/ros/rosAndGit/GitHub/ROS2-test-codes-von-M-U/install/openslam_gmapping/share/openslam_gmapping/environment/library_path.dsv
[1.398s] -- Up-to-date: /home/liu/ros/rosAndGit/GitHub/ROS2-test-codes-von-M-U/install/openslam_gmapping/lib/libsensor_odometry.a
[1.398s] -- Up-to-date: /home/liu/ros/rosAndGit/GitHub/ROS2-test-codes-von-M-U/install/openslam_gmapping/lib/libsensor_range.a
[1.398s] -- Up-to-date: /home/liu/ros/rosAndGit/GitHub/ROS2-test-codes-von-M-U/install/openslam_gmapping/lib/libutils.a
[1.398s] -- Up-to-date: /home/liu/ros/rosAndGit/GitHub/ROS2-test-codes-von-M-U/install/openslam_gmapping/share/openslam_gmapping/environment/library_path.sh
[1.398s] -- Up-to-date: /home/liu/ros/rosAndGit/GitHub/ROS2-test-codes-von-M-U/install/openslam_gmapping/share/openslam_gmapping/environment/library_path.dsv
[1.400s] Invoked command in '/home/liu/ros/rosAndGit/GitHub/ROS2-test-codes-von-M-U/build/openslam_gmapping' returned '0': CMAKE_PREFIX_PATH=${CMAKE_PREFIX_PATH}:/home/liu/ros/rosAndGit/GitHub/ROS2-test-codes-von-M-U/install/traffic_light:/home/liu/ros/rosAndGit/GitHub/ROS2-test-codes-von-M-U/install/nav_to_pose:/home/liu/ros/rosAndGit/GitHub/ROS2-test-codes-von-M-U/install/line_follow:/home/liu/ros/rosAndGit/GitHub/ROS2-test-codes-von-M-U/install/launchtest:/home/liu/ros/rosAndGit/GitHub/ROS2-test-codes-von-M-U/install/detect_sign:/home/liu/ros/rosAndGit/GitHub/ROS2-test-codes-von-M-U/install/detect_level:/home/liu/ros/rosAndGit/GitHub/ROS2-test-codes-von-M-U/install/control:/opt/ros/humble /usr/bin/cmake --install /home/liu/ros/rosAndGit/GitHub/ROS2-test-codes-von-M-U/build/openslam_gmapping
