[1.262s] Invoking command in '/home/liu/ros/rosAndGit/GitHub/ROS2-test-codes-von-M-U/nav_to_pose': PYTHONPATH=/home/liu/ros/rosAndGit/GitHub/ROS2-test-codes-von-M-U/build/nav_to_pose/prefix_override:/home/liu/ros/rosAndGit/GitHub/ROS2-test-codes-von-M-U/install/nav_to_pose/lib/python3.10/site-packages:${PYTHONPATH} /usr/bin/python3 -W ignore:setup.py install is deprecated setup.py egg_info --egg-base ../build/nav_to_pose build --build-base /home/liu/ros/rosAndGit/GitHub/ROS2-test-codes-von-M-U/build/nav_to_pose/build install --record /home/liu/ros/rosAndGit/GitHub/ROS2-test-codes-von-M-U/build/nav_to_pose/install.log --single-version-externally-managed install_data
[1.395s] running egg_info
[1.396s] writing ../build/nav_to_pose/nav_to_pose.egg-info/PKG-INFO
[1.396s] writing dependency_links to ../build/nav_to_pose/nav_to_pose.egg-info/dependency_links.txt
[1.396s] writing entry points to ../build/nav_to_pose/nav_to_pose.egg-info/entry_points.txt
[1.397s] writing requirements to ../build/nav_to_pose/nav_to_pose.egg-info/requires.txt
[1.397s] writing top-level names to ../build/nav_to_pose/nav_to_pose.egg-info/top_level.txt
[1.398s] reading manifest file '../build/nav_to_pose/nav_to_pose.egg-info/SOURCES.txt'
[1.398s] writing manifest file '../build/nav_to_pose/nav_to_pose.egg-info/SOURCES.txt'
[1.398s] running build
[1.398s] running build_py
[1.398s] running install
[1.399s] running install_lib
[1.400s] running install_data
[1.400s] running install_egg_info
[1.402s] removing '/home/liu/ros/rosAndGit/GitHub/ROS2-test-codes-von-M-U/install/nav_to_pose/lib/python3.10/site-packages/nav_to_pose-0.0.0-py3.10.egg-info' (and everything under it)
[1.402s] Copying ../build/nav_to_pose/nav_to_pose.egg-info to /home/liu/ros/rosAndGit/GitHub/ROS2-test-codes-von-M-U/install/nav_to_pose/lib/python3.10/site-packages/nav_to_pose-0.0.0-py3.10.egg-info
[1.402s] running install_scripts
[1.418s] Installing nav_to_pose script to /home/liu/ros/rosAndGit/GitHub/ROS2-test-codes-von-M-U/install/nav_to_pose/lib/nav_to_pose
[1.418s] writing list of installed files to '/home/liu/ros/rosAndGit/GitHub/ROS2-test-codes-von-M-U/build/nav_to_pose/install.log'
[1.478s] Invoked command in '/home/liu/ros/rosAndGit/GitHub/ROS2-test-codes-von-M-U/nav_to_pose' returned '0': PYTHONPATH=/home/liu/ros/rosAndGit/GitHub/ROS2-test-codes-von-M-U/build/nav_to_pose/prefix_override:/home/liu/ros/rosAndGit/GitHub/ROS2-test-codes-von-M-U/install/nav_to_pose/lib/python3.10/site-packages:${PYTHONPATH} /usr/bin/python3 -W ignore:setup.py install is deprecated setup.py egg_info --egg-base ../build/nav_to_pose build --build-base /home/liu/ros/rosAndGit/GitHub/ROS2-test-codes-von-M-U/build/nav_to_pose/build install --record /home/liu/ros/rosAndGit/GitHub/ROS2-test-codes-von-M-U/build/nav_to_pose/install.log --single-version-externally-managed install_data
