[0.086s] DEBUG:colcon:Command line arguments: ['/usr/bin/colcon', 'build']
[0.086s] DEBUG:colcon:Parsed command line arguments: Namespace(log_base=None, log_level=None, verb_name='build', build_base='build', install_base='install', merge_install=False, symlink_install=False, test_result_base=None, continue_on_error=False, executor='parallel', parallel_workers=16, event_handlers=None, ignore_user_meta=False, metas=['./colcon.meta'], base_paths=['.'], packages_ignore=None, packages_ignore_regex=None, paths=None, packages_up_to=None, packages_up_to_regex=None, packages_above=None, packages_above_and_dependencies=None, packages_above_depth=None, packages_select_by_dep=None, packages_skip_by_dep=None, packages_skip_up_to=None, packages_select_build_failed=False, packages_skip_build_finished=False, packages_select_test_failures=False, packages_skip_test_passed=False, packages_select=None, packages_skip=None, packages_select_regex=None, packages_skip_regex=None, packages_start=None, packages_end=None, allow_overriding=[], cmake_args=None, cmake_target=None, cmake_target_skip_unavailable=False, cmake_clean_cache=False, cmake_clean_first=False, cmake_force_configure=False, ament_cmake_args=None, catkin_cmake_args=None, catkin_skip_building_tests=False, verb_parser=<colcon_defaults.argument_parser.defaults.DefaultArgumentsDecorator object at 0x7b849a405840>, verb_extension=<colcon_core.verb.build.BuildVerb object at 0x7b849a405300>, main=<bound method BuildVerb.main of <colcon_core.verb.build.BuildVerb object at 0x7b849a405300>>)
[0.219s] Level 1:colcon.colcon_core.package_discovery:discover_packages(colcon_meta) check parameters
[0.219s] Level 1:colcon.colcon_core.package_discovery:discover_packages(recursive) check parameters
[0.219s] Level 1:colcon.colcon_core.package_discovery:discover_packages(ignore) check parameters
[0.220s] Level 1:colcon.colcon_core.package_discovery:discover_packages(path) check parameters
[0.220s] Level 1:colcon.colcon_core.package_discovery:discover_packages(colcon_meta) discover
[0.220s] Level 1:colcon.colcon_core.package_discovery:discover_packages(recursive) discover
[0.220s] INFO:colcon.colcon_core.package_discovery:Crawling recursively for packages in '/home/liu/ros/rosAndGit/GitHub/ROS2-test-codes-von-M-U'
[0.220s] Level 1:colcon.colcon_core.package_identification:_identify(.) by extensions ['ignore', 'ignore_ament_install']
[0.220s] Level 1:colcon.colcon_core.package_identification:_identify(.) by extension 'ignore'
[0.220s] Level 1:colcon.colcon_core.package_identification:_identify(.) by extension 'ignore_ament_install'
[0.220s] Level 1:colcon.colcon_core.package_identification:_identify(.) by extensions ['colcon_pkg']
[0.220s] Level 1:colcon.colcon_core.package_identification:_identify(.) by extension 'colcon_pkg'
[0.220s] Level 1:colcon.colcon_core.package_identification:_identify(.) by extensions ['colcon_meta']
[0.220s] Level 1:colcon.colcon_core.package_identification:_identify(.) by extension 'colcon_meta'
[0.220s] Level 1:colcon.colcon_core.package_identification:_identify(.) by extensions ['ros']
[0.220s] Level 1:colcon.colcon_core.package_identification:_identify(.) by extension 'ros'
[0.234s] Level 1:colcon.colcon_core.package_identification:_identify(.) by extensions ['cmake', 'python']
[0.235s] Level 1:colcon.colcon_core.package_identification:_identify(.) by extension 'cmake'
[0.235s] Level 1:colcon.colcon_core.package_identification:_identify(.) by extension 'python'
[0.235s] Level 1:colcon.colcon_core.package_identification:_identify(.) by extensions ['python_setup_py']
[0.235s] Level 1:colcon.colcon_core.package_identification:_identify(.) by extension 'python_setup_py'
[0.235s] Level 1:colcon.colcon_core.package_identification:_identify(build) by extensions ['ignore', 'ignore_ament_install']
[0.235s] Level 1:colcon.colcon_core.package_identification:_identify(build) by extension 'ignore'
[0.235s] Level 1:colcon.colcon_core.package_identification:_identify(build) ignored
[0.235s] Level 1:colcon.colcon_core.package_identification:_identify(control) by extensions ['ignore', 'ignore_ament_install']
[0.235s] Level 1:colcon.colcon_core.package_identification:_identify(control) by extension 'ignore'
[0.235s] Level 1:colcon.colcon_core.package_identification:_identify(control) by extension 'ignore_ament_install'
[0.235s] Level 1:colcon.colcon_core.package_identification:_identify(control) by extensions ['colcon_pkg']
[0.235s] Level 1:colcon.colcon_core.package_identification:_identify(control) by extension 'colcon_pkg'
[0.235s] Level 1:colcon.colcon_core.package_identification:_identify(control) by extensions ['colcon_meta']
[0.235s] Level 1:colcon.colcon_core.package_identification:_identify(control) by extension 'colcon_meta'
[0.235s] Level 1:colcon.colcon_core.package_identification:_identify(control) by extensions ['ros']
[0.235s] Level 1:colcon.colcon_core.package_identification:_identify(control) by extension 'ros'
[0.238s] DEBUG:colcon.colcon_core.package_identification:Package 'control' with type 'ros.ament_python' and name 'control'
[0.238s] Level 1:colcon.colcon_core.package_identification:_identify(detect_level) by extensions ['ignore', 'ignore_ament_install']
[0.238s] Level 1:colcon.colcon_core.package_identification:_identify(detect_level) by extension 'ignore'
[0.238s] Level 1:colcon.colcon_core.package_identification:_identify(detect_level) by extension 'ignore_ament_install'
[0.238s] Level 1:colcon.colcon_core.package_identification:_identify(detect_level) by extensions ['colcon_pkg']
[0.238s] Level 1:colcon.colcon_core.package_identification:_identify(detect_level) by extension 'colcon_pkg'
[0.238s] Level 1:colcon.colcon_core.package_identification:_identify(detect_level) by extensions ['colcon_meta']
[0.238s] Level 1:colcon.colcon_core.package_identification:_identify(detect_level) by extension 'colcon_meta'
[0.238s] Level 1:colcon.colcon_core.package_identification:_identify(detect_level) by extensions ['ros']
[0.238s] Level 1:colcon.colcon_core.package_identification:_identify(detect_level) by extension 'ros'
[0.239s] DEBUG:colcon.colcon_core.package_identification:Package 'detect_level' with type 'ros.ament_python' and name 'detect_level'
[0.239s] Level 1:colcon.colcon_core.package_identification:_identify(detect_sign) by extensions ['ignore', 'ignore_ament_install']
[0.239s] Level 1:colcon.colcon_core.package_identification:_identify(detect_sign) by extension 'ignore'
[0.239s] Level 1:colcon.colcon_core.package_identification:_identify(detect_sign) by extension 'ignore_ament_install'
[0.239s] Level 1:colcon.colcon_core.package_identification:_identify(detect_sign) by extensions ['colcon_pkg']
[0.239s] Level 1:colcon.colcon_core.package_identification:_identify(detect_sign) by extension 'colcon_pkg'
[0.239s] Level 1:colcon.colcon_core.package_identification:_identify(detect_sign) by extensions ['colcon_meta']
[0.239s] Level 1:colcon.colcon_core.package_identification:_identify(detect_sign) by extension 'colcon_meta'
[0.239s] Level 1:colcon.colcon_core.package_identification:_identify(detect_sign) by extensions ['ros']
[0.239s] Level 1:colcon.colcon_core.package_identification:_identify(detect_sign) by extension 'ros'
[0.240s] DEBUG:colcon.colcon_core.package_identification:Package 'detect_sign' with type 'ros.ament_python' and name 'detect_sign'
[0.240s] Level 1:colcon.colcon_core.package_identification:_identify(install) by extensions ['ignore', 'ignore_ament_install']
[0.240s] Level 1:colcon.colcon_core.package_identification:_identify(install) by extension 'ignore'
[0.240s] Level 1:colcon.colcon_core.package_identification:_identify(install) ignored
[0.240s] Level 1:colcon.colcon_core.package_identification:_identify(launchtest) by extensions ['ignore', 'ignore_ament_install']
[0.240s] Level 1:colcon.colcon_core.package_identification:_identify(launchtest) by extension 'ignore'
[0.240s] Level 1:colcon.colcon_core.package_identification:_identify(launchtest) by extension 'ignore_ament_install'
[0.240s] Level 1:colcon.colcon_core.package_identification:_identify(launchtest) by extensions ['colcon_pkg']
[0.240s] Level 1:colcon.colcon_core.package_identification:_identify(launchtest) by extension 'colcon_pkg'
[0.240s] Level 1:colcon.colcon_core.package_identification:_identify(launchtest) by extensions ['colcon_meta']
[0.240s] Level 1:colcon.colcon_core.package_identification:_identify(launchtest) by extension 'colcon_meta'
[0.240s] Level 1:colcon.colcon_core.package_identification:_identify(launchtest) by extensions ['ros']
[0.240s] Level 1:colcon.colcon_core.package_identification:_identify(launchtest) by extension 'ros'
[0.241s] DEBUG:colcon.colcon_core.package_identification:Package 'launchtest' with type 'ros.ament_python' and name 'launchtest'
[0.241s] Level 1:colcon.colcon_core.package_identification:_identify(line_follow) by extensions ['ignore', 'ignore_ament_install']
[0.241s] Level 1:colcon.colcon_core.package_identification:_identify(line_follow) by extension 'ignore'
[0.241s] Level 1:colcon.colcon_core.package_identification:_identify(line_follow) by extension 'ignore_ament_install'
[0.241s] Level 1:colcon.colcon_core.package_identification:_identify(line_follow) by extensions ['colcon_pkg']
[0.241s] Level 1:colcon.colcon_core.package_identification:_identify(line_follow) by extension 'colcon_pkg'
[0.241s] Level 1:colcon.colcon_core.package_identification:_identify(line_follow) by extensions ['colcon_meta']
[0.241s] Level 1:colcon.colcon_core.package_identification:_identify(line_follow) by extension 'colcon_meta'
[0.241s] Level 1:colcon.colcon_core.package_identification:_identify(line_follow) by extensions ['ros']
[0.241s] Level 1:colcon.colcon_core.package_identification:_identify(line_follow) by extension 'ros'
[0.241s] DEBUG:colcon.colcon_core.package_identification:Package 'line_follow' with type 'ros.ament_python' and name 'line_follow'
[0.241s] Level 1:colcon.colcon_core.package_identification:_identify(log) by extensions ['ignore', 'ignore_ament_install']
[0.241s] Level 1:colcon.colcon_core.package_identification:_identify(log) by extension 'ignore'
[0.241s] Level 1:colcon.colcon_core.package_identification:_identify(log) ignored
[0.241s] Level 1:colcon.colcon_core.package_identification:_identify(nav_to_pose) by extensions ['ignore', 'ignore_ament_install']
[0.242s] Level 1:colcon.colcon_core.package_identification:_identify(nav_to_pose) by extension 'ignore'
[0.242s] Level 1:colcon.colcon_core.package_identification:_identify(nav_to_pose) by extension 'ignore_ament_install'
[0.242s] Level 1:colcon.colcon_core.package_identification:_identify(nav_to_pose) by extensions ['colcon_pkg']
[0.242s] Level 1:colcon.colcon_core.package_identification:_identify(nav_to_pose) by extension 'colcon_pkg'
[0.242s] Level 1:colcon.colcon_core.package_identification:_identify(nav_to_pose) by extensions ['colcon_meta']
[0.242s] Level 1:colcon.colcon_core.package_identification:_identify(nav_to_pose) by extension 'colcon_meta'
[0.242s] Level 1:colcon.colcon_core.package_identification:_identify(nav_to_pose) by extensions ['ros']
[0.242s] Level 1:colcon.colcon_core.package_identification:_identify(nav_to_pose) by extension 'ros'
[0.242s] DEBUG:colcon.colcon_core.package_identification:Package 'nav_to_pose' with type 'ros.ament_python' and name 'nav_to_pose'
[0.242s] Level 1:colcon.colcon_core.package_identification:_identify(openslam_gmapping) by extensions ['ignore', 'ignore_ament_install']
[0.242s] Level 1:colcon.colcon_core.package_identification:_identify(openslam_gmapping) by extension 'ignore'
[0.242s] Level 1:colcon.colcon_core.package_identification:_identify(openslam_gmapping) by extension 'ignore_ament_install'
[0.242s] Level 1:colcon.colcon_core.package_identification:_identify(openslam_gmapping) by extensions ['colcon_pkg']
[0.242s] Level 1:colcon.colcon_core.package_identification:_identify(openslam_gmapping) by extension 'colcon_pkg'
[0.242s] Level 1:colcon.colcon_core.package_identification:_identify(openslam_gmapping) by extensions ['colcon_meta']
[0.242s] Level 1:colcon.colcon_core.package_identification:_identify(openslam_gmapping) by extension 'colcon_meta'
[0.242s] Level 1:colcon.colcon_core.package_identification:_identify(openslam_gmapping) by extensions ['ros']
[0.242s] Level 1:colcon.colcon_core.package_identification:_identify(openslam_gmapping) by extension 'ros'
[0.243s] DEBUG:colcon.colcon_core.package_identification:Package 'openslam_gmapping' with type 'ros.ament_cmake' and name 'openslam_gmapping'
[0.243s] Level 1:colcon.colcon_core.package_identification:_identify(parking_picture) by extensions ['ignore', 'ignore_ament_install']
[0.243s] Level 1:colcon.colcon_core.package_identification:_identify(parking_picture) by extension 'ignore'
[0.243s] Level 1:colcon.colcon_core.package_identification:_identify(parking_picture) by extension 'ignore_ament_install'
[0.243s] Level 1:colcon.colcon_core.package_identification:_identify(parking_picture) by extensions ['colcon_pkg']
[0.243s] Level 1:colcon.colcon_core.package_identification:_identify(parking_picture) by extension 'colcon_pkg'
[0.243s] Level 1:colcon.colcon_core.package_identification:_identify(parking_picture) by extensions ['colcon_meta']
[0.243s] Level 1:colcon.colcon_core.package_identification:_identify(parking_picture) by extension 'colcon_meta'
[0.243s] Level 1:colcon.colcon_core.package_identification:_identify(parking_picture) by extensions ['ros']
[0.243s] Level 1:colcon.colcon_core.package_identification:_identify(parking_picture) by extension 'ros'
[0.243s] Level 1:colcon.colcon_core.package_identification:_identify(parking_picture) by extensions ['cmake', 'python']
[0.243s] Level 1:colcon.colcon_core.package_identification:_identify(parking_picture) by extension 'cmake'
[0.243s] Level 1:colcon.colcon_core.package_identification:_identify(parking_picture) by extension 'python'
[0.243s] Level 1:colcon.colcon_core.package_identification:_identify(parking_picture) by extensions ['python_setup_py']
[0.243s] Level 1:colcon.colcon_core.package_identification:_identify(parking_picture) by extension 'python_setup_py'
[0.243s] Level 1:colcon.colcon_core.package_identification:_identify(slam_gmapping) by extensions ['ignore', 'ignore_ament_install']
[0.243s] Level 1:colcon.colcon_core.package_identification:_identify(slam_gmapping) by extension 'ignore'
[0.243s] Level 1:colcon.colcon_core.package_identification:_identify(slam_gmapping) by extension 'ignore_ament_install'
[0.243s] Level 1:colcon.colcon_core.package_identification:_identify(slam_gmapping) by extensions ['colcon_pkg']
[0.243s] Level 1:colcon.colcon_core.package_identification:_identify(slam_gmapping) by extension 'colcon_pkg'
[0.243s] Level 1:colcon.colcon_core.package_identification:_identify(slam_gmapping) by extensions ['colcon_meta']
[0.243s] Level 1:colcon.colcon_core.package_identification:_identify(slam_gmapping) by extension 'colcon_meta'
[0.243s] Level 1:colcon.colcon_core.package_identification:_identify(slam_gmapping) by extensions ['ros']
[0.243s] Level 1:colcon.colcon_core.package_identification:_identify(slam_gmapping) by extension 'ros'
[0.244s] DEBUG:colcon.colcon_core.package_identification:Package 'slam_gmapping' with type 'ros.ament_cmake' and name 'slam_gmapping'
[0.244s] Level 1:colcon.colcon_core.package_identification:_identify(traffic_light) by extensions ['ignore', 'ignore_ament_install']
[0.244s] Level 1:colcon.colcon_core.package_identification:_identify(traffic_light) by extension 'ignore'
[0.245s] Level 1:colcon.colcon_core.package_identification:_identify(traffic_light) by extension 'ignore_ament_install'
[0.245s] Level 1:colcon.colcon_core.package_identification:_identify(traffic_light) by extensions ['colcon_pkg']
[0.245s] Level 1:colcon.colcon_core.package_identification:_identify(traffic_light) by extension 'colcon_pkg'
[0.245s] Level 1:colcon.colcon_core.package_identification:_identify(traffic_light) by extensions ['colcon_meta']
[0.245s] Level 1:colcon.colcon_core.package_identification:_identify(traffic_light) by extension 'colcon_meta'
[0.245s] Level 1:colcon.colcon_core.package_identification:_identify(traffic_light) by extensions ['ros']
[0.245s] Level 1:colcon.colcon_core.package_identification:_identify(traffic_light) by extension 'ros'
[0.245s] DEBUG:colcon.colcon_core.package_identification:Package 'traffic_light' with type 'ros.ament_python' and name 'traffic_light'
[0.245s] Level 1:colcon.colcon_core.package_discovery:discover_packages(recursive) using defaults
[0.245s] Level 1:colcon.colcon_core.package_discovery:discover_packages(ignore) discover
[0.245s] Level 1:colcon.colcon_core.package_discovery:discover_packages(ignore) using defaults
[0.245s] Level 1:colcon.colcon_core.package_discovery:discover_packages(path) discover
[0.245s] Level 1:colcon.colcon_core.package_discovery:discover_packages(path) using defaults
[0.285s] Level 1:colcon.colcon_core.package_discovery:discover_packages(prefix_path) check parameters
[0.285s] Level 1:colcon.colcon_core.package_discovery:discover_packages(prefix_path) discover
[0.287s] DEBUG:colcon.colcon_installed_package_information.package_discovery:Found 9 installed packages in /home/liu/ros/rosAndGit/GitHub/ROS2-test-codes-von-M-U/install
[0.289s] DEBUG:colcon.colcon_installed_package_information.package_discovery:Found 410 installed packages in /opt/ros/humble
[0.290s] Level 1:colcon.colcon_core.package_discovery:discover_packages(prefix_path) using defaults
[0.329s] Level 5:colcon.colcon_core.verb:set package 'control' build argument 'cmake_args' from command line to 'None'
[0.329s] Level 5:colcon.colcon_core.verb:set package 'control' build argument 'cmake_target' from command line to 'None'
[0.329s] Level 5:colcon.colcon_core.verb:set package 'control' build argument 'cmake_target_skip_unavailable' from command line to 'False'
[0.329s] Level 5:colcon.colcon_core.verb:set package 'control' build argument 'cmake_clean_cache' from command line to 'False'
[0.329s] Level 5:colcon.colcon_core.verb:set package 'control' build argument 'cmake_clean_first' from command line to 'False'
[0.329s] Level 5:colcon.colcon_core.verb:set package 'control' build argument 'cmake_force_configure' from command line to 'False'
[0.329s] Level 5:colcon.colcon_core.verb:set package 'control' build argument 'ament_cmake_args' from command line to 'None'
[0.329s] Level 5:colcon.colcon_core.verb:set package 'control' build argument 'catkin_cmake_args' from command line to 'None'
[0.329s] Level 5:colcon.colcon_core.verb:set package 'control' build argument 'catkin_skip_building_tests' from command line to 'False'
[0.329s] DEBUG:colcon.colcon_core.verb:Building package 'control' with the following arguments: {'ament_cmake_args': None, 'build_base': '/home/liu/ros/rosAndGit/GitHub/ROS2-test-codes-von-M-U/build/control', 'catkin_cmake_args': None, 'catkin_skip_building_tests': False, 'cmake_args': None, 'cmake_clean_cache': False, 'cmake_clean_first': False, 'cmake_force_configure': False, 'cmake_target': None, 'cmake_target_skip_unavailable': False, 'install_base': '/home/liu/ros/rosAndGit/GitHub/ROS2-test-codes-von-M-U/install/control', 'merge_install': False, 'path': '/home/liu/ros/rosAndGit/GitHub/ROS2-test-codes-von-M-U/control', 'symlink_install': False, 'test_result_base': None}
[0.330s] Level 5:colcon.colcon_core.verb:set package 'detect_level' build argument 'cmake_args' from command line to 'None'
[0.330s] Level 5:colcon.colcon_core.verb:set package 'detect_level' build argument 'cmake_target' from command line to 'None'
[0.330s] Level 5:colcon.colcon_core.verb:set package 'detect_level' build argument 'cmake_target_skip_unavailable' from command line to 'False'
[0.330s] Level 5:colcon.colcon_core.verb:set package 'detect_level' build argument 'cmake_clean_cache' from command line to 'False'
[0.330s] Level 5:colcon.colcon_core.verb:set package 'detect_level' build argument 'cmake_clean_first' from command line to 'False'
[0.330s] Level 5:colcon.colcon_core.verb:set package 'detect_level' build argument 'cmake_force_configure' from command line to 'False'
[0.330s] Level 5:colcon.colcon_core.verb:set package 'detect_level' build argument 'ament_cmake_args' from command line to 'None'
[0.330s] Level 5:colcon.colcon_core.verb:set package 'detect_level' build argument 'catkin_cmake_args' from command line to 'None'
[0.330s] Level 5:colcon.colcon_core.verb:set package 'detect_level' build argument 'catkin_skip_building_tests' from command line to 'False'
[0.330s] DEBUG:colcon.colcon_core.verb:Building package 'detect_level' with the following arguments: {'ament_cmake_args': None, 'build_base': '/home/liu/ros/rosAndGit/GitHub/ROS2-test-codes-von-M-U/build/detect_level', 'catkin_cmake_args': None, 'catkin_skip_building_tests': False, 'cmake_args': None, 'cmake_clean_cache': False, 'cmake_clean_first': False, 'cmake_force_configure': False, 'cmake_target': None, 'cmake_target_skip_unavailable': False, 'install_base': '/home/liu/ros/rosAndGit/GitHub/ROS2-test-codes-von-M-U/install/detect_level', 'merge_install': False, 'path': '/home/liu/ros/rosAndGit/GitHub/ROS2-test-codes-von-M-U/detect_level', 'symlink_install': False, 'test_result_base': None}
[0.330s] Level 5:colcon.colcon_core.verb:set package 'detect_sign' build argument 'cmake_args' from command line to 'None'
[0.330s] Level 5:colcon.colcon_core.verb:set package 'detect_sign' build argument 'cmake_target' from command line to 'None'
[0.330s] Level 5:colcon.colcon_core.verb:set package 'detect_sign' build argument 'cmake_target_skip_unavailable' from command line to 'False'
[0.330s] Level 5:colcon.colcon_core.verb:set package 'detect_sign' build argument 'cmake_clean_cache' from command line to 'False'
[0.330s] Level 5:colcon.colcon_core.verb:set package 'detect_sign' build argument 'cmake_clean_first' from command line to 'False'
[0.330s] Level 5:colcon.colcon_core.verb:set package 'detect_sign' build argument 'cmake_force_configure' from command line to 'False'
[0.330s] Level 5:colcon.colcon_core.verb:set package 'detect_sign' build argument 'ament_cmake_args' from command line to 'None'
[0.330s] Level 5:colcon.colcon_core.verb:set package 'detect_sign' build argument 'catkin_cmake_args' from command line to 'None'
[0.330s] Level 5:colcon.colcon_core.verb:set package 'detect_sign' build argument 'catkin_skip_building_tests' from command line to 'False'
[0.330s] DEBUG:colcon.colcon_core.verb:Building package 'detect_sign' with the following arguments: {'ament_cmake_args': None, 'build_base': '/home/liu/ros/rosAndGit/GitHub/ROS2-test-codes-von-M-U/build/detect_sign', 'catkin_cmake_args': None, 'catkin_skip_building_tests': False, 'cmake_args': None, 'cmake_clean_cache': False, 'cmake_clean_first': False, 'cmake_force_configure': False, 'cmake_target': None, 'cmake_target_skip_unavailable': False, 'install_base': '/home/liu/ros/rosAndGit/GitHub/ROS2-test-codes-von-M-U/install/detect_sign', 'merge_install': False, 'path': '/home/liu/ros/rosAndGit/GitHub/ROS2-test-codes-von-M-U/detect_sign', 'symlink_install': False, 'test_result_base': None}
[0.331s] Level 5:colcon.colcon_core.verb:set package 'launchtest' build argument 'cmake_args' from command line to 'None'
[0.331s] Level 5:colcon.colcon_core.verb:set package 'launchtest' build argument 'cmake_target' from command line to 'None'
[0.331s] Level 5:colcon.colcon_core.verb:set package 'launchtest' build argument 'cmake_target_skip_unavailable' from command line to 'False'
[0.331s] Level 5:colcon.colcon_core.verb:set package 'launchtest' build argument 'cmake_clean_cache' from command line to 'False'
[0.331s] Level 5:colcon.colcon_core.verb:set package 'launchtest' build argument 'cmake_clean_first' from command line to 'False'
[0.331s] Level 5:colcon.colcon_core.verb:set package 'launchtest' build argument 'cmake_force_configure' from command line to 'False'
[0.331s] Level 5:colcon.colcon_core.verb:set package 'launchtest' build argument 'ament_cmake_args' from command line to 'None'
[0.331s] Level 5:colcon.colcon_core.verb:set package 'launchtest' build argument 'catkin_cmake_args' from command line to 'None'
[0.331s] Level 5:colcon.colcon_core.verb:set package 'launchtest' build argument 'catkin_skip_building_tests' from command line to 'False'
[0.331s] DEBUG:colcon.colcon_core.verb:Building package 'launchtest' with the following arguments: {'ament_cmake_args': None, 'build_base': '/home/liu/ros/rosAndGit/GitHub/ROS2-test-codes-von-M-U/build/launchtest', 'catkin_cmake_args': None, 'catkin_skip_building_tests': False, 'cmake_args': None, 'cmake_clean_cache': False, 'cmake_clean_first': False, 'cmake_force_configure': False, 'cmake_target': None, 'cmake_target_skip_unavailable': False, 'install_base': '/home/liu/ros/rosAndGit/GitHub/ROS2-test-codes-von-M-U/install/launchtest', 'merge_install': False, 'path': '/home/liu/ros/rosAndGit/GitHub/ROS2-test-codes-von-M-U/launchtest', 'symlink_install': False, 'test_result_base': None}
[0.331s] Level 5:colcon.colcon_core.verb:set package 'line_follow' build argument 'cmake_args' from command line to 'None'
[0.331s] Level 5:colcon.colcon_core.verb:set package 'line_follow' build argument 'cmake_target' from command line to 'None'
[0.331s] Level 5:colcon.colcon_core.verb:set package 'line_follow' build argument 'cmake_target_skip_unavailable' from command line to 'False'
[0.331s] Level 5:colcon.colcon_core.verb:set package 'line_follow' build argument 'cmake_clean_cache' from command line to 'False'
[0.331s] Level 5:colcon.colcon_core.verb:set package 'line_follow' build argument 'cmake_clean_first' from command line to 'False'
[0.331s] Level 5:colcon.colcon_core.verb:set package 'line_follow' build argument 'cmake_force_configure' from command line to 'False'
[0.331s] Level 5:colcon.colcon_core.verb:set package 'line_follow' build argument 'ament_cmake_args' from command line to 'None'
[0.331s] Level 5:colcon.colcon_core.verb:set package 'line_follow' build argument 'catkin_cmake_args' from command line to 'None'
[0.331s] Level 5:colcon.colcon_core.verb:set package 'line_follow' build argument 'catkin_skip_building_tests' from command line to 'False'
[0.331s] DEBUG:colcon.colcon_core.verb:Building package 'line_follow' with the following arguments: {'ament_cmake_args': None, 'build_base': '/home/liu/ros/rosAndGit/GitHub/ROS2-test-codes-von-M-U/build/line_follow', 'catkin_cmake_args': None, 'catkin_skip_building_tests': False, 'cmake_args': None, 'cmake_clean_cache': False, 'cmake_clean_first': False, 'cmake_force_configure': False, 'cmake_target': None, 'cmake_target_skip_unavailable': False, 'install_base': '/home/liu/ros/rosAndGit/GitHub/ROS2-test-codes-von-M-U/install/line_follow', 'merge_install': False, 'path': '/home/liu/ros/rosAndGit/GitHub/ROS2-test-codes-von-M-U/line_follow', 'symlink_install': False, 'test_result_base': None}
[0.331s] Level 5:colcon.colcon_core.verb:set package 'nav_to_pose' build argument 'cmake_args' from command line to 'None'
[0.331s] Level 5:colcon.colcon_core.verb:set package 'nav_to_pose' build argument 'cmake_target' from command line to 'None'
[0.331s] Level 5:colcon.colcon_core.verb:set package 'nav_to_pose' build argument 'cmake_target_skip_unavailable' from command line to 'False'
[0.331s] Level 5:colcon.colcon_core.verb:set package 'nav_to_pose' build argument 'cmake_clean_cache' from command line to 'False'
[0.331s] Level 5:colcon.colcon_core.verb:set package 'nav_to_pose' build argument 'cmake_clean_first' from command line to 'False'
[0.331s] Level 5:colcon.colcon_core.verb:set package 'nav_to_pose' build argument 'cmake_force_configure' from command line to 'False'
[0.331s] Level 5:colcon.colcon_core.verb:set package 'nav_to_pose' build argument 'ament_cmake_args' from command line to 'None'
[0.331s] Level 5:colcon.colcon_core.verb:set package 'nav_to_pose' build argument 'catkin_cmake_args' from command line to 'None'
[0.331s] Level 5:colcon.colcon_core.verb:set package 'nav_to_pose' build argument 'catkin_skip_building_tests' from command line to 'False'
[0.331s] DEBUG:colcon.colcon_core.verb:Building package 'nav_to_pose' with the following arguments: {'ament_cmake_args': None, 'build_base': '/home/liu/ros/rosAndGit/GitHub/ROS2-test-codes-von-M-U/build/nav_to_pose', 'catkin_cmake_args': None, 'catkin_skip_building_tests': False, 'cmake_args': None, 'cmake_clean_cache': False, 'cmake_clean_first': False, 'cmake_force_configure': False, 'cmake_target': None, 'cmake_target_skip_unavailable': False, 'install_base': '/home/liu/ros/rosAndGit/GitHub/ROS2-test-codes-von-M-U/install/nav_to_pose', 'merge_install': False, 'path': '/home/liu/ros/rosAndGit/GitHub/ROS2-test-codes-von-M-U/nav_to_pose', 'symlink_install': False, 'test_result_base': None}
[0.332s] Level 5:colcon.colcon_core.verb:set package 'openslam_gmapping' build argument 'cmake_args' from command line to 'None'
[0.332s] Level 5:colcon.colcon_core.verb:set package 'openslam_gmapping' build argument 'cmake_target' from command line to 'None'
[0.332s] Level 5:colcon.colcon_core.verb:set package 'openslam_gmapping' build argument 'cmake_target_skip_unavailable' from command line to 'False'
[0.332s] Level 5:colcon.colcon_core.verb:set package 'openslam_gmapping' build argument 'cmake_clean_cache' from command line to 'False'
[0.332s] Level 5:colcon.colcon_core.verb:set package 'openslam_gmapping' build argument 'cmake_clean_first' from command line to 'False'
[0.332s] Level 5:colcon.colcon_core.verb:set package 'openslam_gmapping' build argument 'cmake_force_configure' from command line to 'False'
[0.332s] Level 5:colcon.colcon_core.verb:set package 'openslam_gmapping' build argument 'ament_cmake_args' from command line to 'None'
[0.332s] Level 5:colcon.colcon_core.verb:set package 'openslam_gmapping' build argument 'catkin_cmake_args' from command line to 'None'
[0.332s] Level 5:colcon.colcon_core.verb:set package 'openslam_gmapping' build argument 'catkin_skip_building_tests' from command line to 'False'
[0.332s] DEBUG:colcon.colcon_core.verb:Building package 'openslam_gmapping' with the following arguments: {'ament_cmake_args': None, 'build_base': '/home/liu/ros/rosAndGit/GitHub/ROS2-test-codes-von-M-U/build/openslam_gmapping', 'catkin_cmake_args': None, 'catkin_skip_building_tests': False, 'cmake_args': None, 'cmake_clean_cache': False, 'cmake_clean_first': False, 'cmake_force_configure': False, 'cmake_target': None, 'cmake_target_skip_unavailable': False, 'install_base': '/home/liu/ros/rosAndGit/GitHub/ROS2-test-codes-von-M-U/install/openslam_gmapping', 'merge_install': False, 'path': '/home/liu/ros/rosAndGit/GitHub/ROS2-test-codes-von-M-U/openslam_gmapping', 'symlink_install': False, 'test_result_base': None}
[0.332s] Level 5:colcon.colcon_core.verb:set package 'traffic_light' build argument 'cmake_args' from command line to 'None'
[0.332s] Level 5:colcon.colcon_core.verb:set package 'traffic_light' build argument 'cmake_target' from command line to 'None'
[0.332s] Level 5:colcon.colcon_core.verb:set package 'traffic_light' build argument 'cmake_target_skip_unavailable' from command line to 'False'
[0.332s] Level 5:colcon.colcon_core.verb:set package 'traffic_light' build argument 'cmake_clean_cache' from command line to 'False'
[0.332s] Level 5:colcon.colcon_core.verb:set package 'traffic_light' build argument 'cmake_clean_first' from command line to 'False'
[0.332s] Level 5:colcon.colcon_core.verb:set package 'traffic_light' build argument 'cmake_force_configure' from command line to 'False'
[0.332s] Level 5:colcon.colcon_core.verb:set package 'traffic_light' build argument 'ament_cmake_args' from command line to 'None'
[0.332s] Level 5:colcon.colcon_core.verb:set package 'traffic_light' build argument 'catkin_cmake_args' from command line to 'None'
[0.332s] Level 5:colcon.colcon_core.verb:set package 'traffic_light' build argument 'catkin_skip_building_tests' from command line to 'False'
[0.332s] DEBUG:colcon.colcon_core.verb:Building package 'traffic_light' with the following arguments: {'ament_cmake_args': None, 'build_base': '/home/liu/ros/rosAndGit/GitHub/ROS2-test-codes-von-M-U/build/traffic_light', 'catkin_cmake_args': None, 'catkin_skip_building_tests': False, 'cmake_args': None, 'cmake_clean_cache': False, 'cmake_clean_first': False, 'cmake_force_configure': False, 'cmake_target': None, 'cmake_target_skip_unavailable': False, 'install_base': '/home/liu/ros/rosAndGit/GitHub/ROS2-test-codes-von-M-U/install/traffic_light', 'merge_install': False, 'path': '/home/liu/ros/rosAndGit/GitHub/ROS2-test-codes-von-M-U/traffic_light', 'symlink_install': False, 'test_result_base': None}
[0.332s] Level 5:colcon.colcon_core.verb:set package 'slam_gmapping' build argument 'cmake_args' from command line to 'None'
[0.332s] Level 5:colcon.colcon_core.verb:set package 'slam_gmapping' build argument 'cmake_target' from command line to 'None'
[0.332s] Level 5:colcon.colcon_core.verb:set package 'slam_gmapping' build argument 'cmake_target_skip_unavailable' from command line to 'False'
[0.332s] Level 5:colcon.colcon_core.verb:set package 'slam_gmapping' build argument 'cmake_clean_cache' from command line to 'False'
[0.332s] Level 5:colcon.colcon_core.verb:set package 'slam_gmapping' build argument 'cmake_clean_first' from command line to 'False'
[0.332s] Level 5:colcon.colcon_core.verb:set package 'slam_gmapping' build argument 'cmake_force_configure' from command line to 'False'
[0.332s] Level 5:colcon.colcon_core.verb:set package 'slam_gmapping' build argument 'ament_cmake_args' from command line to 'None'
[0.333s] Level 5:colcon.colcon_core.verb:set package 'slam_gmapping' build argument 'catkin_cmake_args' from command line to 'None'
[0.333s] Level 5:colcon.colcon_core.verb:set package 'slam_gmapping' build argument 'catkin_skip_building_tests' from command line to 'False'
[0.333s] DEBUG:colcon.colcon_core.verb:Building package 'slam_gmapping' with the following arguments: {'ament_cmake_args': None, 'build_base': '/home/liu/ros/rosAndGit/GitHub/ROS2-test-codes-von-M-U/build/slam_gmapping', 'catkin_cmake_args': None, 'catkin_skip_building_tests': False, 'cmake_args': None, 'cmake_clean_cache': False, 'cmake_clean_first': False, 'cmake_force_configure': False, 'cmake_target': None, 'cmake_target_skip_unavailable': False, 'install_base': '/home/liu/ros/rosAndGit/GitHub/ROS2-test-codes-von-M-U/install/slam_gmapping', 'merge_install': False, 'path': '/home/liu/ros/rosAndGit/GitHub/ROS2-test-codes-von-M-U/slam_gmapping', 'symlink_install': False, 'test_result_base': None}
[0.333s] INFO:colcon.colcon_core.executor:Executing jobs using 'parallel' executor
[0.334s] DEBUG:colcon.colcon_parallel_executor.executor.parallel:run_until_complete
[0.334s] INFO:colcon.colcon_ros.task.ament_cmake.build:Building ROS package in '/home/liu/ros/rosAndGit/GitHub/ROS2-test-codes-von-M-U/openslam_gmapping' with build type 'ament_cmake'
[0.334s] INFO:colcon.colcon_cmake.task.cmake.build:Building CMake package in '/home/liu/ros/rosAndGit/GitHub/ROS2-test-codes-von-M-U/openslam_gmapping'
[0.336s] INFO:colcon.colcon_core.plugin_system:Skipping extension 'colcon_core.shell.bat': Not used on non-Windows systems
[0.336s] INFO:colcon.colcon_core.shell:Skip shell extension 'powershell' for command environment: Not usable outside of PowerShell
[0.336s] DEBUG:colcon.colcon_core.shell:Skip shell extension 'dsv' for command environment
[0.341s] INFO:colcon.colcon_ros.task.ament_python.build:Building ROS package in '/home/liu/ros/rosAndGit/GitHub/ROS2-test-codes-von-M-U/control' with build type 'ament_python'
[0.341s] Level 1:colcon.colcon_core.shell:create_environment_hook('control', 'ament_prefix_path')
[0.341s] INFO:colcon.colcon_core.shell:Creating environment hook '/home/liu/ros/rosAndGit/GitHub/ROS2-test-codes-von-M-U/install/control/share/control/hook/ament_prefix_path.ps1'
[0.342s] INFO:colcon.colcon_core.shell:Creating environment descriptor '/home/liu/ros/rosAndGit/GitHub/ROS2-test-codes-von-M-U/install/control/share/control/hook/ament_prefix_path.dsv'
[0.342s] INFO:colcon.colcon_core.shell:Creating environment hook '/home/liu/ros/rosAndGit/GitHub/ROS2-test-codes-von-M-U/install/control/share/control/hook/ament_prefix_path.sh'
[0.343s] INFO:colcon.colcon_core.shell:Skip shell extension 'powershell' for command environment: Not usable outside of PowerShell
[0.343s] DEBUG:colcon.colcon_core.shell:Skip shell extension 'dsv' for command environment
[0.347s] INFO:colcon.colcon_ros.task.ament_python.build:Building ROS package in '/home/liu/ros/rosAndGit/GitHub/ROS2-test-codes-von-M-U/detect_level' with build type 'ament_python'
[0.347s] Level 1:colcon.colcon_core.shell:create_environment_hook('detect_level', 'ament_prefix_path')
[0.347s] INFO:colcon.colcon_core.shell:Creating environment hook '/home/liu/ros/rosAndGit/GitHub/ROS2-test-codes-von-M-U/install/detect_level/share/detect_level/hook/ament_prefix_path.ps1'
[0.348s] INFO:colcon.colcon_core.shell:Creating environment descriptor '/home/liu/ros/rosAndGit/GitHub/ROS2-test-codes-von-M-U/install/detect_level/share/detect_level/hook/ament_prefix_path.dsv'
[0.348s] INFO:colcon.colcon_core.shell:Creating environment hook '/home/liu/ros/rosAndGit/GitHub/ROS2-test-codes-von-M-U/install/detect_level/share/detect_level/hook/ament_prefix_path.sh'
[0.349s] INFO:colcon.colcon_core.shell:Skip shell extension 'powershell' for command environment: Not usable outside of PowerShell
[0.349s] DEBUG:colcon.colcon_core.shell:Skip shell extension 'dsv' for command environment
[0.356s] INFO:colcon.colcon_ros.task.ament_python.build:Building ROS package in '/home/liu/ros/rosAndGit/GitHub/ROS2-test-codes-von-M-U/detect_sign' with build type 'ament_python'
[0.357s] Level 1:colcon.colcon_core.shell:create_environment_hook('detect_sign', 'ament_prefix_path')
[0.357s] INFO:colcon.colcon_core.shell:Creating environment hook '/home/liu/ros/rosAndGit/GitHub/ROS2-test-codes-von-M-U/install/detect_sign/share/detect_sign/hook/ament_prefix_path.ps1'
[0.358s] INFO:colcon.colcon_core.shell:Creating environment descriptor '/home/liu/ros/rosAndGit/GitHub/ROS2-test-codes-von-M-U/install/detect_sign/share/detect_sign/hook/ament_prefix_path.dsv'
[0.358s] INFO:colcon.colcon_core.shell:Creating environment hook '/home/liu/ros/rosAndGit/GitHub/ROS2-test-codes-von-M-U/install/detect_sign/share/detect_sign/hook/ament_prefix_path.sh'
[0.359s] INFO:colcon.colcon_core.shell:Skip shell extension 'powershell' for command environment: Not usable outside of PowerShell
[0.359s] DEBUG:colcon.colcon_core.shell:Skip shell extension 'dsv' for command environment
[0.363s] INFO:colcon.colcon_ros.task.ament_python.build:Building ROS package in '/home/liu/ros/rosAndGit/GitHub/ROS2-test-codes-von-M-U/launchtest' with build type 'ament_python'
[0.364s] Level 1:colcon.colcon_core.shell:create_environment_hook('launchtest', 'ament_prefix_path')
[0.364s] INFO:colcon.colcon_core.shell:Creating environment hook '/home/liu/ros/rosAndGit/GitHub/ROS2-test-codes-von-M-U/install/launchtest/share/launchtest/hook/ament_prefix_path.ps1'
[0.365s] INFO:colcon.colcon_core.shell:Creating environment descriptor '/home/liu/ros/rosAndGit/GitHub/ROS2-test-codes-von-M-U/install/launchtest/share/launchtest/hook/ament_prefix_path.dsv'
[0.365s] INFO:colcon.colcon_core.shell:Creating environment hook '/home/liu/ros/rosAndGit/GitHub/ROS2-test-codes-von-M-U/install/launchtest/share/launchtest/hook/ament_prefix_path.sh'
[0.366s] INFO:colcon.colcon_core.shell:Skip shell extension 'powershell' for command environment: Not usable outside of PowerShell
[0.366s] DEBUG:colcon.colcon_core.shell:Skip shell extension 'dsv' for command environment
[0.371s] INFO:colcon.colcon_ros.task.ament_python.build:Building ROS package in '/home/liu/ros/rosAndGit/GitHub/ROS2-test-codes-von-M-U/line_follow' with build type 'ament_python'
[0.371s] Level 1:colcon.colcon_core.shell:create_environment_hook('line_follow', 'ament_prefix_path')
[0.371s] INFO:colcon.colcon_core.shell:Creating environment hook '/home/liu/ros/rosAndGit/GitHub/ROS2-test-codes-von-M-U/install/line_follow/share/line_follow/hook/ament_prefix_path.ps1'
[0.372s] INFO:colcon.colcon_core.shell:Creating environment descriptor '/home/liu/ros/rosAndGit/GitHub/ROS2-test-codes-von-M-U/install/line_follow/share/line_follow/hook/ament_prefix_path.dsv'
[0.372s] INFO:colcon.colcon_core.shell:Creating environment hook '/home/liu/ros/rosAndGit/GitHub/ROS2-test-codes-von-M-U/install/line_follow/share/line_follow/hook/ament_prefix_path.sh'
[0.373s] INFO:colcon.colcon_core.shell:Skip shell extension 'powershell' for command environment: Not usable outside of PowerShell
[0.373s] DEBUG:colcon.colcon_core.shell:Skip shell extension 'dsv' for command environment
[0.377s] INFO:colcon.colcon_ros.task.ament_python.build:Building ROS package in '/home/liu/ros/rosAndGit/GitHub/ROS2-test-codes-von-M-U/nav_to_pose' with build type 'ament_python'
[0.377s] Level 1:colcon.colcon_core.shell:create_environment_hook('nav_to_pose', 'ament_prefix_path')
[0.378s] INFO:colcon.colcon_core.shell:Creating environment hook '/home/liu/ros/rosAndGit/GitHub/ROS2-test-codes-von-M-U/install/nav_to_pose/share/nav_to_pose/hook/ament_prefix_path.ps1'
[0.378s] INFO:colcon.colcon_core.shell:Creating environment descriptor '/home/liu/ros/rosAndGit/GitHub/ROS2-test-codes-von-M-U/install/nav_to_pose/share/nav_to_pose/hook/ament_prefix_path.dsv'
[0.379s] INFO:colcon.colcon_core.shell:Creating environment hook '/home/liu/ros/rosAndGit/GitHub/ROS2-test-codes-von-M-U/install/nav_to_pose/share/nav_to_pose/hook/ament_prefix_path.sh'
[0.379s] INFO:colcon.colcon_core.shell:Skip shell extension 'powershell' for command environment: Not usable outside of PowerShell
[0.379s] DEBUG:colcon.colcon_core.shell:Skip shell extension 'dsv' for command environment
[0.384s] INFO:colcon.colcon_ros.task.ament_python.build:Building ROS package in '/home/liu/ros/rosAndGit/GitHub/ROS2-test-codes-von-M-U/traffic_light' with build type 'ament_python'
[0.385s] Level 1:colcon.colcon_core.shell:create_environment_hook('traffic_light', 'ament_prefix_path')
[0.385s] INFO:colcon.colcon_core.shell:Creating environment hook '/home/liu/ros/rosAndGit/GitHub/ROS2-test-codes-von-M-U/install/traffic_light/share/traffic_light/hook/ament_prefix_path.ps1'
[0.385s] INFO:colcon.colcon_core.shell:Creating environment descriptor '/home/liu/ros/rosAndGit/GitHub/ROS2-test-codes-von-M-U/install/traffic_light/share/traffic_light/hook/ament_prefix_path.dsv'
[0.386s] INFO:colcon.colcon_core.shell:Creating environment hook '/home/liu/ros/rosAndGit/GitHub/ROS2-test-codes-von-M-U/install/traffic_light/share/traffic_light/hook/ament_prefix_path.sh'
[0.386s] INFO:colcon.colcon_core.shell:Skip shell extension 'powershell' for command environment: Not usable outside of PowerShell
[0.386s] DEBUG:colcon.colcon_core.shell:Skip shell extension 'dsv' for command environment
[0.400s] DEBUG:colcon.colcon_core.event_handler.log_command:Invoking command in '/home/liu/ros/rosAndGit/GitHub/ROS2-test-codes-von-M-U/build/openslam_gmapping': CMAKE_PREFIX_PATH=${CMAKE_PREFIX_PATH}:/home/liu/ros/rosAndGit/GitHub/ROS2-test-codes-von-M-U/install/traffic_light:/home/liu/ros/rosAndGit/GitHub/ROS2-test-codes-von-M-U/install/nav_to_pose:/home/liu/ros/rosAndGit/GitHub/ROS2-test-codes-von-M-U/install/line_follow:/home/liu/ros/rosAndGit/GitHub/ROS2-test-codes-von-M-U/install/launchtest:/home/liu/ros/rosAndGit/GitHub/ROS2-test-codes-von-M-U/install/detect_sign:/home/liu/ros/rosAndGit/GitHub/ROS2-test-codes-von-M-U/install/detect_level:/home/liu/ros/rosAndGit/GitHub/ROS2-test-codes-von-M-U/install/control:/opt/ros/humble /usr/bin/cmake --build /home/liu/ros/rosAndGit/GitHub/ROS2-test-codes-von-M-U/build/openslam_gmapping -- -j16 -l16
[0.638s] INFO:colcon.colcon_core.task.python.build:Building Python package in '/home/liu/ros/rosAndGit/GitHub/ROS2-test-codes-von-M-U/control'
[0.638s] INFO:colcon.colcon_core.shell:Skip shell extension 'powershell' for command environment: Not usable outside of PowerShell
[0.638s] DEBUG:colcon.colcon_core.shell:Skip shell extension 'dsv' for command environment
[0.892s] INFO:colcon.colcon_core.task.python.build:Building Python package in '/home/liu/ros/rosAndGit/GitHub/ROS2-test-codes-von-M-U/detect_level'
[0.892s] INFO:colcon.colcon_core.shell:Skip shell extension 'powershell' for command environment: Not usable outside of PowerShell
[0.892s] DEBUG:colcon.colcon_core.shell:Skip shell extension 'dsv' for command environment
[1.079s] INFO:colcon.colcon_core.task.python.build:Building Python package in '/home/liu/ros/rosAndGit/GitHub/ROS2-test-codes-von-M-U/detect_sign'
[1.080s] INFO:colcon.colcon_core.shell:Skip shell extension 'powershell' for command environment: Not usable outside of PowerShell
[1.080s] DEBUG:colcon.colcon_core.shell:Skip shell extension 'dsv' for command environment
[1.242s] INFO:colcon.colcon_core.task.python.build:Building Python package in '/home/liu/ros/rosAndGit/GitHub/ROS2-test-codes-von-M-U/launchtest'
[1.243s] INFO:colcon.colcon_core.shell:Skip shell extension 'powershell' for command environment: Not usable outside of PowerShell
[1.243s] DEBUG:colcon.colcon_core.shell:Skip shell extension 'dsv' for command environment
[1.414s] INFO:colcon.colcon_core.task.python.build:Building Python package in '/home/liu/ros/rosAndGit/GitHub/ROS2-test-codes-von-M-U/line_follow'
[1.414s] INFO:colcon.colcon_core.shell:Skip shell extension 'powershell' for command environment: Not usable outside of PowerShell
[1.414s] DEBUG:colcon.colcon_core.shell:Skip shell extension 'dsv' for command environment
[1.586s] INFO:colcon.colcon_core.task.python.build:Building Python package in '/home/liu/ros/rosAndGit/GitHub/ROS2-test-codes-von-M-U/nav_to_pose'
[1.587s] INFO:colcon.colcon_core.shell:Skip shell extension 'powershell' for command environment: Not usable outside of PowerShell
[1.587s] DEBUG:colcon.colcon_core.shell:Skip shell extension 'dsv' for command environment
[1.593s] DEBUG:colcon.colcon_core.event_handler.log_command:Invoked command in '/home/liu/ros/rosAndGit/GitHub/ROS2-test-codes-von-M-U/build/openslam_gmapping' returned '0': CMAKE_PREFIX_PATH=${CMAKE_PREFIX_PATH}:/home/liu/ros/rosAndGit/GitHub/ROS2-test-codes-von-M-U/install/traffic_light:/home/liu/ros/rosAndGit/GitHub/ROS2-test-codes-von-M-U/install/nav_to_pose:/home/liu/ros/rosAndGit/GitHub/ROS2-test-codes-von-M-U/install/line_follow:/home/liu/ros/rosAndGit/GitHub/ROS2-test-codes-von-M-U/install/launchtest:/home/liu/ros/rosAndGit/GitHub/ROS2-test-codes-von-M-U/install/detect_sign:/home/liu/ros/rosAndGit/GitHub/ROS2-test-codes-von-M-U/install/detect_level:/home/liu/ros/rosAndGit/GitHub/ROS2-test-codes-von-M-U/install/control:/opt/ros/humble /usr/bin/cmake --build /home/liu/ros/rosAndGit/GitHub/ROS2-test-codes-von-M-U/build/openslam_gmapping -- -j16 -l16
[1.748s] INFO:colcon.colcon_core.task.python.build:Building Python package in '/home/liu/ros/rosAndGit/GitHub/ROS2-test-codes-von-M-U/traffic_light'
[1.749s] INFO:colcon.colcon_core.shell:Skip shell extension 'powershell' for command environment: Not usable outside of PowerShell
[1.749s] DEBUG:colcon.colcon_core.shell:Skip shell extension 'dsv' for command environment
[1.782s] DEBUG:colcon.colcon_core.event_handler.log_command:Invoking command in '/home/liu/ros/rosAndGit/GitHub/ROS2-test-codes-von-M-U/build/openslam_gmapping': CMAKE_PREFIX_PATH=${CMAKE_PREFIX_PATH}:/home/liu/ros/rosAndGit/GitHub/ROS2-test-codes-von-M-U/install/traffic_light:/home/liu/ros/rosAndGit/GitHub/ROS2-test-codes-von-M-U/install/nav_to_pose:/home/liu/ros/rosAndGit/GitHub/ROS2-test-codes-von-M-U/install/line_follow:/home/liu/ros/rosAndGit/GitHub/ROS2-test-codes-von-M-U/install/launchtest:/home/liu/ros/rosAndGit/GitHub/ROS2-test-codes-von-M-U/install/detect_sign:/home/liu/ros/rosAndGit/GitHub/ROS2-test-codes-von-M-U/install/detect_level:/home/liu/ros/rosAndGit/GitHub/ROS2-test-codes-von-M-U/install/control:/opt/ros/humble /usr/bin/cmake --install /home/liu/ros/rosAndGit/GitHub/ROS2-test-codes-von-M-U/build/openslam_gmapping
[1.795s] Level 1:colcon.colcon_core.environment:create_environment_scripts_only(openslam_gmapping)
[1.796s] DEBUG:colcon.colcon_core.event_handler.log_command:Invoked command in '/home/liu/ros/rosAndGit/GitHub/ROS2-test-codes-von-M-U/build/openslam_gmapping' returned '0': CMAKE_PREFIX_PATH=${CMAKE_PREFIX_PATH}:/home/liu/ros/rosAndGit/GitHub/ROS2-test-codes-von-M-U/install/traffic_light:/home/liu/ros/rosAndGit/GitHub/ROS2-test-codes-von-M-U/install/nav_to_pose:/home/liu/ros/rosAndGit/GitHub/ROS2-test-codes-von-M-U/install/line_follow:/home/liu/ros/rosAndGit/GitHub/ROS2-test-codes-von-M-U/install/launchtest:/home/liu/ros/rosAndGit/GitHub/ROS2-test-codes-von-M-U/install/detect_sign:/home/liu/ros/rosAndGit/GitHub/ROS2-test-codes-von-M-U/install/detect_level:/home/liu/ros/rosAndGit/GitHub/ROS2-test-codes-von-M-U/install/control:/opt/ros/humble /usr/bin/cmake --install /home/liu/ros/rosAndGit/GitHub/ROS2-test-codes-von-M-U/build/openslam_gmapping
[1.798s] Level 1:colcon.colcon_core.environment:checking '/home/liu/ros/rosAndGit/GitHub/ROS2-test-codes-von-M-U/install/openslam_gmapping' for CMake module files
[1.798s] Level 1:colcon.colcon_core.environment:checking '/home/liu/ros/rosAndGit/GitHub/ROS2-test-codes-von-M-U/install/openslam_gmapping' for CMake config files
[1.798s] Level 1:colcon.colcon_core.shell:create_environment_hook('openslam_gmapping', 'cmake_prefix_path')
[1.799s] INFO:colcon.colcon_core.shell:Creating environment hook '/home/liu/ros/rosAndGit/GitHub/ROS2-test-codes-von-M-U/install/openslam_gmapping/share/openslam_gmapping/hook/cmake_prefix_path.ps1'
[1.799s] INFO:colcon.colcon_core.shell:Creating environment descriptor '/home/liu/ros/rosAndGit/GitHub/ROS2-test-codes-von-M-U/install/openslam_gmapping/share/openslam_gmapping/hook/cmake_prefix_path.dsv'
[1.799s] INFO:colcon.colcon_core.shell:Creating environment hook '/home/liu/ros/rosAndGit/GitHub/ROS2-test-codes-von-M-U/install/openslam_gmapping/share/openslam_gmapping/hook/cmake_prefix_path.sh'
[1.800s] Level 1:colcon.colcon_core.environment:checking '/home/liu/ros/rosAndGit/GitHub/ROS2-test-codes-von-M-U/install/openslam_gmapping/lib'
[1.800s] Level 1:colcon.colcon_core.environment:checking '/home/liu/ros/rosAndGit/GitHub/ROS2-test-codes-von-M-U/install/openslam_gmapping/bin'
[1.800s] Level 1:colcon.colcon_core.environment:checking '/home/liu/ros/rosAndGit/GitHub/ROS2-test-codes-von-M-U/install/openslam_gmapping/lib/pkgconfig/openslam_gmapping.pc'
[1.801s] Level 1:colcon.colcon_core.environment:checking '/home/liu/ros/rosAndGit/GitHub/ROS2-test-codes-von-M-U/install/openslam_gmapping/lib/python3.10/site-packages'
[1.801s] Level 1:colcon.colcon_core.environment:checking '/home/liu/ros/rosAndGit/GitHub/ROS2-test-codes-von-M-U/install/openslam_gmapping/bin'
[1.801s] INFO:colcon.colcon_core.shell:Creating package script '/home/liu/ros/rosAndGit/GitHub/ROS2-test-codes-von-M-U/install/openslam_gmapping/share/openslam_gmapping/package.ps1'
[1.802s] INFO:colcon.colcon_core.shell:Creating package descriptor '/home/liu/ros/rosAndGit/GitHub/ROS2-test-codes-von-M-U/install/openslam_gmapping/share/openslam_gmapping/package.dsv'
[1.802s] INFO:colcon.colcon_core.shell:Creating package script '/home/liu/ros/rosAndGit/GitHub/ROS2-test-codes-von-M-U/install/openslam_gmapping/share/openslam_gmapping/package.sh'
[1.803s] INFO:colcon.colcon_core.shell:Creating package script '/home/liu/ros/rosAndGit/GitHub/ROS2-test-codes-von-M-U/install/openslam_gmapping/share/openslam_gmapping/package.bash'
[1.803s] INFO:colcon.colcon_core.shell:Creating package script '/home/liu/ros/rosAndGit/GitHub/ROS2-test-codes-von-M-U/install/openslam_gmapping/share/openslam_gmapping/package.zsh'
[1.804s] Level 1:colcon.colcon_core.environment:create_file_with_runtime_dependencies(/home/liu/ros/rosAndGit/GitHub/ROS2-test-codes-von-M-U/install/openslam_gmapping/share/colcon-core/packages/openslam_gmapping)
[1.829s] Level 1:colcon.colcon_core.environment:create_environment_scripts_only(openslam_gmapping)
[1.829s] Level 1:colcon.colcon_core.environment:checking '/home/liu/ros/rosAndGit/GitHub/ROS2-test-codes-von-M-U/install/openslam_gmapping' for CMake module files
[1.830s] Level 1:colcon.colcon_core.environment:checking '/home/liu/ros/rosAndGit/GitHub/ROS2-test-codes-von-M-U/install/openslam_gmapping' for CMake config files
[1.830s] Level 1:colcon.colcon_core.shell:create_environment_hook('openslam_gmapping', 'cmake_prefix_path')
[1.830s] INFO:colcon.colcon_core.shell:Creating environment hook '/home/liu/ros/rosAndGit/GitHub/ROS2-test-codes-von-M-U/install/openslam_gmapping/share/openslam_gmapping/hook/cmake_prefix_path.ps1'
[1.831s] INFO:colcon.colcon_core.shell:Creating environment descriptor '/home/liu/ros/rosAndGit/GitHub/ROS2-test-codes-von-M-U/install/openslam_gmapping/share/openslam_gmapping/hook/cmake_prefix_path.dsv'
[1.831s] INFO:colcon.colcon_core.shell:Creating environment hook '/home/liu/ros/rosAndGit/GitHub/ROS2-test-codes-von-M-U/install/openslam_gmapping/share/openslam_gmapping/hook/cmake_prefix_path.sh'
[1.831s] Level 1:colcon.colcon_core.environment:checking '/home/liu/ros/rosAndGit/GitHub/ROS2-test-codes-von-M-U/install/openslam_gmapping/lib'
[1.832s] Level 1:colcon.colcon_core.environment:checking '/home/liu/ros/rosAndGit/GitHub/ROS2-test-codes-von-M-U/install/openslam_gmapping/bin'
[1.832s] Level 1:colcon.colcon_core.environment:checking '/home/liu/ros/rosAndGit/GitHub/ROS2-test-codes-von-M-U/install/openslam_gmapping/lib/pkgconfig/openslam_gmapping.pc'
[1.832s] Level 1:colcon.colcon_core.environment:checking '/home/liu/ros/rosAndGit/GitHub/ROS2-test-codes-von-M-U/install/openslam_gmapping/lib/python3.10/site-packages'
[1.832s] Level 1:colcon.colcon_core.environment:checking '/home/liu/ros/rosAndGit/GitHub/ROS2-test-codes-von-M-U/install/openslam_gmapping/bin'
[1.832s] INFO:colcon.colcon_core.shell:Creating package script '/home/liu/ros/rosAndGit/GitHub/ROS2-test-codes-von-M-U/install/openslam_gmapping/share/openslam_gmapping/package.ps1'
[1.833s] INFO:colcon.colcon_core.shell:Creating package descriptor '/home/liu/ros/rosAndGit/GitHub/ROS2-test-codes-von-M-U/install/openslam_gmapping/share/openslam_gmapping/package.dsv'
[1.833s] INFO:colcon.colcon_core.shell:Creating package script '/home/liu/ros/rosAndGit/GitHub/ROS2-test-codes-von-M-U/install/openslam_gmapping/share/openslam_gmapping/package.sh'
[1.833s] INFO:colcon.colcon_core.shell:Creating package script '/home/liu/ros/rosAndGit/GitHub/ROS2-test-codes-von-M-U/install/openslam_gmapping/share/openslam_gmapping/package.bash'
[1.834s] INFO:colcon.colcon_core.shell:Creating package script '/home/liu/ros/rosAndGit/GitHub/ROS2-test-codes-von-M-U/install/openslam_gmapping/share/openslam_gmapping/package.zsh'
[1.834s] Level 1:colcon.colcon_core.environment:create_file_with_runtime_dependencies(/home/liu/ros/rosAndGit/GitHub/ROS2-test-codes-von-M-U/install/openslam_gmapping/share/colcon-core/packages/openslam_gmapping)
[1.834s] INFO:colcon.colcon_ros.task.ament_cmake.build:Building ROS package in '/home/liu/ros/rosAndGit/GitHub/ROS2-test-codes-von-M-U/slam_gmapping' with build type 'ament_cmake'
[1.834s] INFO:colcon.colcon_cmake.task.cmake.build:Building CMake package in '/home/liu/ros/rosAndGit/GitHub/ROS2-test-codes-von-M-U/slam_gmapping'
[1.835s] INFO:colcon.colcon_core.shell:Skip shell extension 'powershell' for command environment: Not usable outside of PowerShell
[1.835s] DEBUG:colcon.colcon_core.shell:Skip shell extension 'dsv' for command environment
[1.846s] DEBUG:colcon.colcon_core.event_handler.log_command:Invoking command in '/home/liu/ros/rosAndGit/GitHub/ROS2-test-codes-von-M-U/build/slam_gmapping': CMAKE_PREFIX_PATH=/home/liu/ros/rosAndGit/GitHub/ROS2-test-codes-von-M-U/install/openslam_gmapping:/home/liu/ros/rosAndGit/GitHub/ROS2-test-codes-von-M-U/install/slam_gmapping:/home/liu/ros/rosAndGit/GitHub/ROS2-test-codes-von-M-U/install/traffic_light:/home/liu/ros/rosAndGit/GitHub/ROS2-test-codes-von-M-U/install/nav_to_pose:/home/liu/ros/rosAndGit/GitHub/ROS2-test-codes-von-M-U/install/line_follow:/home/liu/ros/rosAndGit/GitHub/ROS2-test-codes-von-M-U/install/launchtest:/home/liu/ros/rosAndGit/GitHub/ROS2-test-codes-von-M-U/install/detect_sign:/home/liu/ros/rosAndGit/GitHub/ROS2-test-codes-von-M-U/install/detect_level:/home/liu/ros/rosAndGit/GitHub/ROS2-test-codes-von-M-U/install/control:/opt/ros/humble /usr/bin/cmake --build /home/liu/ros/rosAndGit/GitHub/ROS2-test-codes-von-M-U/build/slam_gmapping -- -j16 -l16
[1.933s] DEBUG:colcon.colcon_core.event_handler.log_command:Invoked command in '/home/liu/ros/rosAndGit/GitHub/ROS2-test-codes-von-M-U/build/slam_gmapping' returned '0': CMAKE_PREFIX_PATH=/home/liu/ros/rosAndGit/GitHub/ROS2-test-codes-von-M-U/install/openslam_gmapping:/home/liu/ros/rosAndGit/GitHub/ROS2-test-codes-von-M-U/install/slam_gmapping:/home/liu/ros/rosAndGit/GitHub/ROS2-test-codes-von-M-U/install/traffic_light:/home/liu/ros/rosAndGit/GitHub/ROS2-test-codes-von-M-U/install/nav_to_pose:/home/liu/ros/rosAndGit/GitHub/ROS2-test-codes-von-M-U/install/line_follow:/home/liu/ros/rosAndGit/GitHub/ROS2-test-codes-von-M-U/install/launchtest:/home/liu/ros/rosAndGit/GitHub/ROS2-test-codes-von-M-U/install/detect_sign:/home/liu/ros/rosAndGit/GitHub/ROS2-test-codes-von-M-U/install/detect_level:/home/liu/ros/rosAndGit/GitHub/ROS2-test-codes-von-M-U/install/control:/opt/ros/humble /usr/bin/cmake --build /home/liu/ros/rosAndGit/GitHub/ROS2-test-codes-von-M-U/build/slam_gmapping -- -j16 -l16
[1.965s] DEBUG:colcon.colcon_core.event_handler.log_command:Invoking command in '/home/liu/ros/rosAndGit/GitHub/ROS2-test-codes-von-M-U/build/slam_gmapping': CMAKE_PREFIX_PATH=/home/liu/ros/rosAndGit/GitHub/ROS2-test-codes-von-M-U/install/openslam_gmapping:/home/liu/ros/rosAndGit/GitHub/ROS2-test-codes-von-M-U/install/slam_gmapping:/home/liu/ros/rosAndGit/GitHub/ROS2-test-codes-von-M-U/install/traffic_light:/home/liu/ros/rosAndGit/GitHub/ROS2-test-codes-von-M-U/install/nav_to_pose:/home/liu/ros/rosAndGit/GitHub/ROS2-test-codes-von-M-U/install/line_follow:/home/liu/ros/rosAndGit/GitHub/ROS2-test-codes-von-M-U/install/launchtest:/home/liu/ros/rosAndGit/GitHub/ROS2-test-codes-von-M-U/install/detect_sign:/home/liu/ros/rosAndGit/GitHub/ROS2-test-codes-von-M-U/install/detect_level:/home/liu/ros/rosAndGit/GitHub/ROS2-test-codes-von-M-U/install/control:/opt/ros/humble /usr/bin/cmake --install /home/liu/ros/rosAndGit/GitHub/ROS2-test-codes-von-M-U/build/slam_gmapping
[1.980s] Level 1:colcon.colcon_core.environment:create_environment_scripts_only(slam_gmapping)
[1.981s] Level 1:colcon.colcon_core.environment:checking '/home/liu/ros/rosAndGit/GitHub/ROS2-test-codes-von-M-U/install/slam_gmapping' for CMake module files
[1.981s] DEBUG:colcon.colcon_core.event_handler.log_command:Invoked command in '/home/liu/ros/rosAndGit/GitHub/ROS2-test-codes-von-M-U/build/slam_gmapping' returned '0': CMAKE_PREFIX_PATH=/home/liu/ros/rosAndGit/GitHub/ROS2-test-codes-von-M-U/install/openslam_gmapping:/home/liu/ros/rosAndGit/GitHub/ROS2-test-codes-von-M-U/install/slam_gmapping:/home/liu/ros/rosAndGit/GitHub/ROS2-test-codes-von-M-U/install/traffic_light:/home/liu/ros/rosAndGit/GitHub/ROS2-test-codes-von-M-U/install/nav_to_pose:/home/liu/ros/rosAndGit/GitHub/ROS2-test-codes-von-M-U/install/line_follow:/home/liu/ros/rosAndGit/GitHub/ROS2-test-codes-von-M-U/install/launchtest:/home/liu/ros/rosAndGit/GitHub/ROS2-test-codes-von-M-U/install/detect_sign:/home/liu/ros/rosAndGit/GitHub/ROS2-test-codes-von-M-U/install/detect_level:/home/liu/ros/rosAndGit/GitHub/ROS2-test-codes-von-M-U/install/control:/opt/ros/humble /usr/bin/cmake --install /home/liu/ros/rosAndGit/GitHub/ROS2-test-codes-von-M-U/build/slam_gmapping
[1.982s] Level 1:colcon.colcon_core.environment:checking '/home/liu/ros/rosAndGit/GitHub/ROS2-test-codes-von-M-U/install/slam_gmapping' for CMake config files
[1.982s] Level 1:colcon.colcon_core.shell:create_environment_hook('slam_gmapping', 'cmake_prefix_path')
[1.982s] INFO:colcon.colcon_core.shell:Creating environment hook '/home/liu/ros/rosAndGit/GitHub/ROS2-test-codes-von-M-U/install/slam_gmapping/share/slam_gmapping/hook/cmake_prefix_path.ps1'
[1.983s] INFO:colcon.colcon_core.shell:Creating environment descriptor '/home/liu/ros/rosAndGit/GitHub/ROS2-test-codes-von-M-U/install/slam_gmapping/share/slam_gmapping/hook/cmake_prefix_path.dsv'
[1.983s] INFO:colcon.colcon_core.shell:Creating environment hook '/home/liu/ros/rosAndGit/GitHub/ROS2-test-codes-von-M-U/install/slam_gmapping/share/slam_gmapping/hook/cmake_prefix_path.sh'
[1.984s] Level 1:colcon.colcon_core.environment:checking '/home/liu/ros/rosAndGit/GitHub/ROS2-test-codes-von-M-U/install/slam_gmapping/lib'
[1.984s] Level 1:colcon.colcon_core.shell:create_environment_hook('slam_gmapping', 'ld_library_path_lib')
[1.984s] INFO:colcon.colcon_core.shell:Creating environment hook '/home/liu/ros/rosAndGit/GitHub/ROS2-test-codes-von-M-U/install/slam_gmapping/share/slam_gmapping/hook/ld_library_path_lib.ps1'
[1.984s] INFO:colcon.colcon_core.shell:Creating environment descriptor '/home/liu/ros/rosAndGit/GitHub/ROS2-test-codes-von-M-U/install/slam_gmapping/share/slam_gmapping/hook/ld_library_path_lib.dsv'
[1.984s] INFO:colcon.colcon_core.shell:Creating environment hook '/home/liu/ros/rosAndGit/GitHub/ROS2-test-codes-von-M-U/install/slam_gmapping/share/slam_gmapping/hook/ld_library_path_lib.sh'
[1.985s] Level 1:colcon.colcon_core.environment:checking '/home/liu/ros/rosAndGit/GitHub/ROS2-test-codes-von-M-U/install/slam_gmapping/bin'
[1.985s] Level 1:colcon.colcon_core.environment:checking '/home/liu/ros/rosAndGit/GitHub/ROS2-test-codes-von-M-U/install/slam_gmapping/lib/pkgconfig/slam_gmapping.pc'
[1.985s] Level 1:colcon.colcon_core.environment:checking '/home/liu/ros/rosAndGit/GitHub/ROS2-test-codes-von-M-U/install/slam_gmapping/lib/python3.10/site-packages'
[1.985s] Level 1:colcon.colcon_core.environment:checking '/home/liu/ros/rosAndGit/GitHub/ROS2-test-codes-von-M-U/install/slam_gmapping/bin'
[1.985s] INFO:colcon.colcon_core.shell:Creating package script '/home/liu/ros/rosAndGit/GitHub/ROS2-test-codes-von-M-U/install/slam_gmapping/share/slam_gmapping/package.ps1'
[1.986s] INFO:colcon.colcon_core.shell:Creating package descriptor '/home/liu/ros/rosAndGit/GitHub/ROS2-test-codes-von-M-U/install/slam_gmapping/share/slam_gmapping/package.dsv'
[1.986s] INFO:colcon.colcon_core.shell:Creating package script '/home/liu/ros/rosAndGit/GitHub/ROS2-test-codes-von-M-U/install/slam_gmapping/share/slam_gmapping/package.sh'
[1.986s] INFO:colcon.colcon_core.shell:Creating package script '/home/liu/ros/rosAndGit/GitHub/ROS2-test-codes-von-M-U/install/slam_gmapping/share/slam_gmapping/package.bash'
[1.987s] INFO:colcon.colcon_core.shell:Creating package script '/home/liu/ros/rosAndGit/GitHub/ROS2-test-codes-von-M-U/install/slam_gmapping/share/slam_gmapping/package.zsh'
[1.987s] Level 1:colcon.colcon_core.environment:create_file_with_runtime_dependencies(/home/liu/ros/rosAndGit/GitHub/ROS2-test-codes-von-M-U/install/slam_gmapping/share/colcon-core/packages/slam_gmapping)
[2.019s] Level 1:colcon.colcon_core.environment:create_environment_scripts_only(slam_gmapping)
[2.019s] Level 1:colcon.colcon_core.environment:checking '/home/liu/ros/rosAndGit/GitHub/ROS2-test-codes-von-M-U/install/slam_gmapping' for CMake module files
[2.020s] Level 1:colcon.colcon_core.environment:checking '/home/liu/ros/rosAndGit/GitHub/ROS2-test-codes-von-M-U/install/slam_gmapping' for CMake config files
[2.020s] Level 1:colcon.colcon_core.shell:create_environment_hook('slam_gmapping', 'cmake_prefix_path')
[2.020s] INFO:colcon.colcon_core.shell:Creating environment hook '/home/liu/ros/rosAndGit/GitHub/ROS2-test-codes-von-M-U/install/slam_gmapping/share/slam_gmapping/hook/cmake_prefix_path.ps1'
[2.021s] INFO:colcon.colcon_core.shell:Creating environment descriptor '/home/liu/ros/rosAndGit/GitHub/ROS2-test-codes-von-M-U/install/slam_gmapping/share/slam_gmapping/hook/cmake_prefix_path.dsv'
[2.021s] INFO:colcon.colcon_core.shell:Creating environment hook '/home/liu/ros/rosAndGit/GitHub/ROS2-test-codes-von-M-U/install/slam_gmapping/share/slam_gmapping/hook/cmake_prefix_path.sh'
[2.022s] Level 1:colcon.colcon_core.environment:checking '/home/liu/ros/rosAndGit/GitHub/ROS2-test-codes-von-M-U/install/slam_gmapping/lib'
[2.022s] Level 1:colcon.colcon_core.shell:create_environment_hook('slam_gmapping', 'ld_library_path_lib')
[2.022s] INFO:colcon.colcon_core.shell:Creating environment hook '/home/liu/ros/rosAndGit/GitHub/ROS2-test-codes-von-M-U/install/slam_gmapping/share/slam_gmapping/hook/ld_library_path_lib.ps1'
[2.022s] INFO:colcon.colcon_core.shell:Creating environment descriptor '/home/liu/ros/rosAndGit/GitHub/ROS2-test-codes-von-M-U/install/slam_gmapping/share/slam_gmapping/hook/ld_library_path_lib.dsv'
[2.022s] INFO:colcon.colcon_core.shell:Creating environment hook '/home/liu/ros/rosAndGit/GitHub/ROS2-test-codes-von-M-U/install/slam_gmapping/share/slam_gmapping/hook/ld_library_path_lib.sh'
[2.022s] Level 1:colcon.colcon_core.environment:checking '/home/liu/ros/rosAndGit/GitHub/ROS2-test-codes-von-M-U/install/slam_gmapping/bin'
[2.023s] Level 1:colcon.colcon_core.environment:checking '/home/liu/ros/rosAndGit/GitHub/ROS2-test-codes-von-M-U/install/slam_gmapping/lib/pkgconfig/slam_gmapping.pc'
[2.023s] Level 1:colcon.colcon_core.environment:checking '/home/liu/ros/rosAndGit/GitHub/ROS2-test-codes-von-M-U/install/slam_gmapping/lib/python3.10/site-packages'
[2.023s] Level 1:colcon.colcon_core.environment:checking '/home/liu/ros/rosAndGit/GitHub/ROS2-test-codes-von-M-U/install/slam_gmapping/bin'
[2.023s] INFO:colcon.colcon_core.shell:Creating package script '/home/liu/ros/rosAndGit/GitHub/ROS2-test-codes-von-M-U/install/slam_gmapping/share/slam_gmapping/package.ps1'
[2.024s] INFO:colcon.colcon_core.shell:Creating package descriptor '/home/liu/ros/rosAndGit/GitHub/ROS2-test-codes-von-M-U/install/slam_gmapping/share/slam_gmapping/package.dsv'
[2.024s] INFO:colcon.colcon_core.shell:Creating package script '/home/liu/ros/rosAndGit/GitHub/ROS2-test-codes-von-M-U/install/slam_gmapping/share/slam_gmapping/package.sh'
[2.024s] INFO:colcon.colcon_core.shell:Creating package script '/home/liu/ros/rosAndGit/GitHub/ROS2-test-codes-von-M-U/install/slam_gmapping/share/slam_gmapping/package.bash'
[2.024s] INFO:colcon.colcon_core.shell:Creating package script '/home/liu/ros/rosAndGit/GitHub/ROS2-test-codes-von-M-U/install/slam_gmapping/share/slam_gmapping/package.zsh'
[2.025s] Level 1:colcon.colcon_core.environment:create_file_with_runtime_dependencies(/home/liu/ros/rosAndGit/GitHub/ROS2-test-codes-von-M-U/install/slam_gmapping/share/colcon-core/packages/slam_gmapping)
[2.108s] DEBUG:colcon.colcon_core.event_handler.log_command:Invoking command in '/home/liu/ros/rosAndGit/GitHub/ROS2-test-codes-von-M-U/nav_to_pose': PYTHONPATH=/home/liu/ros/rosAndGit/GitHub/ROS2-test-codes-von-M-U/build/nav_to_pose/prefix_override:/home/liu/ros/rosAndGit/GitHub/ROS2-test-codes-von-M-U/install/nav_to_pose/lib/python3.10/site-packages:${PYTHONPATH} /usr/bin/python3 -W ignore:setup.py install is deprecated setup.py egg_info --egg-base ../build/nav_to_pose build --build-base /home/liu/ros/rosAndGit/GitHub/ROS2-test-codes-von-M-U/build/nav_to_pose/build install --record /home/liu/ros/rosAndGit/GitHub/ROS2-test-codes-von-M-U/build/nav_to_pose/install.log --single-version-externally-managed install_data
[2.111s] DEBUG:colcon.colcon_core.event_handler.log_command:Invoking command in '/home/liu/ros/rosAndGit/GitHub/ROS2-test-codes-von-M-U/detect_level': PYTHONPATH=/home/liu/ros/rosAndGit/GitHub/ROS2-test-codes-von-M-U/build/detect_level/prefix_override:/home/liu/ros/rosAndGit/GitHub/ROS2-test-codes-von-M-U/install/detect_level/lib/python3.10/site-packages:${PYTHONPATH} /usr/bin/python3 -W ignore:setup.py install is deprecated setup.py egg_info --egg-base ../build/detect_level build --build-base /home/liu/ros/rosAndGit/GitHub/ROS2-test-codes-von-M-U/build/detect_level/build install --record /home/liu/ros/rosAndGit/GitHub/ROS2-test-codes-von-M-U/build/detect_level/install.log --single-version-externally-managed install_data
[2.114s] DEBUG:colcon.colcon_core.event_handler.log_command:Invoking command in '/home/liu/ros/rosAndGit/GitHub/ROS2-test-codes-von-M-U/detect_sign': PYTHONPATH=/home/liu/ros/rosAndGit/GitHub/ROS2-test-codes-von-M-U/build/detect_sign/prefix_override:/home/liu/ros/rosAndGit/GitHub/ROS2-test-codes-von-M-U/install/detect_sign/lib/python3.10/site-packages:${PYTHONPATH} /usr/bin/python3 -W ignore:setup.py install is deprecated setup.py egg_info --egg-base ../build/detect_sign build --build-base /home/liu/ros/rosAndGit/GitHub/ROS2-test-codes-von-M-U/build/detect_sign/build install --record /home/liu/ros/rosAndGit/GitHub/ROS2-test-codes-von-M-U/build/detect_sign/install.log --single-version-externally-managed install_data
[2.116s] DEBUG:colcon.colcon_core.event_handler.log_command:Invoking command in '/home/liu/ros/rosAndGit/GitHub/ROS2-test-codes-von-M-U/control': PYTHONPATH=/home/liu/ros/rosAndGit/GitHub/ROS2-test-codes-von-M-U/build/control/prefix_override:/home/liu/ros/rosAndGit/GitHub/ROS2-test-codes-von-M-U/install/control/lib/python3.10/site-packages:${PYTHONPATH} /usr/bin/python3 -W ignore:setup.py install is deprecated setup.py egg_info --egg-base ../build/control build --build-base /home/liu/ros/rosAndGit/GitHub/ROS2-test-codes-von-M-U/build/control/build install --record /home/liu/ros/rosAndGit/GitHub/ROS2-test-codes-von-M-U/build/control/install.log --single-version-externally-managed install_data
[2.128s] DEBUG:colcon.colcon_core.event_handler.log_command:Invoking command in '/home/liu/ros/rosAndGit/GitHub/ROS2-test-codes-von-M-U/launchtest': PYTHONPATH=/home/liu/ros/rosAndGit/GitHub/ROS2-test-codes-von-M-U/build/launchtest/prefix_override:/home/liu/ros/rosAndGit/GitHub/ROS2-test-codes-von-M-U/install/launchtest/lib/python3.10/site-packages:${PYTHONPATH} /usr/bin/python3 -W ignore:setup.py install is deprecated setup.py egg_info --egg-base ../build/launchtest build --build-base /home/liu/ros/rosAndGit/GitHub/ROS2-test-codes-von-M-U/build/launchtest/build install --record /home/liu/ros/rosAndGit/GitHub/ROS2-test-codes-von-M-U/build/launchtest/install.log --single-version-externally-managed install_data
[2.148s] DEBUG:colcon.colcon_core.event_handler.log_command:Invoking command in '/home/liu/ros/rosAndGit/GitHub/ROS2-test-codes-von-M-U/traffic_light': PYTHONPATH=/home/liu/ros/rosAndGit/GitHub/ROS2-test-codes-von-M-U/build/traffic_light/prefix_override:/home/liu/ros/rosAndGit/GitHub/ROS2-test-codes-von-M-U/install/traffic_light/lib/python3.10/site-packages:${PYTHONPATH} /usr/bin/python3 -W ignore:setup.py install is deprecated setup.py egg_info --egg-base ../build/traffic_light build --build-base /home/liu/ros/rosAndGit/GitHub/ROS2-test-codes-von-M-U/build/traffic_light/build install --record /home/liu/ros/rosAndGit/GitHub/ROS2-test-codes-von-M-U/build/traffic_light/install.log --single-version-externally-managed install_data
[2.151s] DEBUG:colcon.colcon_core.event_handler.log_command:Invoking command in '/home/liu/ros/rosAndGit/GitHub/ROS2-test-codes-von-M-U/line_follow': PYTHONPATH=/home/liu/ros/rosAndGit/GitHub/ROS2-test-codes-von-M-U/build/line_follow/prefix_override:/home/liu/ros/rosAndGit/GitHub/ROS2-test-codes-von-M-U/install/line_follow/lib/python3.10/site-packages:${PYTHONPATH} /usr/bin/python3 -W ignore:setup.py install is deprecated setup.py egg_info --egg-base ../build/line_follow build --build-base /home/liu/ros/rosAndGit/GitHub/ROS2-test-codes-von-M-U/build/line_follow/build install --record /home/liu/ros/rosAndGit/GitHub/ROS2-test-codes-von-M-U/build/line_follow/install.log --single-version-externally-managed install_data
[2.350s] Level 1:colcon.colcon_core.environment:checking '/home/liu/ros/rosAndGit/GitHub/ROS2-test-codes-von-M-U/install/detect_level' for CMake module files
[2.352s] DEBUG:colcon.colcon_core.event_handler.log_command:Invoked command in '/home/liu/ros/rosAndGit/GitHub/ROS2-test-codes-von-M-U/detect_level' returned '0': PYTHONPATH=/home/liu/ros/rosAndGit/GitHub/ROS2-test-codes-von-M-U/build/detect_level/prefix_override:/home/liu/ros/rosAndGit/GitHub/ROS2-test-codes-von-M-U/install/detect_level/lib/python3.10/site-packages:${PYTHONPATH} /usr/bin/python3 -W ignore:setup.py install is deprecated setup.py egg_info --egg-base ../build/detect_level build --build-base /home/liu/ros/rosAndGit/GitHub/ROS2-test-codes-von-M-U/build/detect_level/build install --record /home/liu/ros/rosAndGit/GitHub/ROS2-test-codes-von-M-U/build/detect_level/install.log --single-version-externally-managed install_data
[2.353s] Level 1:colcon.colcon_core.environment:checking '/home/liu/ros/rosAndGit/GitHub/ROS2-test-codes-von-M-U/install/detect_level' for CMake config files
[2.354s] Level 1:colcon.colcon_core.environment:checking '/home/liu/ros/rosAndGit/GitHub/ROS2-test-codes-von-M-U/install/detect_level/lib'
[2.354s] Level 1:colcon.colcon_core.environment:checking '/home/liu/ros/rosAndGit/GitHub/ROS2-test-codes-von-M-U/install/detect_level/bin'
[2.355s] Level 1:colcon.colcon_core.environment:checking '/home/liu/ros/rosAndGit/GitHub/ROS2-test-codes-von-M-U/install/detect_level/lib/pkgconfig/detect_level.pc'
[2.356s] Level 1:colcon.colcon_core.environment:checking '/home/liu/ros/rosAndGit/GitHub/ROS2-test-codes-von-M-U/install/detect_level/lib/python3.10/site-packages'
[2.356s] Level 1:colcon.colcon_core.shell:create_environment_hook('detect_level', 'pythonpath')
[2.357s] INFO:colcon.colcon_core.shell:Creating environment hook '/home/liu/ros/rosAndGit/GitHub/ROS2-test-codes-von-M-U/install/detect_level/share/detect_level/hook/pythonpath.ps1'
[2.357s] INFO:colcon.colcon_core.shell:Creating environment descriptor '/home/liu/ros/rosAndGit/GitHub/ROS2-test-codes-von-M-U/install/detect_level/share/detect_level/hook/pythonpath.dsv'
[2.357s] INFO:colcon.colcon_core.shell:Creating environment hook '/home/liu/ros/rosAndGit/GitHub/ROS2-test-codes-von-M-U/install/detect_level/share/detect_level/hook/pythonpath.sh'
[2.358s] Level 1:colcon.colcon_core.environment:checking '/home/liu/ros/rosAndGit/GitHub/ROS2-test-codes-von-M-U/install/detect_level/bin'
[2.358s] Level 1:colcon.colcon_core.environment:create_environment_scripts_only(detect_level)
[2.358s] INFO:colcon.colcon_core.shell:Creating package script '/home/liu/ros/rosAndGit/GitHub/ROS2-test-codes-von-M-U/install/detect_level/share/detect_level/package.ps1'
[2.359s] INFO:colcon.colcon_core.shell:Creating package descriptor '/home/liu/ros/rosAndGit/GitHub/ROS2-test-codes-von-M-U/install/detect_level/share/detect_level/package.dsv'
[2.359s] INFO:colcon.colcon_core.shell:Creating package script '/home/liu/ros/rosAndGit/GitHub/ROS2-test-codes-von-M-U/install/detect_level/share/detect_level/package.sh'
[2.359s] INFO:colcon.colcon_core.shell:Creating package script '/home/liu/ros/rosAndGit/GitHub/ROS2-test-codes-von-M-U/install/detect_level/share/detect_level/package.bash'
[2.359s] INFO:colcon.colcon_core.shell:Creating package script '/home/liu/ros/rosAndGit/GitHub/ROS2-test-codes-von-M-U/install/detect_level/share/detect_level/package.zsh'
[2.360s] Level 1:colcon.colcon_core.environment:create_file_with_runtime_dependencies(/home/liu/ros/rosAndGit/GitHub/ROS2-test-codes-von-M-U/install/detect_level/share/colcon-core/packages/detect_level)
[2.377s] Level 1:colcon.colcon_core.environment:checking '/home/liu/ros/rosAndGit/GitHub/ROS2-test-codes-von-M-U/install/control' for CMake module files
[2.378s] DEBUG:colcon.colcon_core.event_handler.log_command:Invoked command in '/home/liu/ros/rosAndGit/GitHub/ROS2-test-codes-von-M-U/control' returned '0': PYTHONPATH=/home/liu/ros/rosAndGit/GitHub/ROS2-test-codes-von-M-U/build/control/prefix_override:/home/liu/ros/rosAndGit/GitHub/ROS2-test-codes-von-M-U/install/control/lib/python3.10/site-packages:${PYTHONPATH} /usr/bin/python3 -W ignore:setup.py install is deprecated setup.py egg_info --egg-base ../build/control build --build-base /home/liu/ros/rosAndGit/GitHub/ROS2-test-codes-von-M-U/build/control/build install --record /home/liu/ros/rosAndGit/GitHub/ROS2-test-codes-von-M-U/build/control/install.log --single-version-externally-managed install_data
[2.378s] Level 1:colcon.colcon_core.environment:checking '/home/liu/ros/rosAndGit/GitHub/ROS2-test-codes-von-M-U/install/control' for CMake config files
[2.379s] Level 1:colcon.colcon_core.environment:checking '/home/liu/ros/rosAndGit/GitHub/ROS2-test-codes-von-M-U/install/control/lib'
[2.379s] Level 1:colcon.colcon_core.environment:checking '/home/liu/ros/rosAndGit/GitHub/ROS2-test-codes-von-M-U/install/control/bin'
[2.379s] Level 1:colcon.colcon_core.environment:checking '/home/liu/ros/rosAndGit/GitHub/ROS2-test-codes-von-M-U/install/control/lib/pkgconfig/control.pc'
[2.380s] Level 1:colcon.colcon_core.environment:checking '/home/liu/ros/rosAndGit/GitHub/ROS2-test-codes-von-M-U/install/control/lib/python3.10/site-packages'
[2.380s] Level 1:colcon.colcon_core.shell:create_environment_hook('control', 'pythonpath')
[2.380s] INFO:colcon.colcon_core.shell:Creating environment hook '/home/liu/ros/rosAndGit/GitHub/ROS2-test-codes-von-M-U/install/control/share/control/hook/pythonpath.ps1'
[2.381s] INFO:colcon.colcon_core.shell:Creating environment descriptor '/home/liu/ros/rosAndGit/GitHub/ROS2-test-codes-von-M-U/install/control/share/control/hook/pythonpath.dsv'
[2.381s] INFO:colcon.colcon_core.shell:Creating environment hook '/home/liu/ros/rosAndGit/GitHub/ROS2-test-codes-von-M-U/install/control/share/control/hook/pythonpath.sh'
[2.381s] Level 1:colcon.colcon_core.environment:checking '/home/liu/ros/rosAndGit/GitHub/ROS2-test-codes-von-M-U/install/control/bin'
[2.381s] Level 1:colcon.colcon_core.environment:create_environment_scripts_only(control)
[2.382s] INFO:colcon.colcon_core.shell:Creating package script '/home/liu/ros/rosAndGit/GitHub/ROS2-test-codes-von-M-U/install/control/share/control/package.ps1'
[2.382s] INFO:colcon.colcon_core.shell:Creating package descriptor '/home/liu/ros/rosAndGit/GitHub/ROS2-test-codes-von-M-U/install/control/share/control/package.dsv'
[2.382s] INFO:colcon.colcon_core.shell:Creating package script '/home/liu/ros/rosAndGit/GitHub/ROS2-test-codes-von-M-U/install/control/share/control/package.sh'
[2.383s] INFO:colcon.colcon_core.shell:Creating package script '/home/liu/ros/rosAndGit/GitHub/ROS2-test-codes-von-M-U/install/control/share/control/package.bash'
[2.383s] INFO:colcon.colcon_core.shell:Creating package script '/home/liu/ros/rosAndGit/GitHub/ROS2-test-codes-von-M-U/install/control/share/control/package.zsh'
[2.383s] Level 1:colcon.colcon_core.environment:create_file_with_runtime_dependencies(/home/liu/ros/rosAndGit/GitHub/ROS2-test-codes-von-M-U/install/control/share/colcon-core/packages/control)
[2.385s] Level 1:colcon.colcon_core.environment:checking '/home/liu/ros/rosAndGit/GitHub/ROS2-test-codes-von-M-U/install/nav_to_pose' for CMake module files
[2.385s] DEBUG:colcon.colcon_core.event_handler.log_command:Invoked command in '/home/liu/ros/rosAndGit/GitHub/ROS2-test-codes-von-M-U/nav_to_pose' returned '0': PYTHONPATH=/home/liu/ros/rosAndGit/GitHub/ROS2-test-codes-von-M-U/build/nav_to_pose/prefix_override:/home/liu/ros/rosAndGit/GitHub/ROS2-test-codes-von-M-U/install/nav_to_pose/lib/python3.10/site-packages:${PYTHONPATH} /usr/bin/python3 -W ignore:setup.py install is deprecated setup.py egg_info --egg-base ../build/nav_to_pose build --build-base /home/liu/ros/rosAndGit/GitHub/ROS2-test-codes-von-M-U/build/nav_to_pose/build install --record /home/liu/ros/rosAndGit/GitHub/ROS2-test-codes-von-M-U/build/nav_to_pose/install.log --single-version-externally-managed install_data
[2.386s] Level 1:colcon.colcon_core.environment:checking '/home/liu/ros/rosAndGit/GitHub/ROS2-test-codes-von-M-U/install/nav_to_pose' for CMake config files
[2.386s] Level 1:colcon.colcon_core.environment:checking '/home/liu/ros/rosAndGit/GitHub/ROS2-test-codes-von-M-U/install/nav_to_pose/lib'
[2.386s] Level 1:colcon.colcon_core.environment:checking '/home/liu/ros/rosAndGit/GitHub/ROS2-test-codes-von-M-U/install/nav_to_pose/bin'
[2.386s] Level 1:colcon.colcon_core.environment:checking '/home/liu/ros/rosAndGit/GitHub/ROS2-test-codes-von-M-U/install/nav_to_pose/lib/pkgconfig/nav_to_pose.pc'
[2.387s] Level 1:colcon.colcon_core.environment:checking '/home/liu/ros/rosAndGit/GitHub/ROS2-test-codes-von-M-U/install/nav_to_pose/lib/python3.10/site-packages'
[2.387s] Level 1:colcon.colcon_core.shell:create_environment_hook('nav_to_pose', 'pythonpath')
[2.387s] INFO:colcon.colcon_core.shell:Creating environment hook '/home/liu/ros/rosAndGit/GitHub/ROS2-test-codes-von-M-U/install/nav_to_pose/share/nav_to_pose/hook/pythonpath.ps1'
[2.388s] INFO:colcon.colcon_core.shell:Creating environment descriptor '/home/liu/ros/rosAndGit/GitHub/ROS2-test-codes-von-M-U/install/nav_to_pose/share/nav_to_pose/hook/pythonpath.dsv'
[2.388s] INFO:colcon.colcon_core.shell:Creating environment hook '/home/liu/ros/rosAndGit/GitHub/ROS2-test-codes-von-M-U/install/nav_to_pose/share/nav_to_pose/hook/pythonpath.sh'
[2.389s] Level 1:colcon.colcon_core.environment:checking '/home/liu/ros/rosAndGit/GitHub/ROS2-test-codes-von-M-U/install/nav_to_pose/bin'
[2.389s] Level 1:colcon.colcon_core.environment:create_environment_scripts_only(nav_to_pose)
[2.389s] INFO:colcon.colcon_core.shell:Creating package script '/home/liu/ros/rosAndGit/GitHub/ROS2-test-codes-von-M-U/install/nav_to_pose/share/nav_to_pose/package.ps1'
[2.390s] INFO:colcon.colcon_core.shell:Creating package descriptor '/home/liu/ros/rosAndGit/GitHub/ROS2-test-codes-von-M-U/install/nav_to_pose/share/nav_to_pose/package.dsv'
[2.391s] INFO:colcon.colcon_core.shell:Creating package script '/home/liu/ros/rosAndGit/GitHub/ROS2-test-codes-von-M-U/install/nav_to_pose/share/nav_to_pose/package.sh'
[2.391s] INFO:colcon.colcon_core.shell:Creating package script '/home/liu/ros/rosAndGit/GitHub/ROS2-test-codes-von-M-U/install/nav_to_pose/share/nav_to_pose/package.bash'
[2.391s] INFO:colcon.colcon_core.shell:Creating package script '/home/liu/ros/rosAndGit/GitHub/ROS2-test-codes-von-M-U/install/nav_to_pose/share/nav_to_pose/package.zsh'
[2.391s] Level 1:colcon.colcon_core.environment:create_file_with_runtime_dependencies(/home/liu/ros/rosAndGit/GitHub/ROS2-test-codes-von-M-U/install/nav_to_pose/share/colcon-core/packages/nav_to_pose)
[2.392s] Level 1:colcon.colcon_core.environment:checking '/home/liu/ros/rosAndGit/GitHub/ROS2-test-codes-von-M-U/install/launchtest' for CMake module files
[2.393s] DEBUG:colcon.colcon_core.event_handler.log_command:Invoked command in '/home/liu/ros/rosAndGit/GitHub/ROS2-test-codes-von-M-U/launchtest' returned '0': PYTHONPATH=/home/liu/ros/rosAndGit/GitHub/ROS2-test-codes-von-M-U/build/launchtest/prefix_override:/home/liu/ros/rosAndGit/GitHub/ROS2-test-codes-von-M-U/install/launchtest/lib/python3.10/site-packages:${PYTHONPATH} /usr/bin/python3 -W ignore:setup.py install is deprecated setup.py egg_info --egg-base ../build/launchtest build --build-base /home/liu/ros/rosAndGit/GitHub/ROS2-test-codes-von-M-U/build/launchtest/build install --record /home/liu/ros/rosAndGit/GitHub/ROS2-test-codes-von-M-U/build/launchtest/install.log --single-version-externally-managed install_data
[2.393s] Level 1:colcon.colcon_core.environment:checking '/home/liu/ros/rosAndGit/GitHub/ROS2-test-codes-von-M-U/install/launchtest' for CMake config files
[2.394s] Level 1:colcon.colcon_core.environment:checking '/home/liu/ros/rosAndGit/GitHub/ROS2-test-codes-von-M-U/install/launchtest/lib'
[2.394s] Level 1:colcon.colcon_core.environment:checking '/home/liu/ros/rosAndGit/GitHub/ROS2-test-codes-von-M-U/install/launchtest/bin'
[2.394s] Level 1:colcon.colcon_core.environment:checking '/home/liu/ros/rosAndGit/GitHub/ROS2-test-codes-von-M-U/install/launchtest/lib/pkgconfig/launchtest.pc'
[2.394s] Level 1:colcon.colcon_core.environment:checking '/home/liu/ros/rosAndGit/GitHub/ROS2-test-codes-von-M-U/install/launchtest/lib/python3.10/site-packages'
[2.394s] Level 1:colcon.colcon_core.shell:create_environment_hook('launchtest', 'pythonpath')
[2.395s] INFO:colcon.colcon_core.shell:Creating environment hook '/home/liu/ros/rosAndGit/GitHub/ROS2-test-codes-von-M-U/install/launchtest/share/launchtest/hook/pythonpath.ps1'
[2.395s] INFO:colcon.colcon_core.shell:Creating environment descriptor '/home/liu/ros/rosAndGit/GitHub/ROS2-test-codes-von-M-U/install/launchtest/share/launchtest/hook/pythonpath.dsv'
[2.395s] INFO:colcon.colcon_core.shell:Creating environment hook '/home/liu/ros/rosAndGit/GitHub/ROS2-test-codes-von-M-U/install/launchtest/share/launchtest/hook/pythonpath.sh'
[2.396s] Level 1:colcon.colcon_core.environment:checking '/home/liu/ros/rosAndGit/GitHub/ROS2-test-codes-von-M-U/install/launchtest/bin'
[2.396s] Level 1:colcon.colcon_core.environment:create_environment_scripts_only(launchtest)
[2.396s] INFO:colcon.colcon_core.shell:Creating package script '/home/liu/ros/rosAndGit/GitHub/ROS2-test-codes-von-M-U/install/launchtest/share/launchtest/package.ps1'
[2.396s] INFO:colcon.colcon_core.shell:Creating package descriptor '/home/liu/ros/rosAndGit/GitHub/ROS2-test-codes-von-M-U/install/launchtest/share/launchtest/package.dsv'
[2.397s] INFO:colcon.colcon_core.shell:Creating package script '/home/liu/ros/rosAndGit/GitHub/ROS2-test-codes-von-M-U/install/launchtest/share/launchtest/package.sh'
[2.397s] INFO:colcon.colcon_core.shell:Creating package script '/home/liu/ros/rosAndGit/GitHub/ROS2-test-codes-von-M-U/install/launchtest/share/launchtest/package.bash'
[2.397s] INFO:colcon.colcon_core.shell:Creating package script '/home/liu/ros/rosAndGit/GitHub/ROS2-test-codes-von-M-U/install/launchtest/share/launchtest/package.zsh'
[2.398s] Level 1:colcon.colcon_core.environment:create_file_with_runtime_dependencies(/home/liu/ros/rosAndGit/GitHub/ROS2-test-codes-von-M-U/install/launchtest/share/colcon-core/packages/launchtest)
[2.408s] Level 1:colcon.colcon_core.environment:checking '/home/liu/ros/rosAndGit/GitHub/ROS2-test-codes-von-M-U/install/detect_sign' for CMake module files
[2.409s] DEBUG:colcon.colcon_core.event_handler.log_command:Invoked command in '/home/liu/ros/rosAndGit/GitHub/ROS2-test-codes-von-M-U/detect_sign' returned '0': PYTHONPATH=/home/liu/ros/rosAndGit/GitHub/ROS2-test-codes-von-M-U/build/detect_sign/prefix_override:/home/liu/ros/rosAndGit/GitHub/ROS2-test-codes-von-M-U/install/detect_sign/lib/python3.10/site-packages:${PYTHONPATH} /usr/bin/python3 -W ignore:setup.py install is deprecated setup.py egg_info --egg-base ../build/detect_sign build --build-base /home/liu/ros/rosAndGit/GitHub/ROS2-test-codes-von-M-U/build/detect_sign/build install --record /home/liu/ros/rosAndGit/GitHub/ROS2-test-codes-von-M-U/build/detect_sign/install.log --single-version-externally-managed install_data
[2.410s] Level 1:colcon.colcon_core.environment:checking '/home/liu/ros/rosAndGit/GitHub/ROS2-test-codes-von-M-U/install/detect_sign' for CMake config files
[2.410s] Level 1:colcon.colcon_core.environment:checking '/home/liu/ros/rosAndGit/GitHub/ROS2-test-codes-von-M-U/install/detect_sign/lib'
[2.410s] Level 1:colcon.colcon_core.environment:checking '/home/liu/ros/rosAndGit/GitHub/ROS2-test-codes-von-M-U/install/detect_sign/bin'
[2.410s] Level 1:colcon.colcon_core.environment:checking '/home/liu/ros/rosAndGit/GitHub/ROS2-test-codes-von-M-U/install/detect_sign/lib/pkgconfig/detect_sign.pc'
[2.410s] Level 1:colcon.colcon_core.environment:checking '/home/liu/ros/rosAndGit/GitHub/ROS2-test-codes-von-M-U/install/detect_sign/lib/python3.10/site-packages'
[2.411s] Level 1:colcon.colcon_core.shell:create_environment_hook('detect_sign', 'pythonpath')
[2.411s] INFO:colcon.colcon_core.shell:Creating environment hook '/home/liu/ros/rosAndGit/GitHub/ROS2-test-codes-von-M-U/install/detect_sign/share/detect_sign/hook/pythonpath.ps1'
[2.411s] INFO:colcon.colcon_core.shell:Creating environment descriptor '/home/liu/ros/rosAndGit/GitHub/ROS2-test-codes-von-M-U/install/detect_sign/share/detect_sign/hook/pythonpath.dsv'
[2.412s] INFO:colcon.colcon_core.shell:Creating environment hook '/home/liu/ros/rosAndGit/GitHub/ROS2-test-codes-von-M-U/install/detect_sign/share/detect_sign/hook/pythonpath.sh'
[2.413s] Level 1:colcon.colcon_core.environment:checking '/home/liu/ros/rosAndGit/GitHub/ROS2-test-codes-von-M-U/install/detect_sign/bin'
[2.413s] Level 1:colcon.colcon_core.environment:create_environment_scripts_only(detect_sign)
[2.413s] INFO:colcon.colcon_core.shell:Creating package script '/home/liu/ros/rosAndGit/GitHub/ROS2-test-codes-von-M-U/install/detect_sign/share/detect_sign/package.ps1'
[2.413s] INFO:colcon.colcon_core.shell:Creating package descriptor '/home/liu/ros/rosAndGit/GitHub/ROS2-test-codes-von-M-U/install/detect_sign/share/detect_sign/package.dsv'
[2.414s] INFO:colcon.colcon_core.shell:Creating package script '/home/liu/ros/rosAndGit/GitHub/ROS2-test-codes-von-M-U/install/detect_sign/share/detect_sign/package.sh'
[2.414s] INFO:colcon.colcon_core.shell:Creating package script '/home/liu/ros/rosAndGit/GitHub/ROS2-test-codes-von-M-U/install/detect_sign/share/detect_sign/package.bash'
[2.414s] INFO:colcon.colcon_core.shell:Creating package script '/home/liu/ros/rosAndGit/GitHub/ROS2-test-codes-von-M-U/install/detect_sign/share/detect_sign/package.zsh'
[2.414s] Level 1:colcon.colcon_core.environment:create_file_with_runtime_dependencies(/home/liu/ros/rosAndGit/GitHub/ROS2-test-codes-von-M-U/install/detect_sign/share/colcon-core/packages/detect_sign)
[2.426s] Level 1:colcon.colcon_core.environment:checking '/home/liu/ros/rosAndGit/GitHub/ROS2-test-codes-von-M-U/install/line_follow' for CMake module files
[2.427s] DEBUG:colcon.colcon_core.event_handler.log_command:Invoked command in '/home/liu/ros/rosAndGit/GitHub/ROS2-test-codes-von-M-U/line_follow' returned '0': PYTHONPATH=/home/liu/ros/rosAndGit/GitHub/ROS2-test-codes-von-M-U/build/line_follow/prefix_override:/home/liu/ros/rosAndGit/GitHub/ROS2-test-codes-von-M-U/install/line_follow/lib/python3.10/site-packages:${PYTHONPATH} /usr/bin/python3 -W ignore:setup.py install is deprecated setup.py egg_info --egg-base ../build/line_follow build --build-base /home/liu/ros/rosAndGit/GitHub/ROS2-test-codes-von-M-U/build/line_follow/build install --record /home/liu/ros/rosAndGit/GitHub/ROS2-test-codes-von-M-U/build/line_follow/install.log --single-version-externally-managed install_data
[2.427s] Level 1:colcon.colcon_core.environment:checking '/home/liu/ros/rosAndGit/GitHub/ROS2-test-codes-von-M-U/install/line_follow' for CMake config files
[2.428s] Level 1:colcon.colcon_core.environment:checking '/home/liu/ros/rosAndGit/GitHub/ROS2-test-codes-von-M-U/install/line_follow/lib'
[2.428s] Level 1:colcon.colcon_core.environment:checking '/home/liu/ros/rosAndGit/GitHub/ROS2-test-codes-von-M-U/install/line_follow/bin'
[2.428s] Level 1:colcon.colcon_core.environment:checking '/home/liu/ros/rosAndGit/GitHub/ROS2-test-codes-von-M-U/install/line_follow/lib/pkgconfig/line_follow.pc'
[2.428s] Level 1:colcon.colcon_core.environment:checking '/home/liu/ros/rosAndGit/GitHub/ROS2-test-codes-von-M-U/install/line_follow/lib/python3.10/site-packages'
[2.428s] Level 1:colcon.colcon_core.shell:create_environment_hook('line_follow', 'pythonpath')
[2.429s] INFO:colcon.colcon_core.shell:Creating environment hook '/home/liu/ros/rosAndGit/GitHub/ROS2-test-codes-von-M-U/install/line_follow/share/line_follow/hook/pythonpath.ps1'
[2.429s] INFO:colcon.colcon_core.shell:Creating environment descriptor '/home/liu/ros/rosAndGit/GitHub/ROS2-test-codes-von-M-U/install/line_follow/share/line_follow/hook/pythonpath.dsv'
[2.429s] INFO:colcon.colcon_core.shell:Creating environment hook '/home/liu/ros/rosAndGit/GitHub/ROS2-test-codes-von-M-U/install/line_follow/share/line_follow/hook/pythonpath.sh'
[2.430s] Level 1:colcon.colcon_core.environment:checking '/home/liu/ros/rosAndGit/GitHub/ROS2-test-codes-von-M-U/install/line_follow/bin'
[2.430s] Level 1:colcon.colcon_core.environment:create_environment_scripts_only(line_follow)
[2.430s] INFO:colcon.colcon_core.shell:Creating package script '/home/liu/ros/rosAndGit/GitHub/ROS2-test-codes-von-M-U/install/line_follow/share/line_follow/package.ps1'
[2.431s] INFO:colcon.colcon_core.shell:Creating package descriptor '/home/liu/ros/rosAndGit/GitHub/ROS2-test-codes-von-M-U/install/line_follow/share/line_follow/package.dsv'
[2.431s] INFO:colcon.colcon_core.shell:Creating package script '/home/liu/ros/rosAndGit/GitHub/ROS2-test-codes-von-M-U/install/line_follow/share/line_follow/package.sh'
[2.431s] INFO:colcon.colcon_core.shell:Creating package script '/home/liu/ros/rosAndGit/GitHub/ROS2-test-codes-von-M-U/install/line_follow/share/line_follow/package.bash'
[2.431s] INFO:colcon.colcon_core.shell:Creating package script '/home/liu/ros/rosAndGit/GitHub/ROS2-test-codes-von-M-U/install/line_follow/share/line_follow/package.zsh'
[2.432s] Level 1:colcon.colcon_core.environment:create_file_with_runtime_dependencies(/home/liu/ros/rosAndGit/GitHub/ROS2-test-codes-von-M-U/install/line_follow/share/colcon-core/packages/line_follow)
[2.437s] Level 1:colcon.colcon_core.environment:checking '/home/liu/ros/rosAndGit/GitHub/ROS2-test-codes-von-M-U/install/traffic_light' for CMake module files
[2.438s] DEBUG:colcon.colcon_core.event_handler.log_command:Invoked command in '/home/liu/ros/rosAndGit/GitHub/ROS2-test-codes-von-M-U/traffic_light' returned '0': PYTHONPATH=/home/liu/ros/rosAndGit/GitHub/ROS2-test-codes-von-M-U/build/traffic_light/prefix_override:/home/liu/ros/rosAndGit/GitHub/ROS2-test-codes-von-M-U/install/traffic_light/lib/python3.10/site-packages:${PYTHONPATH} /usr/bin/python3 -W ignore:setup.py install is deprecated setup.py egg_info --egg-base ../build/traffic_light build --build-base /home/liu/ros/rosAndGit/GitHub/ROS2-test-codes-von-M-U/build/traffic_light/build install --record /home/liu/ros/rosAndGit/GitHub/ROS2-test-codes-von-M-U/build/traffic_light/install.log --single-version-externally-managed install_data
[2.438s] Level 1:colcon.colcon_core.environment:checking '/home/liu/ros/rosAndGit/GitHub/ROS2-test-codes-von-M-U/install/traffic_light' for CMake config files
[2.439s] Level 1:colcon.colcon_core.environment:checking '/home/liu/ros/rosAndGit/GitHub/ROS2-test-codes-von-M-U/install/traffic_light/lib'
[2.439s] Level 1:colcon.colcon_core.environment:checking '/home/liu/ros/rosAndGit/GitHub/ROS2-test-codes-von-M-U/install/traffic_light/bin'
[2.439s] Level 1:colcon.colcon_core.environment:checking '/home/liu/ros/rosAndGit/GitHub/ROS2-test-codes-von-M-U/install/traffic_light/lib/pkgconfig/traffic_light.pc'
[2.440s] Level 1:colcon.colcon_core.environment:checking '/home/liu/ros/rosAndGit/GitHub/ROS2-test-codes-von-M-U/install/traffic_light/lib/python3.10/site-packages'
[2.440s] Level 1:colcon.colcon_core.shell:create_environment_hook('traffic_light', 'pythonpath')
[2.440s] INFO:colcon.colcon_core.shell:Creating environment hook '/home/liu/ros/rosAndGit/GitHub/ROS2-test-codes-von-M-U/install/traffic_light/share/traffic_light/hook/pythonpath.ps1'
[2.441s] INFO:colcon.colcon_core.shell:Creating environment descriptor '/home/liu/ros/rosAndGit/GitHub/ROS2-test-codes-von-M-U/install/traffic_light/share/traffic_light/hook/pythonpath.dsv'
[2.441s] INFO:colcon.colcon_core.shell:Creating environment hook '/home/liu/ros/rosAndGit/GitHub/ROS2-test-codes-von-M-U/install/traffic_light/share/traffic_light/hook/pythonpath.sh'
[2.441s] Level 1:colcon.colcon_core.environment:checking '/home/liu/ros/rosAndGit/GitHub/ROS2-test-codes-von-M-U/install/traffic_light/bin'
[2.441s] Level 1:colcon.colcon_core.environment:create_environment_scripts_only(traffic_light)
[2.441s] INFO:colcon.colcon_core.shell:Creating package script '/home/liu/ros/rosAndGit/GitHub/ROS2-test-codes-von-M-U/install/traffic_light/share/traffic_light/package.ps1'
[2.442s] INFO:colcon.colcon_core.shell:Creating package descriptor '/home/liu/ros/rosAndGit/GitHub/ROS2-test-codes-von-M-U/install/traffic_light/share/traffic_light/package.dsv'
[2.442s] INFO:colcon.colcon_core.shell:Creating package script '/home/liu/ros/rosAndGit/GitHub/ROS2-test-codes-von-M-U/install/traffic_light/share/traffic_light/package.sh'
[2.442s] INFO:colcon.colcon_core.shell:Creating package script '/home/liu/ros/rosAndGit/GitHub/ROS2-test-codes-von-M-U/install/traffic_light/share/traffic_light/package.bash'
[2.442s] INFO:colcon.colcon_core.shell:Creating package script '/home/liu/ros/rosAndGit/GitHub/ROS2-test-codes-von-M-U/install/traffic_light/share/traffic_light/package.zsh'
[2.443s] Level 1:colcon.colcon_core.environment:create_file_with_runtime_dependencies(/home/liu/ros/rosAndGit/GitHub/ROS2-test-codes-von-M-U/install/traffic_light/share/colcon-core/packages/traffic_light)
[2.443s] DEBUG:colcon.colcon_parallel_executor.executor.parallel:closing loop
[2.443s] DEBUG:colcon.colcon_parallel_executor.executor.parallel:loop closed
[2.443s] DEBUG:colcon.colcon_parallel_executor.executor.parallel:run_until_complete finished with '0'
[2.443s] DEBUG:colcon.colcon_core.event_reactor:joining thread
[2.451s] INFO:colcon.colcon_core.plugin_system:Skipping extension 'colcon_notification.desktop_notification.terminal_notifier': Not used on non-Darwin systems
[2.451s] INFO:colcon.colcon_core.plugin_system:Skipping extension 'colcon_notification.desktop_notification.win32': Not used on non-Windows systems
[2.451s] INFO:colcon.colcon_notification.desktop_notification:Sending desktop notification using 'notify2'
[2.463s] DEBUG:colcon.colcon_core.event_reactor:joined thread
[2.465s] INFO:colcon.colcon_core.shell:Creating prefix script '/home/liu/ros/rosAndGit/GitHub/ROS2-test-codes-von-M-U/install/local_setup.ps1'
[2.466s] INFO:colcon.colcon_core.shell:Creating prefix util module '/home/liu/ros/rosAndGit/GitHub/ROS2-test-codes-von-M-U/install/_local_setup_util_ps1.py'
[2.467s] INFO:colcon.colcon_core.shell:Creating prefix chain script '/home/liu/ros/rosAndGit/GitHub/ROS2-test-codes-von-M-U/install/setup.ps1'
[2.468s] INFO:colcon.colcon_core.shell:Creating prefix script '/home/liu/ros/rosAndGit/GitHub/ROS2-test-codes-von-M-U/install/local_setup.sh'
[2.468s] INFO:colcon.colcon_core.shell:Creating prefix util module '/home/liu/ros/rosAndGit/GitHub/ROS2-test-codes-von-M-U/install/_local_setup_util_sh.py'
[2.469s] INFO:colcon.colcon_core.shell:Creating prefix chain script '/home/liu/ros/rosAndGit/GitHub/ROS2-test-codes-von-M-U/install/setup.sh'
[2.470s] INFO:colcon.colcon_core.shell:Creating prefix script '/home/liu/ros/rosAndGit/GitHub/ROS2-test-codes-von-M-U/install/local_setup.bash'
[2.470s] INFO:colcon.colcon_core.shell:Creating prefix chain script '/home/liu/ros/rosAndGit/GitHub/ROS2-test-codes-von-M-U/install/setup.bash'
[2.471s] INFO:colcon.colcon_core.shell:Creating prefix script '/home/liu/ros/rosAndGit/GitHub/ROS2-test-codes-von-M-U/install/local_setup.zsh'
[2.471s] INFO:colcon.colcon_core.shell:Creating prefix chain script '/home/liu/ros/rosAndGit/GitHub/ROS2-test-codes-von-M-U/install/setup.zsh'
