[1.694s] Invoking command in '/home/liu/ros/rosAndGit/GitHub/ROS2-test-codes-von-M-U/detect_level': PYTHONPATH=/home/liu/ros/rosAndGit/GitHub/ROS2-test-codes-von-M-U/build/detect_level/prefix_override:/home/liu/ros/rosAndGit/GitHub/ROS2-test-codes-von-M-U/install/detect_level/lib/python3.10/site-packages:${PYTHONPATH} /usr/bin/python3 -W ignore:setup.py install is deprecated setup.py egg_info --egg-base ../build/detect_level build --build-base /home/liu/ros/rosAndGit/GitHub/ROS2-test-codes-von-M-U/build/detect_level/build install --record /home/liu/ros/rosAndGit/GitHub/ROS2-test-codes-von-M-U/build/detect_level/install.log --single-version-externally-managed install_data
[1.859s] running egg_info
[1.860s] writing ../build/detect_level/detect_level.egg-info/PKG-INFO
[1.860s] writing dependency_links to ../build/detect_level/detect_level.egg-info/dependency_links.txt
[1.860s] writing entry points to ../build/detect_level/detect_level.egg-info/entry_points.txt
[1.860s] writing requirements to ../build/detect_level/detect_level.egg-info/requires.txt
[1.860s] writing top-level names to ../build/detect_level/detect_level.egg-info/top_level.txt
[1.862s] reading manifest file '../build/detect_level/detect_level.egg-info/SOURCES.txt'
[1.862s] writing manifest file '../build/detect_level/detect_level.egg-info/SOURCES.txt'
[1.862s] running build
[1.862s] running build_py
[1.863s] running install
[1.863s] running install_lib
[1.864s] running install_data
[1.864s] running install_egg_info
[1.865s] removing '/home/liu/ros/rosAndGit/GitHub/ROS2-test-codes-von-M-U/install/detect_level/lib/python3.10/site-packages/detect_level-0.0.0-py3.10.egg-info' (and everything under it)
[1.865s] Copying ../build/detect_level/detect_level.egg-info to /home/liu/ros/rosAndGit/GitHub/ROS2-test-codes-von-M-U/install/detect_level/lib/python3.10/site-packages/detect_level-0.0.0-py3.10.egg-info
[1.866s] running install_scripts
[1.883s] Installing detect_level script to /home/liu/ros/rosAndGit/GitHub/ROS2-test-codes-von-M-U/install/detect_level/lib/detect_level
[1.883s] writing list of installed files to '/home/liu/ros/rosAndGit/GitHub/ROS2-test-codes-von-M-U/build/detect_level/install.log'
[1.966s] Invoked command in '/home/liu/ros/rosAndGit/GitHub/ROS2-test-codes-von-M-U/detect_level' returned '0': PYTHONPATH=/home/liu/ros/rosAndGit/GitHub/ROS2-test-codes-von-M-U/build/detect_level/prefix_override:/home/liu/ros/rosAndGit/GitHub/ROS2-test-codes-von-M-U/install/detect_level/lib/python3.10/site-packages:${PYTHONPATH} /usr/bin/python3 -W ignore:setup.py install is deprecated setup.py egg_info --egg-base ../build/detect_level build --build-base /home/liu/ros/rosAndGit/GitHub/ROS2-test-codes-von-M-U/build/detect_level/build install --record /home/liu/ros/rosAndGit/GitHub/ROS2-test-codes-von-M-U/build/detect_level/install.log --single-version-externally-managed install_data
