[0.063s] DEBUG:colcon:Command line arguments: ['/usr/bin/colcon', 'build']
[0.063s] DEBUG:colcon:Parsed command line arguments: Namespace(log_base=None, log_level=None, verb_name='build', build_base='build', install_base='install', merge_install=False, symlink_install=False, test_result_base=None, continue_on_error=False, executor='parallel', parallel_workers=16, event_handlers=None, ignore_user_meta=False, metas=['./colcon.meta'], base_paths=['.'], packages_ignore=None, packages_ignore_regex=None, paths=None, packages_up_to=None, packages_up_to_regex=None, packages_above=None, packages_above_and_dependencies=None, packages_above_depth=None, packages_select_by_dep=None, packages_skip_by_dep=None, packages_skip_up_to=None, packages_select_build_failed=False, packages_skip_build_finished=False, packages_select_test_failures=False, packages_skip_test_passed=False, packages_select=None, packages_skip=None, packages_select_regex=None, packages_skip_regex=None, packages_start=None, packages_end=None, allow_overriding=[], cmake_args=None, cmake_target=None, cmake_target_skip_unavailable=False, cmake_clean_cache=False, cmake_clean_first=False, cmake_force_configure=False, ament_cmake_args=None, catkin_cmake_args=None, catkin_skip_building_tests=False, verb_parser=<colcon_defaults.argument_parser.defaults.DefaultArgumentsDecorator object at 0x7d0fd0a31840>, verb_extension=<colcon_core.verb.build.BuildVerb object at 0x7d0fd0a31300>, main=<bound method BuildVerb.main of <colcon_core.verb.build.BuildVerb object at 0x7d0fd0a31300>>)
[0.157s] Level 1:colcon.colcon_core.package_discovery:discover_packages(colcon_meta) check parameters
[0.157s] Level 1:colcon.colcon_core.package_discovery:discover_packages(recursive) check parameters
[0.157s] Level 1:colcon.colcon_core.package_discovery:discover_packages(ignore) check parameters
[0.157s] Level 1:colcon.colcon_core.package_discovery:discover_packages(path) check parameters
[0.157s] Level 1:colcon.colcon_core.package_discovery:discover_packages(colcon_meta) discover
[0.157s] Level 1:colcon.colcon_core.package_discovery:discover_packages(recursive) discover
[0.157s] INFO:colcon.colcon_core.package_discovery:Crawling recursively for packages in '/home/liu/ros/rosAndGit/GitHub/ROS2-test-codes-von-M-U'
[0.157s] Level 1:colcon.colcon_core.package_identification:_identify(.) by extensions ['ignore', 'ignore_ament_install']
[0.157s] Level 1:colcon.colcon_core.package_identification:_identify(.) by extension 'ignore'
[0.157s] Level 1:colcon.colcon_core.package_identification:_identify(.) by extension 'ignore_ament_install'
[0.157s] Level 1:colcon.colcon_core.package_identification:_identify(.) by extensions ['colcon_pkg']
[0.157s] Level 1:colcon.colcon_core.package_identification:_identify(.) by extension 'colcon_pkg'
[0.157s] Level 1:colcon.colcon_core.package_identification:_identify(.) by extensions ['colcon_meta']
[0.157s] Level 1:colcon.colcon_core.package_identification:_identify(.) by extension 'colcon_meta'
[0.157s] Level 1:colcon.colcon_core.package_identification:_identify(.) by extensions ['ros']
[0.157s] Level 1:colcon.colcon_core.package_identification:_identify(.) by extension 'ros'
[0.165s] Level 1:colcon.colcon_core.package_identification:_identify(.) by extensions ['cmake', 'python']
[0.165s] Level 1:colcon.colcon_core.package_identification:_identify(.) by extension 'cmake'
[0.165s] Level 1:colcon.colcon_core.package_identification:_identify(.) by extension 'python'
[0.165s] Level 1:colcon.colcon_core.package_identification:_identify(.) by extensions ['python_setup_py']
[0.165s] Level 1:colcon.colcon_core.package_identification:_identify(.) by extension 'python_setup_py'
[0.165s] Level 1:colcon.colcon_core.package_identification:_identify(build) by extensions ['ignore', 'ignore_ament_install']
[0.165s] Level 1:colcon.colcon_core.package_identification:_identify(build) by extension 'ignore'
[0.165s] Level 1:colcon.colcon_core.package_identification:_identify(build) ignored
[0.165s] Level 1:colcon.colcon_core.package_identification:_identify(control) by extensions ['ignore', 'ignore_ament_install']
[0.165s] Level 1:colcon.colcon_core.package_identification:_identify(control) by extension 'ignore'
[0.165s] Level 1:colcon.colcon_core.package_identification:_identify(control) by extension 'ignore_ament_install'
[0.165s] Level 1:colcon.colcon_core.package_identification:_identify(control) by extensions ['colcon_pkg']
[0.165s] Level 1:colcon.colcon_core.package_identification:_identify(control) by extension 'colcon_pkg'
[0.165s] Level 1:colcon.colcon_core.package_identification:_identify(control) by extensions ['colcon_meta']
[0.165s] Level 1:colcon.colcon_core.package_identification:_identify(control) by extension 'colcon_meta'
[0.165s] Level 1:colcon.colcon_core.package_identification:_identify(control) by extensions ['ros']
[0.165s] Level 1:colcon.colcon_core.package_identification:_identify(control) by extension 'ros'
[0.166s] DEBUG:colcon.colcon_core.package_identification:Package 'control' with type 'ros.ament_python' and name 'control'
[0.167s] Level 1:colcon.colcon_core.package_identification:_identify(detect_level) by extensions ['ignore', 'ignore_ament_install']
[0.167s] Level 1:colcon.colcon_core.package_identification:_identify(detect_level) by extension 'ignore'
[0.167s] Level 1:colcon.colcon_core.package_identification:_identify(detect_level) by extension 'ignore_ament_install'
[0.167s] Level 1:colcon.colcon_core.package_identification:_identify(detect_level) by extensions ['colcon_pkg']
[0.167s] Level 1:colcon.colcon_core.package_identification:_identify(detect_level) by extension 'colcon_pkg'
[0.167s] Level 1:colcon.colcon_core.package_identification:_identify(detect_level) by extensions ['colcon_meta']
[0.167s] Level 1:colcon.colcon_core.package_identification:_identify(detect_level) by extension 'colcon_meta'
[0.167s] Level 1:colcon.colcon_core.package_identification:_identify(detect_level) by extensions ['ros']
[0.167s] Level 1:colcon.colcon_core.package_identification:_identify(detect_level) by extension 'ros'
[0.167s] DEBUG:colcon.colcon_core.package_identification:Package 'detect_level' with type 'ros.ament_python' and name 'detect_level'
[0.167s] Level 1:colcon.colcon_core.package_identification:_identify(detect_sign) by extensions ['ignore', 'ignore_ament_install']
[0.167s] Level 1:colcon.colcon_core.package_identification:_identify(detect_sign) by extension 'ignore'
[0.167s] Level 1:colcon.colcon_core.package_identification:_identify(detect_sign) by extension 'ignore_ament_install'
[0.167s] Level 1:colcon.colcon_core.package_identification:_identify(detect_sign) by extensions ['colcon_pkg']
[0.167s] Level 1:colcon.colcon_core.package_identification:_identify(detect_sign) by extension 'colcon_pkg'
[0.167s] Level 1:colcon.colcon_core.package_identification:_identify(detect_sign) by extensions ['colcon_meta']
[0.167s] Level 1:colcon.colcon_core.package_identification:_identify(detect_sign) by extension 'colcon_meta'
[0.167s] Level 1:colcon.colcon_core.package_identification:_identify(detect_sign) by extensions ['ros']
[0.167s] Level 1:colcon.colcon_core.package_identification:_identify(detect_sign) by extension 'ros'
[0.167s] DEBUG:colcon.colcon_core.package_identification:Package 'detect_sign' with type 'ros.ament_python' and name 'detect_sign'
[0.167s] Level 1:colcon.colcon_core.package_identification:_identify(install) by extensions ['ignore', 'ignore_ament_install']
[0.167s] Level 1:colcon.colcon_core.package_identification:_identify(install) by extension 'ignore'
[0.168s] Level 1:colcon.colcon_core.package_identification:_identify(install) ignored
[0.168s] Level 1:colcon.colcon_core.package_identification:_identify(launchtest) by extensions ['ignore', 'ignore_ament_install']
[0.168s] Level 1:colcon.colcon_core.package_identification:_identify(launchtest) by extension 'ignore'
[0.168s] Level 1:colcon.colcon_core.package_identification:_identify(launchtest) by extension 'ignore_ament_install'
[0.168s] Level 1:colcon.colcon_core.package_identification:_identify(launchtest) by extensions ['colcon_pkg']
[0.168s] Level 1:colcon.colcon_core.package_identification:_identify(launchtest) by extension 'colcon_pkg'
[0.168s] Level 1:colcon.colcon_core.package_identification:_identify(launchtest) by extensions ['colcon_meta']
[0.168s] Level 1:colcon.colcon_core.package_identification:_identify(launchtest) by extension 'colcon_meta'
[0.168s] Level 1:colcon.colcon_core.package_identification:_identify(launchtest) by extensions ['ros']
[0.168s] Level 1:colcon.colcon_core.package_identification:_identify(launchtest) by extension 'ros'
[0.168s] DEBUG:colcon.colcon_core.package_identification:Package 'launchtest' with type 'ros.ament_python' and name 'launchtest'
[0.168s] Level 1:colcon.colcon_core.package_identification:_identify(line_follow) by extensions ['ignore', 'ignore_ament_install']
[0.168s] Level 1:colcon.colcon_core.package_identification:_identify(line_follow) by extension 'ignore'
[0.168s] Level 1:colcon.colcon_core.package_identification:_identify(line_follow) by extension 'ignore_ament_install'
[0.168s] Level 1:colcon.colcon_core.package_identification:_identify(line_follow) by extensions ['colcon_pkg']
[0.168s] Level 1:colcon.colcon_core.package_identification:_identify(line_follow) by extension 'colcon_pkg'
[0.168s] Level 1:colcon.colcon_core.package_identification:_identify(line_follow) by extensions ['colcon_meta']
[0.168s] Level 1:colcon.colcon_core.package_identification:_identify(line_follow) by extension 'colcon_meta'
[0.168s] Level 1:colcon.colcon_core.package_identification:_identify(line_follow) by extensions ['ros']
[0.168s] Level 1:colcon.colcon_core.package_identification:_identify(line_follow) by extension 'ros'
[0.168s] DEBUG:colcon.colcon_core.package_identification:Package 'line_follow' with type 'ros.ament_python' and name 'line_follow'
[0.169s] Level 1:colcon.colcon_core.package_identification:_identify(log) by extensions ['ignore', 'ignore_ament_install']
[0.169s] Level 1:colcon.colcon_core.package_identification:_identify(log) by extension 'ignore'
[0.169s] Level 1:colcon.colcon_core.package_identification:_identify(log) ignored
[0.169s] Level 1:colcon.colcon_core.package_identification:_identify(nav_to_pose) by extensions ['ignore', 'ignore_ament_install']
[0.169s] Level 1:colcon.colcon_core.package_identification:_identify(nav_to_pose) by extension 'ignore'
[0.169s] Level 1:colcon.colcon_core.package_identification:_identify(nav_to_pose) by extension 'ignore_ament_install'
[0.169s] Level 1:colcon.colcon_core.package_identification:_identify(nav_to_pose) by extensions ['colcon_pkg']
[0.169s] Level 1:colcon.colcon_core.package_identification:_identify(nav_to_pose) by extension 'colcon_pkg'
[0.169s] Level 1:colcon.colcon_core.package_identification:_identify(nav_to_pose) by extensions ['colcon_meta']
[0.169s] Level 1:colcon.colcon_core.package_identification:_identify(nav_to_pose) by extension 'colcon_meta'
[0.169s] Level 1:colcon.colcon_core.package_identification:_identify(nav_to_pose) by extensions ['ros']
[0.169s] Level 1:colcon.colcon_core.package_identification:_identify(nav_to_pose) by extension 'ros'
[0.169s] DEBUG:colcon.colcon_core.package_identification:Package 'nav_to_pose' with type 'ros.ament_python' and name 'nav_to_pose'
[0.169s] Level 1:colcon.colcon_core.package_identification:_identify(traffic_light) by extensions ['ignore', 'ignore_ament_install']
[0.169s] Level 1:colcon.colcon_core.package_identification:_identify(traffic_light) by extension 'ignore'
[0.169s] Level 1:colcon.colcon_core.package_identification:_identify(traffic_light) by extension 'ignore_ament_install'
[0.169s] Level 1:colcon.colcon_core.package_identification:_identify(traffic_light) by extensions ['colcon_pkg']
[0.169s] Level 1:colcon.colcon_core.package_identification:_identify(traffic_light) by extension 'colcon_pkg'
[0.169s] Level 1:colcon.colcon_core.package_identification:_identify(traffic_light) by extensions ['colcon_meta']
[0.169s] Level 1:colcon.colcon_core.package_identification:_identify(traffic_light) by extension 'colcon_meta'
[0.169s] Level 1:colcon.colcon_core.package_identification:_identify(traffic_light) by extensions ['ros']
[0.169s] Level 1:colcon.colcon_core.package_identification:_identify(traffic_light) by extension 'ros'
[0.169s] DEBUG:colcon.colcon_core.package_identification:Package 'traffic_light' with type 'ros.ament_python' and name 'traffic_light'
[0.169s] Level 1:colcon.colcon_core.package_discovery:discover_packages(recursive) using defaults
[0.169s] Level 1:colcon.colcon_core.package_discovery:discover_packages(ignore) discover
[0.169s] Level 1:colcon.colcon_core.package_discovery:discover_packages(ignore) using defaults
[0.169s] Level 1:colcon.colcon_core.package_discovery:discover_packages(path) discover
[0.169s] Level 1:colcon.colcon_core.package_discovery:discover_packages(path) using defaults
[0.182s] Level 1:colcon.colcon_core.package_discovery:discover_packages(prefix_path) check parameters
[0.182s] Level 1:colcon.colcon_core.package_discovery:discover_packages(prefix_path) discover
[0.183s] DEBUG:colcon.colcon_installed_package_information.package_discovery:Found 7 installed packages in /home/liu/ros/rosAndGit/GitHub/ROS2-test-codes-von-M-U/install
[0.184s] DEBUG:colcon.colcon_installed_package_information.package_discovery:Found 410 installed packages in /opt/ros/humble
[0.192s] Level 1:colcon.colcon_core.package_discovery:discover_packages(prefix_path) using defaults
[0.220s] Level 5:colcon.colcon_core.verb:set package 'control' build argument 'cmake_args' from command line to 'None'
[0.220s] Level 5:colcon.colcon_core.verb:set package 'control' build argument 'cmake_target' from command line to 'None'
[0.220s] Level 5:colcon.colcon_core.verb:set package 'control' build argument 'cmake_target_skip_unavailable' from command line to 'False'
[0.220s] Level 5:colcon.colcon_core.verb:set package 'control' build argument 'cmake_clean_cache' from command line to 'False'
[0.220s] Level 5:colcon.colcon_core.verb:set package 'control' build argument 'cmake_clean_first' from command line to 'False'
[0.220s] Level 5:colcon.colcon_core.verb:set package 'control' build argument 'cmake_force_configure' from command line to 'False'
[0.220s] Level 5:colcon.colcon_core.verb:set package 'control' build argument 'ament_cmake_args' from command line to 'None'
[0.220s] Level 5:colcon.colcon_core.verb:set package 'control' build argument 'catkin_cmake_args' from command line to 'None'
[0.220s] Level 5:colcon.colcon_core.verb:set package 'control' build argument 'catkin_skip_building_tests' from command line to 'False'
[0.220s] DEBUG:colcon.colcon_core.verb:Building package 'control' with the following arguments: {'ament_cmake_args': None, 'build_base': '/home/liu/ros/rosAndGit/GitHub/ROS2-test-codes-von-M-U/build/control', 'catkin_cmake_args': None, 'catkin_skip_building_tests': False, 'cmake_args': None, 'cmake_clean_cache': False, 'cmake_clean_first': False, 'cmake_force_configure': False, 'cmake_target': None, 'cmake_target_skip_unavailable': False, 'install_base': '/home/liu/ros/rosAndGit/GitHub/ROS2-test-codes-von-M-U/install/control', 'merge_install': False, 'path': '/home/liu/ros/rosAndGit/GitHub/ROS2-test-codes-von-M-U/control', 'symlink_install': False, 'test_result_base': None}
[0.220s] Level 5:colcon.colcon_core.verb:set package 'detect_level' build argument 'cmake_args' from command line to 'None'
[0.220s] Level 5:colcon.colcon_core.verb:set package 'detect_level' build argument 'cmake_target' from command line to 'None'
[0.220s] Level 5:colcon.colcon_core.verb:set package 'detect_level' build argument 'cmake_target_skip_unavailable' from command line to 'False'
[0.220s] Level 5:colcon.colcon_core.verb:set package 'detect_level' build argument 'cmake_clean_cache' from command line to 'False'
[0.220s] Level 5:colcon.colcon_core.verb:set package 'detect_level' build argument 'cmake_clean_first' from command line to 'False'
[0.220s] Level 5:colcon.colcon_core.verb:set package 'detect_level' build argument 'cmake_force_configure' from command line to 'False'
[0.220s] Level 5:colcon.colcon_core.verb:set package 'detect_level' build argument 'ament_cmake_args' from command line to 'None'
[0.220s] Level 5:colcon.colcon_core.verb:set package 'detect_level' build argument 'catkin_cmake_args' from command line to 'None'
[0.220s] Level 5:colcon.colcon_core.verb:set package 'detect_level' build argument 'catkin_skip_building_tests' from command line to 'False'
[0.220s] DEBUG:colcon.colcon_core.verb:Building package 'detect_level' with the following arguments: {'ament_cmake_args': None, 'build_base': '/home/liu/ros/rosAndGit/GitHub/ROS2-test-codes-von-M-U/build/detect_level', 'catkin_cmake_args': None, 'catkin_skip_building_tests': False, 'cmake_args': None, 'cmake_clean_cache': False, 'cmake_clean_first': False, 'cmake_force_configure': False, 'cmake_target': None, 'cmake_target_skip_unavailable': False, 'install_base': '/home/liu/ros/rosAndGit/GitHub/ROS2-test-codes-von-M-U/install/detect_level', 'merge_install': False, 'path': '/home/liu/ros/rosAndGit/GitHub/ROS2-test-codes-von-M-U/detect_level', 'symlink_install': False, 'test_result_base': None}
[0.220s] Level 5:colcon.colcon_core.verb:set package 'detect_sign' build argument 'cmake_args' from command line to 'None'
[0.220s] Level 5:colcon.colcon_core.verb:set package 'detect_sign' build argument 'cmake_target' from command line to 'None'
[0.220s] Level 5:colcon.colcon_core.verb:set package 'detect_sign' build argument 'cmake_target_skip_unavailable' from command line to 'False'
[0.220s] Level 5:colcon.colcon_core.verb:set package 'detect_sign' build argument 'cmake_clean_cache' from command line to 'False'
[0.220s] Level 5:colcon.colcon_core.verb:set package 'detect_sign' build argument 'cmake_clean_first' from command line to 'False'
[0.220s] Level 5:colcon.colcon_core.verb:set package 'detect_sign' build argument 'cmake_force_configure' from command line to 'False'
[0.220s] Level 5:colcon.colcon_core.verb:set package 'detect_sign' build argument 'ament_cmake_args' from command line to 'None'
[0.220s] Level 5:colcon.colcon_core.verb:set package 'detect_sign' build argument 'catkin_cmake_args' from command line to 'None'
[0.220s] Level 5:colcon.colcon_core.verb:set package 'detect_sign' build argument 'catkin_skip_building_tests' from command line to 'False'
[0.220s] DEBUG:colcon.colcon_core.verb:Building package 'detect_sign' with the following arguments: {'ament_cmake_args': None, 'build_base': '/home/liu/ros/rosAndGit/GitHub/ROS2-test-codes-von-M-U/build/detect_sign', 'catkin_cmake_args': None, 'catkin_skip_building_tests': False, 'cmake_args': None, 'cmake_clean_cache': False, 'cmake_clean_first': False, 'cmake_force_configure': False, 'cmake_target': None, 'cmake_target_skip_unavailable': False, 'install_base': '/home/liu/ros/rosAndGit/GitHub/ROS2-test-codes-von-M-U/install/detect_sign', 'merge_install': False, 'path': '/home/liu/ros/rosAndGit/GitHub/ROS2-test-codes-von-M-U/detect_sign', 'symlink_install': False, 'test_result_base': None}
[0.221s] Level 5:colcon.colcon_core.verb:set package 'launchtest' build argument 'cmake_args' from command line to 'None'
[0.221s] Level 5:colcon.colcon_core.verb:set package 'launchtest' build argument 'cmake_target' from command line to 'None'
[0.221s] Level 5:colcon.colcon_core.verb:set package 'launchtest' build argument 'cmake_target_skip_unavailable' from command line to 'False'
[0.221s] Level 5:colcon.colcon_core.verb:set package 'launchtest' build argument 'cmake_clean_cache' from command line to 'False'
[0.221s] Level 5:colcon.colcon_core.verb:set package 'launchtest' build argument 'cmake_clean_first' from command line to 'False'
[0.221s] Level 5:colcon.colcon_core.verb:set package 'launchtest' build argument 'cmake_force_configure' from command line to 'False'
[0.221s] Level 5:colcon.colcon_core.verb:set package 'launchtest' build argument 'ament_cmake_args' from command line to 'None'
[0.221s] Level 5:colcon.colcon_core.verb:set package 'launchtest' build argument 'catkin_cmake_args' from command line to 'None'
[0.221s] Level 5:colcon.colcon_core.verb:set package 'launchtest' build argument 'catkin_skip_building_tests' from command line to 'False'
[0.221s] DEBUG:colcon.colcon_core.verb:Building package 'launchtest' with the following arguments: {'ament_cmake_args': None, 'build_base': '/home/liu/ros/rosAndGit/GitHub/ROS2-test-codes-von-M-U/build/launchtest', 'catkin_cmake_args': None, 'catkin_skip_building_tests': False, 'cmake_args': None, 'cmake_clean_cache': False, 'cmake_clean_first': False, 'cmake_force_configure': False, 'cmake_target': None, 'cmake_target_skip_unavailable': False, 'install_base': '/home/liu/ros/rosAndGit/GitHub/ROS2-test-codes-von-M-U/install/launchtest', 'merge_install': False, 'path': '/home/liu/ros/rosAndGit/GitHub/ROS2-test-codes-von-M-U/launchtest', 'symlink_install': False, 'test_result_base': None}
[0.221s] Level 5:colcon.colcon_core.verb:set package 'line_follow' build argument 'cmake_args' from command line to 'None'
[0.221s] Level 5:colcon.colcon_core.verb:set package 'line_follow' build argument 'cmake_target' from command line to 'None'
[0.221s] Level 5:colcon.colcon_core.verb:set package 'line_follow' build argument 'cmake_target_skip_unavailable' from command line to 'False'
[0.221s] Level 5:colcon.colcon_core.verb:set package 'line_follow' build argument 'cmake_clean_cache' from command line to 'False'
[0.221s] Level 5:colcon.colcon_core.verb:set package 'line_follow' build argument 'cmake_clean_first' from command line to 'False'
[0.221s] Level 5:colcon.colcon_core.verb:set package 'line_follow' build argument 'cmake_force_configure' from command line to 'False'
[0.221s] Level 5:colcon.colcon_core.verb:set package 'line_follow' build argument 'ament_cmake_args' from command line to 'None'
[0.221s] Level 5:colcon.colcon_core.verb:set package 'line_follow' build argument 'catkin_cmake_args' from command line to 'None'
[0.221s] Level 5:colcon.colcon_core.verb:set package 'line_follow' build argument 'catkin_skip_building_tests' from command line to 'False'
[0.221s] DEBUG:colcon.colcon_core.verb:Building package 'line_follow' with the following arguments: {'ament_cmake_args': None, 'build_base': '/home/liu/ros/rosAndGit/GitHub/ROS2-test-codes-von-M-U/build/line_follow', 'catkin_cmake_args': None, 'catkin_skip_building_tests': False, 'cmake_args': None, 'cmake_clean_cache': False, 'cmake_clean_first': False, 'cmake_force_configure': False, 'cmake_target': None, 'cmake_target_skip_unavailable': False, 'install_base': '/home/liu/ros/rosAndGit/GitHub/ROS2-test-codes-von-M-U/install/line_follow', 'merge_install': False, 'path': '/home/liu/ros/rosAndGit/GitHub/ROS2-test-codes-von-M-U/line_follow', 'symlink_install': False, 'test_result_base': None}
[0.221s] Level 5:colcon.colcon_core.verb:set package 'nav_to_pose' build argument 'cmake_args' from command line to 'None'
[0.221s] Level 5:colcon.colcon_core.verb:set package 'nav_to_pose' build argument 'cmake_target' from command line to 'None'
[0.221s] Level 5:colcon.colcon_core.verb:set package 'nav_to_pose' build argument 'cmake_target_skip_unavailable' from command line to 'False'
[0.221s] Level 5:colcon.colcon_core.verb:set package 'nav_to_pose' build argument 'cmake_clean_cache' from command line to 'False'
[0.221s] Level 5:colcon.colcon_core.verb:set package 'nav_to_pose' build argument 'cmake_clean_first' from command line to 'False'
[0.221s] Level 5:colcon.colcon_core.verb:set package 'nav_to_pose' build argument 'cmake_force_configure' from command line to 'False'
[0.221s] Level 5:colcon.colcon_core.verb:set package 'nav_to_pose' build argument 'ament_cmake_args' from command line to 'None'
[0.221s] Level 5:colcon.colcon_core.verb:set package 'nav_to_pose' build argument 'catkin_cmake_args' from command line to 'None'
[0.221s] Level 5:colcon.colcon_core.verb:set package 'nav_to_pose' build argument 'catkin_skip_building_tests' from command line to 'False'
[0.221s] DEBUG:colcon.colcon_core.verb:Building package 'nav_to_pose' with the following arguments: {'ament_cmake_args': None, 'build_base': '/home/liu/ros/rosAndGit/GitHub/ROS2-test-codes-von-M-U/build/nav_to_pose', 'catkin_cmake_args': None, 'catkin_skip_building_tests': False, 'cmake_args': None, 'cmake_clean_cache': False, 'cmake_clean_first': False, 'cmake_force_configure': False, 'cmake_target': None, 'cmake_target_skip_unavailable': False, 'install_base': '/home/liu/ros/rosAndGit/GitHub/ROS2-test-codes-von-M-U/install/nav_to_pose', 'merge_install': False, 'path': '/home/liu/ros/rosAndGit/GitHub/ROS2-test-codes-von-M-U/nav_to_pose', 'symlink_install': False, 'test_result_base': None}
[0.221s] Level 5:colcon.colcon_core.verb:set package 'traffic_light' build argument 'cmake_args' from command line to 'None'
[0.221s] Level 5:colcon.colcon_core.verb:set package 'traffic_light' build argument 'cmake_target' from command line to 'None'
[0.221s] Level 5:colcon.colcon_core.verb:set package 'traffic_light' build argument 'cmake_target_skip_unavailable' from command line to 'False'
[0.221s] Level 5:colcon.colcon_core.verb:set package 'traffic_light' build argument 'cmake_clean_cache' from command line to 'False'
[0.221s] Level 5:colcon.colcon_core.verb:set package 'traffic_light' build argument 'cmake_clean_first' from command line to 'False'
[0.221s] Level 5:colcon.colcon_core.verb:set package 'traffic_light' build argument 'cmake_force_configure' from command line to 'False'
[0.221s] Level 5:colcon.colcon_core.verb:set package 'traffic_light' build argument 'ament_cmake_args' from command line to 'None'
[0.221s] Level 5:colcon.colcon_core.verb:set package 'traffic_light' build argument 'catkin_cmake_args' from command line to 'None'
[0.221s] Level 5:colcon.colcon_core.verb:set package 'traffic_light' build argument 'catkin_skip_building_tests' from command line to 'False'
[0.221s] DEBUG:colcon.colcon_core.verb:Building package 'traffic_light' with the following arguments: {'ament_cmake_args': None, 'build_base': '/home/liu/ros/rosAndGit/GitHub/ROS2-test-codes-von-M-U/build/traffic_light', 'catkin_cmake_args': None, 'catkin_skip_building_tests': False, 'cmake_args': None, 'cmake_clean_cache': False, 'cmake_clean_first': False, 'cmake_force_configure': False, 'cmake_target': None, 'cmake_target_skip_unavailable': False, 'install_base': '/home/liu/ros/rosAndGit/GitHub/ROS2-test-codes-von-M-U/install/traffic_light', 'merge_install': False, 'path': '/home/liu/ros/rosAndGit/GitHub/ROS2-test-codes-von-M-U/traffic_light', 'symlink_install': False, 'test_result_base': None}
[0.222s] INFO:colcon.colcon_core.executor:Executing jobs using 'parallel' executor
[0.222s] DEBUG:colcon.colcon_parallel_executor.executor.parallel:run_until_complete
[0.222s] INFO:colcon.colcon_ros.task.ament_python.build:Building ROS package in '/home/liu/ros/rosAndGit/GitHub/ROS2-test-codes-von-M-U/control' with build type 'ament_python'
[0.222s] Level 1:colcon.colcon_core.shell:create_environment_hook('control', 'ament_prefix_path')
[0.224s] INFO:colcon.colcon_core.plugin_system:Skipping extension 'colcon_core.shell.bat': Not used on non-Windows systems
[0.224s] INFO:colcon.colcon_core.shell:Creating environment hook '/home/liu/ros/rosAndGit/GitHub/ROS2-test-codes-von-M-U/install/control/share/control/hook/ament_prefix_path.ps1'
[0.225s] INFO:colcon.colcon_core.shell:Creating environment descriptor '/home/liu/ros/rosAndGit/GitHub/ROS2-test-codes-von-M-U/install/control/share/control/hook/ament_prefix_path.dsv'
[0.225s] INFO:colcon.colcon_core.shell:Creating environment hook '/home/liu/ros/rosAndGit/GitHub/ROS2-test-codes-von-M-U/install/control/share/control/hook/ament_prefix_path.sh'
[0.226s] INFO:colcon.colcon_core.shell:Skip shell extension 'powershell' for command environment: Not usable outside of PowerShell
[0.226s] DEBUG:colcon.colcon_core.shell:Skip shell extension 'dsv' for command environment
[0.228s] INFO:colcon.colcon_ros.task.ament_python.build:Building ROS package in '/home/liu/ros/rosAndGit/GitHub/ROS2-test-codes-von-M-U/detect_level' with build type 'ament_python'
[0.228s] Level 1:colcon.colcon_core.shell:create_environment_hook('detect_level', 'ament_prefix_path')
[0.229s] INFO:colcon.colcon_core.shell:Creating environment hook '/home/liu/ros/rosAndGit/GitHub/ROS2-test-codes-von-M-U/install/detect_level/share/detect_level/hook/ament_prefix_path.ps1'
[0.229s] INFO:colcon.colcon_core.shell:Creating environment descriptor '/home/liu/ros/rosAndGit/GitHub/ROS2-test-codes-von-M-U/install/detect_level/share/detect_level/hook/ament_prefix_path.dsv'
[0.229s] INFO:colcon.colcon_core.shell:Creating environment hook '/home/liu/ros/rosAndGit/GitHub/ROS2-test-codes-von-M-U/install/detect_level/share/detect_level/hook/ament_prefix_path.sh'
[0.229s] INFO:colcon.colcon_core.shell:Skip shell extension 'powershell' for command environment: Not usable outside of PowerShell
[0.229s] DEBUG:colcon.colcon_core.shell:Skip shell extension 'dsv' for command environment
[0.232s] INFO:colcon.colcon_ros.task.ament_python.build:Building ROS package in '/home/liu/ros/rosAndGit/GitHub/ROS2-test-codes-von-M-U/detect_sign' with build type 'ament_python'
[0.232s] Level 1:colcon.colcon_core.shell:create_environment_hook('detect_sign', 'ament_prefix_path')
[0.232s] INFO:colcon.colcon_core.shell:Creating environment hook '/home/liu/ros/rosAndGit/GitHub/ROS2-test-codes-von-M-U/install/detect_sign/share/detect_sign/hook/ament_prefix_path.ps1'
[0.232s] INFO:colcon.colcon_core.shell:Creating environment descriptor '/home/liu/ros/rosAndGit/GitHub/ROS2-test-codes-von-M-U/install/detect_sign/share/detect_sign/hook/ament_prefix_path.dsv'
[0.232s] INFO:colcon.colcon_core.shell:Creating environment hook '/home/liu/ros/rosAndGit/GitHub/ROS2-test-codes-von-M-U/install/detect_sign/share/detect_sign/hook/ament_prefix_path.sh'
[0.233s] INFO:colcon.colcon_core.shell:Skip shell extension 'powershell' for command environment: Not usable outside of PowerShell
[0.233s] DEBUG:colcon.colcon_core.shell:Skip shell extension 'dsv' for command environment
[0.235s] INFO:colcon.colcon_ros.task.ament_python.build:Building ROS package in '/home/liu/ros/rosAndGit/GitHub/ROS2-test-codes-von-M-U/launchtest' with build type 'ament_python'
[0.235s] Level 1:colcon.colcon_core.shell:create_environment_hook('launchtest', 'ament_prefix_path')
[0.235s] INFO:colcon.colcon_core.shell:Creating environment hook '/home/liu/ros/rosAndGit/GitHub/ROS2-test-codes-von-M-U/install/launchtest/share/launchtest/hook/ament_prefix_path.ps1'
[0.235s] INFO:colcon.colcon_core.shell:Creating environment descriptor '/home/liu/ros/rosAndGit/GitHub/ROS2-test-codes-von-M-U/install/launchtest/share/launchtest/hook/ament_prefix_path.dsv'
[0.236s] INFO:colcon.colcon_core.shell:Creating environment hook '/home/liu/ros/rosAndGit/GitHub/ROS2-test-codes-von-M-U/install/launchtest/share/launchtest/hook/ament_prefix_path.sh'
[0.236s] INFO:colcon.colcon_core.shell:Skip shell extension 'powershell' for command environment: Not usable outside of PowerShell
[0.236s] DEBUG:colcon.colcon_core.shell:Skip shell extension 'dsv' for command environment
[0.238s] INFO:colcon.colcon_ros.task.ament_python.build:Building ROS package in '/home/liu/ros/rosAndGit/GitHub/ROS2-test-codes-von-M-U/line_follow' with build type 'ament_python'
[0.238s] Level 1:colcon.colcon_core.shell:create_environment_hook('line_follow', 'ament_prefix_path')
[0.238s] INFO:colcon.colcon_core.shell:Creating environment hook '/home/liu/ros/rosAndGit/GitHub/ROS2-test-codes-von-M-U/install/line_follow/share/line_follow/hook/ament_prefix_path.ps1'
[0.239s] INFO:colcon.colcon_core.shell:Creating environment descriptor '/home/liu/ros/rosAndGit/GitHub/ROS2-test-codes-von-M-U/install/line_follow/share/line_follow/hook/ament_prefix_path.dsv'
[0.239s] INFO:colcon.colcon_core.shell:Creating environment hook '/home/liu/ros/rosAndGit/GitHub/ROS2-test-codes-von-M-U/install/line_follow/share/line_follow/hook/ament_prefix_path.sh'
[0.239s] INFO:colcon.colcon_core.shell:Skip shell extension 'powershell' for command environment: Not usable outside of PowerShell
[0.239s] DEBUG:colcon.colcon_core.shell:Skip shell extension 'dsv' for command environment
[0.242s] INFO:colcon.colcon_ros.task.ament_python.build:Building ROS package in '/home/liu/ros/rosAndGit/GitHub/ROS2-test-codes-von-M-U/nav_to_pose' with build type 'ament_python'
[0.242s] Level 1:colcon.colcon_core.shell:create_environment_hook('nav_to_pose', 'ament_prefix_path')
[0.242s] INFO:colcon.colcon_core.shell:Creating environment hook '/home/liu/ros/rosAndGit/GitHub/ROS2-test-codes-von-M-U/install/nav_to_pose/share/nav_to_pose/hook/ament_prefix_path.ps1'
[0.243s] INFO:colcon.colcon_core.shell:Creating environment descriptor '/home/liu/ros/rosAndGit/GitHub/ROS2-test-codes-von-M-U/install/nav_to_pose/share/nav_to_pose/hook/ament_prefix_path.dsv'
[0.243s] INFO:colcon.colcon_core.shell:Creating environment hook '/home/liu/ros/rosAndGit/GitHub/ROS2-test-codes-von-M-U/install/nav_to_pose/share/nav_to_pose/hook/ament_prefix_path.sh'
[0.243s] INFO:colcon.colcon_core.shell:Skip shell extension 'powershell' for command environment: Not usable outside of PowerShell
[0.243s] DEBUG:colcon.colcon_core.shell:Skip shell extension 'dsv' for command environment
[0.246s] INFO:colcon.colcon_ros.task.ament_python.build:Building ROS package in '/home/liu/ros/rosAndGit/GitHub/ROS2-test-codes-von-M-U/traffic_light' with build type 'ament_python'
[0.246s] Level 1:colcon.colcon_core.shell:create_environment_hook('traffic_light', 'ament_prefix_path')
[0.246s] INFO:colcon.colcon_core.shell:Creating environment hook '/home/liu/ros/rosAndGit/GitHub/ROS2-test-codes-von-M-U/install/traffic_light/share/traffic_light/hook/ament_prefix_path.ps1'
[0.247s] INFO:colcon.colcon_core.shell:Creating environment descriptor '/home/liu/ros/rosAndGit/GitHub/ROS2-test-codes-von-M-U/install/traffic_light/share/traffic_light/hook/ament_prefix_path.dsv'
[0.247s] INFO:colcon.colcon_core.shell:Creating environment hook '/home/liu/ros/rosAndGit/GitHub/ROS2-test-codes-von-M-U/install/traffic_light/share/traffic_light/hook/ament_prefix_path.sh'
[0.247s] INFO:colcon.colcon_core.shell:Skip shell extension 'powershell' for command environment: Not usable outside of PowerShell
[0.247s] DEBUG:colcon.colcon_core.shell:Skip shell extension 'dsv' for command environment
[0.405s] INFO:colcon.colcon_core.task.python.build:Building Python package in '/home/liu/ros/rosAndGit/GitHub/ROS2-test-codes-von-M-U/control'
[0.405s] INFO:colcon.colcon_core.shell:Skip shell extension 'powershell' for command environment: Not usable outside of PowerShell
[0.405s] DEBUG:colcon.colcon_core.shell:Skip shell extension 'dsv' for command environment
[0.558s] INFO:colcon.colcon_core.task.python.build:Building Python package in '/home/liu/ros/rosAndGit/GitHub/ROS2-test-codes-von-M-U/detect_level'
[0.559s] INFO:colcon.colcon_core.shell:Skip shell extension 'powershell' for command environment: Not usable outside of PowerShell
[0.559s] DEBUG:colcon.colcon_core.shell:Skip shell extension 'dsv' for command environment
[0.716s] INFO:colcon.colcon_core.task.python.build:Building Python package in '/home/liu/ros/rosAndGit/GitHub/ROS2-test-codes-von-M-U/detect_sign'
[0.716s] INFO:colcon.colcon_core.shell:Skip shell extension 'powershell' for command environment: Not usable outside of PowerShell
[0.716s] DEBUG:colcon.colcon_core.shell:Skip shell extension 'dsv' for command environment
[0.870s] INFO:colcon.colcon_core.task.python.build:Building Python package in '/home/liu/ros/rosAndGit/GitHub/ROS2-test-codes-von-M-U/launchtest'
[0.870s] INFO:colcon.colcon_core.shell:Skip shell extension 'powershell' for command environment: Not usable outside of PowerShell
[0.870s] DEBUG:colcon.colcon_core.shell:Skip shell extension 'dsv' for command environment
[1.027s] INFO:colcon.colcon_core.task.python.build:Building Python package in '/home/liu/ros/rosAndGit/GitHub/ROS2-test-codes-von-M-U/line_follow'
[1.027s] INFO:colcon.colcon_core.shell:Skip shell extension 'powershell' for command environment: Not usable outside of PowerShell
[1.027s] DEBUG:colcon.colcon_core.shell:Skip shell extension 'dsv' for command environment
[1.180s] INFO:colcon.colcon_core.task.python.build:Building Python package in '/home/liu/ros/rosAndGit/GitHub/ROS2-test-codes-von-M-U/nav_to_pose'
[1.181s] INFO:colcon.colcon_core.shell:Skip shell extension 'powershell' for command environment: Not usable outside of PowerShell
[1.181s] DEBUG:colcon.colcon_core.shell:Skip shell extension 'dsv' for command environment
[1.333s] INFO:colcon.colcon_core.task.python.build:Building Python package in '/home/liu/ros/rosAndGit/GitHub/ROS2-test-codes-von-M-U/traffic_light'
[1.334s] INFO:colcon.colcon_core.shell:Skip shell extension 'powershell' for command environment: Not usable outside of PowerShell
[1.334s] DEBUG:colcon.colcon_core.shell:Skip shell extension 'dsv' for command environment
[1.598s] DEBUG:colcon.colcon_core.event_handler.log_command:Invoking command in '/home/liu/ros/rosAndGit/GitHub/ROS2-test-codes-von-M-U/detect_sign': PYTHONPATH=/home/liu/ros/rosAndGit/GitHub/ROS2-test-codes-von-M-U/build/detect_sign/prefix_override:/home/liu/ros/rosAndGit/GitHub/ROS2-test-codes-von-M-U/install/detect_sign/lib/python3.10/site-packages:${PYTHONPATH} /usr/bin/python3 -W ignore:setup.py install is deprecated setup.py egg_info --egg-base ../build/detect_sign build --build-base /home/liu/ros/rosAndGit/GitHub/ROS2-test-codes-von-M-U/build/detect_sign/build install --record /home/liu/ros/rosAndGit/GitHub/ROS2-test-codes-von-M-U/build/detect_sign/install.log --single-version-externally-managed install_data
[1.600s] DEBUG:colcon.colcon_core.event_handler.log_command:Invoking command in '/home/liu/ros/rosAndGit/GitHub/ROS2-test-codes-von-M-U/nav_to_pose': PYTHONPATH=/home/liu/ros/rosAndGit/GitHub/ROS2-test-codes-von-M-U/build/nav_to_pose/prefix_override:/home/liu/ros/rosAndGit/GitHub/ROS2-test-codes-von-M-U/install/nav_to_pose/lib/python3.10/site-packages:${PYTHONPATH} /usr/bin/python3 -W ignore:setup.py install is deprecated setup.py egg_info --egg-base ../build/nav_to_pose build --build-base /home/liu/ros/rosAndGit/GitHub/ROS2-test-codes-von-M-U/build/nav_to_pose/build install --record /home/liu/ros/rosAndGit/GitHub/ROS2-test-codes-von-M-U/build/nav_to_pose/install.log --single-version-externally-managed install_data
[1.606s] DEBUG:colcon.colcon_core.event_handler.log_command:Invoking command in '/home/liu/ros/rosAndGit/GitHub/ROS2-test-codes-von-M-U/control': PYTHONPATH=/home/liu/ros/rosAndGit/GitHub/ROS2-test-codes-von-M-U/build/control/prefix_override:/home/liu/ros/rosAndGit/GitHub/ROS2-test-codes-von-M-U/install/control/lib/python3.10/site-packages:${PYTHONPATH} /usr/bin/python3 -W ignore:setup.py install is deprecated setup.py egg_info --egg-base ../build/control build --build-base /home/liu/ros/rosAndGit/GitHub/ROS2-test-codes-von-M-U/build/control/build install --record /home/liu/ros/rosAndGit/GitHub/ROS2-test-codes-von-M-U/build/control/install.log --single-version-externally-managed install_data
[1.609s] DEBUG:colcon.colcon_core.event_handler.log_command:Invoking command in '/home/liu/ros/rosAndGit/GitHub/ROS2-test-codes-von-M-U/detect_level': PYTHONPATH=/home/liu/ros/rosAndGit/GitHub/ROS2-test-codes-von-M-U/build/detect_level/prefix_override:/home/liu/ros/rosAndGit/GitHub/ROS2-test-codes-von-M-U/install/detect_level/lib/python3.10/site-packages:${PYTHONPATH} /usr/bin/python3 -W ignore:setup.py install is deprecated setup.py egg_info --egg-base ../build/detect_level build --build-base /home/liu/ros/rosAndGit/GitHub/ROS2-test-codes-von-M-U/build/detect_level/build install --record /home/liu/ros/rosAndGit/GitHub/ROS2-test-codes-von-M-U/build/detect_level/install.log --single-version-externally-managed install_data
[1.610s] DEBUG:colcon.colcon_core.event_handler.log_command:Invoking command in '/home/liu/ros/rosAndGit/GitHub/ROS2-test-codes-von-M-U/line_follow': PYTHONPATH=/home/liu/ros/rosAndGit/GitHub/ROS2-test-codes-von-M-U/build/line_follow/prefix_override:/home/liu/ros/rosAndGit/GitHub/ROS2-test-codes-von-M-U/install/line_follow/lib/python3.10/site-packages:${PYTHONPATH} /usr/bin/python3 -W ignore:setup.py install is deprecated setup.py egg_info --egg-base ../build/line_follow build --build-base /home/liu/ros/rosAndGit/GitHub/ROS2-test-codes-von-M-U/build/line_follow/build install --record /home/liu/ros/rosAndGit/GitHub/ROS2-test-codes-von-M-U/build/line_follow/install.log --single-version-externally-managed install_data
[1.610s] DEBUG:colcon.colcon_core.event_handler.log_command:Invoking command in '/home/liu/ros/rosAndGit/GitHub/ROS2-test-codes-von-M-U/launchtest': PYTHONPATH=/home/liu/ros/rosAndGit/GitHub/ROS2-test-codes-von-M-U/build/launchtest/prefix_override:/home/liu/ros/rosAndGit/GitHub/ROS2-test-codes-von-M-U/install/launchtest/lib/python3.10/site-packages:${PYTHONPATH} /usr/bin/python3 -W ignore:setup.py install is deprecated setup.py egg_info --egg-base ../build/launchtest build --build-base /home/liu/ros/rosAndGit/GitHub/ROS2-test-codes-von-M-U/build/launchtest/build install --record /home/liu/ros/rosAndGit/GitHub/ROS2-test-codes-von-M-U/build/launchtest/install.log --single-version-externally-managed install_data
[1.615s] DEBUG:colcon.colcon_core.event_handler.log_command:Invoking command in '/home/liu/ros/rosAndGit/GitHub/ROS2-test-codes-von-M-U/traffic_light': PYTHONPATH=/home/liu/ros/rosAndGit/GitHub/ROS2-test-codes-von-M-U/build/traffic_light/prefix_override:/home/liu/ros/rosAndGit/GitHub/ROS2-test-codes-von-M-U/install/traffic_light/lib/python3.10/site-packages:${PYTHONPATH} /usr/bin/python3 -W ignore:setup.py install is deprecated setup.py egg_info --egg-base ../build/traffic_light build --build-base /home/liu/ros/rosAndGit/GitHub/ROS2-test-codes-von-M-U/build/traffic_light/build install --record /home/liu/ros/rosAndGit/GitHub/ROS2-test-codes-von-M-U/build/traffic_light/install.log --single-version-externally-managed install_data
[1.802s] DEBUG:colcon.colcon_core.event_handler.log_command:Invoked command in '/home/liu/ros/rosAndGit/GitHub/ROS2-test-codes-von-M-U/control' returned '0': PYTHONPATH=/home/liu/ros/rosAndGit/GitHub/ROS2-test-codes-von-M-U/build/control/prefix_override:/home/liu/ros/rosAndGit/GitHub/ROS2-test-codes-von-M-U/install/control/lib/python3.10/site-packages:${PYTHONPATH} /usr/bin/python3 -W ignore:setup.py install is deprecated setup.py egg_info --egg-base ../build/control build --build-base /home/liu/ros/rosAndGit/GitHub/ROS2-test-codes-von-M-U/build/control/build install --record /home/liu/ros/rosAndGit/GitHub/ROS2-test-codes-von-M-U/build/control/install.log --single-version-externally-managed install_data
[1.805s] Level 1:colcon.colcon_core.environment:checking '/home/liu/ros/rosAndGit/GitHub/ROS2-test-codes-von-M-U/install/control' for CMake module files
[1.805s] Level 1:colcon.colcon_core.environment:checking '/home/liu/ros/rosAndGit/GitHub/ROS2-test-codes-von-M-U/install/control' for CMake config files
[1.806s] Level 1:colcon.colcon_core.environment:checking '/home/liu/ros/rosAndGit/GitHub/ROS2-test-codes-von-M-U/install/control/lib'
[1.806s] Level 1:colcon.colcon_core.environment:checking '/home/liu/ros/rosAndGit/GitHub/ROS2-test-codes-von-M-U/install/control/bin'
[1.806s] Level 1:colcon.colcon_core.environment:checking '/home/liu/ros/rosAndGit/GitHub/ROS2-test-codes-von-M-U/install/control/lib/pkgconfig/control.pc'
[1.806s] Level 1:colcon.colcon_core.environment:checking '/home/liu/ros/rosAndGit/GitHub/ROS2-test-codes-von-M-U/install/control/lib/python3.10/site-packages'
[1.806s] Level 1:colcon.colcon_core.shell:create_environment_hook('control', 'pythonpath')
[1.806s] INFO:colcon.colcon_core.shell:Creating environment hook '/home/liu/ros/rosAndGit/GitHub/ROS2-test-codes-von-M-U/install/control/share/control/hook/pythonpath.ps1'
[1.807s] INFO:colcon.colcon_core.shell:Creating environment descriptor '/home/liu/ros/rosAndGit/GitHub/ROS2-test-codes-von-M-U/install/control/share/control/hook/pythonpath.dsv'
[1.807s] INFO:colcon.colcon_core.shell:Creating environment hook '/home/liu/ros/rosAndGit/GitHub/ROS2-test-codes-von-M-U/install/control/share/control/hook/pythonpath.sh'
[1.807s] Level 1:colcon.colcon_core.environment:checking '/home/liu/ros/rosAndGit/GitHub/ROS2-test-codes-von-M-U/install/control/bin'
[1.807s] Level 1:colcon.colcon_core.environment:create_environment_scripts_only(control)
[1.808s] INFO:colcon.colcon_core.shell:Creating package script '/home/liu/ros/rosAndGit/GitHub/ROS2-test-codes-von-M-U/install/control/share/control/package.ps1'
[1.808s] INFO:colcon.colcon_core.shell:Creating package descriptor '/home/liu/ros/rosAndGit/GitHub/ROS2-test-codes-von-M-U/install/control/share/control/package.dsv'
[1.808s] INFO:colcon.colcon_core.shell:Creating package script '/home/liu/ros/rosAndGit/GitHub/ROS2-test-codes-von-M-U/install/control/share/control/package.sh'
[1.809s] INFO:colcon.colcon_core.shell:Creating package script '/home/liu/ros/rosAndGit/GitHub/ROS2-test-codes-von-M-U/install/control/share/control/package.bash'
[1.809s] INFO:colcon.colcon_core.shell:Creating package script '/home/liu/ros/rosAndGit/GitHub/ROS2-test-codes-von-M-U/install/control/share/control/package.zsh'
[1.809s] Level 1:colcon.colcon_core.environment:create_file_with_runtime_dependencies(/home/liu/ros/rosAndGit/GitHub/ROS2-test-codes-von-M-U/install/control/share/colcon-core/packages/control)
[1.810s] Level 1:colcon.colcon_core.environment:checking '/home/liu/ros/rosAndGit/GitHub/ROS2-test-codes-von-M-U/install/line_follow' for CMake module files
[1.810s] Level 1:colcon.colcon_core.environment:checking '/home/liu/ros/rosAndGit/GitHub/ROS2-test-codes-von-M-U/install/line_follow' for CMake config files
[1.811s] DEBUG:colcon.colcon_core.event_handler.log_command:Invoked command in '/home/liu/ros/rosAndGit/GitHub/ROS2-test-codes-von-M-U/line_follow' returned '0': PYTHONPATH=/home/liu/ros/rosAndGit/GitHub/ROS2-test-codes-von-M-U/build/line_follow/prefix_override:/home/liu/ros/rosAndGit/GitHub/ROS2-test-codes-von-M-U/install/line_follow/lib/python3.10/site-packages:${PYTHONPATH} /usr/bin/python3 -W ignore:setup.py install is deprecated setup.py egg_info --egg-base ../build/line_follow build --build-base /home/liu/ros/rosAndGit/GitHub/ROS2-test-codes-von-M-U/build/line_follow/build install --record /home/liu/ros/rosAndGit/GitHub/ROS2-test-codes-von-M-U/build/line_follow/install.log --single-version-externally-managed install_data
[1.811s] Level 1:colcon.colcon_core.environment:checking '/home/liu/ros/rosAndGit/GitHub/ROS2-test-codes-von-M-U/install/line_follow/lib'
[1.811s] Level 1:colcon.colcon_core.environment:checking '/home/liu/ros/rosAndGit/GitHub/ROS2-test-codes-von-M-U/install/line_follow/bin'
[1.811s] Level 1:colcon.colcon_core.environment:checking '/home/liu/ros/rosAndGit/GitHub/ROS2-test-codes-von-M-U/install/line_follow/lib/pkgconfig/line_follow.pc'
[1.811s] Level 1:colcon.colcon_core.environment:checking '/home/liu/ros/rosAndGit/GitHub/ROS2-test-codes-von-M-U/install/line_follow/lib/python3.10/site-packages'
[1.811s] Level 1:colcon.colcon_core.shell:create_environment_hook('line_follow', 'pythonpath')
[1.811s] INFO:colcon.colcon_core.shell:Creating environment hook '/home/liu/ros/rosAndGit/GitHub/ROS2-test-codes-von-M-U/install/line_follow/share/line_follow/hook/pythonpath.ps1'
[1.812s] INFO:colcon.colcon_core.shell:Creating environment descriptor '/home/liu/ros/rosAndGit/GitHub/ROS2-test-codes-von-M-U/install/line_follow/share/line_follow/hook/pythonpath.dsv'
[1.812s] INFO:colcon.colcon_core.shell:Creating environment hook '/home/liu/ros/rosAndGit/GitHub/ROS2-test-codes-von-M-U/install/line_follow/share/line_follow/hook/pythonpath.sh'
[1.812s] Level 1:colcon.colcon_core.environment:checking '/home/liu/ros/rosAndGit/GitHub/ROS2-test-codes-von-M-U/install/line_follow/bin'
[1.812s] Level 1:colcon.colcon_core.environment:create_environment_scripts_only(line_follow)
[1.812s] INFO:colcon.colcon_core.shell:Creating package script '/home/liu/ros/rosAndGit/GitHub/ROS2-test-codes-von-M-U/install/line_follow/share/line_follow/package.ps1'
[1.812s] INFO:colcon.colcon_core.shell:Creating package descriptor '/home/liu/ros/rosAndGit/GitHub/ROS2-test-codes-von-M-U/install/line_follow/share/line_follow/package.dsv'
[1.813s] INFO:colcon.colcon_core.shell:Creating package script '/home/liu/ros/rosAndGit/GitHub/ROS2-test-codes-von-M-U/install/line_follow/share/line_follow/package.sh'
[1.813s] INFO:colcon.colcon_core.shell:Creating package script '/home/liu/ros/rosAndGit/GitHub/ROS2-test-codes-von-M-U/install/line_follow/share/line_follow/package.bash'
[1.813s] INFO:colcon.colcon_core.shell:Creating package script '/home/liu/ros/rosAndGit/GitHub/ROS2-test-codes-von-M-U/install/line_follow/share/line_follow/package.zsh'
[1.813s] Level 1:colcon.colcon_core.environment:create_file_with_runtime_dependencies(/home/liu/ros/rosAndGit/GitHub/ROS2-test-codes-von-M-U/install/line_follow/share/colcon-core/packages/line_follow)
[1.814s] Level 1:colcon.colcon_core.environment:checking '/home/liu/ros/rosAndGit/GitHub/ROS2-test-codes-von-M-U/install/launchtest' for CMake module files
[1.815s] DEBUG:colcon.colcon_core.event_handler.log_command:Invoked command in '/home/liu/ros/rosAndGit/GitHub/ROS2-test-codes-von-M-U/launchtest' returned '0': PYTHONPATH=/home/liu/ros/rosAndGit/GitHub/ROS2-test-codes-von-M-U/build/launchtest/prefix_override:/home/liu/ros/rosAndGit/GitHub/ROS2-test-codes-von-M-U/install/launchtest/lib/python3.10/site-packages:${PYTHONPATH} /usr/bin/python3 -W ignore:setup.py install is deprecated setup.py egg_info --egg-base ../build/launchtest build --build-base /home/liu/ros/rosAndGit/GitHub/ROS2-test-codes-von-M-U/build/launchtest/build install --record /home/liu/ros/rosAndGit/GitHub/ROS2-test-codes-von-M-U/build/launchtest/install.log --single-version-externally-managed install_data
[1.815s] Level 1:colcon.colcon_core.environment:checking '/home/liu/ros/rosAndGit/GitHub/ROS2-test-codes-von-M-U/install/launchtest' for CMake config files
[1.815s] Level 1:colcon.colcon_core.environment:checking '/home/liu/ros/rosAndGit/GitHub/ROS2-test-codes-von-M-U/install/launchtest/lib'
[1.815s] Level 1:colcon.colcon_core.environment:checking '/home/liu/ros/rosAndGit/GitHub/ROS2-test-codes-von-M-U/install/launchtest/bin'
[1.815s] Level 1:colcon.colcon_core.environment:checking '/home/liu/ros/rosAndGit/GitHub/ROS2-test-codes-von-M-U/install/launchtest/lib/pkgconfig/launchtest.pc'
[1.816s] Level 1:colcon.colcon_core.environment:checking '/home/liu/ros/rosAndGit/GitHub/ROS2-test-codes-von-M-U/install/launchtest/lib/python3.10/site-packages'
[1.816s] Level 1:colcon.colcon_core.shell:create_environment_hook('launchtest', 'pythonpath')
[1.816s] INFO:colcon.colcon_core.shell:Creating environment hook '/home/liu/ros/rosAndGit/GitHub/ROS2-test-codes-von-M-U/install/launchtest/share/launchtest/hook/pythonpath.ps1'
[1.816s] INFO:colcon.colcon_core.shell:Creating environment descriptor '/home/liu/ros/rosAndGit/GitHub/ROS2-test-codes-von-M-U/install/launchtest/share/launchtest/hook/pythonpath.dsv'
[1.816s] INFO:colcon.colcon_core.shell:Creating environment hook '/home/liu/ros/rosAndGit/GitHub/ROS2-test-codes-von-M-U/install/launchtest/share/launchtest/hook/pythonpath.sh'
[1.816s] Level 1:colcon.colcon_core.environment:checking '/home/liu/ros/rosAndGit/GitHub/ROS2-test-codes-von-M-U/install/launchtest/bin'
[1.816s] Level 1:colcon.colcon_core.environment:create_environment_scripts_only(launchtest)
[1.817s] INFO:colcon.colcon_core.shell:Creating package script '/home/liu/ros/rosAndGit/GitHub/ROS2-test-codes-von-M-U/install/launchtest/share/launchtest/package.ps1'
[1.817s] INFO:colcon.colcon_core.shell:Creating package descriptor '/home/liu/ros/rosAndGit/GitHub/ROS2-test-codes-von-M-U/install/launchtest/share/launchtest/package.dsv'
[1.817s] INFO:colcon.colcon_core.shell:Creating package script '/home/liu/ros/rosAndGit/GitHub/ROS2-test-codes-von-M-U/install/launchtest/share/launchtest/package.sh'
[1.817s] INFO:colcon.colcon_core.shell:Creating package script '/home/liu/ros/rosAndGit/GitHub/ROS2-test-codes-von-M-U/install/launchtest/share/launchtest/package.bash'
[1.817s] INFO:colcon.colcon_core.shell:Creating package script '/home/liu/ros/rosAndGit/GitHub/ROS2-test-codes-von-M-U/install/launchtest/share/launchtest/package.zsh'
[1.818s] Level 1:colcon.colcon_core.environment:create_file_with_runtime_dependencies(/home/liu/ros/rosAndGit/GitHub/ROS2-test-codes-von-M-U/install/launchtest/share/colcon-core/packages/launchtest)
[1.818s] Level 1:colcon.colcon_core.environment:checking '/home/liu/ros/rosAndGit/GitHub/ROS2-test-codes-von-M-U/install/detect_sign' for CMake module files
[1.818s] Level 1:colcon.colcon_core.environment:checking '/home/liu/ros/rosAndGit/GitHub/ROS2-test-codes-von-M-U/install/detect_sign' for CMake config files
[1.819s] DEBUG:colcon.colcon_core.event_handler.log_command:Invoked command in '/home/liu/ros/rosAndGit/GitHub/ROS2-test-codes-von-M-U/detect_sign' returned '0': PYTHONPATH=/home/liu/ros/rosAndGit/GitHub/ROS2-test-codes-von-M-U/build/detect_sign/prefix_override:/home/liu/ros/rosAndGit/GitHub/ROS2-test-codes-von-M-U/install/detect_sign/lib/python3.10/site-packages:${PYTHONPATH} /usr/bin/python3 -W ignore:setup.py install is deprecated setup.py egg_info --egg-base ../build/detect_sign build --build-base /home/liu/ros/rosAndGit/GitHub/ROS2-test-codes-von-M-U/build/detect_sign/build install --record /home/liu/ros/rosAndGit/GitHub/ROS2-test-codes-von-M-U/build/detect_sign/install.log --single-version-externally-managed install_data
[1.819s] Level 1:colcon.colcon_core.environment:checking '/home/liu/ros/rosAndGit/GitHub/ROS2-test-codes-von-M-U/install/detect_sign/lib'
[1.819s] Level 1:colcon.colcon_core.environment:checking '/home/liu/ros/rosAndGit/GitHub/ROS2-test-codes-von-M-U/install/detect_sign/bin'
[1.819s] Level 1:colcon.colcon_core.environment:checking '/home/liu/ros/rosAndGit/GitHub/ROS2-test-codes-von-M-U/install/detect_sign/lib/pkgconfig/detect_sign.pc'
[1.819s] Level 1:colcon.colcon_core.environment:checking '/home/liu/ros/rosAndGit/GitHub/ROS2-test-codes-von-M-U/install/detect_sign/lib/python3.10/site-packages'
[1.819s] Level 1:colcon.colcon_core.shell:create_environment_hook('detect_sign', 'pythonpath')
[1.819s] INFO:colcon.colcon_core.shell:Creating environment hook '/home/liu/ros/rosAndGit/GitHub/ROS2-test-codes-von-M-U/install/detect_sign/share/detect_sign/hook/pythonpath.ps1'
[1.819s] INFO:colcon.colcon_core.shell:Creating environment descriptor '/home/liu/ros/rosAndGit/GitHub/ROS2-test-codes-von-M-U/install/detect_sign/share/detect_sign/hook/pythonpath.dsv'
[1.820s] INFO:colcon.colcon_core.shell:Creating environment hook '/home/liu/ros/rosAndGit/GitHub/ROS2-test-codes-von-M-U/install/detect_sign/share/detect_sign/hook/pythonpath.sh'
[1.820s] Level 1:colcon.colcon_core.environment:checking '/home/liu/ros/rosAndGit/GitHub/ROS2-test-codes-von-M-U/install/detect_sign/bin'
[1.820s] Level 1:colcon.colcon_core.environment:create_environment_scripts_only(detect_sign)
[1.820s] INFO:colcon.colcon_core.shell:Creating package script '/home/liu/ros/rosAndGit/GitHub/ROS2-test-codes-von-M-U/install/detect_sign/share/detect_sign/package.ps1'
[1.820s] INFO:colcon.colcon_core.shell:Creating package descriptor '/home/liu/ros/rosAndGit/GitHub/ROS2-test-codes-von-M-U/install/detect_sign/share/detect_sign/package.dsv'
[1.821s] INFO:colcon.colcon_core.shell:Creating package script '/home/liu/ros/rosAndGit/GitHub/ROS2-test-codes-von-M-U/install/detect_sign/share/detect_sign/package.sh'
[1.821s] INFO:colcon.colcon_core.shell:Creating package script '/home/liu/ros/rosAndGit/GitHub/ROS2-test-codes-von-M-U/install/detect_sign/share/detect_sign/package.bash'
[1.821s] INFO:colcon.colcon_core.shell:Creating package script '/home/liu/ros/rosAndGit/GitHub/ROS2-test-codes-von-M-U/install/detect_sign/share/detect_sign/package.zsh'
[1.821s] Level 1:colcon.colcon_core.environment:create_file_with_runtime_dependencies(/home/liu/ros/rosAndGit/GitHub/ROS2-test-codes-von-M-U/install/detect_sign/share/colcon-core/packages/detect_sign)
[1.821s] Level 1:colcon.colcon_core.environment:checking '/home/liu/ros/rosAndGit/GitHub/ROS2-test-codes-von-M-U/install/nav_to_pose' for CMake module files
[1.822s] Level 1:colcon.colcon_core.environment:checking '/home/liu/ros/rosAndGit/GitHub/ROS2-test-codes-von-M-U/install/nav_to_pose' for CMake config files
[1.822s] DEBUG:colcon.colcon_core.event_handler.log_command:Invoked command in '/home/liu/ros/rosAndGit/GitHub/ROS2-test-codes-von-M-U/nav_to_pose' returned '0': PYTHONPATH=/home/liu/ros/rosAndGit/GitHub/ROS2-test-codes-von-M-U/build/nav_to_pose/prefix_override:/home/liu/ros/rosAndGit/GitHub/ROS2-test-codes-von-M-U/install/nav_to_pose/lib/python3.10/site-packages:${PYTHONPATH} /usr/bin/python3 -W ignore:setup.py install is deprecated setup.py egg_info --egg-base ../build/nav_to_pose build --build-base /home/liu/ros/rosAndGit/GitHub/ROS2-test-codes-von-M-U/build/nav_to_pose/build install --record /home/liu/ros/rosAndGit/GitHub/ROS2-test-codes-von-M-U/build/nav_to_pose/install.log --single-version-externally-managed install_data
[1.822s] Level 1:colcon.colcon_core.environment:checking '/home/liu/ros/rosAndGit/GitHub/ROS2-test-codes-von-M-U/install/nav_to_pose/lib'
[1.823s] Level 1:colcon.colcon_core.environment:checking '/home/liu/ros/rosAndGit/GitHub/ROS2-test-codes-von-M-U/install/nav_to_pose/bin'
[1.823s] Level 1:colcon.colcon_core.environment:checking '/home/liu/ros/rosAndGit/GitHub/ROS2-test-codes-von-M-U/install/nav_to_pose/lib/pkgconfig/nav_to_pose.pc'
[1.823s] Level 1:colcon.colcon_core.environment:checking '/home/liu/ros/rosAndGit/GitHub/ROS2-test-codes-von-M-U/install/nav_to_pose/lib/python3.10/site-packages'
[1.823s] Level 1:colcon.colcon_core.shell:create_environment_hook('nav_to_pose', 'pythonpath')
[1.823s] INFO:colcon.colcon_core.shell:Creating environment hook '/home/liu/ros/rosAndGit/GitHub/ROS2-test-codes-von-M-U/install/nav_to_pose/share/nav_to_pose/hook/pythonpath.ps1'
[1.823s] INFO:colcon.colcon_core.shell:Creating environment descriptor '/home/liu/ros/rosAndGit/GitHub/ROS2-test-codes-von-M-U/install/nav_to_pose/share/nav_to_pose/hook/pythonpath.dsv'
[1.823s] INFO:colcon.colcon_core.shell:Creating environment hook '/home/liu/ros/rosAndGit/GitHub/ROS2-test-codes-von-M-U/install/nav_to_pose/share/nav_to_pose/hook/pythonpath.sh'
[1.823s] Level 1:colcon.colcon_core.environment:checking '/home/liu/ros/rosAndGit/GitHub/ROS2-test-codes-von-M-U/install/nav_to_pose/bin'
[1.824s] Level 1:colcon.colcon_core.environment:create_environment_scripts_only(nav_to_pose)
[1.824s] INFO:colcon.colcon_core.shell:Creating package script '/home/liu/ros/rosAndGit/GitHub/ROS2-test-codes-von-M-U/install/nav_to_pose/share/nav_to_pose/package.ps1'
[1.824s] INFO:colcon.colcon_core.shell:Creating package descriptor '/home/liu/ros/rosAndGit/GitHub/ROS2-test-codes-von-M-U/install/nav_to_pose/share/nav_to_pose/package.dsv'
[1.824s] INFO:colcon.colcon_core.shell:Creating package script '/home/liu/ros/rosAndGit/GitHub/ROS2-test-codes-von-M-U/install/nav_to_pose/share/nav_to_pose/package.sh'
[1.824s] INFO:colcon.colcon_core.shell:Creating package script '/home/liu/ros/rosAndGit/GitHub/ROS2-test-codes-von-M-U/install/nav_to_pose/share/nav_to_pose/package.bash'
[1.825s] INFO:colcon.colcon_core.shell:Creating package script '/home/liu/ros/rosAndGit/GitHub/ROS2-test-codes-von-M-U/install/nav_to_pose/share/nav_to_pose/package.zsh'
[1.825s] Level 1:colcon.colcon_core.environment:create_file_with_runtime_dependencies(/home/liu/ros/rosAndGit/GitHub/ROS2-test-codes-von-M-U/install/nav_to_pose/share/colcon-core/packages/nav_to_pose)
[1.825s] Level 1:colcon.colcon_core.environment:checking '/home/liu/ros/rosAndGit/GitHub/ROS2-test-codes-von-M-U/install/traffic_light' for CMake module files
[1.825s] Level 1:colcon.colcon_core.environment:checking '/home/liu/ros/rosAndGit/GitHub/ROS2-test-codes-von-M-U/install/traffic_light' for CMake config files
[1.826s] DEBUG:colcon.colcon_core.event_handler.log_command:Invoked command in '/home/liu/ros/rosAndGit/GitHub/ROS2-test-codes-von-M-U/traffic_light' returned '0': PYTHONPATH=/home/liu/ros/rosAndGit/GitHub/ROS2-test-codes-von-M-U/build/traffic_light/prefix_override:/home/liu/ros/rosAndGit/GitHub/ROS2-test-codes-von-M-U/install/traffic_light/lib/python3.10/site-packages:${PYTHONPATH} /usr/bin/python3 -W ignore:setup.py install is deprecated setup.py egg_info --egg-base ../build/traffic_light build --build-base /home/liu/ros/rosAndGit/GitHub/ROS2-test-codes-von-M-U/build/traffic_light/build install --record /home/liu/ros/rosAndGit/GitHub/ROS2-test-codes-von-M-U/build/traffic_light/install.log --single-version-externally-managed install_data
[1.826s] Level 1:colcon.colcon_core.environment:checking '/home/liu/ros/rosAndGit/GitHub/ROS2-test-codes-von-M-U/install/traffic_light/lib'
[1.826s] Level 1:colcon.colcon_core.environment:checking '/home/liu/ros/rosAndGit/GitHub/ROS2-test-codes-von-M-U/install/traffic_light/bin'
[1.826s] Level 1:colcon.colcon_core.environment:checking '/home/liu/ros/rosAndGit/GitHub/ROS2-test-codes-von-M-U/install/traffic_light/lib/pkgconfig/traffic_light.pc'
[1.826s] Level 1:colcon.colcon_core.environment:checking '/home/liu/ros/rosAndGit/GitHub/ROS2-test-codes-von-M-U/install/traffic_light/lib/python3.10/site-packages'
[1.826s] Level 1:colcon.colcon_core.shell:create_environment_hook('traffic_light', 'pythonpath')
[1.826s] INFO:colcon.colcon_core.shell:Creating environment hook '/home/liu/ros/rosAndGit/GitHub/ROS2-test-codes-von-M-U/install/traffic_light/share/traffic_light/hook/pythonpath.ps1'
[1.827s] INFO:colcon.colcon_core.shell:Creating environment descriptor '/home/liu/ros/rosAndGit/GitHub/ROS2-test-codes-von-M-U/install/traffic_light/share/traffic_light/hook/pythonpath.dsv'
[1.827s] INFO:colcon.colcon_core.shell:Creating environment hook '/home/liu/ros/rosAndGit/GitHub/ROS2-test-codes-von-M-U/install/traffic_light/share/traffic_light/hook/pythonpath.sh'
[1.827s] Level 1:colcon.colcon_core.environment:checking '/home/liu/ros/rosAndGit/GitHub/ROS2-test-codes-von-M-U/install/traffic_light/bin'
[1.827s] Level 1:colcon.colcon_core.environment:create_environment_scripts_only(traffic_light)
[1.827s] INFO:colcon.colcon_core.shell:Creating package script '/home/liu/ros/rosAndGit/GitHub/ROS2-test-codes-von-M-U/install/traffic_light/share/traffic_light/package.ps1'
[1.828s] INFO:colcon.colcon_core.shell:Creating package descriptor '/home/liu/ros/rosAndGit/GitHub/ROS2-test-codes-von-M-U/install/traffic_light/share/traffic_light/package.dsv'
[1.828s] INFO:colcon.colcon_core.shell:Creating package script '/home/liu/ros/rosAndGit/GitHub/ROS2-test-codes-von-M-U/install/traffic_light/share/traffic_light/package.sh'
[1.828s] INFO:colcon.colcon_core.shell:Creating package script '/home/liu/ros/rosAndGit/GitHub/ROS2-test-codes-von-M-U/install/traffic_light/share/traffic_light/package.bash'
[1.828s] INFO:colcon.colcon_core.shell:Creating package script '/home/liu/ros/rosAndGit/GitHub/ROS2-test-codes-von-M-U/install/traffic_light/share/traffic_light/package.zsh'
[1.828s] Level 1:colcon.colcon_core.environment:create_file_with_runtime_dependencies(/home/liu/ros/rosAndGit/GitHub/ROS2-test-codes-von-M-U/install/traffic_light/share/colcon-core/packages/traffic_light)
[1.829s] Level 1:colcon.colcon_core.environment:checking '/home/liu/ros/rosAndGit/GitHub/ROS2-test-codes-von-M-U/install/detect_level' for CMake module files
[1.829s] Level 1:colcon.colcon_core.environment:checking '/home/liu/ros/rosAndGit/GitHub/ROS2-test-codes-von-M-U/install/detect_level' for CMake config files
[1.829s] DEBUG:colcon.colcon_core.event_handler.log_command:Invoked command in '/home/liu/ros/rosAndGit/GitHub/ROS2-test-codes-von-M-U/detect_level' returned '0': PYTHONPATH=/home/liu/ros/rosAndGit/GitHub/ROS2-test-codes-von-M-U/build/detect_level/prefix_override:/home/liu/ros/rosAndGit/GitHub/ROS2-test-codes-von-M-U/install/detect_level/lib/python3.10/site-packages:${PYTHONPATH} /usr/bin/python3 -W ignore:setup.py install is deprecated setup.py egg_info --egg-base ../build/detect_level build --build-base /home/liu/ros/rosAndGit/GitHub/ROS2-test-codes-von-M-U/build/detect_level/build install --record /home/liu/ros/rosAndGit/GitHub/ROS2-test-codes-von-M-U/build/detect_level/install.log --single-version-externally-managed install_data
[1.829s] Level 1:colcon.colcon_core.environment:checking '/home/liu/ros/rosAndGit/GitHub/ROS2-test-codes-von-M-U/install/detect_level/lib'
[1.829s] Level 1:colcon.colcon_core.environment:checking '/home/liu/ros/rosAndGit/GitHub/ROS2-test-codes-von-M-U/install/detect_level/bin'
[1.829s] Level 1:colcon.colcon_core.environment:checking '/home/liu/ros/rosAndGit/GitHub/ROS2-test-codes-von-M-U/install/detect_level/lib/pkgconfig/detect_level.pc'
[1.830s] Level 1:colcon.colcon_core.environment:checking '/home/liu/ros/rosAndGit/GitHub/ROS2-test-codes-von-M-U/install/detect_level/lib/python3.10/site-packages'
[1.830s] Level 1:colcon.colcon_core.shell:create_environment_hook('detect_level', 'pythonpath')
[1.830s] INFO:colcon.colcon_core.shell:Creating environment hook '/home/liu/ros/rosAndGit/GitHub/ROS2-test-codes-von-M-U/install/detect_level/share/detect_level/hook/pythonpath.ps1'
[1.830s] INFO:colcon.colcon_core.shell:Creating environment descriptor '/home/liu/ros/rosAndGit/GitHub/ROS2-test-codes-von-M-U/install/detect_level/share/detect_level/hook/pythonpath.dsv'
[1.830s] INFO:colcon.colcon_core.shell:Creating environment hook '/home/liu/ros/rosAndGit/GitHub/ROS2-test-codes-von-M-U/install/detect_level/share/detect_level/hook/pythonpath.sh'
[1.830s] Level 1:colcon.colcon_core.environment:checking '/home/liu/ros/rosAndGit/GitHub/ROS2-test-codes-von-M-U/install/detect_level/bin'
[1.830s] Level 1:colcon.colcon_core.environment:create_environment_scripts_only(detect_level)
[1.830s] INFO:colcon.colcon_core.shell:Creating package script '/home/liu/ros/rosAndGit/GitHub/ROS2-test-codes-von-M-U/install/detect_level/share/detect_level/package.ps1'
[1.831s] INFO:colcon.colcon_core.shell:Creating package descriptor '/home/liu/ros/rosAndGit/GitHub/ROS2-test-codes-von-M-U/install/detect_level/share/detect_level/package.dsv'
[1.831s] INFO:colcon.colcon_core.shell:Creating package script '/home/liu/ros/rosAndGit/GitHub/ROS2-test-codes-von-M-U/install/detect_level/share/detect_level/package.sh'
[1.831s] INFO:colcon.colcon_core.shell:Creating package script '/home/liu/ros/rosAndGit/GitHub/ROS2-test-codes-von-M-U/install/detect_level/share/detect_level/package.bash'
[1.831s] INFO:colcon.colcon_core.shell:Creating package script '/home/liu/ros/rosAndGit/GitHub/ROS2-test-codes-von-M-U/install/detect_level/share/detect_level/package.zsh'
[1.831s] Level 1:colcon.colcon_core.environment:create_file_with_runtime_dependencies(/home/liu/ros/rosAndGit/GitHub/ROS2-test-codes-von-M-U/install/detect_level/share/colcon-core/packages/detect_level)
[1.832s] DEBUG:colcon.colcon_parallel_executor.executor.parallel:closing loop
[1.832s] DEBUG:colcon.colcon_parallel_executor.executor.parallel:loop closed
[1.832s] DEBUG:colcon.colcon_parallel_executor.executor.parallel:run_until_complete finished with '0'
[1.832s] DEBUG:colcon.colcon_core.event_reactor:joining thread
[1.836s] INFO:colcon.colcon_core.plugin_system:Skipping extension 'colcon_notification.desktop_notification.terminal_notifier': Not used on non-Darwin systems
[1.836s] INFO:colcon.colcon_core.plugin_system:Skipping extension 'colcon_notification.desktop_notification.win32': Not used on non-Windows systems
[1.836s] INFO:colcon.colcon_notification.desktop_notification:Sending desktop notification using 'notify2'
[1.843s] DEBUG:colcon.colcon_core.event_reactor:joined thread
[1.843s] INFO:colcon.colcon_core.shell:Creating prefix script '/home/liu/ros/rosAndGit/GitHub/ROS2-test-codes-von-M-U/install/local_setup.ps1'
[1.844s] INFO:colcon.colcon_core.shell:Creating prefix util module '/home/liu/ros/rosAndGit/GitHub/ROS2-test-codes-von-M-U/install/_local_setup_util_ps1.py'
[1.845s] INFO:colcon.colcon_core.shell:Creating prefix chain script '/home/liu/ros/rosAndGit/GitHub/ROS2-test-codes-von-M-U/install/setup.ps1'
[1.845s] INFO:colcon.colcon_core.shell:Creating prefix script '/home/liu/ros/rosAndGit/GitHub/ROS2-test-codes-von-M-U/install/local_setup.sh'
[1.846s] INFO:colcon.colcon_core.shell:Creating prefix util module '/home/liu/ros/rosAndGit/GitHub/ROS2-test-codes-von-M-U/install/_local_setup_util_sh.py'
[1.846s] INFO:colcon.colcon_core.shell:Creating prefix chain script '/home/liu/ros/rosAndGit/GitHub/ROS2-test-codes-von-M-U/install/setup.sh'
[1.846s] INFO:colcon.colcon_core.shell:Creating prefix script '/home/liu/ros/rosAndGit/GitHub/ROS2-test-codes-von-M-U/install/local_setup.bash'
[1.847s] INFO:colcon.colcon_core.shell:Creating prefix chain script '/home/liu/ros/rosAndGit/GitHub/ROS2-test-codes-von-M-U/install/setup.bash'
[1.847s] INFO:colcon.colcon_core.shell:Creating prefix script '/home/liu/ros/rosAndGit/GitHub/ROS2-test-codes-von-M-U/install/local_setup.zsh'
[1.848s] INFO:colcon.colcon_core.shell:Creating prefix chain script '/home/liu/ros/rosAndGit/GitHub/ROS2-test-codes-von-M-U/install/setup.zsh'
