[1.394s] Invoking command in '/home/liu/ros/rosAndGit/GitHub/ROS2-test-codes-von-M-U/traffic_light': PYTHONPATH=/home/liu/ros/rosAndGit/GitHub/ROS2-test-codes-von-M-U/build/traffic_light/prefix_override:/home/liu/ros/rosAndGit/GitHub/ROS2-test-codes-von-M-U/install/traffic_light/lib/python3.10/site-packages:${PYTHONPATH} /usr/bin/python3 -W ignore:setup.py install is deprecated setup.py egg_info --egg-base ../build/traffic_light build --build-base /home/liu/ros/rosAndGit/GitHub/ROS2-test-codes-von-M-U/build/traffic_light/build install --record /home/liu/ros/rosAndGit/GitHub/ROS2-test-codes-von-M-U/build/traffic_light/install.log --single-version-externally-managed install_data
[1.537s] running egg_info
[1.537s] writing ../build/traffic_light/traffic_light.egg-info/PKG-INFO
[1.537s] writing dependency_links to ../build/traffic_light/traffic_light.egg-info/dependency_links.txt
[1.537s] writing entry points to ../build/traffic_light/traffic_light.egg-info/entry_points.txt
[1.537s] writing requirements to ../build/traffic_light/traffic_light.egg-info/requires.txt
[1.537s] writing top-level names to ../build/traffic_light/traffic_light.egg-info/top_level.txt
[1.538s] reading manifest file '../build/traffic_light/traffic_light.egg-info/SOURCES.txt'
[1.539s] writing manifest file '../build/traffic_light/traffic_light.egg-info/SOURCES.txt'
[1.539s] running build
[1.539s] running build_py
[1.539s] running install
[1.539s] running install_lib
[1.540s] running install_data
[1.540s] running install_egg_info
[1.542s] removing '/home/liu/ros/rosAndGit/GitHub/ROS2-test-codes-von-M-U/install/traffic_light/lib/python3.10/site-packages/traffic_light-0.0.0-py3.10.egg-info' (and everything under it)
[1.542s] Copying ../build/traffic_light/traffic_light.egg-info to /home/liu/ros/rosAndGit/GitHub/ROS2-test-codes-von-M-U/install/traffic_light/lib/python3.10/site-packages/traffic_light-0.0.0-py3.10.egg-info
[1.542s] running install_scripts
[1.558s] Installing traffic_light script to /home/liu/ros/rosAndGit/GitHub/ROS2-test-codes-von-M-U/install/traffic_light/lib/traffic_light
[1.558s] writing list of installed files to '/home/liu/ros/rosAndGit/GitHub/ROS2-test-codes-von-M-U/build/traffic_light/install.log'
[1.595s] Invoked command in '/home/liu/ros/rosAndGit/GitHub/ROS2-test-codes-von-M-U/traffic_light' returned '0': PYTHONPATH=/home/liu/ros/rosAndGit/GitHub/ROS2-test-codes-von-M-U/build/traffic_light/prefix_override:/home/liu/ros/rosAndGit/GitHub/ROS2-test-codes-von-M-U/install/traffic_light/lib/python3.10/site-packages:${PYTHONPATH} /usr/bin/python3 -W ignore:setup.py install is deprecated setup.py egg_info --egg-base ../build/traffic_light build --build-base /home/liu/ros/rosAndGit/GitHub/ROS2-test-codes-von-M-U/build/traffic_light/build install --record /home/liu/ros/rosAndGit/GitHub/ROS2-test-codes-von-M-U/build/traffic_light/install.log --single-version-externally-managed install_data
