[1.362s] Invoking command in '/home/liu/ros/rosAndGit/GitHub/ROS2-test-codes-von-M-U/control': PYTHONPATH=/home/liu/ros/rosAndGit/GitHub/ROS2-test-codes-von-M-U/build/control/prefix_override:/home/liu/ros/rosAndGit/GitHub/ROS2-test-codes-von-M-U/install/control/lib/python3.10/site-packages:${PYTHONPATH} /usr/bin/python3 -W ignore:setup.py install is deprecated setup.py egg_info --egg-base ../build/control build --build-base /home/liu/ros/rosAndGit/GitHub/ROS2-test-codes-von-M-U/build/control/build install --record /home/liu/ros/rosAndGit/GitHub/ROS2-test-codes-von-M-U/build/control/install.log --single-version-externally-managed install_data
[1.498s] running egg_info
[1.498s] writing ../build/control/control.egg-info/PKG-INFO
[1.499s] writing dependency_links to ../build/control/control.egg-info/dependency_links.txt
[1.499s] writing entry points to ../build/control/control.egg-info/entry_points.txt
[1.499s] writing requirements to ../build/control/control.egg-info/requires.txt
[1.499s] writing top-level names to ../build/control/control.egg-info/top_level.txt
[1.499s] reading manifest file '../build/control/control.egg-info/SOURCES.txt'
[1.500s] writing manifest file '../build/control/control.egg-info/SOURCES.txt'
[1.500s] running build
[1.500s] running build_py
[1.500s] running install
[1.500s] running install_lib
[1.501s] running install_data
[1.501s] running install_egg_info
[1.502s] removing '/home/liu/ros/rosAndGit/GitHub/ROS2-test-codes-von-M-U/install/control/lib/python3.10/site-packages/control-0.0.0-py3.10.egg-info' (and everything under it)
[1.502s] Copying ../build/control/control.egg-info to /home/liu/ros/rosAndGit/GitHub/ROS2-test-codes-von-M-U/install/control/lib/python3.10/site-packages/control-0.0.0-py3.10.egg-info
[1.503s] running install_scripts
[1.517s] Installing control script to /home/liu/ros/rosAndGit/GitHub/ROS2-test-codes-von-M-U/install/control/lib/control
[1.518s] writing list of installed files to '/home/liu/ros/rosAndGit/GitHub/ROS2-test-codes-von-M-U/build/control/install.log'
[1.554s] Invoked command in '/home/liu/ros/rosAndGit/GitHub/ROS2-test-codes-von-M-U/control' returned '0': PYTHONPATH=/home/liu/ros/rosAndGit/GitHub/ROS2-test-codes-von-M-U/build/control/prefix_override:/home/liu/ros/rosAndGit/GitHub/ROS2-test-codes-von-M-U/install/control/lib/python3.10/site-packages:${PYTHONPATH} /usr/bin/python3 -W ignore:setup.py install is deprecated setup.py egg_info --egg-base ../build/control build --build-base /home/liu/ros/rosAndGit/GitHub/ROS2-test-codes-von-M-U/build/control/build install --record /home/liu/ros/rosAndGit/GitHub/ROS2-test-codes-von-M-U/build/control/install.log --single-version-externally-managed install_data
