[0.065s] Invoking command in '/home/liu/ros/rosAndGit/GitHub/ROS2-test-codes-von-M-U/build/openslam_gmapping': CMAKE_PREFIX_PATH=/home/liu/ros/rosAndGit/GitHub/ROS2-test-codes-von-M-U/install/traffic_light:/home/liu/ros/rosAndGit/GitHub/ROS2-test-codes-von-M-U/install/nav_to_pose:/home/liu/ros/rosAndGit/GitHub/ROS2-test-codes-von-M-U/install/line_follow:/home/liu/ros/rosAndGit/GitHub/ROS2-test-codes-von-M-U/install/launchtest:/home/liu/ros/rosAndGit/GitHub/ROS2-test-codes-von-M-U/install/detect_sign:/home/liu/ros/rosAndGit/GitHub/ROS2-test-codes-von-M-U/install/detect_level:/home/liu/ros/rosAndGit/GitHub/ROS2-test-codes-von-M-U/install/control:/opt/ros/humble /usr/bin/cmake /home/liu/ros/rosAndGit/GitHub/ROS2-test-codes-von-M-U/openslam_gmapping -DCMAKE_INSTALL_PREFIX=/home/liu/ros/rosAndGit/GitHub/ROS2-test-codes-von-M-U/install/openslam_gmapping
[1.558s] -- The C compiler identification is GNU 11.4.0
[1.559s] -- The CXX compiler identification is GNU 11.4.0
[1.559s] -- Detecting C compiler ABI info
[1.560s] -- Detecting C compiler ABI info - done
[1.560s] -- Check for working C compiler: /usr/bin/cc - skipped
[1.560s] -- Detecting C compile features
[1.560s] -- Detecting C compile features - done
[1.560s] -- Detecting CXX compiler ABI info
[1.560s] -- Detecting CXX compiler ABI info - done
[1.560s] -- Check for working CXX compiler: /usr/bin/c++ - skipped
[1.560s] -- Detecting CXX compile features
[1.560s] -- Detecting CXX compile features - done
[1.561s] -- Found ament_cmake: 1.3.9 (/opt/ros/humble/share/ament_cmake/cmake)
[1.561s] -- Found Python3: /usr/bin/python3 (found version "3.10.12") found components: Interpreter 
[1.561s] -- Configuring done
[1.561s] -- Generating done
[1.561s] -- Build files have been written to: /home/liu/ros/rosAndGit/GitHub/ROS2-test-codes-von-M-U/build/openslam_gmapping
[1.751s] Invoked command in '/home/liu/ros/rosAndGit/GitHub/ROS2-test-codes-von-M-U/build/openslam_gmapping' returned '0': CMAKE_PREFIX_PATH=/home/liu/ros/rosAndGit/GitHub/ROS2-test-codes-von-M-U/install/traffic_light:/home/liu/ros/rosAndGit/GitHub/ROS2-test-codes-von-M-U/install/nav_to_pose:/home/liu/ros/rosAndGit/GitHub/ROS2-test-codes-von-M-U/install/line_follow:/home/liu/ros/rosAndGit/GitHub/ROS2-test-codes-von-M-U/install/launchtest:/home/liu/ros/rosAndGit/GitHub/ROS2-test-codes-von-M-U/install/detect_sign:/home/liu/ros/rosAndGit/GitHub/ROS2-test-codes-von-M-U/install/detect_level:/home/liu/ros/rosAndGit/GitHub/ROS2-test-codes-von-M-U/install/control:/opt/ros/humble /usr/bin/cmake /home/liu/ros/rosAndGit/GitHub/ROS2-test-codes-von-M-U/openslam_gmapping -DCMAKE_INSTALL_PREFIX=/home/liu/ros/rosAndGit/GitHub/ROS2-test-codes-von-M-U/install/openslam_gmapping
[1.752s] Invoking command in '/home/liu/ros/rosAndGit/GitHub/ROS2-test-codes-von-M-U/build/openslam_gmapping': CMAKE_PREFIX_PATH=/home/liu/ros/rosAndGit/GitHub/ROS2-test-codes-von-M-U/install/traffic_light:/home/liu/ros/rosAndGit/GitHub/ROS2-test-codes-von-M-U/install/nav_to_pose:/home/liu/ros/rosAndGit/GitHub/ROS2-test-codes-von-M-U/install/line_follow:/home/liu/ros/rosAndGit/GitHub/ROS2-test-codes-von-M-U/install/launchtest:/home/liu/ros/rosAndGit/GitHub/ROS2-test-codes-von-M-U/install/detect_sign:/home/liu/ros/rosAndGit/GitHub/ROS2-test-codes-von-M-U/install/detect_level:/home/liu/ros/rosAndGit/GitHub/ROS2-test-codes-von-M-U/install/control:/opt/ros/humble /usr/bin/cmake --build /home/liu/ros/rosAndGit/GitHub/ROS2-test-codes-von-M-U/build/openslam_gmapping -- -j16 -l16
[1.790s] [  4%] [32mBuilding CXX object utils/CMakeFiles/utils.dir/movement.cpp.o[0m
[1.791s] [  9%] [32mBuilding CXX object utils/CMakeFiles/utils.dir/stat.cpp.o[0m
[1.792s] [ 18%] [32mBuilding CXX object sensor/sensor_base/CMakeFiles/sensor_base.dir/sensor.cpp.o[0m
[1.793s] [ 18%] [32mBuilding CXX object sensor/sensor_base/CMakeFiles/sensor_base.dir/sensorreading.cpp.o[0m
[1.972s] [ 22%] [32m[1mLinking CXX static library libsensor_base.a[0m
[2.000s] [ 22%] Built target sensor_base
[2.022s] [ 40%] [32mBuilding CXX object sensor/sensor_odometry/CMakeFiles/sensor_odometry.dir/odometryreading.cpp.o[0m
[2.022s] [ 40%] [32mBuilding CXX object sensor/sensor_range/CMakeFiles/sensor_range.dir/rangesensor.cpp.o[0m
[2.022s] [ 40%] [32mBuilding CXX object sensor/sensor_range/CMakeFiles/sensor_range.dir/rangereading.cpp.o[0m
[2.022s] [ 40%] [32mBuilding CXX object sensor/sensor_odometry/CMakeFiles/sensor_odometry.dir/odometrysensor.cpp.o[0m
[2.080s] [ 45%] [32m[1mLinking CXX static library libutils.a[0m
[2.110s] [ 45%] Built target utils
[2.225s] [ 50%] [32m[1mLinking CXX static library libsensor_odometry.a[0m
[2.253s] [ 50%] Built target sensor_odometry
[2.359s] [ 54%] [32m[1mLinking CXX static library libsensor_range.a[0m
[2.392s] [ 54%] Built target sensor_range
[2.411s] [ 72%] [32mBuilding CXX object scanmatcher/CMakeFiles/scanmatcher.dir/scanmatcherprocessor.cpp.o[0m
[2.411s] [ 72%] [32mBuilding CXX object scanmatcher/CMakeFiles/scanmatcher.dir/smmap.cpp.o[0m
[2.411s] [ 72%] [32mBuilding CXX object scanmatcher/CMakeFiles/scanmatcher.dir/scanmatcher.cpp.o[0m
[2.412s] [ 72%] [32mBuilding CXX object scanmatcher/CMakeFiles/scanmatcher.dir/eig3.cpp.o[0m
[3.065s] [ 77%] [32m[1mLinking CXX static library libscanmatcher.a[0m
[3.094s] [ 77%] Built target scanmatcher
[3.111s] [ 90%] [32mBuilding CXX object gridfastslam/CMakeFiles/gridfastslam.dir/gfsreader.cpp.o[0m
[3.111s] [ 90%] [32mBuilding CXX object gridfastslam/CMakeFiles/gridfastslam.dir/gridslamprocessor.cpp.o[0m
[3.111s] [ 90%] [32mBuilding CXX object gridfastslam/CMakeFiles/gridfastslam.dir/gridslamprocessor_tree.cpp.o[0m
[3.112s] [ 95%] [32mBuilding CXX object gridfastslam/CMakeFiles/gridfastslam.dir/motionmodel.cpp.o[0m
[3.878s] [100%] [32m[1mLinking CXX static library libgridfastslam.a[0m
[3.909s] [100%] Built target gridfastslam
[3.918s] Invoked command in '/home/liu/ros/rosAndGit/GitHub/ROS2-test-codes-von-M-U/build/openslam_gmapping' returned '0': CMAKE_PREFIX_PATH=/home/liu/ros/rosAndGit/GitHub/ROS2-test-codes-von-M-U/install/traffic_light:/home/liu/ros/rosAndGit/GitHub/ROS2-test-codes-von-M-U/install/nav_to_pose:/home/liu/ros/rosAndGit/GitHub/ROS2-test-codes-von-M-U/install/line_follow:/home/liu/ros/rosAndGit/GitHub/ROS2-test-codes-von-M-U/install/launchtest:/home/liu/ros/rosAndGit/GitHub/ROS2-test-codes-von-M-U/install/detect_sign:/home/liu/ros/rosAndGit/GitHub/ROS2-test-codes-von-M-U/install/detect_level:/home/liu/ros/rosAndGit/GitHub/ROS2-test-codes-von-M-U/install/control:/opt/ros/humble /usr/bin/cmake --build /home/liu/ros/rosAndGit/GitHub/ROS2-test-codes-von-M-U/build/openslam_gmapping -- -j16 -l16
[3.962s] Invoking command in '/home/liu/ros/rosAndGit/GitHub/ROS2-test-codes-von-M-U/build/openslam_gmapping': CMAKE_PREFIX_PATH=/home/liu/ros/rosAndGit/GitHub/ROS2-test-codes-von-M-U/install/traffic_light:/home/liu/ros/rosAndGit/GitHub/ROS2-test-codes-von-M-U/install/nav_to_pose:/home/liu/ros/rosAndGit/GitHub/ROS2-test-codes-von-M-U/install/line_follow:/home/liu/ros/rosAndGit/GitHub/ROS2-test-codes-von-M-U/install/launchtest:/home/liu/ros/rosAndGit/GitHub/ROS2-test-codes-von-M-U/install/detect_sign:/home/liu/ros/rosAndGit/GitHub/ROS2-test-codes-von-M-U/install/detect_level:/home/liu/ros/rosAndGit/GitHub/ROS2-test-codes-von-M-U/install/control:/opt/ros/humble /usr/bin/cmake --install /home/liu/ros/rosAndGit/GitHub/ROS2-test-codes-von-M-U/build/openslam_gmapping
[3.967s] -- Install configuration: "Release"
[3.967s] -- Installing: /home/liu/ros/rosAndGit/GitHub/ROS2-test-codes-von-M-U/install/openslam_gmapping/share/openslam_gmapping/environment/library_path.sh
[3.968s] -- Installing: /home/liu/ros/rosAndGit/GitHub/ROS2-test-codes-von-M-U/install/openslam_gmapping/share/openslam_gmapping/environment/library_path.dsv
[3.968s] -- Installing: /home/liu/ros/rosAndGit/GitHub/ROS2-test-codes-von-M-U/install/openslam_gmapping/include/
[3.968s] -- Installing: /home/liu/ros/rosAndGit/GitHub/ROS2-test-codes-von-M-U/install/openslam_gmapping/include//gmapping
[3.968s] -- Installing: /home/liu/ros/rosAndGit/GitHub/ROS2-test-codes-von-M-U/install/openslam_gmapping/include//gmapping/log
[3.968s] -- Installing: /home/liu/ros/rosAndGit/GitHub/ROS2-test-codes-von-M-U/install/openslam_gmapping/include//gmapping/log/configuration.h
[3.968s] -- Installing: /home/liu/ros/rosAndGit/GitHub/ROS2-test-codes-von-M-U/install/openslam_gmapping/include//gmapping/log/sensorlog.h
[3.969s] -- Installing: /home/liu/ros/rosAndGit/GitHub/ROS2-test-codes-von-M-U/install/openslam_gmapping/include//gmapping/gridfastslam
[3.969s] -- Installing: /home/liu/ros/rosAndGit/GitHub/ROS2-test-codes-von-M-U/install/openslam_gmapping/include//gmapping/gridfastslam/motionmodel.h
[3.969s] -- Installing: /home/liu/ros/rosAndGit/GitHub/ROS2-test-codes-von-M-U/install/openslam_gmapping/include//gmapping/gridfastslam/gridslamprocessor.h
[3.969s] -- Installing: /home/liu/ros/rosAndGit/GitHub/ROS2-test-codes-von-M-U/install/openslam_gmapping/include//gmapping/gridfastslam/gridslamprocessor.hxx
[3.969s] -- Installing: /home/liu/ros/rosAndGit/GitHub/ROS2-test-codes-von-M-U/install/openslam_gmapping/include//gmapping/particlefilter
[3.969s] -- Installing: /home/liu/ros/rosAndGit/GitHub/ROS2-test-codes-von-M-U/install/openslam_gmapping/include//gmapping/particlefilter/particlefilter.h
[3.969s] -- Installing: /home/liu/ros/rosAndGit/GitHub/ROS2-test-codes-von-M-U/install/openslam_gmapping/include//gmapping/utils
[3.969s] -- Installing: /home/liu/ros/rosAndGit/GitHub/ROS2-test-codes-von-M-U/install/openslam_gmapping/include//gmapping/utils/autoptr.h
[3.969s] -- Installing: /home/liu/ros/rosAndGit/GitHub/ROS2-test-codes-von-M-U/install/openslam_gmapping/include//gmapping/utils/commandline.h
[3.969s] -- Installing: /home/liu/ros/rosAndGit/GitHub/ROS2-test-codes-von-M-U/install/openslam_gmapping/include//gmapping/utils/point.h
[3.969s] -- Installing: /home/liu/ros/rosAndGit/GitHub/ROS2-test-codes-von-M-U/install/openslam_gmapping/include//gmapping/utils/stat.h
[3.969s] -- Installing: /home/liu/ros/rosAndGit/GitHub/ROS2-test-codes-von-M-U/install/openslam_gmapping/include//gmapping/utils/macro_params.h
[3.969s] -- Installing: /home/liu/ros/rosAndGit/GitHub/ROS2-test-codes-von-M-U/install/openslam_gmapping/include//gmapping/utils/gvalues.h
[3.969s] -- Installing: /home/liu/ros/rosAndGit/GitHub/ROS2-test-codes-von-M-U/install/openslam_gmapping/include//gmapping/grid
[3.969s] -- Installing: /home/liu/ros/rosAndGit/GitHub/ROS2-test-codes-von-M-U/install/openslam_gmapping/include//gmapping/grid/accessstate.h
[3.969s] -- Installing: /home/liu/ros/rosAndGit/GitHub/ROS2-test-codes-von-M-U/install/openslam_gmapping/include//gmapping/grid/harray2d.h
[3.969s] -- Installing: /home/liu/ros/rosAndGit/GitHub/ROS2-test-codes-von-M-U/install/openslam_gmapping/include//gmapping/grid/map.h
[3.969s] -- Installing: /home/liu/ros/rosAndGit/GitHub/ROS2-test-codes-von-M-U/install/openslam_gmapping/include//gmapping/grid/array2d.h
[3.969s] -- Installing: /home/liu/ros/rosAndGit/GitHub/ROS2-test-codes-von-M-U/install/openslam_gmapping/include//gmapping/sensor
[3.970s] -- Installing: /home/liu/ros/rosAndGit/GitHub/ROS2-test-codes-von-M-U/install/openslam_gmapping/include//gmapping/sensor/sensor_base
[3.970s] -- Installing: /home/liu/ros/rosAndGit/GitHub/ROS2-test-codes-von-M-U/install/openslam_gmapping/include//gmapping/sensor/sensor_base/sensorreading.h
[3.970s] -- Installing: /home/liu/ros/rosAndGit/GitHub/ROS2-test-codes-von-M-U/install/openslam_gmapping/include//gmapping/sensor/sensor_base/sensor.h
[3.970s] -- Installing: /home/liu/ros/rosAndGit/GitHub/ROS2-test-codes-von-M-U/install/openslam_gmapping/include//gmapping/sensor/sensor_odometry
[3.970s] -- Installing: /home/liu/ros/rosAndGit/GitHub/ROS2-test-codes-von-M-U/install/openslam_gmapping/include//gmapping/sensor/sensor_odometry/odometryreading.h
[3.970s] -- Installing: /home/liu/ros/rosAndGit/GitHub/ROS2-test-codes-von-M-U/install/openslam_gmapping/include//gmapping/sensor/sensor_odometry/odometrysensor.h
[3.970s] -- Installing: /home/liu/ros/rosAndGit/GitHub/ROS2-test-codes-von-M-U/install/openslam_gmapping/include//gmapping/sensor/sensor_range
[3.970s] -- Installing: /home/liu/ros/rosAndGit/GitHub/ROS2-test-codes-von-M-U/install/openslam_gmapping/include//gmapping/sensor/sensor_range/rangereading.h
[3.970s] -- Installing: /home/liu/ros/rosAndGit/GitHub/ROS2-test-codes-von-M-U/install/openslam_gmapping/include//gmapping/sensor/sensor_range/rangesensor.h
[3.970s] -- Installing: /home/liu/ros/rosAndGit/GitHub/ROS2-test-codes-von-M-U/install/openslam_gmapping/include//gmapping/scanmatcher
[3.970s] -- Installing: /home/liu/ros/rosAndGit/GitHub/ROS2-test-codes-von-M-U/install/openslam_gmapping/include//gmapping/scanmatcher/scanmatcher.h
[3.970s] -- Installing: /home/liu/ros/rosAndGit/GitHub/ROS2-test-codes-von-M-U/install/openslam_gmapping/include//gmapping/scanmatcher/smmap.h
[3.970s] -- Installing: /home/liu/ros/rosAndGit/GitHub/ROS2-test-codes-von-M-U/install/openslam_gmapping/include//gmapping/scanmatcher/icp.h
[3.971s] -- Installing: /home/liu/ros/rosAndGit/GitHub/ROS2-test-codes-von-M-U/install/openslam_gmapping/share/ament_index/resource_index/package_run_dependencies/openslam_gmapping
[3.971s] -- Installing: /home/liu/ros/rosAndGit/GitHub/ROS2-test-codes-von-M-U/install/openslam_gmapping/share/ament_index/resource_index/parent_prefix_path/openslam_gmapping
[3.971s] -- Installing: /home/liu/ros/rosAndGit/GitHub/ROS2-test-codes-von-M-U/install/openslam_gmapping/share/openslam_gmapping/environment/ament_prefix_path.sh
[3.971s] -- Installing: /home/liu/ros/rosAndGit/GitHub/ROS2-test-codes-von-M-U/install/openslam_gmapping/share/openslam_gmapping/environment/ament_prefix_path.dsv
[3.971s] -- Installing: /home/liu/ros/rosAndGit/GitHub/ROS2-test-codes-von-M-U/install/openslam_gmapping/share/openslam_gmapping/environment/path.sh
[3.971s] -- Installing: /home/liu/ros/rosAndGit/GitHub/ROS2-test-codes-von-M-U/install/openslam_gmapping/share/openslam_gmapping/environment/path.dsv
[3.971s] -- Installing: /home/liu/ros/rosAndGit/GitHub/ROS2-test-codes-von-M-U/install/openslam_gmapping/share/openslam_gmapping/local_setup.bash
[3.971s] -- Installing: /home/liu/ros/rosAndGit/GitHub/ROS2-test-codes-von-M-U/install/openslam_gmapping/share/openslam_gmapping/local_setup.sh
[3.971s] -- Installing: /home/liu/ros/rosAndGit/GitHub/ROS2-test-codes-von-M-U/install/openslam_gmapping/share/openslam_gmapping/local_setup.zsh
[3.972s] -- Installing: /home/liu/ros/rosAndGit/GitHub/ROS2-test-codes-von-M-U/install/openslam_gmapping/share/openslam_gmapping/local_setup.dsv
[3.972s] -- Installing: /home/liu/ros/rosAndGit/GitHub/ROS2-test-codes-von-M-U/install/openslam_gmapping/share/openslam_gmapping/package.dsv
[3.972s] -- Installing: /home/liu/ros/rosAndGit/GitHub/ROS2-test-codes-von-M-U/install/openslam_gmapping/share/ament_index/resource_index/packages/openslam_gmapping
[3.972s] -- Installing: /home/liu/ros/rosAndGit/GitHub/ROS2-test-codes-von-M-U/install/openslam_gmapping/share/openslam_gmapping/cmake/ament_cmake_export_libraries-extras.cmake
[3.972s] -- Installing: /home/liu/ros/rosAndGit/GitHub/ROS2-test-codes-von-M-U/install/openslam_gmapping/share/openslam_gmapping/cmake/ament_cmake_export_include_directories-extras.cmake
[3.972s] -- Installing: /home/liu/ros/rosAndGit/GitHub/ROS2-test-codes-von-M-U/install/openslam_gmapping/share/openslam_gmapping/cmake/openslam_gmappingConfig.cmake
[3.972s] -- Installing: /home/liu/ros/rosAndGit/GitHub/ROS2-test-codes-von-M-U/install/openslam_gmapping/share/openslam_gmapping/cmake/openslam_gmappingConfig-version.cmake
[3.972s] -- Installing: /home/liu/ros/rosAndGit/GitHub/ROS2-test-codes-von-M-U/install/openslam_gmapping/share/openslam_gmapping/package.xml
[3.972s] -- Installing: /home/liu/ros/rosAndGit/GitHub/ROS2-test-codes-von-M-U/install/openslam_gmapping/lib/libgridfastslam.a
[3.973s] -- Installing: /home/liu/ros/rosAndGit/GitHub/ROS2-test-codes-von-M-U/install/openslam_gmapping/lib/libscanmatcher.a
[3.973s] -- Up-to-date: /home/liu/ros/rosAndGit/GitHub/ROS2-test-codes-von-M-U/install/openslam_gmapping/share/openslam_gmapping/environment/library_path.sh
[3.973s] -- Up-to-date: /home/liu/ros/rosAndGit/GitHub/ROS2-test-codes-von-M-U/install/openslam_gmapping/share/openslam_gmapping/environment/library_path.dsv
[3.973s] -- Installing: /home/liu/ros/rosAndGit/GitHub/ROS2-test-codes-von-M-U/install/openslam_gmapping/lib/libsensor_base.a
[3.973s] -- Up-to-date: /home/liu/ros/rosAndGit/GitHub/ROS2-test-codes-von-M-U/install/openslam_gmapping/share/openslam_gmapping/environment/library_path.sh
[3.973s] -- Up-to-date: /home/liu/ros/rosAndGit/GitHub/ROS2-test-codes-von-M-U/install/openslam_gmapping/share/openslam_gmapping/environment/library_path.dsv
[3.973s] -- Installing: /home/liu/ros/rosAndGit/GitHub/ROS2-test-codes-von-M-U/install/openslam_gmapping/lib/libsensor_odometry.a
[3.974s] -- Installing: /home/liu/ros/rosAndGit/GitHub/ROS2-test-codes-von-M-U/install/openslam_gmapping/lib/libsensor_range.a
[3.974s] -- Installing: /home/liu/ros/rosAndGit/GitHub/ROS2-test-codes-von-M-U/install/openslam_gmapping/lib/libutils.a
[3.974s] -- Up-to-date: /home/liu/ros/rosAndGit/GitHub/ROS2-test-codes-von-M-U/install/openslam_gmapping/share/openslam_gmapping/environment/library_path.sh
[3.974s] -- Up-to-date: /home/liu/ros/rosAndGit/GitHub/ROS2-test-codes-von-M-U/install/openslam_gmapping/share/openslam_gmapping/environment/library_path.dsv
[3.976s] Invoked command in '/home/liu/ros/rosAndGit/GitHub/ROS2-test-codes-von-M-U/build/openslam_gmapping' returned '0': CMAKE_PREFIX_PATH=/home/liu/ros/rosAndGit/GitHub/ROS2-test-codes-von-M-U/install/traffic_light:/home/liu/ros/rosAndGit/GitHub/ROS2-test-codes-von-M-U/install/nav_to_pose:/home/liu/ros/rosAndGit/GitHub/ROS2-test-codes-von-M-U/install/line_follow:/home/liu/ros/rosAndGit/GitHub/ROS2-test-codes-von-M-U/install/launchtest:/home/liu/ros/rosAndGit/GitHub/ROS2-test-codes-von-M-U/install/detect_sign:/home/liu/ros/rosAndGit/GitHub/ROS2-test-codes-von-M-U/install/detect_level:/home/liu/ros/rosAndGit/GitHub/ROS2-test-codes-von-M-U/install/control:/opt/ros/humble /usr/bin/cmake --install /home/liu/ros/rosAndGit/GitHub/ROS2-test-codes-von-M-U/build/openslam_gmapping
