[1.341s] Invoking command in '/home/liu/ros/rosAndGit/GitHub/ROS2-test-codes-von-M-U/nav_to_pose': PYTHONPATH=/home/liu/ros/rosAndGit/GitHub/ROS2-test-codes-von-M-U/build/nav_to_pose/prefix_override:/home/liu/ros/rosAndGit/GitHub/ROS2-test-codes-von-M-U/install/nav_to_pose/lib/python3.10/site-packages:${PYTHONPATH} /usr/bin/python3 -W ignore:setup.py install is deprecated setup.py egg_info --egg-base ../build/nav_to_pose build --build-base /home/liu/ros/rosAndGit/GitHub/ROS2-test-codes-von-M-U/build/nav_to_pose/build install --record /home/liu/ros/rosAndGit/GitHub/ROS2-test-codes-von-M-U/build/nav_to_pose/install.log --single-version-externally-managed install_data
[1.480s] running egg_info
[1.481s] writing ../build/nav_to_pose/nav_to_pose.egg-info/PKG-INFO
[1.481s] writing dependency_links to ../build/nav_to_pose/nav_to_pose.egg-info/dependency_links.txt
[1.481s] writing entry points to ../build/nav_to_pose/nav_to_pose.egg-info/entry_points.txt
[1.481s] writing requirements to ../build/nav_to_pose/nav_to_pose.egg-info/requires.txt
[1.482s] writing top-level names to ../build/nav_to_pose/nav_to_pose.egg-info/top_level.txt
[1.482s] reading manifest file '../build/nav_to_pose/nav_to_pose.egg-info/SOURCES.txt'
[1.483s] writing manifest file '../build/nav_to_pose/nav_to_pose.egg-info/SOURCES.txt'
[1.483s] running build
[1.483s] running build_py
[1.483s] running install
[1.483s] running install_lib
[1.484s] running install_data
[1.484s] running install_egg_info
[1.486s] removing '/home/liu/ros/rosAndGit/GitHub/ROS2-test-codes-von-M-U/install/nav_to_pose/lib/python3.10/site-packages/nav_to_pose-0.0.0-py3.10.egg-info' (and everything under it)
[1.486s] Copying ../build/nav_to_pose/nav_to_pose.egg-info to /home/liu/ros/rosAndGit/GitHub/ROS2-test-codes-von-M-U/install/nav_to_pose/lib/python3.10/site-packages/nav_to_pose-0.0.0-py3.10.egg-info
[1.487s] running install_scripts
[1.501s] Installing nav_to_pose script to /home/liu/ros/rosAndGit/GitHub/ROS2-test-codes-von-M-U/install/nav_to_pose/lib/nav_to_pose
[1.502s] writing list of installed files to '/home/liu/ros/rosAndGit/GitHub/ROS2-test-codes-von-M-U/build/nav_to_pose/install.log'
[1.548s] Invoked command in '/home/liu/ros/rosAndGit/GitHub/ROS2-test-codes-von-M-U/nav_to_pose' returned '0': PYTHONPATH=/home/liu/ros/rosAndGit/GitHub/ROS2-test-codes-von-M-U/build/nav_to_pose/prefix_override:/home/liu/ros/rosAndGit/GitHub/ROS2-test-codes-von-M-U/install/nav_to_pose/lib/python3.10/site-packages:${PYTHONPATH} /usr/bin/python3 -W ignore:setup.py install is deprecated setup.py egg_info --egg-base ../build/nav_to_pose build --build-base /home/liu/ros/rosAndGit/GitHub/ROS2-test-codes-von-M-U/build/nav_to_pose/build install --record /home/liu/ros/rosAndGit/GitHub/ROS2-test-codes-von-M-U/build/nav_to_pose/install.log --single-version-externally-managed install_data
