[1.372s] Invoking command in '/home/liu/ros/rosAndGit/GitHub/ROS2-test-codes-von-M-U/control': PYTHONPATH=/home/liu/ros/rosAndGit/GitHub/ROS2-test-codes-von-M-U/build/control/prefix_override:/home/liu/ros/rosAndGit/GitHub/ROS2-test-codes-von-M-U/install/control/lib/python3.10/site-packages:${PYTHONPATH} /usr/bin/python3 -W ignore:setup.py install is deprecated setup.py egg_info --egg-base ../build/control build --build-base /home/liu/ros/rosAndGit/GitHub/ROS2-test-codes-von-M-U/build/control/build install --record /home/liu/ros/rosAndGit/GitHub/ROS2-test-codes-von-M-U/build/control/install.log --single-version-externally-managed install_data
[1.501s] running egg_info
[1.502s] creating ../build/control/control.egg-info
[1.502s] writing ../build/control/control.egg-info/PKG-INFO
[1.502s] writing dependency_links to ../build/control/control.egg-info/dependency_links.txt
[1.502s] writing entry points to ../build/control/control.egg-info/entry_points.txt
[1.502s] writing requirements to ../build/control/control.egg-info/requires.txt
[1.502s] writing top-level names to ../build/control/control.egg-info/top_level.txt
[1.502s] writing manifest file '../build/control/control.egg-info/SOURCES.txt'
[1.503s] reading manifest file '../build/control/control.egg-info/SOURCES.txt'
[1.504s] writing manifest file '../build/control/control.egg-info/SOURCES.txt'
[1.504s] running build
[1.504s] running build_py
[1.504s] creating /home/liu/ros/rosAndGit/GitHub/ROS2-test-codes-von-M-U/build/control/build
[1.504s] creating /home/liu/ros/rosAndGit/GitHub/ROS2-test-codes-von-M-U/build/control/build/lib
[1.504s] creating /home/liu/ros/rosAndGit/GitHub/ROS2-test-codes-von-M-U/build/control/build/lib/control
[1.504s] copying control/__init__.py -> /home/liu/ros/rosAndGit/GitHub/ROS2-test-codes-von-M-U/build/control/build/lib/control
[1.504s] running install
[1.504s] running install_lib
[1.505s] creating /home/liu/ros/rosAndGit/GitHub/ROS2-test-codes-von-M-U/install/control/lib/python3.10/site-packages/control
[1.505s] copying /home/liu/ros/rosAndGit/GitHub/ROS2-test-codes-von-M-U/build/control/build/lib/control/__init__.py -> /home/liu/ros/rosAndGit/GitHub/ROS2-test-codes-von-M-U/install/control/lib/python3.10/site-packages/control
[1.505s] byte-compiling /home/liu/ros/rosAndGit/GitHub/ROS2-test-codes-von-M-U/install/control/lib/python3.10/site-packages/control/__init__.py to __init__.cpython-310.pyc
[1.505s] running install_data
[1.506s] creating /home/liu/ros/rosAndGit/GitHub/ROS2-test-codes-von-M-U/install/control/share/ament_index
[1.506s] creating /home/liu/ros/rosAndGit/GitHub/ROS2-test-codes-von-M-U/install/control/share/ament_index/resource_index
[1.506s] creating /home/liu/ros/rosAndGit/GitHub/ROS2-test-codes-von-M-U/install/control/share/ament_index/resource_index/packages
[1.506s] copying resource/control -> /home/liu/ros/rosAndGit/GitHub/ROS2-test-codes-von-M-U/install/control/share/ament_index/resource_index/packages
[1.506s] copying package.xml -> /home/liu/ros/rosAndGit/GitHub/ROS2-test-codes-von-M-U/install/control/share/control
[1.506s] running install_egg_info
[1.506s] Copying ../build/control/control.egg-info to /home/liu/ros/rosAndGit/GitHub/ROS2-test-codes-von-M-U/install/control/lib/python3.10/site-packages/control-0.0.0-py3.10.egg-info
[1.507s] running install_scripts
[1.523s] writing list of installed files to '/home/liu/ros/rosAndGit/GitHub/ROS2-test-codes-von-M-U/build/control/install.log'
[1.569s] Invoked command in '/home/liu/ros/rosAndGit/GitHub/ROS2-test-codes-von-M-U/control' returned '0': PYTHONPATH=/home/liu/ros/rosAndGit/GitHub/ROS2-test-codes-von-M-U/build/control/prefix_override:/home/liu/ros/rosAndGit/GitHub/ROS2-test-codes-von-M-U/install/control/lib/python3.10/site-packages:${PYTHONPATH} /usr/bin/python3 -W ignore:setup.py install is deprecated setup.py egg_info --egg-base ../build/control build --build-base /home/liu/ros/rosAndGit/GitHub/ROS2-test-codes-von-M-U/build/control/build install --record /home/liu/ros/rosAndGit/GitHub/ROS2-test-codes-von-M-U/build/control/install.log --single-version-externally-managed install_data
