[1.701s] Invoking command in '/home/liu/ros/rosAndGit/GitHub/ROS2-test-codes-von-M-U/detect_sign': PYTHONPATH=/home/liu/ros/rosAndGit/GitHub/ROS2-test-codes-von-M-U/build/detect_sign/prefix_override:/home/liu/ros/rosAndGit/GitHub/ROS2-test-codes-von-M-U/install/detect_sign/lib/python3.10/site-packages:${PYTHONPATH} /usr/bin/python3 -W ignore:setup.py install is deprecated setup.py egg_info --egg-base ../build/detect_sign build --build-base /home/liu/ros/rosAndGit/GitHub/ROS2-test-codes-von-M-U/build/detect_sign/build install --record /home/liu/ros/rosAndGit/GitHub/ROS2-test-codes-von-M-U/build/detect_sign/install.log --single-version-externally-managed install_data
[1.866s] running egg_info
[1.867s] writing ../build/detect_sign/detect_sign.egg-info/PKG-INFO
[1.867s] writing dependency_links to ../build/detect_sign/detect_sign.egg-info/dependency_links.txt
[1.867s] writing entry points to ../build/detect_sign/detect_sign.egg-info/entry_points.txt
[1.867s] writing requirements to ../build/detect_sign/detect_sign.egg-info/requires.txt
[1.867s] writing top-level names to ../build/detect_sign/detect_sign.egg-info/top_level.txt
[1.869s] reading manifest file '../build/detect_sign/detect_sign.egg-info/SOURCES.txt'
[1.869s] writing manifest file '../build/detect_sign/detect_sign.egg-info/SOURCES.txt'
[1.869s] running build
[1.869s] running build_py
[1.869s] copying detect_sign/detect_sign.py -> /home/liu/ros/rosAndGit/GitHub/ROS2-test-codes-von-M-U/build/detect_sign/build/lib/detect_sign
[1.870s] running install
[1.870s] running install_lib
[1.871s] copying /home/liu/ros/rosAndGit/GitHub/ROS2-test-codes-von-M-U/build/detect_sign/build/lib/detect_sign/detect_sign.py -> /home/liu/ros/rosAndGit/GitHub/ROS2-test-codes-von-M-U/install/detect_sign/lib/python3.10/site-packages/detect_sign
[1.871s] byte-compiling /home/liu/ros/rosAndGit/GitHub/ROS2-test-codes-von-M-U/install/detect_sign/lib/python3.10/site-packages/detect_sign/detect_sign.py to detect_sign.cpython-310.pyc
[1.872s] running install_data
[1.872s] running install_egg_info
[1.874s] removing '/home/liu/ros/rosAndGit/GitHub/ROS2-test-codes-von-M-U/install/detect_sign/lib/python3.10/site-packages/detect_sign-0.0.0-py3.10.egg-info' (and everything under it)
[1.874s] Copying ../build/detect_sign/detect_sign.egg-info to /home/liu/ros/rosAndGit/GitHub/ROS2-test-codes-von-M-U/install/detect_sign/lib/python3.10/site-packages/detect_sign-0.0.0-py3.10.egg-info
[1.875s] running install_scripts
[1.901s] Installing detect_sign script to /home/liu/ros/rosAndGit/GitHub/ROS2-test-codes-von-M-U/install/detect_sign/lib/detect_sign
[1.901s] writing list of installed files to '/home/liu/ros/rosAndGit/GitHub/ROS2-test-codes-von-M-U/build/detect_sign/install.log'
[1.976s] Invoked command in '/home/liu/ros/rosAndGit/GitHub/ROS2-test-codes-von-M-U/detect_sign' returned '0': PYTHONPATH=/home/liu/ros/rosAndGit/GitHub/ROS2-test-codes-von-M-U/build/detect_sign/prefix_override:/home/liu/ros/rosAndGit/GitHub/ROS2-test-codes-von-M-U/install/detect_sign/lib/python3.10/site-packages:${PYTHONPATH} /usr/bin/python3 -W ignore:setup.py install is deprecated setup.py egg_info --egg-base ../build/detect_sign build --build-base /home/liu/ros/rosAndGit/GitHub/ROS2-test-codes-von-M-U/build/detect_sign/build install --record /home/liu/ros/rosAndGit/GitHub/ROS2-test-codes-von-M-U/build/detect_sign/install.log --single-version-externally-managed install_data
